I! cuBLAS (v10.0) function cublasStatus_t cublasCreate_v2(cublasContext**) called:
i!  handle: type=cublasHandle_t; val=POINTER (IN HEX:0x0x55560637f658)
i! Time: 2019-10-03T01:22:53 elapsed from start 1.583333 minutes or 95.000000 seconds
i!Process=12425; Thread=140737353922368; GPU=0; Handle=POINTER (IN HEX:0x(nil))
i! COMPILED WITH: GNU GCC/G++ / 4.1.2 20080704 (Red Hat 4.1.2-48)
I! cuBLAS (v10.0) function cublasStatus_t cublasCreate_v2(cublasContext**) called:
i!  handle: type=cublasHandle_t; val=POINTER (IN HEX:0x0x55555847aaa8)
i! Time: 2019-10-03T01:22:53 elapsed from start 1.583333 minutes or 95.000000 seconds
i!Process=12425; Thread=140737353922368; GPU=0; Handle=POINTER (IN HEX:0x(nil))
i! COMPILED WITH: GNU GCC/G++ / 4.1.2 20080704 (Red Hat 4.1.2-48)
I! cuBLAS (v10.0) function cublasStatus_t cublasCreate_v2(cublasContext**) called:
i!  handle: type=cublasHandle_t; val=POINTER (IN HEX:0x0x5555584ca630)
i! Time: 2019-10-03T01:22:53 elapsed from start 1.583333 minutes or 95.000000 seconds
i!Process=12425; Thread=140737353922368; GPU=0; Handle=POINTER (IN HEX:0x(nil))
i! COMPILED WITH: GNU GCC/G++ / 4.1.2 20080704 (Red Hat 4.1.2-48)
I! cuBLAS (v10.0) function cublasStatus_t cublasSetPointerMode_v2(cublasContext*, cublasPointerMode_t) called:
i!  handle: type=cublasHandle_t; val=POINTER (IN HEX:0x0x5555584ca660)
i!  mode: type=cublasPointerMode_t; val=CUBLAS_POINTER_MODE_HOST(0)
i! Time: 2019-10-03T01:22:53 elapsed from start 1.583333 minutes or 95.000000 seconds
i!Process=12425; Thread=140737353922368; GPU=0; Handle=POINTER (IN HEX:0x0x5555584ca660); StreamId=POINTER (IN HEX:0x(nil)) (defaultStream); MathMode=CUBLAS_DEFAULT_MATH
i! COMPILED WITH: GNU GCC/G++ / 4.1.2 20080704 (Red Hat 4.1.2-48)
I! cuBLAS (v10.0) function cublasStatus_t cublasSetStream_v2(cublasContext*, CUstream_st*) called:
i!  handle: type=cublasHandle_t; val=POINTER (IN HEX:0x0x5555584ca660)
i!  streamId: type=SOME TYPE; val=POINTER (IN HEX:0x0x555557cbea20)
i! Time: 2019-10-03T01:22:53 elapsed from start 1.583333 minutes or 95.000000 seconds
i!Process=12425; Thread=140737353922368; GPU=0; Handle=POINTER (IN HEX:0x0x5555584ca660); StreamId=POINTER (IN HEX:0x(nil)) (defaultStream); MathMode=CUBLAS_DEFAULT_MATH
i! COMPILED WITH: GNU GCC/G++ / 4.1.2 20080704 (Red Hat 4.1.2-48)
I! cuBLAS (v10.0) function cublasStatus_t cublasSetPointerMode_v2(cublasContext*, cublasPointerMode_t) called:
i!  handle: type=cublasHandle_t; val=POINTER (IN HEX:0x0x5555584ca660)
i!  mode: type=cublasPointerMode_t; val=CUBLAS_POINTER_MODE_HOST(0)
i! Time: 2019-10-03T01:22:53 elapsed from start 1.583333 minutes or 95.000000 seconds
i!Process=12425; Thread=140737353922368; GPU=0; Handle=POINTER (IN HEX:0x0x5555584ca660); StreamId=POINTER (IN HEX:0x0x555557cbea20); MathMode=CUBLAS_DEFAULT_MATH
i! COMPILED WITH: GNU GCC/G++ / 4.1.2 20080704 (Red Hat 4.1.2-48)
I! cuBLAS (v10.0) function cublasStatus_t cublasSgemm_v2(cublasContext*, cublasOperation_t, cublasOperation_t, int, int, int, const float*, const float*, int, const float*, int, const float*, float*, int) called:
i!  handle: type=cublasHandle_t; val=POINTER (IN HEX:0x0x5555584ca660)
i!  transa: type=cublasOperation_t; val=CUBLAS_OP_T(1)
i!  transb: type=cublasOperation_t; val=CUBLAS_OP_N(0)
i!  m: type=int; val=4096
i!  n: type=int; val=1
i!  k: type=int; val=25088
i!  alpha: type=float; val=POINTER (IN HEX:0x0x7fffffffa1fc)
i!  A: type=float; val=POINTER (IN HEX:0x0x7ffe74000000)
i!  lda: type=int; val=25088
i!  B: type=float; val=POINTER (IN HEX:0x0x7fff1cbdac00)
i!  ldb: type=int; val=25088
i!  beta: type=float; val=POINTER (IN HEX:0x0x7fffffffa1f8)
i!  C: type=float; val=POINTER (IN HEX:0x0x7fff1cbf3400)
i!  ldc: type=int; val=4096
i! Time: 2019-10-03T01:22:53 elapsed from start 1.583333 minutes or 95.000000 seconds
i!Process=12425; Thread=140737353922368; GPU=0; Handle=POINTER (IN HEX:0x0x5555584ca660); StreamId=POINTER (IN HEX:0x0x555557cbea20); MathMode=CUBLAS_DEFAULT_MATH
i! COMPILED WITH: GNU GCC/G++ / 4.1.2 20080704 (Red Hat 4.1.2-48)
I! cuBLAS (v10.0) function cublasStatus_t cublasGetMathMode(cublasContext*, cublasMath_t*) called:
i!  handle: type=cublasHandle_t; val=POINTER (IN HEX:0x0x5555584ca660)
i!  mode: type=cublasMath_t; val=POINTER (IN HEX:0x0x7fffffff9f7c)
i! Time: 2019-10-03T01:22:53 elapsed from start 1.583333 minutes or 95.000000 seconds
i!Process=12425; Thread=140737353922368; GPU=0; Handle=POINTER (IN HEX:0x0x5555584ca660); StreamId=POINTER (IN HEX:0x0x555557cbea20); MathMode=CUBLAS_DEFAULT_MATH
i! COMPILED WITH: GNU GCC/G++ / 4.1.2 20080704 (Red Hat 4.1.2-48)
I! cuBLAS (v10.0) function cublasStatus_t cublasGetMathMode(cublasContext*, cublasMath_t*) called:
i!  handle: type=cublasHandle_t; val=POINTER (IN HEX:0x0x5555584ca660)
i!  mode: type=cublasMath_t; val=POINTER (IN HEX:0x0x7fffffff9d9c)
i! Time: 2019-10-03T01:22:53 elapsed from start 1.583333 minutes or 95.000000 seconds
i!Process=12425; Thread=140737353922368; GPU=0; Handle=POINTER (IN HEX:0x0x5555584ca660); StreamId=POINTER (IN HEX:0x0x555557cbea20); MathMode=CUBLAS_DEFAULT_MATH
i! COMPILED WITH: GNU GCC/G++ / 4.1.2 20080704 (Red Hat 4.1.2-48)
I! Kernel: volta_sgemm_64x32_sliced1x4_tn was called
i!   Kernel Grid size (in blocks): (64,1,5)
i!   Kernel Block size (in threads): (256,1,1)
i!   Kernel dynamicly allocated shared memory: 0 bytes
i! Time: 2019-10-03T01:22:53 elapsed from start 1.583333 minutes or 95.000000 seconds
i!Process=12425; Thread=140737353922368; GPU=0
I! cuBLAS (v10.0) function cublasStatus_t cublasSetPointerMode_v2(cublasContext*, cublasPointerMode_t) called:
i!  handle: type=cublasHandle_t; val=POINTER (IN HEX:0x0x5555584ca660)
i!  mode: type=cublasPointerMode_t; val=CUBLAS_POINTER_MODE_HOST(0)
i! Time: 2019-10-03T01:22:53 elapsed from start 1.583333 minutes or 95.000000 seconds
i!Process=12425; Thread=140737353922368; GPU=0; Handle=POINTER (IN HEX:0x0x5555584ca660); StreamId=POINTER (IN HEX:0x0x555557cbea20); MathMode=CUBLAS_DEFAULT_MATH
i! COMPILED WITH: GNU GCC/G++ / 4.1.2 20080704 (Red Hat 4.1.2-48)
I! cuBLAS (v10.0) function cublasStatus_t cublasSgemm_v2(cublasContext*, cublasOperation_t, cublasOperation_t, int, int, int, const float*, const float*, int, const float*, int, const float*, float*, int) called:
i!  handle: type=cublasHandle_t; val=POINTER (IN HEX:0x0x5555584ca660)
i!  transa: type=cublasOperation_t; val=CUBLAS_OP_N(0)
i!  transb: type=cublasOperation_t; val=CUBLAS_OP_N(0)
i!  m: type=int; val=4096
i!  n: type=int; val=1
i!  k: type=int; val=1
i!  alpha: type=float; val=POINTER (IN HEX:0x0x7fffffffa1fc)
i!  A: type=float; val=POINTER (IN HEX:0x0x7fff1cd23c00)
i!  lda: type=int; val=4096
i!  B: type=float; val=POINTER (IN HEX:0x0x7fff1cbffa00)
i!  ldb: type=int; val=1
i!  beta: type=float; val=POINTER (IN HEX:0x0x7fffffffa1f8)
i!  C: type=float; val=POINTER (IN HEX:0x0x7fff1cbf3400)
i!  ldc: type=int; val=4096
i! Time: 2019-10-03T01:22:53 elapsed from start 1.583333 minutes or 95.000000 seconds
i!Process=12425; Thread=140737353922368; GPU=0; Handle=POINTER (IN HEX:0x0x5555584ca660); StreamId=POINTER (IN HEX:0x0x555557cbea20); MathMode=CUBLAS_DEFAULT_MATH
i! COMPILED WITH: GNU GCC/G++ / 4.1.2 20080704 (Red Hat 4.1.2-48)
I! cuBLAS (v10.0) function cublasStatus_t cublasGetMathMode(cublasContext*, cublasMath_t*) called:
i!  handle: type=cublasHandle_t; val=POINTER (IN HEX:0x0x5555584ca660)
i!  mode: type=cublasMath_t; val=POINTER (IN HEX:0x0x7fffffff9f7c)
i! Time: 2019-10-03T01:22:53 elapsed from start 1.583333 minutes or 95.000000 seconds
i!Process=12425; Thread=140737353922368; GPU=0; Handle=POINTER (IN HEX:0x0x5555584ca660); StreamId=POINTER (IN HEX:0x0x555557cbea20); MathMode=CUBLAS_DEFAULT_MATH
i! COMPILED WITH: GNU GCC/G++ / 4.1.2 20080704 (Red Hat 4.1.2-48)
I! cuBLAS (v10.0) function cublasStatus_t cublasGetMathMode(cublasContext*, cublasMath_t*) called:
i!  handle: type=cublasHandle_t; val=POINTER (IN HEX:0x0x5555584ca660)
i!  mode: type=cublasMath_t; val=POINTER (IN HEX:0x0x7fffffff9d9c)
i! Time: 2019-10-03T01:22:53 elapsed from start 1.583333 minutes or 95.000000 seconds
i!Process=12425; Thread=140737353922368; GPU=0; Handle=POINTER (IN HEX:0x0x5555584ca660); StreamId=POINTER (IN HEX:0x0x555557cbea20); MathMode=CUBLAS_DEFAULT_MATH
i! COMPILED WITH: GNU GCC/G++ / 4.1.2 20080704 (Red Hat 4.1.2-48)
I! Kernel: volta_sgemm_32x32_sliced1x4_nn was called
i!   Kernel Grid size (in blocks): (128,1,1)
i!   Kernel Block size (in threads): (128,1,1)
i!   Kernel dynamicly allocated shared memory: 0 bytes
i! Time: 2019-10-03T01:22:53 elapsed from start 1.583333 minutes or 95.000000 seconds
i!Process=12425; Thread=140737353922368; GPU=0
I! cuBLAS (v10.0) function cublasStatus_t cublasSetPointerMode_v2(cublasContext*, cublasPointerMode_t) called:
i!  handle: type=cublasHandle_t; val=POINTER (IN HEX:0x0x5555584ca660)
i!  mode: type=cublasPointerMode_t; val=CUBLAS_POINTER_MODE_HOST(0)
i! Time: 2019-10-03T01:22:53 elapsed from start 1.583333 minutes or 95.000000 seconds
i!Process=12425; Thread=140737353922368; GPU=0; Handle=POINTER (IN HEX:0x0x5555584ca660); StreamId=POINTER (IN HEX:0x0x555557cbea20); MathMode=CUBLAS_DEFAULT_MATH
i! COMPILED WITH: GNU GCC/G++ / 4.1.2 20080704 (Red Hat 4.1.2-48)
I! cuBLAS (v10.0) function cublasStatus_t cublasSgemm_v2(cublasContext*, cublasOperation_t, cublasOperation_t, int, int, int, const float*, const float*, int, const float*, int, const float*, float*, int) called:
i!  handle: type=cublasHandle_t; val=POINTER (IN HEX:0x0x5555584ca660)
i!  transa: type=cublasOperation_t; val=CUBLAS_OP_T(1)
i!  transb: type=cublasOperation_t; val=CUBLAS_OP_N(0)
i!  m: type=int; val=4096
i!  n: type=int; val=1
i!  k: type=int; val=4096
i!  alpha: type=float; val=POINTER (IN HEX:0x0x7fffffffa1fc)
i!  A: type=float; val=POINTER (IN HEX:0x0x7ffeb2000000)
i!  lda: type=int; val=4096
i!  B: type=float; val=POINTER (IN HEX:0x0x7fff1cdf6800)
i!  ldb: type=int; val=4096
i!  beta: type=float; val=POINTER (IN HEX:0x0x7fffffffa1f8)
i!  C: type=float; val=POINTER (IN HEX:0x0x7fff1cdfa800)
i!  ldc: type=int; val=4096
i! Time: 2019-10-03T01:22:53 elapsed from start 1.583333 minutes or 95.000000 seconds
i!Process=12425; Thread=140737353922368; GPU=0; Handle=POINTER (IN HEX:0x0x5555584ca660); StreamId=POINTER (IN HEX:0x0x555557cbea20); MathMode=CUBLAS_DEFAULT_MATH
i! COMPILED WITH: GNU GCC/G++ / 4.1.2 20080704 (Red Hat 4.1.2-48)
I! cuBLAS (v10.0) function cublasStatus_t cublasGetMathMode(cublasContext*, cublasMath_t*) called:
i!  handle: type=cublasHandle_t; val=POINTER (IN HEX:0x0x5555584ca660)
i!  mode: type=cublasMath_t; val=POINTER (IN HEX:0x0x7fffffff9f7c)
i! Time: 2019-10-03T01:22:53 elapsed from start 1.583333 minutes or 95.000000 seconds
i!Process=12425; Thread=140737353922368; GPU=0; Handle=POINTER (IN HEX:0x0x5555584ca660); StreamId=POINTER (IN HEX:0x0x555557cbea20); MathMode=CUBLAS_DEFAULT_MATH
i! COMPILED WITH: GNU GCC/G++ / 4.1.2 20080704 (Red Hat 4.1.2-48)
I! cuBLAS (v10.0) function cublasStatus_t cublasGetMathMode(cublasContext*, cublasMath_t*) called:
i!  handle: type=cublasHandle_t; val=POINTER (IN HEX:0x0x5555584ca660)
i!  mode: type=cublasMath_t; val=POINTER (IN HEX:0x0x7fffffff9d9c)
i! Time: 2019-10-03T01:22:53 elapsed from start 1.583333 minutes or 95.000000 seconds
i!Process=12425; Thread=140737353922368; GPU=0; Handle=POINTER (IN HEX:0x0x5555584ca660); StreamId=POINTER (IN HEX:0x0x555557cbea20); MathMode=CUBLAS_DEFAULT_MATH
i! COMPILED WITH: GNU GCC/G++ / 4.1.2 20080704 (Red Hat 4.1.2-48)
I! Kernel: volta_sgemm_128x32_sliced1x4_tn was called
i!   Kernel Grid size (in blocks): (32,1,5)
i!   Kernel Block size (in threads): (256,1,1)
i!   Kernel dynamicly allocated shared memory: 0 bytes
i! Time: 2019-10-03T01:22:53 elapsed from start 1.583333 minutes or 95.000000 seconds
i!Process=12425; Thread=140737353922368; GPU=0
I! cuBLAS (v10.0) function cublasStatus_t cublasSetPointerMode_v2(cublasContext*, cublasPointerMode_t) called:
i!  handle: type=cublasHandle_t; val=POINTER (IN HEX:0x0x5555584ca660)
i!  mode: type=cublasPointerMode_t; val=CUBLAS_POINTER_MODE_HOST(0)
i! Time: 2019-10-03T01:22:53 elapsed from start 1.583333 minutes or 95.000000 seconds
i!Process=12425; Thread=140737353922368; GPU=0; Handle=POINTER (IN HEX:0x0x5555584ca660); StreamId=POINTER (IN HEX:0x0x555557cbea20); MathMode=CUBLAS_DEFAULT_MATH
i! COMPILED WITH: GNU GCC/G++ / 4.1.2 20080704 (Red Hat 4.1.2-48)
I! cuBLAS (v10.0) function cublasStatus_t cublasSgemm_v2(cublasContext*, cublasOperation_t, cublasOperation_t, int, int, int, const float*, const float*, int, const float*, int, const float*, float*, int) called:
i!  handle: type=cublasHandle_t; val=POINTER (IN HEX:0x0x5555584ca660)
i!  transa: type=cublasOperation_t; val=CUBLAS_OP_N(0)
i!  transb: type=cublasOperation_t; val=CUBLAS_OP_N(0)
i!  m: type=int; val=4096
i!  n: type=int; val=1
i!  k: type=int; val=1
i!  alpha: type=float; val=POINTER (IN HEX:0x0x7fffffffa1fc)
i!  A: type=float; val=POINTER (IN HEX:0x0x7fff1cd27c00)
i!  lda: type=int; val=4096
i!  B: type=float; val=POINTER (IN HEX:0x0x7fff1cbffc00)
i!  ldb: type=int; val=1
i!  beta: type=float; val=POINTER (IN HEX:0x0x7fffffffa1f8)
i!  C: type=float; val=POINTER (IN HEX:0x0x7fff1cdfa800)
i!  ldc: type=int; val=4096
i! Time: 2019-10-03T01:22:53 elapsed from start 1.583333 minutes or 95.000000 seconds
i!Process=12425; Thread=140737353922368; GPU=0; Handle=POINTER (IN HEX:0x0x5555584ca660); StreamId=POINTER (IN HEX:0x0x555557cbea20); MathMode=CUBLAS_DEFAULT_MATH
i! COMPILED WITH: GNU GCC/G++ / 4.1.2 20080704 (Red Hat 4.1.2-48)
I! cuBLAS (v10.0) function cublasStatus_t cublasGetMathMode(cublasContext*, cublasMath_t*) called:
i!  handle: type=cublasHandle_t; val=POINTER (IN HEX:0x0x5555584ca660)
i!  mode: type=cublasMath_t; val=POINTER (IN HEX:0x0x7fffffff9f7c)
i! Time: 2019-10-03T01:22:53 elapsed from start 1.583333 minutes or 95.000000 seconds
i!Process=12425; Thread=140737353922368; GPU=0; Handle=POINTER (IN HEX:0x0x5555584ca660); StreamId=POINTER (IN HEX:0x0x555557cbea20); MathMode=CUBLAS_DEFAULT_MATH
i! COMPILED WITH: GNU GCC/G++ / 4.1.2 20080704 (Red Hat 4.1.2-48)
I! cuBLAS (v10.0) function cublasStatus_t cublasGetMathMode(cublasContext*, cublasMath_t*) called:
i!  handle: type=cublasHandle_t; val=POINTER (IN HEX:0x0x5555584ca660)
i!  mode: type=cublasMath_t; val=POINTER (IN HEX:0x0x7fffffff9d9c)
i! Time: 2019-10-03T01:22:53 elapsed from start 1.583333 minutes or 95.000000 seconds
i!Process=12425; Thread=140737353922368; GPU=0; Handle=POINTER (IN HEX:0x0x5555584ca660); StreamId=POINTER (IN HEX:0x0x555557cbea20); MathMode=CUBLAS_DEFAULT_MATH
i! COMPILED WITH: GNU GCC/G++ / 4.1.2 20080704 (Red Hat 4.1.2-48)
I! Kernel: volta_sgemm_32x32_sliced1x4_nn was called
i!   Kernel Grid size (in blocks): (128,1,1)
i!   Kernel Block size (in threads): (128,1,1)
i!   Kernel dynamicly allocated shared memory: 0 bytes
i! Time: 2019-10-03T01:22:53 elapsed from start 1.583333 minutes or 95.000000 seconds
i!Process=12425; Thread=140737353922368; GPU=0
I! cuBLAS (v10.0) function cublasStatus_t cublasSetPointerMode_v2(cublasContext*, cublasPointerMode_t) called:
i!  handle: type=cublasHandle_t; val=POINTER (IN HEX:0x0x5555584ca660)
i!  mode: type=cublasPointerMode_t; val=CUBLAS_POINTER_MODE_HOST(0)
i! Time: 2019-10-03T01:22:53 elapsed from start 1.583333 minutes or 95.000000 seconds
i!Process=12425; Thread=140737353922368; GPU=0; Handle=POINTER (IN HEX:0x0x5555584ca660); StreamId=POINTER (IN HEX:0x0x555557cbea20); MathMode=CUBLAS_DEFAULT_MATH
i! COMPILED WITH: GNU GCC/G++ / 4.1.2 20080704 (Red Hat 4.1.2-48)
I! cuBLAS (v10.0) function cublasStatus_t cublasSgemm_v2(cublasContext*, cublasOperation_t, cublasOperation_t, int, int, int, const float*, const float*, int, const float*, int, const float*, float*, int) called:
i!  handle: type=cublasHandle_t; val=POINTER (IN HEX:0x0x5555584ca660)
i!  transa: type=cublasOperation_t; val=CUBLAS_OP_T(1)
i!  transb: type=cublasOperation_t; val=CUBLAS_OP_N(0)
i!  m: type=int; val=1000
i!  n: type=int; val=1
i!  k: type=int; val=4096
i!  alpha: type=float; val=POINTER (IN HEX:0x0x7fffffffa1fc)
i!  A: type=float; val=POINTER (IN HEX:0x0x7ffe8c800000)
i!  lda: type=int; val=4096
i!  B: type=float; val=POINTER (IN HEX:0x0x7ffee7bf2000)
i!  ldb: type=int; val=4096
i!  beta: type=float; val=POINTER (IN HEX:0x0x7fffffffa1f8)
i!  C: type=float; val=POINTER (IN HEX:0x0x7fff1cdfe800)
i!  ldc: type=int; val=1000
i! Time: 2019-10-03T01:22:53 elapsed from start 1.583333 minutes or 95.000000 seconds
i!Process=12425; Thread=140737353922368; GPU=0; Handle=POINTER (IN HEX:0x0x5555584ca660); StreamId=POINTER (IN HEX:0x0x555557cbea20); MathMode=CUBLAS_DEFAULT_MATH
i! COMPILED WITH: GNU GCC/G++ / 4.1.2 20080704 (Red Hat 4.1.2-48)
I! cuBLAS (v10.0) function cublasStatus_t cublasGetMathMode(cublasContext*, cublasMath_t*) called:
i!  handle: type=cublasHandle_t; val=POINTER (IN HEX:0x0x5555584ca660)
i!  mode: type=cublasMath_t; val=POINTER (IN HEX:0x0x7fffffff9f7c)
i! Time: 2019-10-03T01:22:53 elapsed from start 1.583333 minutes or 95.000000 seconds
i!Process=12425; Thread=140737353922368; GPU=0; Handle=POINTER (IN HEX:0x0x5555584ca660); StreamId=POINTER (IN HEX:0x0x555557cbea20); MathMode=CUBLAS_DEFAULT_MATH
i! COMPILED WITH: GNU GCC/G++ / 4.1.2 20080704 (Red Hat 4.1.2-48)
I! cuBLAS (v10.0) function cublasStatus_t cublasGetMathMode(cublasContext*, cublasMath_t*) called:
i!  handle: type=cublasHandle_t; val=POINTER (IN HEX:0x0x5555584ca660)
i!  mode: type=cublasMath_t; val=POINTER (IN HEX:0x0x7fffffff9d9c)
i! Time: 2019-10-03T01:22:53 elapsed from start 1.583333 minutes or 95.000000 seconds
i!Process=12425; Thread=140737353922368; GPU=0; Handle=POINTER (IN HEX:0x0x5555584ca660); StreamId=POINTER (IN HEX:0x0x555557cbea20); MathMode=CUBLAS_DEFAULT_MATH
i! COMPILED WITH: GNU GCC/G++ / 4.1.2 20080704 (Red Hat 4.1.2-48)
I! Kernel: volta_sgemm_64x32_sliced1x4_tn was called
i!   Kernel Grid size (in blocks): (16,1,5)
i!   Kernel Block size (in threads): (256,1,1)
i!   Kernel dynamicly allocated shared memory: 0 bytes
i! Time: 2019-10-03T01:22:53 elapsed from start 1.583333 minutes or 95.000000 seconds
i!Process=12425; Thread=140737353922368; GPU=0
I! cuBLAS (v10.0) function cublasStatus_t cublasSetPointerMode_v2(cublasContext*, cublasPointerMode_t) called:
i!  handle: type=cublasHandle_t; val=POINTER (IN HEX:0x0x5555584ca660)
i!  mode: type=cublasPointerMode_t; val=CUBLAS_POINTER_MODE_HOST(0)
i! Time: 2019-10-03T01:22:53 elapsed from start 1.583333 minutes or 95.000000 seconds
i!Process=12425; Thread=140737353922368; GPU=0; Handle=POINTER (IN HEX:0x0x5555584ca660); StreamId=POINTER (IN HEX:0x0x555557cbea20); MathMode=CUBLAS_DEFAULT_MATH
i! COMPILED WITH: GNU GCC/G++ / 4.1.2 20080704 (Red Hat 4.1.2-48)
I! cuBLAS (v10.0) function cublasStatus_t cublasSgemm_v2(cublasContext*, cublasOperation_t, cublasOperation_t, int, int, int, const float*, const float*, int, const float*, int, const float*, float*, int) called:
i!  handle: type=cublasHandle_t; val=POINTER (IN HEX:0x0x5555584ca660)
i!  transa: type=cublasOperation_t; val=CUBLAS_OP_N(0)
i!  transb: type=cublasOperation_t; val=CUBLAS_OP_N(0)
i!  m: type=int; val=1000
i!  n: type=int; val=1
i!  k: type=int; val=1
i!  alpha: type=float; val=POINTER (IN HEX:0x0x7fffffffa1fc)
i!  A: type=float; val=POINTER (IN HEX:0x0x7fff1cd2bc00)
i!  lda: type=int; val=1000
i!  B: type=float; val=POINTER (IN HEX:0x0x7fff1cbffe00)
i!  ldb: type=int; val=1
i!  beta: type=float; val=POINTER (IN HEX:0x0x7fffffffa1f8)
i!  C: type=float; val=POINTER (IN HEX:0x0x7fff1cdfe800)
i!  ldc: type=int; val=1000
i! Time: 2019-10-03T01:22:53 elapsed from start 1.583333 minutes or 95.000000 seconds
i!Process=12425; Thread=140737353922368; GPU=0; Handle=POINTER (IN HEX:0x0x5555584ca660); StreamId=POINTER (IN HEX:0x0x555557cbea20); MathMode=CUBLAS_DEFAULT_MATH
i! COMPILED WITH: GNU GCC/G++ / 4.1.2 20080704 (Red Hat 4.1.2-48)
I! cuBLAS (v10.0) function cublasStatus_t cublasGetMathMode(cublasContext*, cublasMath_t*) called:
i!  handle: type=cublasHandle_t; val=POINTER (IN HEX:0x0x5555584ca660)
i!  mode: type=cublasMath_t; val=POINTER (IN HEX:0x0x7fffffff9f7c)
i! Time: 2019-10-03T01:22:53 elapsed from start 1.583333 minutes or 95.000000 seconds
i!Process=12425; Thread=140737353922368; GPU=0; Handle=POINTER (IN HEX:0x0x5555584ca660); StreamId=POINTER (IN HEX:0x0x555557cbea20); MathMode=CUBLAS_DEFAULT_MATH
i! COMPILED WITH: GNU GCC/G++ / 4.1.2 20080704 (Red Hat 4.1.2-48)
I! cuBLAS (v10.0) function cublasStatus_t cublasGetMathMode(cublasContext*, cublasMath_t*) called:
i!  handle: type=cublasHandle_t; val=POINTER (IN HEX:0x0x5555584ca660)
i!  mode: type=cublasMath_t; val=POINTER (IN HEX:0x0x7fffffff9d9c)
i! Time: 2019-10-03T01:22:53 elapsed from start 1.583333 minutes or 95.000000 seconds
i!Process=12425; Thread=140737353922368; GPU=0; Handle=POINTER (IN HEX:0x0x5555584ca660); StreamId=POINTER (IN HEX:0x0x555557cbea20); MathMode=CUBLAS_DEFAULT_MATH
i! COMPILED WITH: GNU GCC/G++ / 4.1.2 20080704 (Red Hat 4.1.2-48)
I! Kernel: volta_sgemm_128x32_nn was called
i!   Kernel Grid size (in blocks): (8,1,1)
i!   Kernel Block size (in threads): (256,1,1)
i!   Kernel dynamicly allocated shared memory: 0 bytes
i! Time: 2019-10-03T01:22:53 elapsed from start 1.583333 minutes or 95.000000 seconds
i!Process=12425; Thread=140737353922368; GPU=0
I! cuBLAS (v10.0) function cublasStatus_t cublasSetPointerMode_v2(cublasContext*, cublasPointerMode_t) called:
i!  handle: type=cublasHandle_t; val=POINTER (IN HEX:0x0x5555584ca660)
i!  mode: type=cublasPointerMode_t; val=CUBLAS_POINTER_MODE_HOST(0)
i! Time: 2019-10-03T01:22:53 elapsed from start 1.583333 minutes or 95.000000 seconds
i!Process=12425; Thread=140737353922368; GPU=0; Handle=POINTER (IN HEX:0x0x5555584ca660); StreamId=POINTER (IN HEX:0x0x555557cbea20); MathMode=CUBLAS_DEFAULT_MATH
i! COMPILED WITH: GNU GCC/G++ / 4.1.2 20080704 (Red Hat 4.1.2-48)
I! cuBLAS (v10.0) function cublasStatus_t cublasSgemm_v2(cublasContext*, cublasOperation_t, cublasOperation_t, int, int, int, const float*, const float*, int, const float*, int, const float*, float*, int) called:
i!  handle: type=cublasHandle_t; val=POINTER (IN HEX:0x0x5555584ca660)
i!  transa: type=cublasOperation_t; val=CUBLAS_OP_T(1)
i!  transb: type=cublasOperation_t; val=CUBLAS_OP_N(0)
i!  m: type=int; val=4096
i!  n: type=int; val=1
i!  k: type=int; val=25088
i!  alpha: type=float; val=POINTER (IN HEX:0x0x7fffffffa1fc)
i!  A: type=float; val=POINTER (IN HEX:0x0x7ffe74000000)
i!  lda: type=int; val=25088
i!  B: type=float; val=POINTER (IN HEX:0x0x7fff1cbdac00)
i!  ldb: type=int; val=25088
i!  beta: type=float; val=POINTER (IN HEX:0x0x7fffffffa1f8)
i!  C: type=float; val=POINTER (IN HEX:0x0x7fff1cbf3400)
i!  ldc: type=int; val=4096
i! Time: 2019-10-03T01:22:53 elapsed from start 1.583333 minutes or 95.000000 seconds
i!Process=12425; Thread=140737353922368; GPU=0; Handle=POINTER (IN HEX:0x0x5555584ca660); StreamId=POINTER (IN HEX:0x0x555557cbea20); MathMode=CUBLAS_DEFAULT_MATH
i! COMPILED WITH: GNU GCC/G++ / 4.1.2 20080704 (Red Hat 4.1.2-48)
I! cuBLAS (v10.0) function cublasStatus_t cublasGetMathMode(cublasContext*, cublasMath_t*) called:
i!  handle: type=cublasHandle_t; val=POINTER (IN HEX:0x0x5555584ca660)
i!  mode: type=cublasMath_t; val=POINTER (IN HEX:0x0x7fffffff9f7c)
i! Time: 2019-10-03T01:22:53 elapsed from start 1.583333 minutes or 95.000000 seconds
i!Process=12425; Thread=140737353922368; GPU=0; Handle=POINTER (IN HEX:0x0x5555584ca660); StreamId=POINTER (IN HEX:0x0x555557cbea20); MathMode=CUBLAS_DEFAULT_MATH
i! COMPILED WITH: GNU GCC/G++ / 4.1.2 20080704 (Red Hat 4.1.2-48)
I! cuBLAS (v10.0) function cublasStatus_t cublasGetMathMode(cublasContext*, cublasMath_t*) called:
i!  handle: type=cublasHandle_t; val=POINTER (IN HEX:0x0x5555584ca660)
i!  mode: type=cublasMath_t; val=POINTER (IN HEX:0x0x7fffffff9d9c)
i! Time: 2019-10-03T01:22:53 elapsed from start 1.583333 minutes or 95.000000 seconds
i!Process=12425; Thread=140737353922368; GPU=0; Handle=POINTER (IN HEX:0x0x5555584ca660); StreamId=POINTER (IN HEX:0x0x555557cbea20); MathMode=CUBLAS_DEFAULT_MATH
i! COMPILED WITH: GNU GCC/G++ / 4.1.2 20080704 (Red Hat 4.1.2-48)
I! Kernel: volta_sgemm_64x32_sliced1x4_tn was called
i!   Kernel Grid size (in blocks): (64,1,5)
i!   Kernel Block size (in threads): (256,1,1)
i!   Kernel dynamicly allocated shared memory: 0 bytes
i! Time: 2019-10-03T01:22:53 elapsed from start 1.583333 minutes or 95.000000 seconds
i!Process=12425; Thread=140737353922368; GPU=0
I! cuBLAS (v10.0) function cublasStatus_t cublasSetPointerMode_v2(cublasContext*, cublasPointerMode_t) called:
i!  handle: type=cublasHandle_t; val=POINTER (IN HEX:0x0x5555584ca660)
i!  mode: type=cublasPointerMode_t; val=CUBLAS_POINTER_MODE_HOST(0)
i! Time: 2019-10-03T01:22:53 elapsed from start 1.583333 minutes or 95.000000 seconds
i!Process=12425; Thread=140737353922368; GPU=0; Handle=POINTER (IN HEX:0x0x5555584ca660); StreamId=POINTER (IN HEX:0x0x555557cbea20); MathMode=CUBLAS_DEFAULT_MATH
i! COMPILED WITH: GNU GCC/G++ / 4.1.2 20080704 (Red Hat 4.1.2-48)
I! cuBLAS (v10.0) function cublasStatus_t cublasSgemm_v2(cublasContext*, cublasOperation_t, cublasOperation_t, int, int, int, const float*, const float*, int, const float*, int, const float*, float*, int) called:
i!  handle: type=cublasHandle_t; val=POINTER (IN HEX:0x0x5555584ca660)
i!  transa: type=cublasOperation_t; val=CUBLAS_OP_N(0)
i!  transb: type=cublasOperation_t; val=CUBLAS_OP_N(0)
i!  m: type=int; val=4096
i!  n: type=int; val=1
i!  k: type=int; val=1
i!  alpha: type=float; val=POINTER (IN HEX:0x0x7fffffffa1fc)
i!  A: type=float; val=POINTER (IN HEX:0x0x7fff1cd23c00)
i!  lda: type=int; val=4096
i!  B: type=float; val=POINTER (IN HEX:0x0x7fff1cbffa00)
i!  ldb: type=int; val=1
i!  beta: type=float; val=POINTER (IN HEX:0x0x7fffffffa1f8)
i!  C: type=float; val=POINTER (IN HEX:0x0x7fff1cbf3400)
i!  ldc: type=int; val=4096
i! Time: 2019-10-03T01:22:53 elapsed from start 1.583333 minutes or 95.000000 seconds
i!Process=12425; Thread=140737353922368; GPU=0; Handle=POINTER (IN HEX:0x0x5555584ca660); StreamId=POINTER (IN HEX:0x0x555557cbea20); MathMode=CUBLAS_DEFAULT_MATH
i! COMPILED WITH: GNU GCC/G++ / 4.1.2 20080704 (Red Hat 4.1.2-48)
I! cuBLAS (v10.0) function cublasStatus_t cublasGetMathMode(cublasContext*, cublasMath_t*) called:
i!  handle: type=cublasHandle_t; val=POINTER (IN HEX:0x0x5555584ca660)
i!  mode: type=cublasMath_t; val=POINTER (IN HEX:0x0x7fffffff9f7c)
i! Time: 2019-10-03T01:22:53 elapsed from start 1.583333 minutes or 95.000000 seconds
i!Process=12425; Thread=140737353922368; GPU=0; Handle=POINTER (IN HEX:0x0x5555584ca660); StreamId=POINTER (IN HEX:0x0x555557cbea20); MathMode=CUBLAS_DEFAULT_MATH
i! COMPILED WITH: GNU GCC/G++ / 4.1.2 20080704 (Red Hat 4.1.2-48)
I! cuBLAS (v10.0) function cublasStatus_t cublasGetMathMode(cublasContext*, cublasMath_t*) called:
i!  handle: type=cublasHandle_t; val=POINTER (IN HEX:0x0x5555584ca660)
i!  mode: type=cublasMath_t; val=POINTER (IN HEX:0x0x7fffffff9d9c)
i! Time: 2019-10-03T01:22:53 elapsed from start 1.583333 minutes or 95.000000 seconds
i!Process=12425; Thread=140737353922368; GPU=0; Handle=POINTER (IN HEX:0x0x5555584ca660); StreamId=POINTER (IN HEX:0x0x555557cbea20); MathMode=CUBLAS_DEFAULT_MATH
i! COMPILED WITH: GNU GCC/G++ / 4.1.2 20080704 (Red Hat 4.1.2-48)
I! Kernel: volta_sgemm_32x32_sliced1x4_nn was called
i!   Kernel Grid size (in blocks): (128,1,1)
i!   Kernel Block size (in threads): (128,1,1)
i!   Kernel dynamicly allocated shared memory: 0 bytes
i! Time: 2019-10-03T01:22:53 elapsed from start 1.583333 minutes or 95.000000 seconds
i!Process=12425; Thread=140737353922368; GPU=0
I! cuBLAS (v10.0) function cublasStatus_t cublasSetPointerMode_v2(cublasContext*, cublasPointerMode_t) called:
i!  handle: type=cublasHandle_t; val=POINTER (IN HEX:0x0x5555584ca660)
i!  mode: type=cublasPointerMode_t; val=CUBLAS_POINTER_MODE_HOST(0)
i! Time: 2019-10-03T01:22:53 elapsed from start 1.583333 minutes or 95.000000 seconds
i!Process=12425; Thread=140737353922368; GPU=0; Handle=POINTER (IN HEX:0x0x5555584ca660); StreamId=POINTER (IN HEX:0x0x555557cbea20); MathMode=CUBLAS_DEFAULT_MATH
i! COMPILED WITH: GNU GCC/G++ / 4.1.2 20080704 (Red Hat 4.1.2-48)
I! cuBLAS (v10.0) function cublasStatus_t cublasSgemm_v2(cublasContext*, cublasOperation_t, cublasOperation_t, int, int, int, const float*, const float*, int, const float*, int, const float*, float*, int) called:
i!  handle: type=cublasHandle_t; val=POINTER (IN HEX:0x0x5555584ca660)
i!  transa: type=cublasOperation_t; val=CUBLAS_OP_T(1)
i!  transb: type=cublasOperation_t; val=CUBLAS_OP_N(0)
i!  m: type=int; val=4096
i!  n: type=int; val=1
i!  k: type=int; val=4096
i!  alpha: type=float; val=POINTER (IN HEX:0x0x7fffffffa1fc)
i!  A: type=float; val=POINTER (IN HEX:0x0x7ffeb2000000)
i!  lda: type=int; val=4096
i!  B: type=float; val=POINTER (IN HEX:0x0x7fff1cdf6800)
i!  ldb: type=int; val=4096
i!  beta: type=float; val=POINTER (IN HEX:0x0x7fffffffa1f8)
i!  C: type=float; val=POINTER (IN HEX:0x0x7fff1cdfa800)
i!  ldc: type=int; val=4096
i! Time: 2019-10-03T01:22:53 elapsed from start 1.583333 minutes or 95.000000 seconds
i!Process=12425; Thread=140737353922368; GPU=0; Handle=POINTER (IN HEX:0x0x5555584ca660); StreamId=POINTER (IN HEX:0x0x555557cbea20); MathMode=CUBLAS_DEFAULT_MATH
i! COMPILED WITH: GNU GCC/G++ / 4.1.2 20080704 (Red Hat 4.1.2-48)
I! cuBLAS (v10.0) function cublasStatus_t cublasGetMathMode(cublasContext*, cublasMath_t*) called:
i!  handle: type=cublasHandle_t; val=POINTER (IN HEX:0x0x5555584ca660)
i!  mode: type=cublasMath_t; val=POINTER (IN HEX:0x0x7fffffff9f7c)
i! Time: 2019-10-03T01:22:53 elapsed from start 1.583333 minutes or 95.000000 seconds
i!Process=12425; Thread=140737353922368; GPU=0; Handle=POINTER (IN HEX:0x0x5555584ca660); StreamId=POINTER (IN HEX:0x0x555557cbea20); MathMode=CUBLAS_DEFAULT_MATH
i! COMPILED WITH: GNU GCC/G++ / 4.1.2 20080704 (Red Hat 4.1.2-48)
I! cuBLAS (v10.0) function cublasStatus_t cublasGetMathMode(cublasContext*, cublasMath_t*) called:
i!  handle: type=cublasHandle_t; val=POINTER (IN HEX:0x0x5555584ca660)
i!  mode: type=cublasMath_t; val=POINTER (IN HEX:0x0x7fffffff9d9c)
i! Time: 2019-10-03T01:22:53 elapsed from start 1.583333 minutes or 95.000000 seconds
i!Process=12425; Thread=140737353922368; GPU=0; Handle=POINTER (IN HEX:0x0x5555584ca660); StreamId=POINTER (IN HEX:0x0x555557cbea20); MathMode=CUBLAS_DEFAULT_MATH
i! COMPILED WITH: GNU GCC/G++ / 4.1.2 20080704 (Red Hat 4.1.2-48)
I! Kernel: volta_sgemm_128x32_sliced1x4_tn was called
i!   Kernel Grid size (in blocks): (32,1,5)
i!   Kernel Block size (in threads): (256,1,1)
i!   Kernel dynamicly allocated shared memory: 0 bytes
i! Time: 2019-10-03T01:22:53 elapsed from start 1.583333 minutes or 95.000000 seconds
i!Process=12425; Thread=140737353922368; GPU=0
I! cuBLAS (v10.0) function cublasStatus_t cublasSetPointerMode_v2(cublasContext*, cublasPointerMode_t) called:
i!  handle: type=cublasHandle_t; val=POINTER (IN HEX:0x0x5555584ca660)
i!  mode: type=cublasPointerMode_t; val=CUBLAS_POINTER_MODE_HOST(0)
i! Time: 2019-10-03T01:22:53 elapsed from start 1.583333 minutes or 95.000000 seconds
i!Process=12425; Thread=140737353922368; GPU=0; Handle=POINTER (IN HEX:0x0x5555584ca660); StreamId=POINTER (IN HEX:0x0x555557cbea20); MathMode=CUBLAS_DEFAULT_MATH
i! COMPILED WITH: GNU GCC/G++ / 4.1.2 20080704 (Red Hat 4.1.2-48)
I! cuBLAS (v10.0) function cublasStatus_t cublasSgemm_v2(cublasContext*, cublasOperation_t, cublasOperation_t, int, int, int, const float*, const float*, int, const float*, int, const float*, float*, int) called:
i!  handle: type=cublasHandle_t; val=POINTER (IN HEX:0x0x5555584ca660)
i!  transa: type=cublasOperation_t; val=CUBLAS_OP_N(0)
i!  transb: type=cublasOperation_t; val=CUBLAS_OP_N(0)
i!  m: type=int; val=4096
i!  n: type=int; val=1
i!  k: type=int; val=1
i!  alpha: type=float; val=POINTER (IN HEX:0x0x7fffffffa1fc)
i!  A: type=float; val=POINTER (IN HEX:0x0x7fff1cd27c00)
i!  lda: type=int; val=4096
i!  B: type=float; val=POINTER (IN HEX:0x0x7fff1cbffc00)
i!  ldb: type=int; val=1
i!  beta: type=float; val=POINTER (IN HEX:0x0x7fffffffa1f8)
i!  C: type=float; val=POINTER (IN HEX:0x0x7fff1cdfa800)
i!  ldc: type=int; val=4096
i! Time: 2019-10-03T01:22:53 elapsed from start 1.583333 minutes or 95.000000 seconds
i!Process=12425; Thread=140737353922368; GPU=0; Handle=POINTER (IN HEX:0x0x5555584ca660); StreamId=POINTER (IN HEX:0x0x555557cbea20); MathMode=CUBLAS_DEFAULT_MATH
i! COMPILED WITH: GNU GCC/G++ / 4.1.2 20080704 (Red Hat 4.1.2-48)
I! cuBLAS (v10.0) function cublasStatus_t cublasGetMathMode(cublasContext*, cublasMath_t*) called:
i!  handle: type=cublasHandle_t; val=POINTER (IN HEX:0x0x5555584ca660)
i!  mode: type=cublasMath_t; val=POINTER (IN HEX:0x0x7fffffff9f7c)
i! Time: 2019-10-03T01:22:53 elapsed from start 1.583333 minutes or 95.000000 seconds
i!Process=12425; Thread=140737353922368; GPU=0; Handle=POINTER (IN HEX:0x0x5555584ca660); StreamId=POINTER (IN HEX:0x0x555557cbea20); MathMode=CUBLAS_DEFAULT_MATH
i! COMPILED WITH: GNU GCC/G++ / 4.1.2 20080704 (Red Hat 4.1.2-48)
I! cuBLAS (v10.0) function cublasStatus_t cublasGetMathMode(cublasContext*, cublasMath_t*) called:
i!  handle: type=cublasHandle_t; val=POINTER (IN HEX:0x0x5555584ca660)
i!  mode: type=cublasMath_t; val=POINTER (IN HEX:0x0x7fffffff9d9c)
i! Time: 2019-10-03T01:22:53 elapsed from start 1.583333 minutes or 95.000000 seconds
i!Process=12425; Thread=140737353922368; GPU=0; Handle=POINTER (IN HEX:0x0x5555584ca660); StreamId=POINTER (IN HEX:0x0x555557cbea20); MathMode=CUBLAS_DEFAULT_MATH
i! COMPILED WITH: GNU GCC/G++ / 4.1.2 20080704 (Red Hat 4.1.2-48)
I! Kernel: volta_sgemm_32x32_sliced1x4_nn was called
i!   Kernel Grid size (in blocks): (128,1,1)
i!   Kernel Block size (in threads): (128,1,1)
i!   Kernel dynamicly allocated shared memory: 0 bytes
i! Time: 2019-10-03T01:22:53 elapsed from start 1.583333 minutes or 95.000000 seconds
i!Process=12425; Thread=140737353922368; GPU=0
I! cuBLAS (v10.0) function cublasStatus_t cublasSetPointerMode_v2(cublasContext*, cublasPointerMode_t) called:
i!  handle: type=cublasHandle_t; val=POINTER (IN HEX:0x0x5555584ca660)
i!  mode: type=cublasPointerMode_t; val=CUBLAS_POINTER_MODE_HOST(0)
i! Time: 2019-10-03T01:22:53 elapsed from start 1.583333 minutes or 95.000000 seconds
i!Process=12425; Thread=140737353922368; GPU=0; Handle=POINTER (IN HEX:0x0x5555584ca660); StreamId=POINTER (IN HEX:0x0x555557cbea20); MathMode=CUBLAS_DEFAULT_MATH
i! COMPILED WITH: GNU GCC/G++ / 4.1.2 20080704 (Red Hat 4.1.2-48)
I! cuBLAS (v10.0) function cublasStatus_t cublasSgemm_v2(cublasContext*, cublasOperation_t, cublasOperation_t, int, int, int, const float*, const float*, int, const float*, int, const float*, float*, int) called:
i!  handle: type=cublasHandle_t; val=POINTER (IN HEX:0x0x5555584ca660)
i!  transa: type=cublasOperation_t; val=CUBLAS_OP_T(1)
i!  transb: type=cublasOperation_t; val=CUBLAS_OP_N(0)
i!  m: type=int; val=1000
i!  n: type=int; val=1
i!  k: type=int; val=4096
i!  alpha: type=float; val=POINTER (IN HEX:0x0x7fffffffa1fc)
i!  A: type=float; val=POINTER (IN HEX:0x0x7ffe8c800000)
i!  lda: type=int; val=4096
i!  B: type=float; val=POINTER (IN HEX:0x0x7ffee7bf2000)
i!  ldb: type=int; val=4096
i!  beta: type=float; val=POINTER (IN HEX:0x0x7fffffffa1f8)
i!  C: type=float; val=POINTER (IN HEX:0x0x7fff1cdfe800)
i!  ldc: type=int; val=1000
i! Time: 2019-10-03T01:22:53 elapsed from start 1.583333 minutes or 95.000000 seconds
i!Process=12425; Thread=140737353922368; GPU=0; Handle=POINTER (IN HEX:0x0x5555584ca660); StreamId=POINTER (IN HEX:0x0x555557cbea20); MathMode=CUBLAS_DEFAULT_MATH
i! COMPILED WITH: GNU GCC/G++ / 4.1.2 20080704 (Red Hat 4.1.2-48)
I! cuBLAS (v10.0) function cublasStatus_t cublasGetMathMode(cublasContext*, cublasMath_t*) called:
i!  handle: type=cublasHandle_t; val=POINTER (IN HEX:0x0x5555584ca660)
i!  mode: type=cublasMath_t; val=POINTER (IN HEX:0x0x7fffffff9f7c)
i! Time: 2019-10-03T01:22:53 elapsed from start 1.583333 minutes or 95.000000 seconds
i!Process=12425; Thread=140737353922368; GPU=0; Handle=POINTER (IN HEX:0x0x5555584ca660); StreamId=POINTER (IN HEX:0x0x555557cbea20); MathMode=CUBLAS_DEFAULT_MATH
i! COMPILED WITH: GNU GCC/G++ / 4.1.2 20080704 (Red Hat 4.1.2-48)
I! cuBLAS (v10.0) function cublasStatus_t cublasGetMathMode(cublasContext*, cublasMath_t*) called:
i!  handle: type=cublasHandle_t; val=POINTER (IN HEX:0x0x5555584ca660)
i!  mode: type=cublasMath_t; val=POINTER (IN HEX:0x0x7fffffff9d9c)
i! Time: 2019-10-03T01:22:53 elapsed from start 1.583333 minutes or 95.000000 seconds
i!Process=12425; Thread=140737353922368; GPU=0; Handle=POINTER (IN HEX:0x0x5555584ca660); StreamId=POINTER (IN HEX:0x0x555557cbea20); MathMode=CUBLAS_DEFAULT_MATH
i! COMPILED WITH: GNU GCC/G++ / 4.1.2 20080704 (Red Hat 4.1.2-48)
I! Kernel: volta_sgemm_64x32_sliced1x4_tn was called
i!   Kernel Grid size (in blocks): (16,1,5)
i!   Kernel Block size (in threads): (256,1,1)
i!   Kernel dynamicly allocated shared memory: 0 bytes
i! Time: 2019-10-03T01:22:53 elapsed from start 1.583333 minutes or 95.000000 seconds
i!Process=12425; Thread=140737353922368; GPU=0
I! cuBLAS (v10.0) function cublasStatus_t cublasSetPointerMode_v2(cublasContext*, cublasPointerMode_t) called:
i!  handle: type=cublasHandle_t; val=POINTER (IN HEX:0x0x5555584ca660)
i!  mode: type=cublasPointerMode_t; val=CUBLAS_POINTER_MODE_HOST(0)
i! Time: 2019-10-03T01:22:53 elapsed from start 1.583333 minutes or 95.000000 seconds
i!Process=12425; Thread=140737353922368; GPU=0; Handle=POINTER (IN HEX:0x0x5555584ca660); StreamId=POINTER (IN HEX:0x0x555557cbea20); MathMode=CUBLAS_DEFAULT_MATH
i! COMPILED WITH: GNU GCC/G++ / 4.1.2 20080704 (Red Hat 4.1.2-48)
I! cuBLAS (v10.0) function cublasStatus_t cublasSgemm_v2(cublasContext*, cublasOperation_t, cublasOperation_t, int, int, int, const float*, const float*, int, const float*, int, const float*, float*, int) called:
i!  handle: type=cublasHandle_t; val=POINTER (IN HEX:0x0x5555584ca660)
i!  transa: type=cublasOperation_t; val=CUBLAS_OP_N(0)
i!  transb: type=cublasOperation_t; val=CUBLAS_OP_N(0)
i!  m: type=int; val=1000
i!  n: type=int; val=1
i!  k: type=int; val=1
i!  alpha: type=float; val=POINTER (IN HEX:0x0x7fffffffa1fc)
i!  A: type=float; val=POINTER (IN HEX:0x0x7fff1cd2bc00)
i!  lda: type=int; val=1000
i!  B: type=float; val=POINTER (IN HEX:0x0x7fff1cbffe00)
i!  ldb: type=int; val=1
i!  beta: type=float; val=POINTER (IN HEX:0x0x7fffffffa1f8)
i!  C: type=float; val=POINTER (IN HEX:0x0x7fff1cdfe800)
i!  ldc: type=int; val=1000
i! Time: 2019-10-03T01:22:53 elapsed from start 1.583333 minutes or 95.000000 seconds
i!Process=12425; Thread=140737353922368; GPU=0; Handle=POINTER (IN HEX:0x0x5555584ca660); StreamId=POINTER (IN HEX:0x0x555557cbea20); MathMode=CUBLAS_DEFAULT_MATH
i! COMPILED WITH: GNU GCC/G++ / 4.1.2 20080704 (Red Hat 4.1.2-48)
I! cuBLAS (v10.0) function cublasStatus_t cublasGetMathMode(cublasContext*, cublasMath_t*) called:
i!  handle: type=cublasHandle_t; val=POINTER (IN HEX:0x0x5555584ca660)
i!  mode: type=cublasMath_t; val=POINTER (IN HEX:0x0x7fffffff9f7c)
i! Time: 2019-10-03T01:22:53 elapsed from start 1.583333 minutes or 95.000000 seconds
i!Process=12425; Thread=140737353922368; GPU=0; Handle=POINTER (IN HEX:0x0x5555584ca660); StreamId=POINTER (IN HEX:0x0x555557cbea20); MathMode=CUBLAS_DEFAULT_MATH
i! COMPILED WITH: GNU GCC/G++ / 4.1.2 20080704 (Red Hat 4.1.2-48)
I! cuBLAS (v10.0) function cublasStatus_t cublasGetMathMode(cublasContext*, cublasMath_t*) called:
i!  handle: type=cublasHandle_t; val=POINTER (IN HEX:0x0x5555584ca660)
i!  mode: type=cublasMath_t; val=POINTER (IN HEX:0x0x7fffffff9d9c)
i! Time: 2019-10-03T01:22:53 elapsed from start 1.583333 minutes or 95.000000 seconds
i!Process=12425; Thread=140737353922368; GPU=0; Handle=POINTER (IN HEX:0x0x5555584ca660); StreamId=POINTER (IN HEX:0x0x555557cbea20); MathMode=CUBLAS_DEFAULT_MATH
i! COMPILED WITH: GNU GCC/G++ / 4.1.2 20080704 (Red Hat 4.1.2-48)
I! Kernel: volta_sgemm_128x32_nn was called
i!   Kernel Grid size (in blocks): (8,1,1)
i!   Kernel Block size (in threads): (256,1,1)
i!   Kernel dynamicly allocated shared memory: 0 bytes
i! Time: 2019-10-03T01:22:53 elapsed from start 1.583333 minutes or 95.000000 seconds
i!Process=12425; Thread=140737353922368; GPU=0
I! cuBLAS (v10.0) function cublasStatus_t cublasDestroy_v2(cublasContext*) called:
i!  handle: type=cublasHandle_t; val=POINTER (IN HEX:0x0x5555584ca660)
i! Time: 2019-10-03T01:22:53 elapsed from start 1.583333 minutes or 95.000000 seconds
i!Process=12425; Thread=140737353922368; GPU=0; Handle=POINTER (IN HEX:0x0x5555584ca660); StreamId=POINTER (IN HEX:0x0x555557cbea20); MathMode=CUBLAS_DEFAULT_MATH
i! COMPILED WITH: GNU GCC/G++ / 4.1.2 20080704 (Red Hat 4.1.2-48)
I! cuBLAS (v10.0) function cublasStatus_t cublasDestroy_v2(cublasContext*) called:
i!  handle: type=cublasHandle_t; val=POINTER (IN HEX:0x0x5555580325b0)
i! Time: 2019-10-03T01:22:53 elapsed from start 1.583333 minutes or 95.000000 seconds
i!Process=12425; Thread=140737353922368; GPU=0; Handle=POINTER (IN HEX:0x0x5555580325b0); StreamId=POINTER (IN HEX:0x(nil)) (defaultStream); MathMode=CUBLAS_DEFAULT_MATH
i! COMPILED WITH: GNU GCC/G++ / 4.1.2 20080704 (Red Hat 4.1.2-48)
