I! cuBLAS (v10.1) function cublasStatus_t cublasCreate_v2(cublasContext**) called:
I! cuBLAS (v10.1) function cublasStatus_t cublasCreate_v2(cublasContext**) called:
i!  handle: type=cublasHandle_t; val=POINTER (IN HEX:0x0x7fc46c0021c8)
i!  handle: type=cublasHandle_t; val=POINTER (IN HEX:0x0x7fc4740021c8)
i! Time: 2019-09-29T03:36:28 elapsed from start 0.050000 minutes or 3.000000 seconds
i!Process=20989; Thread=140483850385152; GPU=0; Handle=POINTER (IN HEX:0x(nil))
i! COMPILED WITH: GNU GCC/G++ / 4.1.2 20080704 (Red Hat 4.1.2-48)
i! Time: 2019-09-29T03:36:28 elapsed from start 0.050000 minutes or 3.000000 seconds
i!Process=20989; Thread=140483841992448; GPU=0; Handle=POINTER (IN HEX:0x(nil))
i! COMPILED WITH: GNU GCC/G++ / 4.1.2 20080704 (Red Hat 4.1.2-48)
I! cuBLAS (v10.1) function cublasStatus_t cublasSetStream_v2(cublasContext*, CUstream_st*) called:
i!  handle: type=cublasHandle_t; val=POINTER (IN HEX:0x0x7fc46418d8e0)
i!  streamId: type=SOME TYPE; val=POINTER (IN HEX:0x0x7fc4740024d0)
i! Time: 2019-09-29T03:36:29 elapsed from start 0.066667 minutes or 4.000000 seconds
i!Process=20989; Thread=140483850385152; GPU=0; Handle=POINTER (IN HEX:0x0x7fc46418d8e0); StreamId=POINTER (IN HEX:0x(nil)) (defaultStream); MathMode=CUBLAS_DEFAULT_MATH
i! COMPILED WITH: GNU GCC/G++ / 4.1.2 20080704 (Red Hat 4.1.2-48)
I! cuBLAS (v10.1) function cublasStatus_t cublasSetStream_v2(cublasContext*, CUstream_st*) called:
i!  handle: type=cublasHandle_t; val=POINTER (IN HEX:0x0x7fc46c00f7b0)
i!  streamId: type=SOME TYPE; val=POINTER (IN HEX:0x0x7fc46c0024d0)
i! Time: 2019-09-29T03:36:29 elapsed from start 0.066667 minutes or 4.000000 seconds
i!Process=20989; Thread=140483841992448; GPU=0; Handle=POINTER (IN HEX:0x0x7fc46c00f7b0); StreamId=POINTER (IN HEX:0x(nil)) (defaultStream); MathMode=CUBLAS_DEFAULT_MATH
i! COMPILED WITH: GNU GCC/G++ / 4.1.2 20080704 (Red Hat 4.1.2-48)
I! cuBLAS (v10.1) function cublasStatus_t cublasCreate_v2(cublasContext**) called:
I! cuBLAS (v10.1) function cublasStatus_t cublasCreate_v2(cublasContext**) called:
i!  handle: type=cublasHandle_t; val=POINTER (IN HEX:0x0x7fc46c038eb0)
i!  handle: type=cublasHandle_t; val=POINTER (IN HEX:0x0x7fc45dd38150)
i! Time: 2019-09-29T03:36:29 elapsed from start 0.066667 minutes or 4.000000 seconds
i!Process=20989; Thread=140483850385152; GPU=0; Handle=POINTER (IN HEX:0x(nil))
i! COMPILED WITH: GNU GCC/G++ / 4.1.2 20080704 (Red Hat 4.1.2-48)
i! Time: 2019-09-29T03:36:29 elapsed from start 0.066667 minutes or 4.000000 seconds
i!Process=20989; Thread=140483841992448; GPU=0; Handle=POINTER (IN HEX:0x(nil))
i! COMPILED WITH: GNU GCC/G++ / 4.1.2 20080704 (Red Hat 4.1.2-48)
I! cuBLAS (v10.1) function cublasStatus_t cublasCreate_v2(cublasContext**) called:
i!  handle: type=cublasHandle_t; val=POINTER (IN HEX:0x0x7fc45dd38198)
I! cuBLAS (v10.1) function cublasStatus_t cublasCreate_v2(cublasContext**) called:
i! Time: 2019-09-29T03:36:29 elapsed from start 0.066667 minutes or 4.000000 seconds
i!Process=20989; Thread=140483850385152; GPU=0; Handle=POINTER (IN HEX:0x(nil))
i! COMPILED WITH: GNU GCC/G++ / 4.1.2 20080704 (Red Hat 4.1.2-48)
i!  handle: type=cublasHandle_t; val=POINTER (IN HEX:0x0x7fc46c038ef8)
i! Time: 2019-09-29T03:36:29 elapsed from start 0.066667 minutes or 4.000000 seconds
i!Process=20989; Thread=140483841992448; GPU=0; Handle=POINTER (IN HEX:0x(nil))
i! COMPILED WITH: GNU GCC/G++ / 4.1.2 20080704 (Red Hat 4.1.2-48)
I! cuBLAS (v10.1) function cublasStatus_t cublasCreate_v2(cublasContext**) called:
i!  handle: type=cublasHandle_t; val=POINTER (IN HEX:0x0x7fc45dd381a0)
i! Time: 2019-09-29T03:36:29 elapsed from start 0.066667 minutes or 4.000000 seconds
i!Process=20989; Thread=140483850385152; GPU=0; Handle=POINTER (IN HEX:0x(nil))
i! COMPILED WITH: GNU GCC/G++ / 4.1.2 20080704 (Red Hat 4.1.2-48)
I! cuBLAS (v10.1) function cublasStatus_t cublasCreate_v2(cublasContext**) called:
i!  handle: type=cublasHandle_t; val=POINTER (IN HEX:0x0x7fc46c038f00)
i! Time: 2019-09-29T03:36:29 elapsed from start 0.066667 minutes or 4.000000 seconds
i!Process=20989; Thread=140483841992448; GPU=0; Handle=POINTER (IN HEX:0x(nil))
i! COMPILED WITH: GNU GCC/G++ / 4.1.2 20080704 (Red Hat 4.1.2-48)
I! cuBLAS (v10.1) function cublasStatus_t cublasCreate_v2(cublasContext**) called:
i!  handle: type=cublasHandle_t; val=POINTER (IN HEX:0x0x7fc45dd381a8)
i! Time: 2019-09-29T03:36:29 elapsed from start 0.066667 minutes or 4.000000 seconds
i!Process=20989; Thread=140483850385152; GPU=0; Handle=POINTER (IN HEX:0x(nil))
i! COMPILED WITH: GNU GCC/G++ / 4.1.2 20080704 (Red Hat 4.1.2-48)
I! cuBLAS (v10.1) function cublasStatus_t cublasSetStream_v2(cublasContext*, CUstream_st*) called:
I! cuBLAS (v10.1) function cublasStatus_t cublasCreate_v2(cublasContext**) called:
i!  handle: type=cublasHandle_t; val=POINTER (IN HEX:0x0x7fc44762dbb0)
i!  streamId: type=SOME TYPE; val=POINTER (IN HEX:0x0x7fc4740024d0)
i!  handle: type=cublasHandle_t; val=POINTER (IN HEX:0x0x7fc46c038f08)
i! Time: 2019-09-29T03:36:29 elapsed from start 0.066667 minutes or 4.000000 seconds
i!Process=20989; Thread=140483850385152; GPU=0; Handle=POINTER (IN HEX:0x0x7fc44762dbb0); StreamId=POINTER (IN HEX:0x(nil)) (defaultStream); MathMode=CUBLAS_DEFAULT_MATH
i! COMPILED WITH: GNU GCC/G++ / 4.1.2 20080704 (Red Hat 4.1.2-48)
i! Time: 2019-09-29T03:36:29 elapsed from start 0.066667 minutes or 4.000000 seconds
i!Process=20989; Thread=140483841992448; GPU=0; Handle=POINTER (IN HEX:0x(nil))
i! COMPILED WITH: GNU GCC/G++ / 4.1.2 20080704 (Red Hat 4.1.2-48)
I! cuBLAS (v10.1) function cublasStatus_t cublasSetStream_v2(cublasContext*, CUstream_st*) called:
i!  handle: type=cublasHandle_t; val=POINTER (IN HEX:0x0x7fc46c0402e0)
i!  streamId: type=SOME TYPE; val=POINTER (IN HEX:0x0x7fc46c0024d0)
i! Time: 2019-09-29T03:36:29 elapsed from start 0.066667 minutes or 4.000000 seconds
i!Process=20989; Thread=140483841992448; GPU=0; Handle=POINTER (IN HEX:0x0x7fc46c0402e0); StreamId=POINTER (IN HEX:0x(nil)) (defaultStream); MathMode=CUBLAS_DEFAULT_MATH
i! COMPILED WITH: GNU GCC/G++ / 4.1.2 20080704 (Red Hat 4.1.2-48)
I! cuBLAS (v10.1) function cublasStatus_t cublasCreate_v2(cublasContext**) called:
i!  handle: type=cublasHandle_t; val=POINTER (IN HEX:0x0x7fc44e362118)
i! Time: 2019-09-29T03:36:31 elapsed from start 0.100000 minutes or 6.000000 seconds
i!Process=20989; Thread=140483850385152; GPU=0; Handle=POINTER (IN HEX:0x(nil))
i! COMPILED WITH: GNU GCC/G++ / 4.1.2 20080704 (Red Hat 4.1.2-48)
I! cuBLAS (v10.1) function cublasStatus_t cublasCreate_v2(cublasContext**) called:
i!  handle: type=cublasHandle_t; val=POINTER (IN HEX:0x0x7fc46c0ea3b8)
i! Time: 2019-09-29T03:36:31 elapsed from start 0.100000 minutes or 6.000000 seconds
i!Process=20989; Thread=140483841992448; GPU=0; Handle=POINTER (IN HEX:0x(nil))
i! COMPILED WITH: GNU GCC/G++ / 4.1.2 20080704 (Red Hat 4.1.2-48)
I! cuBLAS (v10.1) function cublasStatus_t cublasSetStream_v2(cublasContext*, CUstream_st*) called:
i!  handle: type=cublasHandle_t; val=POINTER (IN HEX:0x0x7fc3bca394d0)
i!  streamId: type=SOME TYPE; val=POINTER (IN HEX:0x0x7fc4740024d0)
i! Time: 2019-09-29T03:36:31 elapsed from start 0.100000 minutes or 6.000000 seconds
i!Process=20989; Thread=140483850385152; GPU=0; Handle=POINTER (IN HEX:0x0x7fc3bca394d0); StreamId=POINTER (IN HEX:0x(nil)) (defaultStream); MathMode=CUBLAS_DEFAULT_MATH
i! COMPILED WITH: GNU GCC/G++ / 4.1.2 20080704 (Red Hat 4.1.2-48)
I! cuBLAS (v10.1) function cublasStatus_t cublasSetStream_v2(cublasContext*, CUstream_st*) called:
i!  handle: type=cublasHandle_t; val=POINTER (IN HEX:0x0x7fc3bca394d0)
i!  streamId: type=SOME TYPE; val=POINTER (IN HEX:0x0x7fc4740024d0)
i! Time: 2019-09-29T03:36:31 elapsed from start 0.100000 minutes or 6.000000 seconds
i!Process=20989; Thread=140483850385152; GPU=0; Handle=POINTER (IN HEX:0x0x7fc3bca394d0); StreamId=POINTER (IN HEX:0x0x7fc4740024d0); MathMode=CUBLAS_DEFAULT_MATH
i! COMPILED WITH: GNU GCC/G++ / 4.1.2 20080704 (Red Hat 4.1.2-48)
I! cuBLAS (v10.1) function cublasStatus_t cublasCgemmBatched(cublasContext*, cublasOperation_t, cublasOperation_t, int, int, int, const cuComplex*, const cuComplex* const*, int, const cuComplex* const*, int, const cuComplex*, cuComplex* const*, int, int) called:
i!  handle: type=cublasHandle_t; val=POINTER (IN HEX:0x0x7fc3bca394d0)
i!  transa: type=cublasOperation_t; val=CUBLAS_OP_T(1)
i!  transb: type=cublasOperation_t; val=CUBLAS_OP_N(0)
i!  m: type=int; val=6
i!  n: type=int; val=32
i!  k: type=int; val=1
i!  alpha: type=SOME TYPE; val=POINTER (IN HEX:0x0x7fc4f1ff39b0)
i!  Aarray: type=SOME TYPE; val=POINTER (IN HEX:0x0x7fc3ec199100)
i!  lda: type=int; val=1
i!  Barray: type=SOME TYPE; val=POINTER (IN HEX:0x0x7fc3ec198000)
i!  ldb: type=int; val=1
i!  beta: type=SOME TYPE; val=POINTER (IN HEX:0x0x7fc4f1ff3980)
i!  Carray: type=SOME TYPE; val=POINTER (IN HEX:0x0x7fc3ec19a200)
i!  ldc: type=int; val=6
i!  batchSize: type=int; val=544
i! Time: 2019-09-29T03:36:31 elapsed from start 0.100000 minutes or 6.000000 seconds
i!Process=20989; Thread=140483850385152; GPU=0; Handle=POINTER (IN HEX:0x0x7fc3bca394d0); StreamId=POINTER (IN HEX:0x0x7fc4740024d0); MathMode=CUBLAS_DEFAULT_MATH
i! COMPILED WITH: GNU GCC/G++ / 4.1.2 20080704 (Red Hat 4.1.2-48)
I! cuBLAS (v10.1) function cublasStatus_t cublasSetStream_v2(cublasContext*, CUstream_st*) called:
i!  handle: type=cublasHandle_t; val=POINTER (IN HEX:0x0x7fc3bca394d0)
i!  streamId: type=SOME TYPE; val=POINTER (IN HEX:0x0x7fc4740024d0)
i! Time: 2019-09-29T03:36:31 elapsed from start 0.100000 minutes or 6.000000 seconds
i!Process=20989; Thread=140483850385152; GPU=0; Handle=POINTER (IN HEX:0x0x7fc3bca394d0); StreamId=POINTER (IN HEX:0x0x7fc4740024d0); MathMode=CUBLAS_DEFAULT_MATH
i! COMPILED WITH: GNU GCC/G++ / 4.1.2 20080704 (Red Hat 4.1.2-48)
I! cuBLAS (v10.1) function cublasStatus_t cublasSetStream_v2(cublasContext*, CUstream_st*) called:
i!  handle: type=cublasHandle_t; val=POINTER (IN HEX:0x0x7fc3bca394d0)
i!  streamId: type=SOME TYPE; val=POINTER (IN HEX:0x0x7fc4476d4c30)
i! Time: 2019-09-29T03:36:31 elapsed from start 0.100000 minutes or 6.000000 seconds
i!Process=20989; Thread=140483850385152; GPU=0; Handle=POINTER (IN HEX:0x0x7fc3bca394d0); StreamId=POINTER (IN HEX:0x0x7fc4740024d0); MathMode=CUBLAS_DEFAULT_MATH
i! COMPILED WITH: GNU GCC/G++ / 4.1.2 20080704 (Red Hat 4.1.2-48)
I! cuBLAS (v10.1) function cublasStatus_t cublasCgemm3mStridedBatched(cublasContext*, cublasOperation_t, cublasOperation_t, int, int, int, const cuComplex*, const cuComplex*, int, long long int, const cuComplex*, int, long long int, const cuComplex*, cuComplex*, int, long long int, int) called:
i!  handle: type=cublasHandle_t; val=POINTER (IN HEX:0x0x7fc3bca394d0)
i!  transa: type=cublasOperation_t; val=CUBLAS_OP_N(0)
i!  transb: type=cublasOperation_t; val=CUBLAS_OP_T(1)
i!  m: type=int; val=6
i!  n: type=int; val=32
i!  k: type=int; val=1
i!  alpha: type=SOME TYPE; val=POINTER (IN HEX:0x0x7fc4f1ff3810)
i!  A: type=SOME TYPE; val=POINTER (IN HEX:0x0x7fc3ebeb3400)
i!  lda: type=int; val=6
i!  strideA: type=SOME TYPE; val=6
i!  B: type=SOME TYPE; val=POINTER (IN HEX:0x0x7fc3ebeb9a00)
i!  ldb: type=int; val=32
i!  strideB: type=SOME TYPE; val=32
i!  C: type=SOME TYPE; val=POINTER (IN HEX:0x0x7fc3ebedba00)
i!  ldc: type=int; val=6
i!  strideC: type=SOME TYPE; val=192
i!  batchSize: type=int; val=544
i! Time: 2019-09-29T03:36:31 elapsed from start 0.100000 minutes or 6.000000 seconds
i!Process=20989; Thread=140483850385152; GPU=0; Handle=POINTER (IN HEX:0x0x7fc3bca394d0); StreamId=POINTER (IN HEX:0x0x7fc4476d4c30); MathMode=CUBLAS_DEFAULT_MATH
i! COMPILED WITH: GNU GCC/G++ / 4.1.2 20080704 (Red Hat 4.1.2-48)
I! cuBLAS (v10.1) function cublasStatus_t cublasGetMathMode(cublasContext*, cublasMath_t*) called:
i!  handle: type=cublasHandle_t; val=POINTER (IN HEX:0x0x7fc3bca394d0)
i!  mode: type=cublasMath_t; val=POINTER (IN HEX:0x0x7fc4f1ff3644)
i! Time: 2019-09-29T03:36:31 elapsed from start 0.100000 minutes or 6.000000 seconds
i!Process=20989; Thread=140483850385152; GPU=0; Handle=POINTER (IN HEX:0x0x7fc3bca394d0); StreamId=POINTER (IN HEX:0x0x7fc4476d4c30); MathMode=CUBLAS_DEFAULT_MATH
i! COMPILED WITH: GNU GCC/G++ / 4.1.2 20080704 (Red Hat 4.1.2-48)
I! cuBLAS (v10.1) function cublasStatus_t cublasSetMathMode(cublasContext*, cublasMath_t) called:
i!  handle: type=cublasHandle_t; val=POINTER (IN HEX:0x0x7fc3bca394d0)
i!  mode: type=cublasMath_t; val=CUBLAS_DEFAULT_MATH(0)
i! Time: 2019-09-29T03:36:31 elapsed from start 0.100000 minutes or 6.000000 seconds
i!Process=20989; Thread=140483850385152; GPU=0; Handle=POINTER (IN HEX:0x0x7fc3bca394d0); StreamId=POINTER (IN HEX:0x0x7fc4476d4c30); MathMode=CUBLAS_DEFAULT_MATH
i! COMPILED WITH: GNU GCC/G++ / 4.1.2 20080704 (Red Hat 4.1.2-48)
I! cuBLAS (v10.1) function cublasStatus_t cublasSetStream_v2(cublasContext*, CUstream_st*) called:
i!  handle: type=cublasHandle_t; val=POINTER (IN HEX:0x0x7fc3bca394d0)
i!  streamId: type=SOME TYPE; val=POINTER (IN HEX:0x0x7fc4740024d0)
i! Time: 2019-09-29T03:36:31 elapsed from start 0.100000 minutes or 6.000000 seconds
i!Process=20989; Thread=140483850385152; GPU=0; Handle=POINTER (IN HEX:0x0x7fc3bca394d0); StreamId=POINTER (IN HEX:0x0x7fc4476d4c30); MathMode=CUBLAS_DEFAULT_MATH
i! COMPILED WITH: GNU GCC/G++ / 4.1.2 20080704 (Red Hat 4.1.2-48)
I! cuBLAS (v10.1) function cublasStatus_t cublasSgemmStridedBatched(cublasContext*, cublasOperation_t, cublasOperation_t, int, int, int, const float*, const float*, int, long long int, const float*, int, long long int, const float*, float*, int, long long int, int) called:
i!  handle: type=cublasHandle_t; val=POINTER (IN HEX:0x0x7fc3bca394d0)
i!  transa: type=cublasOperation_t; val=CUBLAS_OP_N(0)
i!  transb: type=cublasOperation_t; val=CUBLAS_OP_N(0)
i!  m: type=int; val=512
i!  n: type=int; val=6
i!  k: type=int; val=1
i!  alpha: type=float; val=POINTER (IN HEX:0x0x7fc4f1ff364c)
i!  A: type=float; val=POINTER (IN HEX:0x0x7fc3ec000000)
i!  lda: type=int; val=512
i!  strideA: type=SOME TYPE; val=512
i!  B: type=float; val=POINTER (IN HEX:0x0x7fc3ec054800)
i!  ldb: type=int; val=1
i!  strideB: type=SOME TYPE; val=6
i!  beta: type=float; val=POINTER (IN HEX:0x0x7fc4f1ff3648)
i!  C: type=float; val=POINTER (IN HEX:0x0x7fc3ec0557d8)
i!  ldc: type=int; val=512
i!  strideC: type=SOME TYPE; val=3072
i!  batchSize: type=int; val=169
i! Time: 2019-09-29T03:36:31 elapsed from start 0.100000 minutes or 6.000000 seconds
i!Process=20989; Thread=140483850385152; GPU=0; Handle=POINTER (IN HEX:0x0x7fc3bca394d0); StreamId=POINTER (IN HEX:0x0x7fc4740024d0); MathMode=CUBLAS_DEFAULT_MATH
i! COMPILED WITH: GNU GCC/G++ / 4.1.2 20080704 (Red Hat 4.1.2-48)
I! cuBLAS (v10.1) function cublasStatus_t cublasSetMathMode(cublasContext*, cublasMath_t) called:
i!  handle: type=cublasHandle_t; val=POINTER (IN HEX:0x0x7fc3bca394d0)
i!  mode: type=cublasMath_t; val=CUBLAS_DEFAULT_MATH(0)
i! Time: 2019-09-29T03:36:31 elapsed from start 0.100000 minutes or 6.000000 seconds
i!Process=20989; Thread=140483850385152; GPU=0; Handle=POINTER (IN HEX:0x0x7fc3bca394d0); StreamId=POINTER (IN HEX:0x0x7fc4740024d0); MathMode=CUBLAS_DEFAULT_MATH
i! COMPILED WITH: GNU GCC/G++ / 4.1.2 20080704 (Red Hat 4.1.2-48)
I! cuBLAS (v10.1) function cublasStatus_t cublasSetStream_v2(cublasContext*, CUstream_st*) called:
i!  handle: type=cublasHandle_t; val=POINTER (IN HEX:0x0x7fc3bca394d0)
i!  streamId: type=SOME TYPE; val=POINTER (IN HEX:0x0x7fc4740024d0)
i! Time: 2019-09-29T03:36:31 elapsed from start 0.100000 minutes or 6.000000 seconds
i!Process=20989; Thread=140483850385152; GPU=0; Handle=POINTER (IN HEX:0x0x7fc3bca394d0); StreamId=POINTER (IN HEX:0x0x7fc4740024d0); MathMode=CUBLAS_DEFAULT_MATH
i! COMPILED WITH: GNU GCC/G++ / 4.1.2 20080704 (Red Hat 4.1.2-48)
I! cuBLAS (v10.1) function cublasStatus_t cublasSetStream_v2(cublasContext*, CUstream_st*) called:
i!  handle: type=cublasHandle_t; val=POINTER (IN HEX:0x0x7fc3bca394d0)
i!  streamId: type=SOME TYPE; val=POINTER (IN HEX:0x0x7fc4740024d0)
i! Time: 2019-09-29T03:36:31 elapsed from start 0.100000 minutes or 6.000000 seconds
i!Process=20989; Thread=140483850385152; GPU=0; Handle=POINTER (IN HEX:0x0x7fc3bca394d0); StreamId=POINTER (IN HEX:0x0x7fc4740024d0); MathMode=CUBLAS_DEFAULT_MATH
i! COMPILED WITH: GNU GCC/G++ / 4.1.2 20080704 (Red Hat 4.1.2-48)
I! cuBLAS (v10.1) function cublasStatus_t cublasCgemmBatched(cublasContext*, cublasOperation_t, cublasOperation_t, int, int, int, const cuComplex*, const cuComplex* const*, int, const cuComplex* const*, int, const cuComplex*, cuComplex* const*, int, int) called:
i!  handle: type=cublasHandle_t; val=POINTER (IN HEX:0x0x7fc3bca394d0)
i!  transa: type=cublasOperation_t; val=CUBLAS_OP_T(1)
i!  transb: type=cublasOperation_t; val=CUBLAS_OP_N(0)
i!  m: type=int; val=6
i!  n: type=int; val=1
i!  k: type=int; val=32
i!  alpha: type=SOME TYPE; val=POINTER (IN HEX:0x0x7fc4f1ff3cc0)
i!  Aarray: type=SOME TYPE; val=POINTER (IN HEX:0x0x7fc3ec1dd100)
i!  lda: type=int; val=32
i!  Barray: type=SOME TYPE; val=POINTER (IN HEX:0x0x7fc3ec1dc000)
i!  ldb: type=int; val=32
i!  beta: type=SOME TYPE; val=POINTER (IN HEX:0x0x7fc4f1ff3c90)
i!  Carray: type=SOME TYPE; val=POINTER (IN HEX:0x0x7fc3ec1de200)
i!  ldc: type=int; val=6
i!  batchSize: type=int; val=544
i! Time: 2019-09-29T03:36:31 elapsed from start 0.100000 minutes or 6.000000 seconds
i!Process=20989; Thread=140483850385152; GPU=0; Handle=POINTER (IN HEX:0x0x7fc3bca394d0); StreamId=POINTER (IN HEX:0x0x7fc4740024d0); MathMode=CUBLAS_DEFAULT_MATH
i! COMPILED WITH: GNU GCC/G++ / 4.1.2 20080704 (Red Hat 4.1.2-48)
I! cuBLAS (v10.1) function cublasStatus_t cublasSetStream_v2(cublasContext*, CUstream_st*) called:
i!  handle: type=cublasHandle_t; val=POINTER (IN HEX:0x0x7fc3bca394d0)
i!  streamId: type=SOME TYPE; val=POINTER (IN HEX:0x0x7fc4740024d0)
i! Time: 2019-09-29T03:36:31 elapsed from start 0.100000 minutes or 6.000000 seconds
i!Process=20989; Thread=140483850385152; GPU=0; Handle=POINTER (IN HEX:0x0x7fc3bca394d0); StreamId=POINTER (IN HEX:0x0x7fc4740024d0); MathMode=CUBLAS_DEFAULT_MATH
i! COMPILED WITH: GNU GCC/G++ / 4.1.2 20080704 (Red Hat 4.1.2-48)
I! cuBLAS (v10.1) function cublasStatus_t cublasSetStream_v2(cublasContext*, CUstream_st*) called:
i!  handle: type=cublasHandle_t; val=POINTER (IN HEX:0x0x7fc3bca394d0)
i!  streamId: type=SOME TYPE; val=POINTER (IN HEX:0x0x7fc4740024d0)
i! Time: 2019-09-29T03:36:31 elapsed from start 0.100000 minutes or 6.000000 seconds
i!Process=20989; Thread=140483850385152; GPU=0; Handle=POINTER (IN HEX:0x0x7fc3bca394d0); StreamId=POINTER (IN HEX:0x0x7fc4740024d0); MathMode=CUBLAS_DEFAULT_MATH
i! COMPILED WITH: GNU GCC/G++ / 4.1.2 20080704 (Red Hat 4.1.2-48)
I! cuBLAS (v10.1) function cublasStatus_t cublasSgemmStridedBatched(cublasContext*, cublasOperation_t, cublasOperation_t, int, int, int, const float*, const float*, int, long long int, const float*, int, long long int, const float*, float*, int, long long int, int) called:
i!  handle: type=cublasHandle_t; val=POINTER (IN HEX:0x0x7fc3bca394d0)
i!  transa: type=cublasOperation_t; val=CUBLAS_OP_N(0)
i!  transb: type=cublasOperation_t; val=CUBLAS_OP_N(0)
i!  m: type=int; val=6
i!  n: type=int; val=1
i!  k: type=int; val=512
i!  alpha: type=float; val=POINTER (IN HEX:0x0x7fc4f1ff3b1c)
i!  A: type=float; val=POINTER (IN HEX:0x0x7fc3ec054800)
i!  lda: type=int; val=6
i!  strideA: type=SOME TYPE; val=3072
i!  B: type=float; val=POINTER (IN HEX:0x0x7fc3ec000000)
i!  ldb: type=int; val=512
i!  strideB: type=SOME TYPE; val=512
i!  beta: type=float; val=POINTER (IN HEX:0x0x7fc4f1ff3b18)
i!  C: type=float; val=POINTER (IN HEX:0x0x7fc3ec24f800)
i!  ldc: type=int; val=6
i!  strideC: type=SOME TYPE; val=6
i!  batchSize: type=int; val=169
i! Time: 2019-09-29T03:36:31 elapsed from start 0.100000 minutes or 6.000000 seconds
i!Process=20989; Thread=140483850385152; GPU=0; Handle=POINTER (IN HEX:0x0x7fc3bca394d0); StreamId=POINTER (IN HEX:0x0x7fc4740024d0); MathMode=CUBLAS_DEFAULT_MATH
i! COMPILED WITH: GNU GCC/G++ / 4.1.2 20080704 (Red Hat 4.1.2-48)
I! cuBLAS (v10.1) function cublasStatus_t cublasSetStream_v2(cublasContext*, CUstream_st*) called:
i!  handle: type=cublasHandle_t; val=POINTER (IN HEX:0x0x7fc3bca394d0)
i!  streamId: type=SOME TYPE; val=POINTER (IN HEX:0x0x7fc4740024d0)
i! Time: 2019-09-29T03:36:31 elapsed from start 0.100000 minutes or 6.000000 seconds
i!Process=20989; Thread=140483850385152; GPU=0; Handle=POINTER (IN HEX:0x0x7fc3bca394d0); StreamId=POINTER (IN HEX:0x0x7fc4740024d0); MathMode=CUBLAS_DEFAULT_MATH
i! COMPILED WITH: GNU GCC/G++ / 4.1.2 20080704 (Red Hat 4.1.2-48)
I! cuBLAS (v10.1) function cublasStatus_t cublasCgeam(cublasContext*, cublasOperation_t, cublasOperation_t, int, int, const cuComplex*, const cuComplex*, int, const cuComplex*, const cuComplex*, int, cuComplex*, int) called:
i!  handle: type=cublasHandle_t; val=POINTER (IN HEX:0x0x7fc3bca394d0)
i!  transa: type=cublasOperation_t; val=CUBLAS_OP_T(1)
i!  transb: type=cublasOperation_t; val=CUBLAS_OP_T(1)
i!  m: type=int; val=192
i!  n: type=int; val=2112
i!  alpha: type=SOME TYPE; val=POINTER (IN HEX:0x0x7fc4f1ff3520)
i!  A: type=SOME TYPE; val=POINTER (IN HEX:0x0x7fc3ec330c00)
i!  lda: type=int; val=2112
i!  beta: type=SOME TYPE; val=POINTER (IN HEX:0x0x7fc4f1ff34f0)
i!  B: type=SOME TYPE; val=NULL_PTR(POINTER (IN HEX:0x(nil)))
i!  ldb: type=int; val=2112
i!  C: type=SOME TYPE; val=POINTER (IN HEX:0x0x7fc3ec000000)
i!  ldc: type=int; val=192
i! Time: 2019-09-29T03:36:31 elapsed from start 0.100000 minutes or 6.000000 seconds
i!Process=20989; Thread=140483850385152; GPU=0; Handle=POINTER (IN HEX:0x0x7fc3bca394d0); StreamId=POINTER (IN HEX:0x0x7fc4740024d0); MathMode=CUBLAS_DEFAULT_MATH
i! COMPILED WITH: GNU GCC/G++ / 4.1.2 20080704 (Red Hat 4.1.2-48)
I! cuBLAS (v10.1) function cublasStatus_t cublasSetStream_v2(cublasContext*, CUstream_st*) called:
i!  handle: type=cublasHandle_t; val=POINTER (IN HEX:0x0x7fc3bca394d0)
i!  streamId: type=SOME TYPE; val=POINTER (IN HEX:0x0x7fc4476d4c30)
i! Time: 2019-09-29T03:36:31 elapsed from start 0.100000 minutes or 6.000000 seconds
i!Process=20989; Thread=140483850385152; GPU=0; Handle=POINTER (IN HEX:0x0x7fc3bca394d0); StreamId=POINTER (IN HEX:0x0x7fc4740024d0); MathMode=CUBLAS_DEFAULT_MATH
i! COMPILED WITH: GNU GCC/G++ / 4.1.2 20080704 (Red Hat 4.1.2-48)
I! cuBLAS (v10.1) function cublasStatus_t cublasCgeam(cublasContext*, cublasOperation_t, cublasOperation_t, int, int, const cuComplex*, const cuComplex*, int, const cuComplex*, const cuComplex*, int, cuComplex*, int) called:
i!  handle: type=cublasHandle_t; val=POINTER (IN HEX:0x0x7fc3bca394d0)
i!  transa: type=cublasOperation_t; val=CUBLAS_OP_T(1)
i!  transb: type=cublasOperation_t; val=CUBLAS_OP_T(1)
i!  m: type=int; val=6
i!  n: type=int; val=2112
i!  alpha: type=SOME TYPE; val=POINTER (IN HEX:0x0x7fc4f1ff3520)
i!  A: type=SOME TYPE; val=POINTER (IN HEX:0x0x7fc3ec648c00)
i!  lda: type=int; val=2112
i!  beta: type=SOME TYPE; val=POINTER (IN HEX:0x0x7fc4f1ff34f0)
i!  B: type=SOME TYPE; val=NULL_PTR(POINTER (IN HEX:0x(nil)))
i!  ldb: type=int; val=2112
i!  C: type=SOME TYPE; val=POINTER (IN HEX:0x0x7fc3ec318000)
i!  ldc: type=int; val=6
i! Time: 2019-09-29T03:36:31 elapsed from start 0.100000 minutes or 6.000000 seconds
i!Process=20989; Thread=140483850385152; GPU=0; Handle=POINTER (IN HEX:0x0x7fc3bca394d0); StreamId=POINTER (IN HEX:0x0x7fc4476d4c30); MathMode=CUBLAS_DEFAULT_MATH
i! COMPILED WITH: GNU GCC/G++ / 4.1.2 20080704 (Red Hat 4.1.2-48)
I! cuBLAS (v10.1) function cublasStatus_t cublasSetStream_v2(cublasContext*, CUstream_st*) called:
i!  handle: type=cublasHandle_t; val=POINTER (IN HEX:0x0x7fc3bca394d0)
i!  streamId: type=SOME TYPE; val=POINTER (IN HEX:0x0x7fc4740024d0)
i! Time: 2019-09-29T03:36:31 elapsed from start 0.100000 minutes or 6.000000 seconds
i!Process=20989; Thread=140483850385152; GPU=0; Handle=POINTER (IN HEX:0x0x7fc3bca394d0); StreamId=POINTER (IN HEX:0x0x7fc4476d4c30); MathMode=CUBLAS_DEFAULT_MATH
i! COMPILED WITH: GNU GCC/G++ / 4.1.2 20080704 (Red Hat 4.1.2-48)
I! cuBLAS (v10.1) function cublasStatus_t cublasCgemmBatched(cublasContext*, cublasOperation_t, cublasOperation_t, int, int, int, const cuComplex*, const cuComplex* const*, int, const cuComplex* const*, int, const cuComplex*, cuComplex* const*, int, int) called:
i!  handle: type=cublasHandle_t; val=POINTER (IN HEX:0x0x7fc3bca394d0)
i!  transa: type=cublasOperation_t; val=CUBLAS_OP_T(1)
i!  transb: type=cublasOperation_t; val=CUBLAS_OP_N(0)
i!  m: type=int; val=1
i!  n: type=int; val=32
i!  k: type=int; val=6
i!  alpha: type=SOME TYPE; val=POINTER (IN HEX:0x0x7fc4f1ff3520)
i!  Aarray: type=SOME TYPE; val=POINTER (IN HEX:0x0x7fc3ec665a00)
i!  lda: type=int; val=6
i!  Barray: type=SOME TYPE; val=POINTER (IN HEX:0x0x7fc3ec661800)
i!  ldb: type=int; val=6
i!  beta: type=SOME TYPE; val=POINTER (IN HEX:0x0x7fc4f1ff34f0)
i!  Carray: type=SOME TYPE; val=POINTER (IN HEX:0x0x7fc3ec669c00)
i!  ldc: type=int; val=1
i!  batchSize: type=int; val=2112
i! Time: 2019-09-29T03:36:31 elapsed from start 0.100000 minutes or 6.000000 seconds
i!Process=20989; Thread=140483850385152; GPU=0; Handle=POINTER (IN HEX:0x0x7fc3bca394d0); StreamId=POINTER (IN HEX:0x0x7fc4740024d0); MathMode=CUBLAS_DEFAULT_MATH
i! COMPILED WITH: GNU GCC/G++ / 4.1.2 20080704 (Red Hat 4.1.2-48)
I! cuBLAS (v10.1) function cublasStatus_t cublasSetStream_v2(cublasContext*, CUstream_st*) called:
i!  handle: type=cublasHandle_t; val=POINTER (IN HEX:0x0x7fc3bca394d0)
i!  streamId: type=SOME TYPE; val=POINTER (IN HEX:0x0x7fc4740024d0)
i! Time: 2019-09-29T03:36:31 elapsed from start 0.100000 minutes or 6.000000 seconds
i!Process=20989; Thread=140483850385152; GPU=0; Handle=POINTER (IN HEX:0x0x7fc3bca394d0); StreamId=POINTER (IN HEX:0x0x7fc4740024d0); MathMode=CUBLAS_DEFAULT_MATH
i! COMPILED WITH: GNU GCC/G++ / 4.1.2 20080704 (Red Hat 4.1.2-48)
I! cuBLAS (v10.1) function cublasStatus_t cublasCgeam(cublasContext*, cublasOperation_t, cublasOperation_t, int, int, const cuComplex*, const cuComplex*, int, const cuComplex*, const cuComplex*, int, cuComplex*, int) called:
i!  handle: type=cublasHandle_t; val=POINTER (IN HEX:0x0x7fc3bca394d0)
i!  transa: type=cublasOperation_t; val=CUBLAS_OP_T(1)
i!  transb: type=cublasOperation_t; val=CUBLAS_OP_T(1)
i!  m: type=int; val=2112
i!  n: type=int; val=32
i!  alpha: type=SOME TYPE; val=POINTER (IN HEX:0x0x7fc4f1ff34e0)
i!  A: type=SOME TYPE; val=POINTER (IN HEX:0x0x7fc3ec330c00)
i!  lda: type=int; val=32
i!  beta: type=SOME TYPE; val=POINTER (IN HEX:0x0x7fc4f1ff34f0)
i!  B: type=SOME TYPE; val=NULL_PTR(POINTER (IN HEX:0x(nil)))
i!  ldb: type=int; val=32
i!  C: type=SOME TYPE; val=POINTER (IN HEX:0x0x7fc3ec000000)
i!  ldc: type=int; val=2112
i! Time: 2019-09-29T03:36:31 elapsed from start 0.100000 minutes or 6.000000 seconds
i!Process=20989; Thread=140483850385152; GPU=0; Handle=POINTER (IN HEX:0x0x7fc3bca394d0); StreamId=POINTER (IN HEX:0x0x7fc4740024d0); MathMode=CUBLAS_DEFAULT_MATH
i! COMPILED WITH: GNU GCC/G++ / 4.1.2 20080704 (Red Hat 4.1.2-48)
I! cuBLAS (v10.1) function cublasStatus_t cublasSetStream_v2(cublasContext*, CUstream_st*) called:
i!  handle: type=cublasHandle_t; val=POINTER (IN HEX:0x0x7fc3bca394d0)
i!  streamId: type=SOME TYPE; val=POINTER (IN HEX:0x0x7fc4476d4c30)
i! Time: 2019-09-29T03:36:31 elapsed from start 0.100000 minutes or 6.000000 seconds
i!Process=20989; Thread=140483850385152; GPU=0; Handle=POINTER (IN HEX:0x0x7fc3bca394d0); StreamId=POINTER (IN HEX:0x0x7fc4740024d0); MathMode=CUBLAS_DEFAULT_MATH
i! COMPILED WITH: GNU GCC/G++ / 4.1.2 20080704 (Red Hat 4.1.2-48)
I! cuBLAS (v10.1) function cublasStatus_t cublasCgemm3mStridedBatched(cublasContext*, cublasOperation_t, cublasOperation_t, int, int, int, const cuComplex*, const cuComplex*, int, long long int, const cuComplex*, int, long long int, const cuComplex*, cuComplex*, int, long long int, int) called:
i!  handle: type=cublasHandle_t; val=POINTER (IN HEX:0x0x7fc3bca394d0)
i!  transa: type=cublasOperation_t; val=CUBLAS_OP_N(0)
i!  transb: type=cublasOperation_t; val=CUBLAS_OP_T(1)
i!  m: type=int; val=1
i!  n: type=int; val=32
i!  k: type=int; val=6
i!  alpha: type=SOME TYPE; val=POINTER (IN HEX:0x0x7fc4f1ff3360)
i!  A: type=SOME TYPE; val=POINTER (IN HEX:0x0x7fc3ec000000)
i!  lda: type=int; val=1
i!  strideA: type=SOME TYPE; val=6
i!  B: type=SOME TYPE; val=POINTER (IN HEX:0x0x7fc3ec006600)
i!  ldb: type=int; val=32
i!  strideB: type=SOME TYPE; val=192
i!  C: type=SOME TYPE; val=POINTER (IN HEX:0x0x7fc3ec0d2600)
i!  ldc: type=int; val=1
i!  strideC: type=SOME TYPE; val=32
i!  batchSize: type=int; val=544
i! Time: 2019-09-29T03:36:31 elapsed from start 0.100000 minutes or 6.000000 seconds
i!Process=20989; Thread=140483850385152; GPU=0; Handle=POINTER (IN HEX:0x0x7fc3bca394d0); StreamId=POINTER (IN HEX:0x0x7fc4476d4c30); MathMode=CUBLAS_DEFAULT_MATH
i! COMPILED WITH: GNU GCC/G++ / 4.1.2 20080704 (Red Hat 4.1.2-48)
I! cuBLAS (v10.1) function cublasStatus_t cublasSetStream_v2(cublasContext*, CUstream_st*) called:
i!  handle: type=cublasHandle_t; val=POINTER (IN HEX:0x0x7fc3bca394d0)
i!  streamId: type=SOME TYPE; val=POINTER (IN HEX:0x0x7fc4476d4bf0)
i! Time: 2019-09-29T03:36:31 elapsed from start 0.100000 minutes or 6.000000 seconds
i!Process=20989; Thread=140483850385152; GPU=0; Handle=POINTER (IN HEX:0x0x7fc3bca394d0); StreamId=POINTER (IN HEX:0x0x7fc4476d4c30); MathMode=CUBLAS_DEFAULT_MATH
i! COMPILED WITH: GNU GCC/G++ / 4.1.2 20080704 (Red Hat 4.1.2-48)
I! cuBLAS (v10.1) function cublasStatus_t cublasCgemm3mStridedBatched(cublasContext*, cublasOperation_t, cublasOperation_t, int, int, int, const cuComplex*, const cuComplex*, int, long long int, const cuComplex*, int, long long int, const cuComplex*, cuComplex*, int, long long int, int) called:
i!  handle: type=cublasHandle_t; val=POINTER (IN HEX:0x0x7fc3bca394d0)
i!  transa: type=cublasOperation_t; val=CUBLAS_OP_N(0)
i!  transb: type=cublasOperation_t; val=CUBLAS_OP_T(1)
i!  m: type=int; val=1
i!  n: type=int; val=32
i!  k: type=int; val=6
i!  alpha: type=SOME TYPE; val=POINTER (IN HEX:0x0x7fc4f1ff3360)
i!  A: type=SOME TYPE; val=POINTER (IN HEX:0x0x7fc3ec000000)
i!  lda: type=int; val=1
i!  strideA: type=SOME TYPE; val=6
i!  B: type=SOME TYPE; val=POINTER (IN HEX:0x0x7fc3ec0fa600)
i!  ldb: type=int; val=32
i!  strideB: type=SOME TYPE; val=192
i!  C: type=SOME TYPE; val=POINTER (IN HEX:0x0x7fc3ec1c6600)
i!  ldc: type=int; val=1
i!  strideC: type=SOME TYPE; val=32
i!  batchSize: type=int; val=544
i! Time: 2019-09-29T03:36:31 elapsed from start 0.100000 minutes or 6.000000 seconds
i!Process=20989; Thread=140483850385152; GPU=0; Handle=POINTER (IN HEX:0x0x7fc3bca394d0); StreamId=POINTER (IN HEX:0x0x7fc4476d4bf0); MathMode=CUBLAS_DEFAULT_MATH
i! COMPILED WITH: GNU GCC/G++ / 4.1.2 20080704 (Red Hat 4.1.2-48)
I! cuBLAS (v10.1) function cublasStatus_t cublasSetStream_v2(cublasContext*, CUstream_st*) called:
i!  handle: type=cublasHandle_t; val=POINTER (IN HEX:0x0x7fc3bca394d0)
i!  streamId: type=SOME TYPE; val=POINTER (IN HEX:0x0x7fc4476d4c30)
i! Time: 2019-09-29T03:36:31 elapsed from start 0.100000 minutes or 6.000000 seconds
i!Process=20989; Thread=140483850385152; GPU=0; Handle=POINTER (IN HEX:0x0x7fc3bca394d0); StreamId=POINTER (IN HEX:0x0x7fc4476d4bf0); MathMode=CUBLAS_DEFAULT_MATH
i! COMPILED WITH: GNU GCC/G++ / 4.1.2 20080704 (Red Hat 4.1.2-48)
I! cuBLAS (v10.1) function cublasStatus_t cublasCgemm3mStridedBatched(cublasContext*, cublasOperation_t, cublasOperation_t, int, int, int, const cuComplex*, const cuComplex*, int, long long int, const cuComplex*, int, long long int, const cuComplex*, cuComplex*, int, long long int, int) called:
i!  handle: type=cublasHandle_t; val=POINTER (IN HEX:0x0x7fc3bca394d0)
i!  transa: type=cublasOperation_t; val=CUBLAS_OP_N(0)
i!  transb: type=cublasOperation_t; val=CUBLAS_OP_T(1)
i!  m: type=int; val=1
i!  n: type=int; val=32
i!  k: type=int; val=6
i!  alpha: type=SOME TYPE; val=POINTER (IN HEX:0x0x7fc4f1ff3360)
i!  A: type=SOME TYPE; val=POINTER (IN HEX:0x0x7fc3ec000000)
i!  lda: type=int; val=1
i!  strideA: type=SOME TYPE; val=6
i!  B: type=SOME TYPE; val=POINTER (IN HEX:0x0x7fc3ec006600)
i!  ldb: type=int; val=32
i!  strideB: type=SOME TYPE; val=192
i!  C: type=SOME TYPE; val=POINTER (IN HEX:0x0x7fc3ec0d2600)
i!  ldc: type=int; val=1
i!  strideC: type=SOME TYPE; val=32
i!  batchSize: type=int; val=544
i! Time: 2019-09-29T03:36:31 elapsed from start 0.100000 minutes or 6.000000 seconds
i!Process=20989; Thread=140483850385152; GPU=0; Handle=POINTER (IN HEX:0x0x7fc3bca394d0); StreamId=POINTER (IN HEX:0x0x7fc4476d4c30); MathMode=CUBLAS_DEFAULT_MATH
i! COMPILED WITH: GNU GCC/G++ / 4.1.2 20080704 (Red Hat 4.1.2-48)
I! cuBLAS (v10.1) function cublasStatus_t cublasSetStream_v2(cublasContext*, CUstream_st*) called:
i!  handle: type=cublasHandle_t; val=POINTER (IN HEX:0x0x7fc3bca394d0)
i!  streamId: type=SOME TYPE; val=POINTER (IN HEX:0x0x7fc4476d4bf0)
i! Time: 2019-09-29T03:36:31 elapsed from start 0.100000 minutes or 6.000000 seconds
i!Process=20989; Thread=140483850385152; GPU=0; Handle=POINTER (IN HEX:0x0x7fc3bca394d0); StreamId=POINTER (IN HEX:0x0x7fc4476d4c30); MathMode=CUBLAS_DEFAULT_MATH
i! COMPILED WITH: GNU GCC/G++ / 4.1.2 20080704 (Red Hat 4.1.2-48)
I! cuBLAS (v10.1) function cublasStatus_t cublasCgemm3mStridedBatched(cublasContext*, cublasOperation_t, cublasOperation_t, int, int, int, const cuComplex*, const cuComplex*, int, long long int, const cuComplex*, int, long long int, const cuComplex*, cuComplex*, int, long long int, int) called:
i!  handle: type=cublasHandle_t; val=POINTER (IN HEX:0x0x7fc3bca394d0)
i!  transa: type=cublasOperation_t; val=CUBLAS_OP_N(0)
i!  transb: type=cublasOperation_t; val=CUBLAS_OP_T(1)
i!  m: type=int; val=1
i!  n: type=int; val=32
i!  k: type=int; val=6
i!  alpha: type=SOME TYPE; val=POINTER (IN HEX:0x0x7fc4f1ff3360)
i!  A: type=SOME TYPE; val=POINTER (IN HEX:0x0x7fc3ec000000)
i!  lda: type=int; val=1
i!  strideA: type=SOME TYPE; val=6
i!  B: type=SOME TYPE; val=POINTER (IN HEX:0x0x7fc3ec0fa600)
i!  ldb: type=int; val=32
i!  strideB: type=SOME TYPE; val=192
i!  C: type=SOME TYPE; val=POINTER (IN HEX:0x0x7fc3ec1c6600)
i!  ldc: type=int; val=1
i!  strideC: type=SOME TYPE; val=32
i!  batchSize: type=int; val=544
i! Time: 2019-09-29T03:36:31 elapsed from start 0.100000 minutes or 6.000000 seconds
i!Process=20989; Thread=140483850385152; GPU=0; Handle=POINTER (IN HEX:0x0x7fc3bca394d0); StreamId=POINTER (IN HEX:0x0x7fc4476d4bf0); MathMode=CUBLAS_DEFAULT_MATH
i! COMPILED WITH: GNU GCC/G++ / 4.1.2 20080704 (Red Hat 4.1.2-48)
I! cuBLAS (v10.1) function cublasStatus_t cublasGetMathMode(cublasContext*, cublasMath_t*) called:
i!  handle: type=cublasHandle_t; val=POINTER (IN HEX:0x0x7fc3bca394d0)
i!  mode: type=cublasMath_t; val=POINTER (IN HEX:0x0x7fc4f1ff31b4)
i! Time: 2019-09-29T03:36:31 elapsed from start 0.100000 minutes or 6.000000 seconds
i!Process=20989; Thread=140483850385152; GPU=0; Handle=POINTER (IN HEX:0x0x7fc3bca394d0); StreamId=POINTER (IN HEX:0x0x7fc4476d4bf0); MathMode=CUBLAS_DEFAULT_MATH
i! COMPILED WITH: GNU GCC/G++ / 4.1.2 20080704 (Red Hat 4.1.2-48)
I! cuBLAS (v10.1) function cublasStatus_t cublasSetMathMode(cublasContext*, cublasMath_t) called:
i!  handle: type=cublasHandle_t; val=POINTER (IN HEX:0x0x7fc3bca394d0)
i!  mode: type=cublasMath_t; val=CUBLAS_DEFAULT_MATH(0)
i! Time: 2019-09-29T03:36:31 elapsed from start 0.100000 minutes or 6.000000 seconds
i!Process=20989; Thread=140483850385152; GPU=0; Handle=POINTER (IN HEX:0x0x7fc3bca394d0); StreamId=POINTER (IN HEX:0x0x7fc4476d4bf0); MathMode=CUBLAS_DEFAULT_MATH
i! COMPILED WITH: GNU GCC/G++ / 4.1.2 20080704 (Red Hat 4.1.2-48)
I! cuBLAS (v10.1) function cublasStatus_t cublasSetStream_v2(cublasContext*, CUstream_st*) called:
i!  handle: type=cublasHandle_t; val=POINTER (IN HEX:0x0x7fc3bca394d0)
i!  streamId: type=SOME TYPE; val=POINTER (IN HEX:0x0x7fc4740024d0)
i! Time: 2019-09-29T03:36:31 elapsed from start 0.100000 minutes or 6.000000 seconds
i!Process=20989; Thread=140483850385152; GPU=0; Handle=POINTER (IN HEX:0x0x7fc3bca394d0); StreamId=POINTER (IN HEX:0x0x7fc4476d4bf0); MathMode=CUBLAS_DEFAULT_MATH
i! COMPILED WITH: GNU GCC/G++ / 4.1.2 20080704 (Red Hat 4.1.2-48)
I! cuBLAS (v10.1) function cublasStatus_t cublasSgemmStridedBatched(cublasContext*, cublasOperation_t, cublasOperation_t, int, int, int, const float*, const float*, int, long long int, const float*, int, long long int, const float*, float*, int, long long int, int) called:
i!  handle: type=cublasHandle_t; val=POINTER (IN HEX:0x0x7fc3bca394d0)
i!  transa: type=cublasOperation_t; val=CUBLAS_OP_N(0)
i!  transb: type=cublasOperation_t; val=CUBLAS_OP_T(1)
i!  m: type=int; val=512
i!  n: type=int; val=1
i!  k: type=int; val=6
i!  alpha: type=float; val=POINTER (IN HEX:0x0x7fc4f1ff31bc)
i!  A: type=float; val=POINTER (IN HEX:0x0x7fc3ec000000)
i!  lda: type=int; val=512
i!  strideA: type=SOME TYPE; val=3072
i!  B: type=float; val=POINTER (IN HEX:0x0x7fc3ec1fb000)
i!  ldb: type=int; val=1
i!  strideB: type=SOME TYPE; val=6
i!  beta: type=float; val=POINTER (IN HEX:0x0x7fc4f1ff31b8)
i!  C: type=float; val=POINTER (IN HEX:0x0x7fc3ec1fbfd8)
i!  ldc: type=int; val=512
i!  strideC: type=SOME TYPE; val=512
i!  batchSize: type=int; val=169
i! Time: 2019-09-29T03:36:31 elapsed from start 0.100000 minutes or 6.000000 seconds
i!Process=20989; Thread=140483850385152; GPU=0; Handle=POINTER (IN HEX:0x0x7fc3bca394d0); StreamId=POINTER (IN HEX:0x0x7fc4740024d0); MathMode=CUBLAS_DEFAULT_MATH
i! COMPILED WITH: GNU GCC/G++ / 4.1.2 20080704 (Red Hat 4.1.2-48)
I! cuBLAS (v10.1) function cublasStatus_t cublasSetMathMode(cublasContext*, cublasMath_t) called:
i!  handle: type=cublasHandle_t; val=POINTER (IN HEX:0x0x7fc3bca394d0)
i!  mode: type=cublasMath_t; val=CUBLAS_DEFAULT_MATH(0)
i! Time: 2019-09-29T03:36:31 elapsed from start 0.100000 minutes or 6.000000 seconds
i!Process=20989; Thread=140483850385152; GPU=0; Handle=POINTER (IN HEX:0x0x7fc3bca394d0); StreamId=POINTER (IN HEX:0x0x7fc4740024d0); MathMode=CUBLAS_DEFAULT_MATH
i! COMPILED WITH: GNU GCC/G++ / 4.1.2 20080704 (Red Hat 4.1.2-48)
I! cuBLAS (v10.1) function cublasStatus_t cublasSetStream_v2(cublasContext*, CUstream_st*) called:
i!  handle: type=cublasHandle_t; val=POINTER (IN HEX:0x0x7fc3bca394d0)
i!  streamId: type=SOME TYPE; val=POINTER (IN HEX:0x0x7fc4740024d0)
i! Time: 2019-09-29T03:36:31 elapsed from start 0.100000 minutes or 6.000000 seconds
i!Process=20989; Thread=140483850385152; GPU=0; Handle=POINTER (IN HEX:0x0x7fc3bca394d0); StreamId=POINTER (IN HEX:0x0x7fc4740024d0); MathMode=CUBLAS_DEFAULT_MATH
i! COMPILED WITH: GNU GCC/G++ / 4.1.2 20080704 (Red Hat 4.1.2-48)
I! cuBLAS (v10.1) function cublasStatus_t cublasSetStream_v2(cublasContext*, CUstream_st*) called:
i!  handle: type=cublasHandle_t; val=POINTER (IN HEX:0x0x7fc3bca394d0)
i!  streamId: type=SOME TYPE; val=POINTER (IN HEX:0x0x7fc4740024d0)
i! Time: 2019-09-29T03:36:31 elapsed from start 0.100000 minutes or 6.000000 seconds
i!Process=20989; Thread=140483850385152; GPU=0; Handle=POINTER (IN HEX:0x0x7fc3bca394d0); StreamId=POINTER (IN HEX:0x0x7fc4740024d0); MathMode=CUBLAS_DEFAULT_MATH
i! COMPILED WITH: GNU GCC/G++ / 4.1.2 20080704 (Red Hat 4.1.2-48)
I! cuBLAS (v10.1) function cublasStatus_t cublasCgemmBatched(cublasContext*, cublasOperation_t, cublasOperation_t, int, int, int, const cuComplex*, const cuComplex* const*, int, const cuComplex* const*, int, const cuComplex*, cuComplex* const*, int, int) called:
i!  handle: type=cublasHandle_t; val=POINTER (IN HEX:0x0x7fc3bca394d0)
i!  transa: type=cublasOperation_t; val=CUBLAS_OP_T(1)
i!  transb: type=cublasOperation_t; val=CUBLAS_OP_N(0)
i!  m: type=int; val=16
i!  n: type=int; val=32
i!  k: type=int; val=6
i!  alpha: type=SOME TYPE; val=POINTER (IN HEX:0x0x7fc4f1ff39b0)
i!  Aarray: type=SOME TYPE; val=POINTER (IN HEX:0x0x7fc3ebf20480)
i!  lda: type=int; val=6
i!  Barray: type=SOME TYPE; val=POINTER (IN HEX:0x0x7fc3ebf20000)
i!  ldb: type=int; val=6
i!  beta: type=SOME TYPE; val=POINTER (IN HEX:0x0x7fc4f1ff3980)
i!  Carray: type=SOME TYPE; val=POINTER (IN HEX:0x0x7fc3ebf20900)
i!  ldc: type=int; val=16
i!  batchSize: type=int; val=144
i! Time: 2019-09-29T03:36:31 elapsed from start 0.100000 minutes or 6.000000 seconds
i!Process=20989; Thread=140483850385152; GPU=0; Handle=POINTER (IN HEX:0x0x7fc3bca394d0); StreamId=POINTER (IN HEX:0x0x7fc4740024d0); MathMode=CUBLAS_DEFAULT_MATH
i! COMPILED WITH: GNU GCC/G++ / 4.1.2 20080704 (Red Hat 4.1.2-48)
I! cuBLAS (v10.1) function cublasStatus_t cublasSetStream_v2(cublasContext*, CUstream_st*) called:
i!  handle: type=cublasHandle_t; val=POINTER (IN HEX:0x0x7fc3bca394d0)
i!  streamId: type=SOME TYPE; val=POINTER (IN HEX:0x0x7fc4740024d0)
i! Time: 2019-09-29T03:36:31 elapsed from start 0.100000 minutes or 6.000000 seconds
i!Process=20989; Thread=140483850385152; GPU=0; Handle=POINTER (IN HEX:0x0x7fc3bca394d0); StreamId=POINTER (IN HEX:0x0x7fc4740024d0); MathMode=CUBLAS_DEFAULT_MATH
i! COMPILED WITH: GNU GCC/G++ / 4.1.2 20080704 (Red Hat 4.1.2-48)
I! cuBLAS (v10.1) function cublasStatus_t cublasSetStream_v2(cublasContext*, CUstream_st*) called:
i!  handle: type=cublasHandle_t; val=POINTER (IN HEX:0x0x7fc3bca394d0)
i!  streamId: type=SOME TYPE; val=POINTER (IN HEX:0x0x7fc4476d4c30)
i! Time: 2019-09-29T03:36:31 elapsed from start 0.100000 minutes or 6.000000 seconds
i!Process=20989; Thread=140483850385152; GPU=0; Handle=POINTER (IN HEX:0x0x7fc3bca394d0); StreamId=POINTER (IN HEX:0x0x7fc4740024d0); MathMode=CUBLAS_DEFAULT_MATH
i! COMPILED WITH: GNU GCC/G++ / 4.1.2 20080704 (Red Hat 4.1.2-48)
I! cuBLAS (v10.1) function cublasStatus_t cublasCgemm3mStridedBatched(cublasContext*, cublasOperation_t, cublasOperation_t, int, int, int, const cuComplex*, const cuComplex*, int, long long int, const cuComplex*, int, long long int, const cuComplex*, cuComplex*, int, long long int, int) called:
i!  handle: type=cublasHandle_t; val=POINTER (IN HEX:0x0x7fc3bca394d0)
i!  transa: type=cublasOperation_t; val=CUBLAS_OP_N(0)
i!  transb: type=cublasOperation_t; val=CUBLAS_OP_T(1)
i!  m: type=int; val=16
i!  n: type=int; val=32
i!  k: type=int; val=6
i!  alpha: type=SOME TYPE; val=POINTER (IN HEX:0x0x7fc4f1ff3810)
i!  A: type=SOME TYPE; val=POINTER (IN HEX:0x0x7fc3ebe00000)
i!  lda: type=int; val=16
i!  strideA: type=SOME TYPE; val=96
i!  B: type=SOME TYPE; val=POINTER (IN HEX:0x0x7fc3ebe66000)
i!  ldb: type=int; val=32
i!  strideB: type=SOME TYPE; val=192
i!  C: type=SOME TYPE; val=POINTER (IN HEX:0x0x7fc3ebf32000)
i!  ldc: type=int; val=16
i!  strideC: type=SOME TYPE; val=512
i!  batchSize: type=int; val=544
i! Time: 2019-09-29T03:36:31 elapsed from start 0.100000 minutes or 6.000000 seconds
i!Process=20989; Thread=140483850385152; GPU=0; Handle=POINTER (IN HEX:0x0x7fc3bca394d0); StreamId=POINTER (IN HEX:0x0x7fc4476d4c30); MathMode=CUBLAS_DEFAULT_MATH
i! COMPILED WITH: GNU GCC/G++ / 4.1.2 20080704 (Red Hat 4.1.2-48)
I! cuBLAS (v10.1) function cublasStatus_t cublasGetMathMode(cublasContext*, cublasMath_t*) called:
i!  handle: type=cublasHandle_t; val=POINTER (IN HEX:0x0x7fc3bca394d0)
i!  mode: type=cublasMath_t; val=POINTER (IN HEX:0x0x7fc4f1ff3644)
i! Time: 2019-09-29T03:36:31 elapsed from start 0.100000 minutes or 6.000000 seconds
i!Process=20989; Thread=140483850385152; GPU=0; Handle=POINTER (IN HEX:0x0x7fc3bca394d0); StreamId=POINTER (IN HEX:0x0x7fc4476d4c30); MathMode=CUBLAS_DEFAULT_MATH
i! COMPILED WITH: GNU GCC/G++ / 4.1.2 20080704 (Red Hat 4.1.2-48)
I! cuBLAS (v10.1) function cublasStatus_t cublasSetMathMode(cublasContext*, cublasMath_t) called:
i!  handle: type=cublasHandle_t; val=POINTER (IN HEX:0x0x7fc3bca394d0)
i!  mode: type=cublasMath_t; val=CUBLAS_DEFAULT_MATH(0)
i! Time: 2019-09-29T03:36:31 elapsed from start 0.100000 minutes or 6.000000 seconds
i!Process=20989; Thread=140483850385152; GPU=0; Handle=POINTER (IN HEX:0x0x7fc3bca394d0); StreamId=POINTER (IN HEX:0x0x7fc4476d4c30); MathMode=CUBLAS_DEFAULT_MATH
i! COMPILED WITH: GNU GCC/G++ / 4.1.2 20080704 (Red Hat 4.1.2-48)
I! cuBLAS (v10.1) function cublasStatus_t cublasSetStream_v2(cublasContext*, CUstream_st*) called:
i!  handle: type=cublasHandle_t; val=POINTER (IN HEX:0x0x7fc3bca394d0)
i!  streamId: type=SOME TYPE; val=POINTER (IN HEX:0x0x7fc4740024d0)
i! Time: 2019-09-29T03:36:31 elapsed from start 0.100000 minutes or 6.000000 seconds
i!Process=20989; Thread=140483850385152; GPU=0; Handle=POINTER (IN HEX:0x0x7fc3bca394d0); StreamId=POINTER (IN HEX:0x0x7fc4476d4c30); MathMode=CUBLAS_DEFAULT_MATH
i! COMPILED WITH: GNU GCC/G++ / 4.1.2 20080704 (Red Hat 4.1.2-48)
I! cuBLAS (v10.1) function cublasStatus_t cublasSgemmStridedBatched(cublasContext*, cublasOperation_t, cublasOperation_t, int, int, int, const float*, const float*, int, long long int, const float*, int, long long int, const float*, float*, int, long long int, int) called:
i!  handle: type=cublasHandle_t; val=POINTER (IN HEX:0x0x7fc3bca394d0)
i!  transa: type=cublasOperation_t; val=CUBLAS_OP_N(0)
i!  transb: type=cublasOperation_t; val=CUBLAS_OP_N(0)
i!  m: type=int; val=128
i!  n: type=int; val=16
i!  k: type=int; val=6
i!  alpha: type=float; val=POINTER (IN HEX:0x0x7fc4f1ff364c)
i!  A: type=float; val=POINTER (IN HEX:0x0x7fc3ebe00000)
i!  lda: type=int; val=128
i!  strideA: type=SOME TYPE; val=768
i!  B: type=float; val=POINTER (IN HEX:0x0x7fc3ebe7ec00)
i!  ldb: type=int; val=6
i!  strideB: type=SOME TYPE; val=96
i!  beta: type=float; val=POINTER (IN HEX:0x0x7fc4f1ff3648)
i!  C: type=float; val=POINTER (IN HEX:0x0x7fc3ebe8e980)
i!  ldc: type=int; val=128
i!  strideC: type=SOME TYPE; val=2048
i!  batchSize: type=int; val=169
i! Time: 2019-09-29T03:36:31 elapsed from start 0.100000 minutes or 6.000000 seconds
i!Process=20989; Thread=140483850385152; GPU=0; Handle=POINTER (IN HEX:0x0x7fc3bca394d0); StreamId=POINTER (IN HEX:0x0x7fc4740024d0); MathMode=CUBLAS_DEFAULT_MATH
i! COMPILED WITH: GNU GCC/G++ / 4.1.2 20080704 (Red Hat 4.1.2-48)
I! cuBLAS (v10.1) function cublasStatus_t cublasSetMathMode(cublasContext*, cublasMath_t) called:
i!  handle: type=cublasHandle_t; val=POINTER (IN HEX:0x0x7fc3bca394d0)
i!  mode: type=cublasMath_t; val=CUBLAS_DEFAULT_MATH(0)
i! Time: 2019-09-29T03:36:31 elapsed from start 0.100000 minutes or 6.000000 seconds
i!Process=20989; Thread=140483850385152; GPU=0; Handle=POINTER (IN HEX:0x0x7fc3bca394d0); StreamId=POINTER (IN HEX:0x0x7fc4740024d0); MathMode=CUBLAS_DEFAULT_MATH
i! COMPILED WITH: GNU GCC/G++ / 4.1.2 20080704 (Red Hat 4.1.2-48)
I! cuBLAS (v10.1) function cublasStatus_t cublasSetStream_v2(cublasContext*, CUstream_st*) called:
i!  handle: type=cublasHandle_t; val=POINTER (IN HEX:0x0x7fc3bca394d0)
i!  streamId: type=SOME TYPE; val=POINTER (IN HEX:0x0x7fc4740024d0)
i! Time: 2019-09-29T03:36:31 elapsed from start 0.100000 minutes or 6.000000 seconds
i!Process=20989; Thread=140483850385152; GPU=0; Handle=POINTER (IN HEX:0x0x7fc3bca394d0); StreamId=POINTER (IN HEX:0x0x7fc4740024d0); MathMode=CUBLAS_DEFAULT_MATH
i! COMPILED WITH: GNU GCC/G++ / 4.1.2 20080704 (Red Hat 4.1.2-48)
I! cuBLAS (v10.1) function cublasStatus_t cublasSetStream_v2(cublasContext*, CUstream_st*) called:
i!  handle: type=cublasHandle_t; val=POINTER (IN HEX:0x0x7fc3bca394d0)
i!  streamId: type=SOME TYPE; val=POINTER (IN HEX:0x0x7fc4740024d0)
i! Time: 2019-09-29T03:36:31 elapsed from start 0.100000 minutes or 6.000000 seconds
i!Process=20989; Thread=140483850385152; GPU=0; Handle=POINTER (IN HEX:0x0x7fc3bca394d0); StreamId=POINTER (IN HEX:0x0x7fc4740024d0); MathMode=CUBLAS_DEFAULT_MATH
i! COMPILED WITH: GNU GCC/G++ / 4.1.2 20080704 (Red Hat 4.1.2-48)
I! cuBLAS (v10.1) function cublasStatus_t cublasCgemmBatched(cublasContext*, cublasOperation_t, cublasOperation_t, int, int, int, const cuComplex*, const cuComplex* const*, int, const cuComplex* const*, int, const cuComplex*, cuComplex* const*, int, int) called:
i!  handle: type=cublasHandle_t; val=POINTER (IN HEX:0x0x7fc3bca394d0)
i!  transa: type=cublasOperation_t; val=CUBLAS_OP_T(1)
i!  transb: type=cublasOperation_t; val=CUBLAS_OP_N(0)
i!  m: type=int; val=16
i!  n: type=int; val=6
i!  k: type=int; val=32
i!  alpha: type=SOME TYPE; val=POINTER (IN HEX:0x0x7fc4f1ff3cc0)
i!  Aarray: type=SOME TYPE; val=POINTER (IN HEX:0x0x7fc3ebf8c480)
i!  lda: type=int; val=32
i!  Barray: type=SOME TYPE; val=POINTER (IN HEX:0x0x7fc3ebf8c000)
i!  ldb: type=int; val=32
i!  beta: type=SOME TYPE; val=POINTER (IN HEX:0x0x7fc4f1ff3c90)
i!  Carray: type=SOME TYPE; val=POINTER (IN HEX:0x0x7fc3ebf8c900)
i!  ldc: type=int; val=16
i!  batchSize: type=int; val=144
i! Time: 2019-09-29T03:36:31 elapsed from start 0.100000 minutes or 6.000000 seconds
i!Process=20989; Thread=140483850385152; GPU=0; Handle=POINTER (IN HEX:0x0x7fc3bca394d0); StreamId=POINTER (IN HEX:0x0x7fc4740024d0); MathMode=CUBLAS_DEFAULT_MATH
i! COMPILED WITH: GNU GCC/G++ / 4.1.2 20080704 (Red Hat 4.1.2-48)
I! cuBLAS (v10.1) function cublasStatus_t cublasSetStream_v2(cublasContext*, CUstream_st*) called:
i!  handle: type=cublasHandle_t; val=POINTER (IN HEX:0x0x7fc3bca394d0)
i!  streamId: type=SOME TYPE; val=POINTER (IN HEX:0x0x7fc4740024d0)
i! Time: 2019-09-29T03:36:31 elapsed from start 0.100000 minutes or 6.000000 seconds
i!Process=20989; Thread=140483850385152; GPU=0; Handle=POINTER (IN HEX:0x0x7fc3bca394d0); StreamId=POINTER (IN HEX:0x0x7fc4740024d0); MathMode=CUBLAS_DEFAULT_MATH
i! COMPILED WITH: GNU GCC/G++ / 4.1.2 20080704 (Red Hat 4.1.2-48)
I! cuBLAS (v10.1) function cublasStatus_t cublasSetStream_v2(cublasContext*, CUstream_st*) called:
i!  handle: type=cublasHandle_t; val=POINTER (IN HEX:0x0x7fc3bca394d0)
i!  streamId: type=SOME TYPE; val=POINTER (IN HEX:0x0x7fc4740024d0)
i! Time: 2019-09-29T03:36:31 elapsed from start 0.100000 minutes or 6.000000 seconds
i!Process=20989; Thread=140483850385152; GPU=0; Handle=POINTER (IN HEX:0x0x7fc3bca394d0); StreamId=POINTER (IN HEX:0x0x7fc4740024d0); MathMode=CUBLAS_DEFAULT_MATH
i! COMPILED WITH: GNU GCC/G++ / 4.1.2 20080704 (Red Hat 4.1.2-48)
I! cuBLAS (v10.1) function cublasStatus_t cublasSgemmStridedBatched(cublasContext*, cublasOperation_t, cublasOperation_t, int, int, int, const float*, const float*, int, long long int, const float*, int, long long int, const float*, float*, int, long long int, int) called:
i!  handle: type=cublasHandle_t; val=POINTER (IN HEX:0x0x7fc3bca394d0)
i!  transa: type=cublasOperation_t; val=CUBLAS_OP_N(0)
i!  transb: type=cublasOperation_t; val=CUBLAS_OP_N(0)
i!  m: type=int; val=16
i!  n: type=int; val=6
i!  k: type=int; val=128
i!  alpha: type=float; val=POINTER (IN HEX:0x0x7fc4f1ff3b1c)
i!  A: type=float; val=POINTER (IN HEX:0x0x7fc3ebe7ec00)
i!  lda: type=int; val=16
i!  strideA: type=SOME TYPE; val=2048
i!  B: type=float; val=POINTER (IN HEX:0x0x7fc3ebe00000)
i!  ldb: type=int; val=128
i!  strideB: type=SOME TYPE; val=768
i!  beta: type=float; val=POINTER (IN HEX:0x0x7fc4f1ff3b18)
i!  C: type=float; val=POINTER (IN HEX:0x0x7fc3ebfd0c00)
i!  ldc: type=int; val=16
i!  strideC: type=SOME TYPE; val=96
i!  batchSize: type=int; val=169
i! Time: 2019-09-29T03:36:31 elapsed from start 0.100000 minutes or 6.000000 seconds
i!Process=20989; Thread=140483850385152; GPU=0; Handle=POINTER (IN HEX:0x0x7fc3bca394d0); StreamId=POINTER (IN HEX:0x0x7fc4740024d0); MathMode=CUBLAS_DEFAULT_MATH
i! COMPILED WITH: GNU GCC/G++ / 4.1.2 20080704 (Red Hat 4.1.2-48)
I! cuBLAS (v10.1) function cublasStatus_t cublasSetStream_v2(cublasContext*, CUstream_st*) called:
i!  handle: type=cublasHandle_t; val=POINTER (IN HEX:0x0x7fc3bca394d0)
i!  streamId: type=SOME TYPE; val=POINTER (IN HEX:0x0x7fc4740024d0)
i! Time: 2019-09-29T03:36:31 elapsed from start 0.100000 minutes or 6.000000 seconds
i!Process=20989; Thread=140483850385152; GPU=0; Handle=POINTER (IN HEX:0x0x7fc3bca394d0); StreamId=POINTER (IN HEX:0x0x7fc4740024d0); MathMode=CUBLAS_DEFAULT_MATH
i! COMPILED WITH: GNU GCC/G++ / 4.1.2 20080704 (Red Hat 4.1.2-48)
I! cuBLAS (v10.1) function cublasStatus_t cublasSetStream_v2(cublasContext*, CUstream_st*) called:
i!  handle: type=cublasHandle_t; val=POINTER (IN HEX:0x0x7fc3bca394d0)
i!  streamId: type=SOME TYPE; val=POINTER (IN HEX:0x0x7fc4740024d0)
i! Time: 2019-09-29T03:36:31 elapsed from start 0.100000 minutes or 6.000000 seconds
i!Process=20989; Thread=140483850385152; GPU=0; Handle=POINTER (IN HEX:0x0x7fc3bca394d0); StreamId=POINTER (IN HEX:0x0x7fc4740024d0); MathMode=CUBLAS_DEFAULT_MATH
i! COMPILED WITH: GNU GCC/G++ / 4.1.2 20080704 (Red Hat 4.1.2-48)
I! cuBLAS (v10.1) function cublasStatus_t cublasCgemmBatched(cublasContext*, cublasOperation_t, cublasOperation_t, int, int, int, const cuComplex*, const cuComplex* const*, int, const cuComplex* const*, int, const cuComplex*, cuComplex* const*, int, int) called:
i!  handle: type=cublasHandle_t; val=POINTER (IN HEX:0x0x7fc3bca394d0)
i!  transa: type=cublasOperation_t; val=CUBLAS_OP_T(1)
i!  transb: type=cublasOperation_t; val=CUBLAS_OP_N(0)
i!  m: type=int; val=6
i!  n: type=int; val=32
i!  k: type=int; val=16
i!  alpha: type=SOME TYPE; val=POINTER (IN HEX:0x0x7fc4f1ff3520)
i!  Aarray: type=SOME TYPE; val=POINTER (IN HEX:0x0x7fc3ec30d100)
i!  lda: type=int; val=16
i!  Barray: type=SOME TYPE; val=POINTER (IN HEX:0x0x7fc3ec30c000)
i!  ldb: type=int; val=16
i!  beta: type=SOME TYPE; val=POINTER (IN HEX:0x0x7fc4f1ff34f0)
i!  Carray: type=SOME TYPE; val=POINTER (IN HEX:0x0x7fc3ec30e200)
i!  ldc: type=int; val=6
i!  batchSize: type=int; val=544
i! Time: 2019-09-29T03:36:31 elapsed from start 0.100000 minutes or 6.000000 seconds
i!Process=20989; Thread=140483850385152; GPU=0; Handle=POINTER (IN HEX:0x0x7fc3bca394d0); StreamId=POINTER (IN HEX:0x0x7fc4740024d0); MathMode=CUBLAS_DEFAULT_MATH
i! COMPILED WITH: GNU GCC/G++ / 4.1.2 20080704 (Red Hat 4.1.2-48)
I! cuBLAS (v10.1) function cublasStatus_t cublasSetStream_v2(cublasContext*, CUstream_st*) called:
i!  handle: type=cublasHandle_t; val=POINTER (IN HEX:0x0x7fc3bca394d0)
i!  streamId: type=SOME TYPE; val=POINTER (IN HEX:0x0x7fc4740024d0)
i! Time: 2019-09-29T03:36:31 elapsed from start 0.100000 minutes or 6.000000 seconds
i!Process=20989; Thread=140483850385152; GPU=0; Handle=POINTER (IN HEX:0x0x7fc3bca394d0); StreamId=POINTER (IN HEX:0x0x7fc4740024d0); MathMode=CUBLAS_DEFAULT_MATH
i! COMPILED WITH: GNU GCC/G++ / 4.1.2 20080704 (Red Hat 4.1.2-48)
I! cuBLAS (v10.1) function cublasStatus_t cublasSetStream_v2(cublasContext*, CUstream_st*) called:
i!  handle: type=cublasHandle_t; val=POINTER (IN HEX:0x0x7fc3bca394d0)
i!  streamId: type=SOME TYPE; val=POINTER (IN HEX:0x0x7fc4476d4c30)
i! Time: 2019-09-29T03:36:31 elapsed from start 0.100000 minutes or 6.000000 seconds
i!Process=20989; Thread=140483850385152; GPU=0; Handle=POINTER (IN HEX:0x0x7fc3bca394d0); StreamId=POINTER (IN HEX:0x0x7fc4740024d0); MathMode=CUBLAS_DEFAULT_MATH
i! COMPILED WITH: GNU GCC/G++ / 4.1.2 20080704 (Red Hat 4.1.2-48)
I! cuBLAS (v10.1) function cublasStatus_t cublasCgemm3mStridedBatched(cublasContext*, cublasOperation_t, cublasOperation_t, int, int, int, const cuComplex*, const cuComplex*, int, long long int, const cuComplex*, int, long long int, const cuComplex*, cuComplex*, int, long long int, int) called:
i!  handle: type=cublasHandle_t; val=POINTER (IN HEX:0x0x7fc3bca394d0)
i!  transa: type=cublasOperation_t; val=CUBLAS_OP_N(0)
i!  transb: type=cublasOperation_t; val=CUBLAS_OP_T(1)
i!  m: type=int; val=6
i!  n: type=int; val=32
i!  k: type=int; val=16
i!  alpha: type=SOME TYPE; val=POINTER (IN HEX:0x0x7fc4f1ff3360)
i!  A: type=SOME TYPE; val=POINTER (IN HEX:0x0x7fc3ebe00000)
i!  lda: type=int; val=6
i!  strideA: type=SOME TYPE; val=96
i!  B: type=SOME TYPE; val=POINTER (IN HEX:0x0x7fc3ebe66000)
i!  ldb: type=int; val=32
i!  strideB: type=SOME TYPE; val=512
i!  C: type=SOME TYPE; val=POINTER (IN HEX:0x0x7fc3ec086000)
i!  ldc: type=int; val=6
i!  strideC: type=SOME TYPE; val=192
i!  batchSize: type=int; val=544
i! Time: 2019-09-29T03:36:31 elapsed from start 0.100000 minutes or 6.000000 seconds
i!Process=20989; Thread=140483850385152; GPU=0; Handle=POINTER (IN HEX:0x0x7fc3bca394d0); StreamId=POINTER (IN HEX:0x0x7fc4476d4c30); MathMode=CUBLAS_DEFAULT_MATH
i! COMPILED WITH: GNU GCC/G++ / 4.1.2 20080704 (Red Hat 4.1.2-48)
I! cuBLAS (v10.1) function cublasStatus_t cublasGetMathMode(cublasContext*, cublasMath_t*) called:
i!  handle: type=cublasHandle_t; val=POINTER (IN HEX:0x0x7fc3bca394d0)
i!  mode: type=cublasMath_t; val=POINTER (IN HEX:0x0x7fc4f1ff31b4)
i! Time: 2019-09-29T03:36:31 elapsed from start 0.100000 minutes or 6.000000 seconds
i!Process=20989; Thread=140483850385152; GPU=0; Handle=POINTER (IN HEX:0x0x7fc3bca394d0); StreamId=POINTER (IN HEX:0x0x7fc4476d4c30); MathMode=CUBLAS_DEFAULT_MATH
i! COMPILED WITH: GNU GCC/G++ / 4.1.2 20080704 (Red Hat 4.1.2-48)
I! cuBLAS (v10.1) function cublasStatus_t cublasSetMathMode(cublasContext*, cublasMath_t) called:
i!  handle: type=cublasHandle_t; val=POINTER (IN HEX:0x0x7fc3bca394d0)
i!  mode: type=cublasMath_t; val=CUBLAS_DEFAULT_MATH(0)
i! Time: 2019-09-29T03:36:31 elapsed from start 0.100000 minutes or 6.000000 seconds
i!Process=20989; Thread=140483850385152; GPU=0; Handle=POINTER (IN HEX:0x0x7fc3bca394d0); StreamId=POINTER (IN HEX:0x0x7fc4476d4c30); MathMode=CUBLAS_DEFAULT_MATH
i! COMPILED WITH: GNU GCC/G++ / 4.1.2 20080704 (Red Hat 4.1.2-48)
I! cuBLAS (v10.1) function cublasStatus_t cublasSetStream_v2(cublasContext*, CUstream_st*) called:
i!  handle: type=cublasHandle_t; val=POINTER (IN HEX:0x0x7fc3bca394d0)
i!  streamId: type=SOME TYPE; val=POINTER (IN HEX:0x0x7fc4740024d0)
i! Time: 2019-09-29T03:36:31 elapsed from start 0.100000 minutes or 6.000000 seconds
i!Process=20989; Thread=140483850385152; GPU=0; Handle=POINTER (IN HEX:0x0x7fc3bca394d0); StreamId=POINTER (IN HEX:0x0x7fc4476d4c30); MathMode=CUBLAS_DEFAULT_MATH
i! COMPILED WITH: GNU GCC/G++ / 4.1.2 20080704 (Red Hat 4.1.2-48)
I! cuBLAS (v10.1) function cublasStatus_t cublasSgemmStridedBatched(cublasContext*, cublasOperation_t, cublasOperation_t, int, int, int, const float*, const float*, int, long long int, const float*, int, long long int, const float*, float*, int, long long int, int) called:
i!  handle: type=cublasHandle_t; val=POINTER (IN HEX:0x0x7fc3bca394d0)
i!  transa: type=cublasOperation_t; val=CUBLAS_OP_N(0)
i!  transb: type=cublasOperation_t; val=CUBLAS_OP_T(1)
i!  m: type=int; val=128
i!  n: type=int; val=6
i!  k: type=int; val=16
i!  alpha: type=float; val=POINTER (IN HEX:0x0x7fc4f1ff31bc)
i!  A: type=float; val=POINTER (IN HEX:0x0x7fc3ebe00000)
i!  lda: type=int; val=128
i!  strideA: type=SOME TYPE; val=2048
i!  B: type=float; val=POINTER (IN HEX:0x0x7fc3ebf52000)
i!  ldb: type=int; val=6
i!  strideB: type=SOME TYPE; val=96
i!  beta: type=float; val=POINTER (IN HEX:0x0x7fc4f1ff31b8)
i!  C: type=float; val=POINTER (IN HEX:0x0x7fc3ebf61d80)
i!  ldc: type=int; val=128
i!  strideC: type=SOME TYPE; val=768
i!  batchSize: type=int; val=169
i! Time: 2019-09-29T03:36:31 elapsed from start 0.100000 minutes or 6.000000 seconds
i!Process=20989; Thread=140483850385152; GPU=0; Handle=POINTER (IN HEX:0x0x7fc3bca394d0); StreamId=POINTER (IN HEX:0x0x7fc4740024d0); MathMode=CUBLAS_DEFAULT_MATH
i! COMPILED WITH: GNU GCC/G++ / 4.1.2 20080704 (Red Hat 4.1.2-48)
I! cuBLAS (v10.1) function cublasStatus_t cublasSetMathMode(cublasContext*, cublasMath_t) called:
i!  handle: type=cublasHandle_t; val=POINTER (IN HEX:0x0x7fc3bca394d0)
i!  mode: type=cublasMath_t; val=CUBLAS_DEFAULT_MATH(0)
i! Time: 2019-09-29T03:36:31 elapsed from start 0.100000 minutes or 6.000000 seconds
i!Process=20989; Thread=140483850385152; GPU=0; Handle=POINTER (IN HEX:0x0x7fc3bca394d0); StreamId=POINTER (IN HEX:0x0x7fc4740024d0); MathMode=CUBLAS_DEFAULT_MATH
i! COMPILED WITH: GNU GCC/G++ / 4.1.2 20080704 (Red Hat 4.1.2-48)
I! cuBLAS (v10.1) function cublasStatus_t cublasGetMathMode(cublasContext*, cublasMath_t*) called:
i!  handle: type=cublasHandle_t; val=POINTER (IN HEX:0x0x7fc46418d8e0)
i!  mode: type=cublasMath_t; val=POINTER (IN HEX:0x0x7fc4f1ffa27c)
i! Time: 2019-09-29T03:36:31 elapsed from start 0.100000 minutes or 6.000000 seconds
i!Process=20989; Thread=140483850385152; GPU=0; Handle=POINTER (IN HEX:0x0x7fc46418d8e0); StreamId=POINTER (IN HEX:0x0x7fc4740024d0); MathMode=CUBLAS_DEFAULT_MATH
i! COMPILED WITH: GNU GCC/G++ / 4.1.2 20080704 (Red Hat 4.1.2-48)
I! cuBLAS (v10.1) function cublasStatus_t cublasSetMathMode(cublasContext*, cublasMath_t) called:
i!  handle: type=cublasHandle_t; val=POINTER (IN HEX:0x0x7fc46418d8e0)
i!  mode: type=cublasMath_t; val=CUBLAS_DEFAULT_MATH(0)
i! Time: 2019-09-29T03:36:31 elapsed from start 0.100000 minutes or 6.000000 seconds
i!Process=20989; Thread=140483850385152; GPU=0; Handle=POINTER (IN HEX:0x0x7fc46418d8e0); StreamId=POINTER (IN HEX:0x0x7fc4740024d0); MathMode=CUBLAS_DEFAULT_MATH
i! COMPILED WITH: GNU GCC/G++ / 4.1.2 20080704 (Red Hat 4.1.2-48)
I! cuBLAS (v10.1) function cublasStatus_t cublasSgemmStridedBatched(cublasContext*, cublasOperation_t, cublasOperation_t, int, int, int, const float*, const float*, int, long long int, const float*, int, long long int, const float*, float*, int, long long int, int) called:
i!  handle: type=cublasHandle_t; val=POINTER (IN HEX:0x0x7fc46418d8e0)
i!  transa: type=cublasOperation_t; val=CUBLAS_OP_T(1)
i!  transb: type=cublasOperation_t; val=CUBLAS_OP_N(0)
i!  m: type=int; val=120
i!  n: type=int; val=32
i!  k: type=int; val=400
i!  alpha: type=float; val=POINTER (IN HEX:0x0x7fc4f1ffa49c)
i!  A: type=float; val=POINTER (IN HEX:0x0x7fc47e3ad400)
i!  lda: type=int; val=400
i!  strideA: type=SOME TYPE; val=48000
i!  B: type=float; val=POINTER (IN HEX:0x0x7fc3ebcda600)
i!  ldb: type=int; val=400
i!  strideB: type=SOME TYPE; val=12800
i!  beta: type=float; val=POINTER (IN HEX:0x0x7fc4f1ffa498)
i!  C: type=float; val=POINTER (IN HEX:0x0x7fc47e3f8e00)
i!  ldc: type=int; val=120
i!  strideC: type=SOME TYPE; val=3840
i!  batchSize: type=int; val=1
i! Time: 2019-09-29T03:36:31 elapsed from start 0.100000 minutes or 6.000000 seconds
i!Process=20989; Thread=140483850385152; GPU=0; Handle=POINTER (IN HEX:0x0x7fc46418d8e0); StreamId=POINTER (IN HEX:0x0x7fc4740024d0); MathMode=CUBLAS_DEFAULT_MATH
i! COMPILED WITH: GNU GCC/G++ / 4.1.2 20080704 (Red Hat 4.1.2-48)
I! cuBLAS (v10.1) function cublasStatus_t cublasSgemm_v2(cublasContext*, cublasOperation_t, cublasOperation_t, int, int, int, const float*, const float*, int, const float*, int, const float*, float*, int) called:
i!  handle: type=cublasHandle_t; val=POINTER (IN HEX:0x0x7fc46418d8e0)
i!  transa: type=cublasOperation_t; val=CUBLAS_OP_T(1)
i!  transb: type=cublasOperation_t; val=CUBLAS_OP_N(0)
i!  m: type=int; val=120
i!  n: type=int; val=32
i!  k: type=int; val=400
i!  alpha: type=float; val=POINTER (IN HEX:0x0x7fc4f1ffa49c)
i!  A: type=float; val=POINTER (IN HEX:0x0x7fc47e3ad400)
i!  lda: type=int; val=400
i!  B: type=float; val=POINTER (IN HEX:0x0x7fc3ebcda600)
i!  ldb: type=int; val=400
i!  beta: type=float; val=POINTER (IN HEX:0x0x7fc4f1ffa498)
i!  C: type=float; val=POINTER (IN HEX:0x0x7fc47e3f8e00)
i!  ldc: type=int; val=120
i! Time: 2019-09-29T03:36:31 elapsed from start 0.100000 minutes or 6.000000 seconds
i!Process=20989; Thread=140483850385152; GPU=0; Handle=POINTER (IN HEX:0x0x7fc46418d8e0); StreamId=POINTER (IN HEX:0x0x7fc4740024d0); MathMode=CUBLAS_DEFAULT_MATH
i! COMPILED WITH: GNU GCC/G++ / 4.1.2 20080704 (Red Hat 4.1.2-48)
I! cuBLAS (v10.1) function cublasStatus_t cublasGetMathMode(cublasContext*, cublasMath_t*) called:
i!  handle: type=cublasHandle_t; val=POINTER (IN HEX:0x0x7fc46418d8e0)
i!  mode: type=cublasMath_t; val=POINTER (IN HEX:0x0x7fc4f1ff9e5c)
i! Time: 2019-09-29T03:36:31 elapsed from start 0.100000 minutes or 6.000000 seconds
i!Process=20989; Thread=140483850385152; GPU=0; Handle=POINTER (IN HEX:0x0x7fc46418d8e0); StreamId=POINTER (IN HEX:0x0x7fc4740024d0); MathMode=CUBLAS_DEFAULT_MATH
i! COMPILED WITH: GNU GCC/G++ / 4.1.2 20080704 (Red Hat 4.1.2-48)
I! cuBLAS (v10.1) function cublasStatus_t cublasGetMathMode(cublasContext*, cublasMath_t*) called:
i!  handle: type=cublasHandle_t; val=POINTER (IN HEX:0x0x7fc46418d8e0)
i!  mode: type=cublasMath_t; val=POINTER (IN HEX:0x0x7fc4f1ffa27c)
i! Time: 2019-09-29T03:36:31 elapsed from start 0.100000 minutes or 6.000000 seconds
i!Process=20989; Thread=140483850385152; GPU=0; Handle=POINTER (IN HEX:0x0x7fc46418d8e0); StreamId=POINTER (IN HEX:0x0x7fc4740024d0); MathMode=CUBLAS_DEFAULT_MATH
i! COMPILED WITH: GNU GCC/G++ / 4.1.2 20080704 (Red Hat 4.1.2-48)
I! cuBLAS (v10.1) function cublasStatus_t cublasSetMathMode(cublasContext*, cublasMath_t) called:
i!  handle: type=cublasHandle_t; val=POINTER (IN HEX:0x0x7fc46418d8e0)
i!  mode: type=cublasMath_t; val=CUBLAS_DEFAULT_MATH(0)
i! Time: 2019-09-29T03:36:31 elapsed from start 0.100000 minutes or 6.000000 seconds
i!Process=20989; Thread=140483850385152; GPU=0; Handle=POINTER (IN HEX:0x0x7fc46418d8e0); StreamId=POINTER (IN HEX:0x0x7fc4740024d0); MathMode=CUBLAS_DEFAULT_MATH
i! COMPILED WITH: GNU GCC/G++ / 4.1.2 20080704 (Red Hat 4.1.2-48)
I! cuBLAS (v10.1) function cublasStatus_t cublasGetMathMode(cublasContext*, cublasMath_t*) called:
i!  handle: type=cublasHandle_t; val=POINTER (IN HEX:0x0x7fc46418d8e0)
i!  mode: type=cublasMath_t; val=POINTER (IN HEX:0x0x7fc4f1ffa27c)
i! Time: 2019-09-29T03:36:31 elapsed from start 0.100000 minutes or 6.000000 seconds
i!Process=20989; Thread=140483850385152; GPU=0; Handle=POINTER (IN HEX:0x0x7fc46418d8e0); StreamId=POINTER (IN HEX:0x0x7fc4740024d0); MathMode=CUBLAS_DEFAULT_MATH
i! COMPILED WITH: GNU GCC/G++ / 4.1.2 20080704 (Red Hat 4.1.2-48)
I! cuBLAS (v10.1) function cublasStatus_t cublasSetMathMode(cublasContext*, cublasMath_t) called:
i!  handle: type=cublasHandle_t; val=POINTER (IN HEX:0x0x7fc46418d8e0)
i!  mode: type=cublasMath_t; val=CUBLAS_DEFAULT_MATH(0)
i! Time: 2019-09-29T03:36:31 elapsed from start 0.100000 minutes or 6.000000 seconds
i!Process=20989; Thread=140483850385152; GPU=0; Handle=POINTER (IN HEX:0x0x7fc46418d8e0); StreamId=POINTER (IN HEX:0x0x7fc4740024d0); MathMode=CUBLAS_DEFAULT_MATH
i! COMPILED WITH: GNU GCC/G++ / 4.1.2 20080704 (Red Hat 4.1.2-48)
I! cuBLAS (v10.1) function cublasStatus_t cublasSgemmStridedBatched(cublasContext*, cublasOperation_t, cublasOperation_t, int, int, int, const float*, const float*, int, long long int, const float*, int, long long int, const float*, float*, int, long long int, int) called:
i!  handle: type=cublasHandle_t; val=POINTER (IN HEX:0x0x7fc46418d8e0)
i!  transa: type=cublasOperation_t; val=CUBLAS_OP_T(1)
i!  transb: type=cublasOperation_t; val=CUBLAS_OP_N(0)
i!  m: type=int; val=84
i!  n: type=int; val=32
i!  k: type=int; val=120
i!  alpha: type=float; val=POINTER (IN HEX:0x0x7fc4f1ffa49c)
i!  A: type=float; val=POINTER (IN HEX:0x0x7fc47e3de200)
i!  lda: type=int; val=120
i!  strideA: type=SOME TYPE; val=10080
i!  B: type=float; val=POINTER (IN HEX:0x0x7fc47e3f8e00)
i!  ldb: type=int; val=120
i!  strideB: type=SOME TYPE; val=3840
i!  beta: type=float; val=POINTER (IN HEX:0x0x7fc4f1ffa498)
i!  C: type=float; val=POINTER (IN HEX:0x0x7fc3ebd6d600)
i!  ldc: type=int; val=84
i!  strideC: type=SOME TYPE; val=2688
i!  batchSize: type=int; val=1
i! Time: 2019-09-29T03:36:31 elapsed from start 0.100000 minutes or 6.000000 seconds
i!Process=20989; Thread=140483850385152; GPU=0; Handle=POINTER (IN HEX:0x0x7fc46418d8e0); StreamId=POINTER (IN HEX:0x0x7fc4740024d0); MathMode=CUBLAS_DEFAULT_MATH
i! COMPILED WITH: GNU GCC/G++ / 4.1.2 20080704 (Red Hat 4.1.2-48)
I! cuBLAS (v10.1) function cublasStatus_t cublasSgemm_v2(cublasContext*, cublasOperation_t, cublasOperation_t, int, int, int, const float*, const float*, int, const float*, int, const float*, float*, int) called:
i!  handle: type=cublasHandle_t; val=POINTER (IN HEX:0x0x7fc46418d8e0)
i!  transa: type=cublasOperation_t; val=CUBLAS_OP_T(1)
i!  transb: type=cublasOperation_t; val=CUBLAS_OP_N(0)
i!  m: type=int; val=84
i!  n: type=int; val=32
i!  k: type=int; val=120
i!  alpha: type=float; val=POINTER (IN HEX:0x0x7fc4f1ffa49c)
i!  A: type=float; val=POINTER (IN HEX:0x0x7fc47e3de200)
i!  lda: type=int; val=120
i!  B: type=float; val=POINTER (IN HEX:0x0x7fc47e3f8e00)
i!  ldb: type=int; val=120
i!  beta: type=float; val=POINTER (IN HEX:0x0x7fc4f1ffa498)
i!  C: type=float; val=POINTER (IN HEX:0x0x7fc3ebd6d600)
i!  ldc: type=int; val=84
i! Time: 2019-09-29T03:36:31 elapsed from start 0.100000 minutes or 6.000000 seconds
i!Process=20989; Thread=140483850385152; GPU=0; Handle=POINTER (IN HEX:0x0x7fc46418d8e0); StreamId=POINTER (IN HEX:0x0x7fc4740024d0); MathMode=CUBLAS_DEFAULT_MATH
i! COMPILED WITH: GNU GCC/G++ / 4.1.2 20080704 (Red Hat 4.1.2-48)
I! cuBLAS (v10.1) function cublasStatus_t cublasGetMathMode(cublasContext*, cublasMath_t*) called:
i!  handle: type=cublasHandle_t; val=POINTER (IN HEX:0x0x7fc46418d8e0)
i!  mode: type=cublasMath_t; val=POINTER (IN HEX:0x0x7fc4f1ff9e5c)
i! Time: 2019-09-29T03:36:31 elapsed from start 0.100000 minutes or 6.000000 seconds
i!Process=20989; Thread=140483850385152; GPU=0; Handle=POINTER (IN HEX:0x0x7fc46418d8e0); StreamId=POINTER (IN HEX:0x0x7fc4740024d0); MathMode=CUBLAS_DEFAULT_MATH
i! COMPILED WITH: GNU GCC/G++ / 4.1.2 20080704 (Red Hat 4.1.2-48)
I! cuBLAS (v10.1) function cublasStatus_t cublasGetMathMode(cublasContext*, cublasMath_t*) called:
i!  handle: type=cublasHandle_t; val=POINTER (IN HEX:0x0x7fc46418d8e0)
i!  mode: type=cublasMath_t; val=POINTER (IN HEX:0x0x7fc4f1ffa27c)
i! Time: 2019-09-29T03:36:31 elapsed from start 0.100000 minutes or 6.000000 seconds
i!Process=20989; Thread=140483850385152; GPU=0; Handle=POINTER (IN HEX:0x0x7fc46418d8e0); StreamId=POINTER (IN HEX:0x0x7fc4740024d0); MathMode=CUBLAS_DEFAULT_MATH
i! COMPILED WITH: GNU GCC/G++ / 4.1.2 20080704 (Red Hat 4.1.2-48)
I! cuBLAS (v10.1) function cublasStatus_t cublasSetMathMode(cublasContext*, cublasMath_t) called:
i!  handle: type=cublasHandle_t; val=POINTER (IN HEX:0x0x7fc46418d8e0)
i!  mode: type=cublasMath_t; val=CUBLAS_DEFAULT_MATH(0)
i! Time: 2019-09-29T03:36:31 elapsed from start 0.100000 minutes or 6.000000 seconds
i!Process=20989; Thread=140483850385152; GPU=0; Handle=POINTER (IN HEX:0x0x7fc46418d8e0); StreamId=POINTER (IN HEX:0x0x7fc4740024d0); MathMode=CUBLAS_DEFAULT_MATH
i! COMPILED WITH: GNU GCC/G++ / 4.1.2 20080704 (Red Hat 4.1.2-48)
I! cuBLAS (v10.1) function cublasStatus_t cublasGetMathMode(cublasContext*, cublasMath_t*) called:
i!  handle: type=cublasHandle_t; val=POINTER (IN HEX:0x0x7fc46418d8e0)
i!  mode: type=cublasMath_t; val=POINTER (IN HEX:0x0x7fc4f1ffa27c)
i! Time: 2019-09-29T03:36:31 elapsed from start 0.100000 minutes or 6.000000 seconds
i!Process=20989; Thread=140483850385152; GPU=0; Handle=POINTER (IN HEX:0x0x7fc46418d8e0); StreamId=POINTER (IN HEX:0x0x7fc4740024d0); MathMode=CUBLAS_DEFAULT_MATH
i! COMPILED WITH: GNU GCC/G++ / 4.1.2 20080704 (Red Hat 4.1.2-48)
I! cuBLAS (v10.1) function cublasStatus_t cublasSetMathMode(cublasContext*, cublasMath_t) called:
i!  handle: type=cublasHandle_t; val=POINTER (IN HEX:0x0x7fc46418d8e0)
i!  mode: type=cublasMath_t; val=CUBLAS_DEFAULT_MATH(0)
i! Time: 2019-09-29T03:36:31 elapsed from start 0.100000 minutes or 6.000000 seconds
i!Process=20989; Thread=140483850385152; GPU=0; Handle=POINTER (IN HEX:0x0x7fc46418d8e0); StreamId=POINTER (IN HEX:0x0x7fc4740024d0); MathMode=CUBLAS_DEFAULT_MATH
i! COMPILED WITH: GNU GCC/G++ / 4.1.2 20080704 (Red Hat 4.1.2-48)
I! cuBLAS (v10.1) function cublasStatus_t cublasSgemmStridedBatched(cublasContext*, cublasOperation_t, cublasOperation_t, int, int, int, const float*, const float*, int, long long int, const float*, int, long long int, const float*, float*, int, long long int, int) called:
i!  handle: type=cublasHandle_t; val=POINTER (IN HEX:0x0x7fc46418d8e0)
i!  transa: type=cublasOperation_t; val=CUBLAS_OP_T(1)
i!  transb: type=cublasOperation_t; val=CUBLAS_OP_N(0)
i!  m: type=int; val=10
i!  n: type=int; val=32
i!  k: type=int; val=84
i!  alpha: type=float; val=POINTER (IN HEX:0x0x7fc4f1ffa49c)
i!  A: type=float; val=POINTER (IN HEX:0x0x7fc47e3f3e00)
i!  lda: type=int; val=84
i!  strideA: type=SOME TYPE; val=840
i!  B: type=float; val=POINTER (IN HEX:0x0x7fc3ebd6d600)
i!  ldb: type=int; val=84
i!  strideB: type=SOME TYPE; val=2688
i!  beta: type=float; val=POINTER (IN HEX:0x0x7fc4f1ffa498)
i!  C: type=float; val=POINTER (IN HEX:0x0x7fc47e3f8e00)
i!  ldc: type=int; val=10
i!  strideC: type=SOME TYPE; val=320
i!  batchSize: type=int; val=1
i! Time: 2019-09-29T03:36:31 elapsed from start 0.100000 minutes or 6.000000 seconds
i!Process=20989; Thread=140483850385152; GPU=0; Handle=POINTER (IN HEX:0x0x7fc46418d8e0); StreamId=POINTER (IN HEX:0x0x7fc4740024d0); MathMode=CUBLAS_DEFAULT_MATH
i! COMPILED WITH: GNU GCC/G++ / 4.1.2 20080704 (Red Hat 4.1.2-48)
I! cuBLAS (v10.1) function cublasStatus_t cublasSgemm_v2(cublasContext*, cublasOperation_t, cublasOperation_t, int, int, int, const float*, const float*, int, const float*, int, const float*, float*, int) called:
i!  handle: type=cublasHandle_t; val=POINTER (IN HEX:0x0x7fc46418d8e0)
i!  transa: type=cublasOperation_t; val=CUBLAS_OP_T(1)
i!  transb: type=cublasOperation_t; val=CUBLAS_OP_N(0)
i!  m: type=int; val=10
i!  n: type=int; val=32
i!  k: type=int; val=84
i!  alpha: type=float; val=POINTER (IN HEX:0x0x7fc4f1ffa49c)
i!  A: type=float; val=POINTER (IN HEX:0x0x7fc47e3f3e00)
i!  lda: type=int; val=84
i!  B: type=float; val=POINTER (IN HEX:0x0x7fc3ebd6d600)
i!  ldb: type=int; val=84
i!  beta: type=float; val=POINTER (IN HEX:0x0x7fc4f1ffa498)
i!  C: type=float; val=POINTER (IN HEX:0x0x7fc47e3f8e00)
i!  ldc: type=int; val=10
i! Time: 2019-09-29T03:36:31 elapsed from start 0.100000 minutes or 6.000000 seconds
i!Process=20989; Thread=140483850385152; GPU=0; Handle=POINTER (IN HEX:0x0x7fc46418d8e0); StreamId=POINTER (IN HEX:0x0x7fc4740024d0); MathMode=CUBLAS_DEFAULT_MATH
i! COMPILED WITH: GNU GCC/G++ / 4.1.2 20080704 (Red Hat 4.1.2-48)
I! cuBLAS (v10.1) function cublasStatus_t cublasGetMathMode(cublasContext*, cublasMath_t*) called:
i!  handle: type=cublasHandle_t; val=POINTER (IN HEX:0x0x7fc46418d8e0)
i!  mode: type=cublasMath_t; val=POINTER (IN HEX:0x0x7fc4f1ff9e5c)
i! Time: 2019-09-29T03:36:31 elapsed from start 0.100000 minutes or 6.000000 seconds
i!Process=20989; Thread=140483850385152; GPU=0; Handle=POINTER (IN HEX:0x0x7fc46418d8e0); StreamId=POINTER (IN HEX:0x0x7fc4740024d0); MathMode=CUBLAS_DEFAULT_MATH
i! COMPILED WITH: GNU GCC/G++ / 4.1.2 20080704 (Red Hat 4.1.2-48)
I! cuBLAS (v10.1) function cublasStatus_t cublasGetMathMode(cublasContext*, cublasMath_t*) called:
i!  handle: type=cublasHandle_t; val=POINTER (IN HEX:0x0x7fc46418d8e0)
i!  mode: type=cublasMath_t; val=POINTER (IN HEX:0x0x7fc4f1ffa27c)
i! Time: 2019-09-29T03:36:31 elapsed from start 0.100000 minutes or 6.000000 seconds
i!Process=20989; Thread=140483850385152; GPU=0; Handle=POINTER (IN HEX:0x0x7fc46418d8e0); StreamId=POINTER (IN HEX:0x0x7fc4740024d0); MathMode=CUBLAS_DEFAULT_MATH
i! COMPILED WITH: GNU GCC/G++ / 4.1.2 20080704 (Red Hat 4.1.2-48)
I! cuBLAS (v10.1) function cublasStatus_t cublasSetMathMode(cublasContext*, cublasMath_t) called:
i!  handle: type=cublasHandle_t; val=POINTER (IN HEX:0x0x7fc46418d8e0)
i!  mode: type=cublasMath_t; val=CUBLAS_DEFAULT_MATH(0)
i! Time: 2019-09-29T03:36:31 elapsed from start 0.100000 minutes or 6.000000 seconds
i!Process=20989; Thread=140483850385152; GPU=0; Handle=POINTER (IN HEX:0x0x7fc46418d8e0); StreamId=POINTER (IN HEX:0x0x7fc4740024d0); MathMode=CUBLAS_DEFAULT_MATH
i! COMPILED WITH: GNU GCC/G++ / 4.1.2 20080704 (Red Hat 4.1.2-48)
I! cuBLAS (v10.1) function cublasStatus_t cublasGetMathMode(cublasContext*, cublasMath_t*) called:
i!  handle: type=cublasHandle_t; val=POINTER (IN HEX:0x0x7fc46c00f7b0)
i!  mode: type=cublasMath_t; val=POINTER (IN HEX:0x0x7fc4f17f927c)
i! Time: 2019-09-29T03:36:31 elapsed from start 0.100000 minutes or 6.000000 seconds
i!Process=20989; Thread=140483841992448; GPU=0; Handle=POINTER (IN HEX:0x0x7fc46c00f7b0); StreamId=POINTER (IN HEX:0x0x7fc46c0024d0); MathMode=CUBLAS_DEFAULT_MATH
i! COMPILED WITH: GNU GCC/G++ / 4.1.2 20080704 (Red Hat 4.1.2-48)
I! cuBLAS (v10.1) function cublasStatus_t cublasSetMathMode(cublasContext*, cublasMath_t) called:
i!  handle: type=cublasHandle_t; val=POINTER (IN HEX:0x0x7fc46c00f7b0)
i!  mode: type=cublasMath_t; val=CUBLAS_DEFAULT_MATH(0)
i! Time: 2019-09-29T03:36:31 elapsed from start 0.100000 minutes or 6.000000 seconds
i!Process=20989; Thread=140483841992448; GPU=0; Handle=POINTER (IN HEX:0x0x7fc46c00f7b0); StreamId=POINTER (IN HEX:0x0x7fc46c0024d0); MathMode=CUBLAS_DEFAULT_MATH
i! COMPILED WITH: GNU GCC/G++ / 4.1.2 20080704 (Red Hat 4.1.2-48)
I! cuBLAS (v10.1) function cublasStatus_t cublasSgemmStridedBatched(cublasContext*, cublasOperation_t, cublasOperation_t, int, int, int, const float*, const float*, int, long long int, const float*, int, long long int, const float*, float*, int, long long int, int) called:
i!  handle: type=cublasHandle_t; val=POINTER (IN HEX:0x0x7fc46c00f7b0)
i!  transa: type=cublasOperation_t; val=CUBLAS_OP_T(1)
i!  transb: type=cublasOperation_t; val=CUBLAS_OP_N(0)
i!  m: type=int; val=120
i!  n: type=int; val=32
i!  k: type=int; val=400
i!  alpha: type=float; val=POINTER (IN HEX:0x0x7fc4f17f949c)
i!  A: type=float; val=POINTER (IN HEX:0x0x7fc47e3ad400)
i!  lda: type=int; val=400
i!  strideA: type=SOME TYPE; val=48000
i!  B: type=float; val=POINTER (IN HEX:0x0x7fc3ebcda600)
i!  ldb: type=int; val=400
i!  strideB: type=SOME TYPE; val=12800
i!  beta: type=float; val=POINTER (IN HEX:0x0x7fc4f17f9498)
i!  C: type=float; val=POINTER (IN HEX:0x0x7fc47e3f8e00)
i!  ldc: type=int; val=120
i!  strideC: type=SOME TYPE; val=3840
i!  batchSize: type=int; val=1
i! Time: 2019-09-29T03:36:31 elapsed from start 0.100000 minutes or 6.000000 seconds
i!Process=20989; Thread=140483841992448; GPU=0; Handle=POINTER (IN HEX:0x0x7fc46c00f7b0); StreamId=POINTER (IN HEX:0x0x7fc46c0024d0); MathMode=CUBLAS_DEFAULT_MATH
i! COMPILED WITH: GNU GCC/G++ / 4.1.2 20080704 (Red Hat 4.1.2-48)
I! cuBLAS (v10.1) function cublasStatus_t cublasSgemm_v2(cublasContext*, cublasOperation_t, cublasOperation_t, int, int, int, const float*, const float*, int, const float*, int, const float*, float*, int) called:
i!  handle: type=cublasHandle_t; val=POINTER (IN HEX:0x0x7fc46c00f7b0)
i!  transa: type=cublasOperation_t; val=CUBLAS_OP_T(1)
i!  transb: type=cublasOperation_t; val=CUBLAS_OP_N(0)
i!  m: type=int; val=120
i!  n: type=int; val=32
i!  k: type=int; val=400
i!  alpha: type=float; val=POINTER (IN HEX:0x0x7fc4f17f949c)
i!  A: type=float; val=POINTER (IN HEX:0x0x7fc47e3ad400)
i!  lda: type=int; val=400
i!  B: type=float; val=POINTER (IN HEX:0x0x7fc3ebcda600)
i!  ldb: type=int; val=400
i!  beta: type=float; val=POINTER (IN HEX:0x0x7fc4f17f9498)
i!  C: type=float; val=POINTER (IN HEX:0x0x7fc47e3f8e00)
i!  ldc: type=int; val=120
i! Time: 2019-09-29T03:36:31 elapsed from start 0.100000 minutes or 6.000000 seconds
i!Process=20989; Thread=140483841992448; GPU=0; Handle=POINTER (IN HEX:0x0x7fc46c00f7b0); StreamId=POINTER (IN HEX:0x0x7fc46c0024d0); MathMode=CUBLAS_DEFAULT_MATH
i! COMPILED WITH: GNU GCC/G++ / 4.1.2 20080704 (Red Hat 4.1.2-48)
I! cuBLAS (v10.1) function cublasStatus_t cublasGetMathMode(cublasContext*, cublasMath_t*) called:
i!  handle: type=cublasHandle_t; val=POINTER (IN HEX:0x0x7fc46c00f7b0)
i!  mode: type=cublasMath_t; val=POINTER (IN HEX:0x0x7fc4f17f8e5c)
i! Time: 2019-09-29T03:36:31 elapsed from start 0.100000 minutes or 6.000000 seconds
i!Process=20989; Thread=140483841992448; GPU=0; Handle=POINTER (IN HEX:0x0x7fc46c00f7b0); StreamId=POINTER (IN HEX:0x0x7fc46c0024d0); MathMode=CUBLAS_DEFAULT_MATH
i! COMPILED WITH: GNU GCC/G++ / 4.1.2 20080704 (Red Hat 4.1.2-48)
I! cuBLAS (v10.1) function cublasStatus_t cublasGetMathMode(cublasContext*, cublasMath_t*) called:
i!  handle: type=cublasHandle_t; val=POINTER (IN HEX:0x0x7fc46c00f7b0)
i!  mode: type=cublasMath_t; val=POINTER (IN HEX:0x0x7fc4f17f927c)
i! Time: 2019-09-29T03:36:31 elapsed from start 0.100000 minutes or 6.000000 seconds
i!Process=20989; Thread=140483841992448; GPU=0; Handle=POINTER (IN HEX:0x0x7fc46c00f7b0); StreamId=POINTER (IN HEX:0x0x7fc46c0024d0); MathMode=CUBLAS_DEFAULT_MATH
i! COMPILED WITH: GNU GCC/G++ / 4.1.2 20080704 (Red Hat 4.1.2-48)
I! cuBLAS (v10.1) function cublasStatus_t cublasSetMathMode(cublasContext*, cublasMath_t) called:
i!  handle: type=cublasHandle_t; val=POINTER (IN HEX:0x0x7fc46c00f7b0)
i!  mode: type=cublasMath_t; val=CUBLAS_DEFAULT_MATH(0)
i! Time: 2019-09-29T03:36:31 elapsed from start 0.100000 minutes or 6.000000 seconds
i!Process=20989; Thread=140483841992448; GPU=0; Handle=POINTER (IN HEX:0x0x7fc46c00f7b0); StreamId=POINTER (IN HEX:0x0x7fc46c0024d0); MathMode=CUBLAS_DEFAULT_MATH
i! COMPILED WITH: GNU GCC/G++ / 4.1.2 20080704 (Red Hat 4.1.2-48)
I! cuBLAS (v10.1) function cublasStatus_t cublasGetMathMode(cublasContext*, cublasMath_t*) called:
i!  handle: type=cublasHandle_t; val=POINTER (IN HEX:0x0x7fc46c00f7b0)
i!  mode: type=cublasMath_t; val=POINTER (IN HEX:0x0x7fc4f17f927c)
i! Time: 2019-09-29T03:36:31 elapsed from start 0.100000 minutes or 6.000000 seconds
i!Process=20989; Thread=140483841992448; GPU=0; Handle=POINTER (IN HEX:0x0x7fc46c00f7b0); StreamId=POINTER (IN HEX:0x0x7fc46c0024d0); MathMode=CUBLAS_DEFAULT_MATH
i! COMPILED WITH: GNU GCC/G++ / 4.1.2 20080704 (Red Hat 4.1.2-48)
I! cuBLAS (v10.1) function cublasStatus_t cublasSetMathMode(cublasContext*, cublasMath_t) called:
i!  handle: type=cublasHandle_t; val=POINTER (IN HEX:0x0x7fc46c00f7b0)
i!  mode: type=cublasMath_t; val=CUBLAS_DEFAULT_MATH(0)
i! Time: 2019-09-29T03:36:31 elapsed from start 0.100000 minutes or 6.000000 seconds
i!Process=20989; Thread=140483841992448; GPU=0; Handle=POINTER (IN HEX:0x0x7fc46c00f7b0); StreamId=POINTER (IN HEX:0x0x7fc46c0024d0); MathMode=CUBLAS_DEFAULT_MATH
i! COMPILED WITH: GNU GCC/G++ / 4.1.2 20080704 (Red Hat 4.1.2-48)
I! cuBLAS (v10.1) function cublasStatus_t cublasSgemmStridedBatched(cublasContext*, cublasOperation_t, cublasOperation_t, int, int, int, const float*, const float*, int, long long int, const float*, int, long long int, const float*, float*, int, long long int, int) called:
i!  handle: type=cublasHandle_t; val=POINTER (IN HEX:0x0x7fc46c00f7b0)
i!  transa: type=cublasOperation_t; val=CUBLAS_OP_T(1)
i!  transb: type=cublasOperation_t; val=CUBLAS_OP_N(0)
i!  m: type=int; val=84
i!  n: type=int; val=32
i!  k: type=int; val=120
i!  alpha: type=float; val=POINTER (IN HEX:0x0x7fc4f17f949c)
i!  A: type=float; val=POINTER (IN HEX:0x0x7fc47e3de200)
i!  lda: type=int; val=120
i!  strideA: type=SOME TYPE; val=10080
i!  B: type=float; val=POINTER (IN HEX:0x0x7fc47e3f8e00)
i!  ldb: type=int; val=120
i!  strideB: type=SOME TYPE; val=3840
i!  beta: type=float; val=POINTER (IN HEX:0x0x7fc4f17f9498)
i!  C: type=float; val=POINTER (IN HEX:0x0x7fc3ebd6d600)
i!  ldc: type=int; val=84
i!  strideC: type=SOME TYPE; val=2688
i!  batchSize: type=int; val=1
i! Time: 2019-09-29T03:36:31 elapsed from start 0.100000 minutes or 6.000000 seconds
i!Process=20989; Thread=140483841992448; GPU=0; Handle=POINTER (IN HEX:0x0x7fc46c00f7b0); StreamId=POINTER (IN HEX:0x0x7fc46c0024d0); MathMode=CUBLAS_DEFAULT_MATH
i! COMPILED WITH: GNU GCC/G++ / 4.1.2 20080704 (Red Hat 4.1.2-48)
I! cuBLAS (v10.1) function cublasStatus_t cublasSgemm_v2(cublasContext*, cublasOperation_t, cublasOperation_t, int, int, int, const float*, const float*, int, const float*, int, const float*, float*, int) called:
i!  handle: type=cublasHandle_t; val=POINTER (IN HEX:0x0x7fc46c00f7b0)
i!  transa: type=cublasOperation_t; val=CUBLAS_OP_T(1)
i!  transb: type=cublasOperation_t; val=CUBLAS_OP_N(0)
i!  m: type=int; val=84
i!  n: type=int; val=32
i!  k: type=int; val=120
i!  alpha: type=float; val=POINTER (IN HEX:0x0x7fc4f17f949c)
i!  A: type=float; val=POINTER (IN HEX:0x0x7fc47e3de200)
i!  lda: type=int; val=120
i!  B: type=float; val=POINTER (IN HEX:0x0x7fc47e3f8e00)
i!  ldb: type=int; val=120
i!  beta: type=float; val=POINTER (IN HEX:0x0x7fc4f17f9498)
i!  C: type=float; val=POINTER (IN HEX:0x0x7fc3ebd6d600)
i!  ldc: type=int; val=84
i! Time: 2019-09-29T03:36:31 elapsed from start 0.100000 minutes or 6.000000 seconds
i!Process=20989; Thread=140483841992448; GPU=0; Handle=POINTER (IN HEX:0x0x7fc46c00f7b0); StreamId=POINTER (IN HEX:0x0x7fc46c0024d0); MathMode=CUBLAS_DEFAULT_MATH
i! COMPILED WITH: GNU GCC/G++ / 4.1.2 20080704 (Red Hat 4.1.2-48)
I! cuBLAS (v10.1) function cublasStatus_t cublasGetMathMode(cublasContext*, cublasMath_t*) called:
i!  handle: type=cublasHandle_t; val=POINTER (IN HEX:0x0x7fc46c00f7b0)
i!  mode: type=cublasMath_t; val=POINTER (IN HEX:0x0x7fc4f17f8e5c)
i! Time: 2019-09-29T03:36:31 elapsed from start 0.100000 minutes or 6.000000 seconds
i!Process=20989; Thread=140483841992448; GPU=0; Handle=POINTER (IN HEX:0x0x7fc46c00f7b0); StreamId=POINTER (IN HEX:0x0x7fc46c0024d0); MathMode=CUBLAS_DEFAULT_MATH
i! COMPILED WITH: GNU GCC/G++ / 4.1.2 20080704 (Red Hat 4.1.2-48)
I! cuBLAS (v10.1) function cublasStatus_t cublasGetMathMode(cublasContext*, cublasMath_t*) called:
i!  handle: type=cublasHandle_t; val=POINTER (IN HEX:0x0x7fc46c00f7b0)
i!  mode: type=cublasMath_t; val=POINTER (IN HEX:0x0x7fc4f17f927c)
i! Time: 2019-09-29T03:36:31 elapsed from start 0.100000 minutes or 6.000000 seconds
i!Process=20989; Thread=140483841992448; GPU=0; Handle=POINTER (IN HEX:0x0x7fc46c00f7b0); StreamId=POINTER (IN HEX:0x0x7fc46c0024d0); MathMode=CUBLAS_DEFAULT_MATH
i! COMPILED WITH: GNU GCC/G++ / 4.1.2 20080704 (Red Hat 4.1.2-48)
I! cuBLAS (v10.1) function cublasStatus_t cublasSetMathMode(cublasContext*, cublasMath_t) called:
i!  handle: type=cublasHandle_t; val=POINTER (IN HEX:0x0x7fc46c00f7b0)
i!  mode: type=cublasMath_t; val=CUBLAS_DEFAULT_MATH(0)
i! Time: 2019-09-29T03:36:31 elapsed from start 0.100000 minutes or 6.000000 seconds
i!Process=20989; Thread=140483841992448; GPU=0; Handle=POINTER (IN HEX:0x0x7fc46c00f7b0); StreamId=POINTER (IN HEX:0x0x7fc46c0024d0); MathMode=CUBLAS_DEFAULT_MATH
i! COMPILED WITH: GNU GCC/G++ / 4.1.2 20080704 (Red Hat 4.1.2-48)
I! cuBLAS (v10.1) function cublasStatus_t cublasGetMathMode(cublasContext*, cublasMath_t*) called:
i!  handle: type=cublasHandle_t; val=POINTER (IN HEX:0x0x7fc46c00f7b0)
i!  mode: type=cublasMath_t; val=POINTER (IN HEX:0x0x7fc4f17f927c)
i! Time: 2019-09-29T03:36:31 elapsed from start 0.100000 minutes or 6.000000 seconds
i!Process=20989; Thread=140483841992448; GPU=0; Handle=POINTER (IN HEX:0x0x7fc46c00f7b0); StreamId=POINTER (IN HEX:0x0x7fc46c0024d0); MathMode=CUBLAS_DEFAULT_MATH
i! COMPILED WITH: GNU GCC/G++ / 4.1.2 20080704 (Red Hat 4.1.2-48)
I! cuBLAS (v10.1) function cublasStatus_t cublasSetMathMode(cublasContext*, cublasMath_t) called:
i!  handle: type=cublasHandle_t; val=POINTER (IN HEX:0x0x7fc46c00f7b0)
i!  mode: type=cublasMath_t; val=CUBLAS_DEFAULT_MATH(0)
i! Time: 2019-09-29T03:36:31 elapsed from start 0.100000 minutes or 6.000000 seconds
i!Process=20989; Thread=140483841992448; GPU=0; Handle=POINTER (IN HEX:0x0x7fc46c00f7b0); StreamId=POINTER (IN HEX:0x0x7fc46c0024d0); MathMode=CUBLAS_DEFAULT_MATH
i! COMPILED WITH: GNU GCC/G++ / 4.1.2 20080704 (Red Hat 4.1.2-48)
I! cuBLAS (v10.1) function cublasStatus_t cublasSgemmStridedBatched(cublasContext*, cublasOperation_t, cublasOperation_t, int, int, int, const float*, const float*, int, long long int, const float*, int, long long int, const float*, float*, int, long long int, int) called:
i!  handle: type=cublasHandle_t; val=POINTER (IN HEX:0x0x7fc46c00f7b0)
i!  transa: type=cublasOperation_t; val=CUBLAS_OP_T(1)
i!  transb: type=cublasOperation_t; val=CUBLAS_OP_N(0)
i!  m: type=int; val=10
i!  n: type=int; val=32
i!  k: type=int; val=84
i!  alpha: type=float; val=POINTER (IN HEX:0x0x7fc4f17f949c)
i!  A: type=float; val=POINTER (IN HEX:0x0x7fc47e3f3e00)
i!  lda: type=int; val=84
i!  strideA: type=SOME TYPE; val=840
i!  B: type=float; val=POINTER (IN HEX:0x0x7fc3ebd6d600)
i!  ldb: type=int; val=84
i!  strideB: type=SOME TYPE; val=2688
i!  beta: type=float; val=POINTER (IN HEX:0x0x7fc4f17f9498)
i!  C: type=float; val=POINTER (IN HEX:0x0x7fc47e3f8e00)
i!  ldc: type=int; val=10
i!  strideC: type=SOME TYPE; val=320
i!  batchSize: type=int; val=1
i! Time: 2019-09-29T03:36:31 elapsed from start 0.100000 minutes or 6.000000 seconds
i!Process=20989; Thread=140483841992448; GPU=0; Handle=POINTER (IN HEX:0x0x7fc46c00f7b0); StreamId=POINTER (IN HEX:0x0x7fc46c0024d0); MathMode=CUBLAS_DEFAULT_MATH
i! COMPILED WITH: GNU GCC/G++ / 4.1.2 20080704 (Red Hat 4.1.2-48)
I! cuBLAS (v10.1) function cublasStatus_t cublasSgemm_v2(cublasContext*, cublasOperation_t, cublasOperation_t, int, int, int, const float*, const float*, int, const float*, int, const float*, float*, int) called:
i!  handle: type=cublasHandle_t; val=POINTER (IN HEX:0x0x7fc46c00f7b0)
i!  transa: type=cublasOperation_t; val=CUBLAS_OP_T(1)
i!  transb: type=cublasOperation_t; val=CUBLAS_OP_N(0)
i!  m: type=int; val=10
i!  n: type=int; val=32
i!  k: type=int; val=84
i!  alpha: type=float; val=POINTER (IN HEX:0x0x7fc4f17f949c)
i!  A: type=float; val=POINTER (IN HEX:0x0x7fc47e3f3e00)
i!  lda: type=int; val=84
i!  B: type=float; val=POINTER (IN HEX:0x0x7fc3ebd6d600)
i!  ldb: type=int; val=84
i!  beta: type=float; val=POINTER (IN HEX:0x0x7fc4f17f9498)
i!  C: type=float; val=POINTER (IN HEX:0x0x7fc47e3f8e00)
i!  ldc: type=int; val=10
i! Time: 2019-09-29T03:36:31 elapsed from start 0.100000 minutes or 6.000000 seconds
i!Process=20989; Thread=140483841992448; GPU=0; Handle=POINTER (IN HEX:0x0x7fc46c00f7b0); StreamId=POINTER (IN HEX:0x0x7fc46c0024d0); MathMode=CUBLAS_DEFAULT_MATH
i! COMPILED WITH: GNU GCC/G++ / 4.1.2 20080704 (Red Hat 4.1.2-48)
I! cuBLAS (v10.1) function cublasStatus_t cublasGetMathMode(cublasContext*, cublasMath_t*) called:
i!  handle: type=cublasHandle_t; val=POINTER (IN HEX:0x0x7fc46c00f7b0)
i!  mode: type=cublasMath_t; val=POINTER (IN HEX:0x0x7fc4f17f8e5c)
i! Time: 2019-09-29T03:36:31 elapsed from start 0.100000 minutes or 6.000000 seconds
i!Process=20989; Thread=140483841992448; GPU=0; Handle=POINTER (IN HEX:0x0x7fc46c00f7b0); StreamId=POINTER (IN HEX:0x0x7fc46c0024d0); MathMode=CUBLAS_DEFAULT_MATH
i! COMPILED WITH: GNU GCC/G++ / 4.1.2 20080704 (Red Hat 4.1.2-48)
I! cuBLAS (v10.1) function cublasStatus_t cublasGetMathMode(cublasContext*, cublasMath_t*) called:
i!  handle: type=cublasHandle_t; val=POINTER (IN HEX:0x0x7fc46c00f7b0)
i!  mode: type=cublasMath_t; val=POINTER (IN HEX:0x0x7fc4f17f927c)
i! Time: 2019-09-29T03:36:31 elapsed from start 0.100000 minutes or 6.000000 seconds
i!Process=20989; Thread=140483841992448; GPU=0; Handle=POINTER (IN HEX:0x0x7fc46c00f7b0); StreamId=POINTER (IN HEX:0x0x7fc46c0024d0); MathMode=CUBLAS_DEFAULT_MATH
i! COMPILED WITH: GNU GCC/G++ / 4.1.2 20080704 (Red Hat 4.1.2-48)
I! cuBLAS (v10.1) function cublasStatus_t cublasSetMathMode(cublasContext*, cublasMath_t) called:
i!  handle: type=cublasHandle_t; val=POINTER (IN HEX:0x0x7fc46c00f7b0)
i!  mode: type=cublasMath_t; val=CUBLAS_DEFAULT_MATH(0)
i! Time: 2019-09-29T03:36:31 elapsed from start 0.100000 minutes or 6.000000 seconds
i!Process=20989; Thread=140483841992448; GPU=0; Handle=POINTER (IN HEX:0x0x7fc46c00f7b0); StreamId=POINTER (IN HEX:0x0x7fc46c0024d0); MathMode=CUBLAS_DEFAULT_MATH
i! COMPILED WITH: GNU GCC/G++ / 4.1.2 20080704 (Red Hat 4.1.2-48)
