I! cuBLAS (v10.1) function cublasStatus_t cublasCreate_v2(cublasContext**) called:
I! cuBLAS (v10.1) function cublasStatus_t cublasCreate_v2(cublasContext**) called:
i!  handle: type=cublasHandle_t; val=POINTER (IN HEX:0x0x7f79ec0021c8)
i!  handle: type=cublasHandle_t; val=POINTER (IN HEX:0x0x7f79e40021c8)
i! Time: 2019-09-29T03:12:22 elapsed from start 0.050000 minutes or 3.000000 seconds
i!Process=15846; Thread=140163798148864; GPU=0; Handle=POINTER (IN HEX:0x(nil))
i! COMPILED WITH: GNU GCC/G++ / 4.1.2 20080704 (Red Hat 4.1.2-48)
i! Time: 2019-09-29T03:12:22 elapsed from start 0.050000 minutes or 3.000000 seconds
i!Process=15846; Thread=140163789756160; GPU=0; Handle=POINTER (IN HEX:0x(nil))
i! COMPILED WITH: GNU GCC/G++ / 4.1.2 20080704 (Red Hat 4.1.2-48)
I! cuBLAS (v10.1) function cublasStatus_t cublasSetStream_v2(cublasContext*, CUstream_st*) called:
I! cuBLAS (v10.1) function cublasStatus_t cublasSetStream_v2(cublasContext*, CUstream_st*) called:
i!  handle: type=cublasHandle_t; val=POINTER (IN HEX:0x0x7f79dc3c0370)
i!  handle: type=cublasHandle_t; val=POINTER (IN HEX:0x0x7f79e4002cf0)
i!  streamId: type=SOME TYPE; val=POINTER (IN HEX:0x0x7f79ec0024d0)
i!  streamId: type=SOME TYPE; val=POINTER (IN HEX:0x0x7f79e40024d0)
i! Time: 2019-09-29T03:12:23 elapsed from start 0.066667 minutes or 4.000000 seconds
i!Process=15846; Thread=140163798148864; GPU=0; Handle=POINTER (IN HEX:0x0x7f79dc3c0370); StreamId=POINTER (IN HEX:0x(nil)) (defaultStream); MathMode=CUBLAS_DEFAULT_MATH
i! COMPILED WITH: GNU GCC/G++ / 4.1.2 20080704 (Red Hat 4.1.2-48)
i! Time: 2019-09-29T03:12:23 elapsed from start 0.066667 minutes or 4.000000 seconds
i!Process=15846; Thread=140163789756160; GPU=0; Handle=POINTER (IN HEX:0x0x7f79e4002cf0); StreamId=POINTER (IN HEX:0x(nil)) (defaultStream); MathMode=CUBLAS_DEFAULT_MATH
i! COMPILED WITH: GNU GCC/G++ / 4.1.2 20080704 (Red Hat 4.1.2-48)
I! cuBLAS (v10.1) function cublasStatus_t cublasCreate_v2(cublasContext**) called:
I! cuBLAS (v10.1) function cublasStatus_t cublasCreate_v2(cublasContext**) called:
i!  handle: type=cublasHandle_t; val=POINTER (IN HEX:0x0x7f79d4e38260)
i!  handle: type=cublasHandle_t; val=POINTER (IN HEX:0x0x7f79e402c5a0)
i! Time: 2019-09-29T03:12:23 elapsed from start 0.066667 minutes or 4.000000 seconds
i!Process=15846; Thread=140163798148864; GPU=0; Handle=POINTER (IN HEX:0x(nil))
i! COMPILED WITH: GNU GCC/G++ / 4.1.2 20080704 (Red Hat 4.1.2-48)
i! Time: 2019-09-29T03:12:23 elapsed from start 0.066667 minutes or 4.000000 seconds
i!Process=15846; Thread=140163789756160; GPU=0; Handle=POINTER (IN HEX:0x(nil))
i! COMPILED WITH: GNU GCC/G++ / 4.1.2 20080704 (Red Hat 4.1.2-48)
I! cuBLAS (v10.1) function cublasStatus_t cublasCreate_v2(cublasContext**) called:
i!  handle: type=cublasHandle_t; val=POINTER (IN HEX:0x0x7f79d4e382a8)
I! cuBLAS (v10.1) function cublasStatus_t cublasCreate_v2(cublasContext**) called:
i! Time: 2019-09-29T03:12:23 elapsed from start 0.066667 minutes or 4.000000 seconds
i!Process=15846; Thread=140163798148864; GPU=0; Handle=POINTER (IN HEX:0x(nil))
i! COMPILED WITH: GNU GCC/G++ / 4.1.2 20080704 (Red Hat 4.1.2-48)
i!  handle: type=cublasHandle_t; val=POINTER (IN HEX:0x0x7f79e402c5e8)
i! Time: 2019-09-29T03:12:23 elapsed from start 0.066667 minutes or 4.000000 seconds
i!Process=15846; Thread=140163789756160; GPU=0; Handle=POINTER (IN HEX:0x(nil))
i! COMPILED WITH: GNU GCC/G++ / 4.1.2 20080704 (Red Hat 4.1.2-48)
I! cuBLAS (v10.1) function cublasStatus_t cublasCreate_v2(cublasContext**) called:
i!  handle: type=cublasHandle_t; val=POINTER (IN HEX:0x0x7f79d4e382b0)
i! Time: 2019-09-29T03:12:23 elapsed from start 0.066667 minutes or 4.000000 seconds
i!Process=15846; Thread=140163798148864; GPU=0; Handle=POINTER (IN HEX:0x(nil))
i! COMPILED WITH: GNU GCC/G++ / 4.1.2 20080704 (Red Hat 4.1.2-48)
I! cuBLAS (v10.1) function cublasStatus_t cublasCreate_v2(cublasContext**) called:
i!  handle: type=cublasHandle_t; val=POINTER (IN HEX:0x0x7f79e402c5f0)
i! Time: 2019-09-29T03:12:23 elapsed from start 0.066667 minutes or 4.000000 seconds
i!Process=15846; Thread=140163789756160; GPU=0; Handle=POINTER (IN HEX:0x(nil))
i! COMPILED WITH: GNU GCC/G++ / 4.1.2 20080704 (Red Hat 4.1.2-48)
I! cuBLAS (v10.1) function cublasStatus_t cublasCreate_v2(cublasContext**) called:
i!  handle: type=cublasHandle_t; val=POINTER (IN HEX:0x0x7f79d4e382b8)
i! Time: 2019-09-29T03:12:23 elapsed from start 0.066667 minutes or 4.000000 seconds
i!Process=15846; Thread=140163798148864; GPU=0; Handle=POINTER (IN HEX:0x(nil))
i! COMPILED WITH: GNU GCC/G++ / 4.1.2 20080704 (Red Hat 4.1.2-48)
I! cuBLAS (v10.1) function cublasStatus_t cublasCreate_v2(cublasContext**) called:
i!  handle: type=cublasHandle_t; val=POINTER (IN HEX:0x0x7f79e402c5f8)
i! Time: 2019-09-29T03:12:23 elapsed from start 0.066667 minutes or 4.000000 seconds
i!Process=15846; Thread=140163789756160; GPU=0; Handle=POINTER (IN HEX:0x(nil))
i! COMPILED WITH: GNU GCC/G++ / 4.1.2 20080704 (Red Hat 4.1.2-48)
I! cuBLAS (v10.1) function cublasStatus_t cublasSetStream_v2(cublasContext*, CUstream_st*) called:
i!  handle: type=cublasHandle_t; val=POINTER (IN HEX:0x0x7f79bfede2b0)
i!  streamId: type=SOME TYPE; val=POINTER (IN HEX:0x0x7f79ec0024d0)
i! Time: 2019-09-29T03:12:23 elapsed from start 0.066667 minutes or 4.000000 seconds
i!Process=15846; Thread=140163798148864; GPU=0; Handle=POINTER (IN HEX:0x0x7f79bfede2b0); StreamId=POINTER (IN HEX:0x(nil)) (defaultStream); MathMode=CUBLAS_DEFAULT_MATH
i! COMPILED WITH: GNU GCC/G++ / 4.1.2 20080704 (Red Hat 4.1.2-48)
I! cuBLAS (v10.1) function cublasStatus_t cublasSetStream_v2(cublasContext*, CUstream_st*) called:
i!  handle: type=cublasHandle_t; val=POINTER (IN HEX:0x0x7f79e40339d0)
i!  streamId: type=SOME TYPE; val=POINTER (IN HEX:0x0x7f79e40024d0)
i! Time: 2019-09-29T03:12:23 elapsed from start 0.066667 minutes or 4.000000 seconds
i!Process=15846; Thread=140163789756160; GPU=0; Handle=POINTER (IN HEX:0x0x7f79e40339d0); StreamId=POINTER (IN HEX:0x(nil)) (defaultStream); MathMode=CUBLAS_DEFAULT_MATH
i! COMPILED WITH: GNU GCC/G++ / 4.1.2 20080704 (Red Hat 4.1.2-48)
I! cuBLAS (v10.1) function cublasStatus_t cublasCreate_v2(cublasContext**) called:
i!  handle: type=cublasHandle_t; val=POINTER (IN HEX:0x0x7f79e40dda28)
I! cuBLAS (v10.1) function cublasStatus_t cublasCreate_v2(cublasContext**) called:
i!  handle: type=cublasHandle_t; val=POINTER (IN HEX:0x0x7f79bf91dc78)
i! Time: 2019-09-29T03:12:25 elapsed from start 0.100000 minutes or 6.000000 seconds
i!Process=15846; Thread=140163789756160; GPU=0; Handle=POINTER (IN HEX:0x(nil))
i! COMPILED WITH: GNU GCC/G++ / 4.1.2 20080704 (Red Hat 4.1.2-48)
i! Time: 2019-09-29T03:12:25 elapsed from start 0.100000 minutes or 6.000000 seconds
i!Process=15846; Thread=140163798148864; GPU=0; Handle=POINTER (IN HEX:0x(nil))
i! COMPILED WITH: GNU GCC/G++ / 4.1.2 20080704 (Red Hat 4.1.2-48)
I! cuBLAS (v10.1) function cublasStatus_t cublasSetStream_v2(cublasContext*, CUstream_st*) called:
i!  handle: type=cublasHandle_t; val=POINTER (IN HEX:0x0x7f794f238080)
i!  streamId: type=SOME TYPE; val=POINTER (IN HEX:0x0x7f79e40024d0)
i! Time: 2019-09-29T03:12:25 elapsed from start 0.100000 minutes or 6.000000 seconds
i!Process=15846; Thread=140163789756160; GPU=0; Handle=POINTER (IN HEX:0x0x7f794f238080); StreamId=POINTER (IN HEX:0x(nil)) (defaultStream); MathMode=CUBLAS_DEFAULT_MATH
i! COMPILED WITH: GNU GCC/G++ / 4.1.2 20080704 (Red Hat 4.1.2-48)
I! cuBLAS (v10.1) function cublasStatus_t cublasSetStream_v2(cublasContext*, CUstream_st*) called:
i!  handle: type=cublasHandle_t; val=POINTER (IN HEX:0x0x7f794f238080)
i!  streamId: type=SOME TYPE; val=POINTER (IN HEX:0x0x7f79e40024d0)
i! Time: 2019-09-29T03:12:25 elapsed from start 0.100000 minutes or 6.000000 seconds
i!Process=15846; Thread=140163789756160; GPU=0; Handle=POINTER (IN HEX:0x0x7f794f238080); StreamId=POINTER (IN HEX:0x0x7f79e40024d0); MathMode=CUBLAS_DEFAULT_MATH
i! COMPILED WITH: GNU GCC/G++ / 4.1.2 20080704 (Red Hat 4.1.2-48)
I! cuBLAS (v10.1) function cublasStatus_t cublasCgemmBatched(cublasContext*, cublasOperation_t, cublasOperation_t, int, int, int, const cuComplex*, const cuComplex* const*, int, const cuComplex* const*, int, const cuComplex*, cuComplex* const*, int, int) called:
i!  handle: type=cublasHandle_t; val=POINTER (IN HEX:0x0x7f794f238080)
i!  transa: type=cublasOperation_t; val=CUBLAS_OP_T(1)
i!  transb: type=cublasOperation_t; val=CUBLAS_OP_N(0)
i!  m: type=int; val=6
i!  n: type=int; val=8
i!  k: type=int; val=1
i!  alpha: type=SOME TYPE; val=POINTER (IN HEX:0x0x7f7a6ce599b0)
i!  Aarray: type=SOME TYPE; val=POINTER (IN HEX:0x0x7f7a37b0c700)
i!  lda: type=int; val=1
i!  Barray: type=SOME TYPE; val=POINTER (IN HEX:0x0x7f7a37b0b600)
i!  ldb: type=int; val=1
i!  beta: type=SOME TYPE; val=POINTER (IN HEX:0x0x7f7a6ce59980)
i!  Carray: type=SOME TYPE; val=POINTER (IN HEX:0x0x7f7a37b0d800)
i!  ldc: type=int; val=6
i!  batchSize: type=int; val=544
i! Time: 2019-09-29T03:12:25 elapsed from start 0.100000 minutes or 6.000000 seconds
i!Process=15846; Thread=140163789756160; GPU=0; Handle=POINTER (IN HEX:0x0x7f794f238080); StreamId=POINTER (IN HEX:0x0x7f79e40024d0); MathMode=CUBLAS_DEFAULT_MATH
i! COMPILED WITH: GNU GCC/G++ / 4.1.2 20080704 (Red Hat 4.1.2-48)
I! cuBLAS (v10.1) function cublasStatus_t cublasSetStream_v2(cublasContext*, CUstream_st*) called:
i!  handle: type=cublasHandle_t; val=POINTER (IN HEX:0x0x7f794f238080)
i!  streamId: type=SOME TYPE; val=POINTER (IN HEX:0x0x7f79e40024d0)
i! Time: 2019-09-29T03:12:25 elapsed from start 0.100000 minutes or 6.000000 seconds
i!Process=15846; Thread=140163789756160; GPU=0; Handle=POINTER (IN HEX:0x0x7f794f238080); StreamId=POINTER (IN HEX:0x0x7f79e40024d0); MathMode=CUBLAS_DEFAULT_MATH
i! COMPILED WITH: GNU GCC/G++ / 4.1.2 20080704 (Red Hat 4.1.2-48)
I! cuBLAS (v10.1) function cublasStatus_t cublasSetStream_v2(cublasContext*, CUstream_st*) called:
i!  handle: type=cublasHandle_t; val=POINTER (IN HEX:0x0x7f794f238080)
i!  streamId: type=SOME TYPE; val=POINTER (IN HEX:0x0x7f79e40ddea0)
i! Time: 2019-09-29T03:12:25 elapsed from start 0.100000 minutes or 6.000000 seconds
i!Process=15846; Thread=140163789756160; GPU=0; Handle=POINTER (IN HEX:0x0x7f794f238080); StreamId=POINTER (IN HEX:0x0x7f79e40024d0); MathMode=CUBLAS_DEFAULT_MATH
i! COMPILED WITH: GNU GCC/G++ / 4.1.2 20080704 (Red Hat 4.1.2-48)
I! cuBLAS (v10.1) function cublasStatus_t cublasCgemm3mStridedBatched(cublasContext*, cublasOperation_t, cublasOperation_t, int, int, int, const cuComplex*, const cuComplex*, int, long long int, const cuComplex*, int, long long int, const cuComplex*, cuComplex*, int, long long int, int) called:
i!  handle: type=cublasHandle_t; val=POINTER (IN HEX:0x0x7f794f238080)
i!  transa: type=cublasOperation_t; val=CUBLAS_OP_N(0)
i!  transb: type=cublasOperation_t; val=CUBLAS_OP_T(1)
i!  m: type=int; val=6
i!  n: type=int; val=8
i!  k: type=int; val=1
i!  alpha: type=SOME TYPE; val=POINTER (IN HEX:0x0x7f7a6ce59810)
i!  A: type=SOME TYPE; val=POINTER (IN HEX:0x0x7f7a37aa5600)
i!  lda: type=int; val=6
i!  strideA: type=SOME TYPE; val=6
i!  B: type=SOME TYPE; val=POINTER (IN HEX:0x0x7f7a37aabc00)
i!  ldb: type=int; val=8
i!  strideB: type=SOME TYPE; val=8
i!  C: type=SOME TYPE; val=POINTER (IN HEX:0x0x7f7a37ab4400)
i!  ldc: type=int; val=6
i!  strideC: type=SOME TYPE; val=48
i!  batchSize: type=int; val=544
i! Time: 2019-09-29T03:12:25 elapsed from start 0.100000 minutes or 6.000000 seconds
i!Process=15846; Thread=140163789756160; GPU=0; Handle=POINTER (IN HEX:0x0x7f794f238080); StreamId=POINTER (IN HEX:0x0x7f79e40ddea0); MathMode=CUBLAS_DEFAULT_MATH
i! COMPILED WITH: GNU GCC/G++ / 4.1.2 20080704 (Red Hat 4.1.2-48)
I! cuBLAS (v10.1) function cublasStatus_t cublasGetMathMode(cublasContext*, cublasMath_t*) called:
i!  handle: type=cublasHandle_t; val=POINTER (IN HEX:0x0x7f794f238080)
i!  mode: type=cublasMath_t; val=POINTER (IN HEX:0x0x7f7a6ce59644)
i! Time: 2019-09-29T03:12:25 elapsed from start 0.100000 minutes or 6.000000 seconds
i!Process=15846; Thread=140163789756160; GPU=0; Handle=POINTER (IN HEX:0x0x7f794f238080); StreamId=POINTER (IN HEX:0x0x7f79e40ddea0); MathMode=CUBLAS_DEFAULT_MATH
i! COMPILED WITH: GNU GCC/G++ / 4.1.2 20080704 (Red Hat 4.1.2-48)
I! cuBLAS (v10.1) function cublasStatus_t cublasSetMathMode(cublasContext*, cublasMath_t) called:
i!  handle: type=cublasHandle_t; val=POINTER (IN HEX:0x0x7f794f238080)
i!  mode: type=cublasMath_t; val=CUBLAS_DEFAULT_MATH(0)
i! Time: 2019-09-29T03:12:25 elapsed from start 0.100000 minutes or 6.000000 seconds
i!Process=15846; Thread=140163789756160; GPU=0; Handle=POINTER (IN HEX:0x0x7f794f238080); StreamId=POINTER (IN HEX:0x0x7f79e40ddea0); MathMode=CUBLAS_DEFAULT_MATH
i! COMPILED WITH: GNU GCC/G++ / 4.1.2 20080704 (Red Hat 4.1.2-48)
I! cuBLAS (v10.1) function cublasStatus_t cublasSetStream_v2(cublasContext*, CUstream_st*) called:
i!  handle: type=cublasHandle_t; val=POINTER (IN HEX:0x0x7f794f238080)
i!  streamId: type=SOME TYPE; val=POINTER (IN HEX:0x0x7f79e40024d0)
i! Time: 2019-09-29T03:12:25 elapsed from start 0.100000 minutes or 6.000000 seconds
i!Process=15846; Thread=140163789756160; GPU=0; Handle=POINTER (IN HEX:0x0x7f794f238080); StreamId=POINTER (IN HEX:0x0x7f79e40ddea0); MathMode=CUBLAS_DEFAULT_MATH
i! COMPILED WITH: GNU GCC/G++ / 4.1.2 20080704 (Red Hat 4.1.2-48)
I! cuBLAS (v10.1) function cublasStatus_t cublasSgemmStridedBatched(cublasContext*, cublasOperation_t, cublasOperation_t, int, int, int, const float*, const float*, int, long long int, const float*, int, long long int, const float*, float*, int, long long int, int) called:
i!  handle: type=cublasHandle_t; val=POINTER (IN HEX:0x0x7f794f238080)
i!  transa: type=cublasOperation_t; val=CUBLAS_OP_N(0)
i!  transb: type=cublasOperation_t; val=CUBLAS_OP_N(0)
i!  m: type=int; val=256
i!  n: type=int; val=6
i!  k: type=int; val=1
i!  alpha: type=float; val=POINTER (IN HEX:0x0x7f7a6ce5964c)
i!  A: type=float; val=POINTER (IN HEX:0x0x7f7a37aa5600)
i!  lda: type=int; val=256
i!  strideA: type=SOME TYPE; val=256
i!  B: type=float; val=POINTER (IN HEX:0x0x7f7a37acfa00)
i!  ldb: type=int; val=1
i!  strideB: type=SOME TYPE; val=6
i!  beta: type=float; val=POINTER (IN HEX:0x0x7f7a6ce59648)
i!  C: type=float; val=POINTER (IN HEX:0x0x7f7a37ad09d8)
i!  ldc: type=int; val=256
i!  strideC: type=SOME TYPE; val=1536
i!  batchSize: type=int; val=169
i! Time: 2019-09-29T03:12:25 elapsed from start 0.100000 minutes or 6.000000 seconds
i!Process=15846; Thread=140163789756160; GPU=0; Handle=POINTER (IN HEX:0x0x7f794f238080); StreamId=POINTER (IN HEX:0x0x7f79e40024d0); MathMode=CUBLAS_DEFAULT_MATH
i! COMPILED WITH: GNU GCC/G++ / 4.1.2 20080704 (Red Hat 4.1.2-48)
I! cuBLAS (v10.1) function cublasStatus_t cublasSetMathMode(cublasContext*, cublasMath_t) called:
i!  handle: type=cublasHandle_t; val=POINTER (IN HEX:0x0x7f794f238080)
i!  mode: type=cublasMath_t; val=CUBLAS_DEFAULT_MATH(0)
i! Time: 2019-09-29T03:12:25 elapsed from start 0.100000 minutes or 6.000000 seconds
i!Process=15846; Thread=140163789756160; GPU=0; Handle=POINTER (IN HEX:0x0x7f794f238080); StreamId=POINTER (IN HEX:0x0x7f79e40024d0); MathMode=CUBLAS_DEFAULT_MATH
i! COMPILED WITH: GNU GCC/G++ / 4.1.2 20080704 (Red Hat 4.1.2-48)
I! cuBLAS (v10.1) function cublasStatus_t cublasSetStream_v2(cublasContext*, CUstream_st*) called:
i!  handle: type=cublasHandle_t; val=POINTER (IN HEX:0x0x7f794f238080)
i!  streamId: type=SOME TYPE; val=POINTER (IN HEX:0x0x7f79e40024d0)
i! Time: 2019-09-29T03:12:25 elapsed from start 0.100000 minutes or 6.000000 seconds
i!Process=15846; Thread=140163789756160; GPU=0; Handle=POINTER (IN HEX:0x0x7f794f238080); StreamId=POINTER (IN HEX:0x0x7f79e40024d0); MathMode=CUBLAS_DEFAULT_MATH
i! COMPILED WITH: GNU GCC/G++ / 4.1.2 20080704 (Red Hat 4.1.2-48)
I! cuBLAS (v10.1) function cublasStatus_t cublasSetStream_v2(cublasContext*, CUstream_st*) called:
i!  handle: type=cublasHandle_t; val=POINTER (IN HEX:0x0x7f794f238080)
i!  streamId: type=SOME TYPE; val=POINTER (IN HEX:0x0x7f79e40024d0)
i! Time: 2019-09-29T03:12:25 elapsed from start 0.100000 minutes or 6.000000 seconds
i!Process=15846; Thread=140163789756160; GPU=0; Handle=POINTER (IN HEX:0x0x7f794f238080); StreamId=POINTER (IN HEX:0x0x7f79e40024d0); MathMode=CUBLAS_DEFAULT_MATH
i! COMPILED WITH: GNU GCC/G++ / 4.1.2 20080704 (Red Hat 4.1.2-48)
I! cuBLAS (v10.1) function cublasStatus_t cublasCgemmBatched(cublasContext*, cublasOperation_t, cublasOperation_t, int, int, int, const cuComplex*, const cuComplex* const*, int, const cuComplex* const*, int, const cuComplex*, cuComplex* const*, int, int) called:
i!  handle: type=cublasHandle_t; val=POINTER (IN HEX:0x0x7f794f238080)
i!  transa: type=cublasOperation_t; val=CUBLAS_OP_T(1)
i!  transb: type=cublasOperation_t; val=CUBLAS_OP_N(0)
i!  m: type=int; val=6
i!  n: type=int; val=1
i!  k: type=int; val=8
i!  alpha: type=SOME TYPE; val=POINTER (IN HEX:0x0x7f7a6ce59cc0)
i!  Aarray: type=SOME TYPE; val=POINTER (IN HEX:0x0x7f7a37b1d700)
i!  lda: type=int; val=8
i!  Barray: type=SOME TYPE; val=POINTER (IN HEX:0x0x7f7a37b1c600)
i!  ldb: type=int; val=8
i!  beta: type=SOME TYPE; val=POINTER (IN HEX:0x0x7f7a6ce59c90)
i!  Carray: type=SOME TYPE; val=POINTER (IN HEX:0x0x7f7a37b1e800)
i!  ldc: type=int; val=6
i!  batchSize: type=int; val=544
i! Time: 2019-09-29T03:12:25 elapsed from start 0.100000 minutes or 6.000000 seconds
i!Process=15846; Thread=140163789756160; GPU=0; Handle=POINTER (IN HEX:0x0x7f794f238080); StreamId=POINTER (IN HEX:0x0x7f79e40024d0); MathMode=CUBLAS_DEFAULT_MATH
i! COMPILED WITH: GNU GCC/G++ / 4.1.2 20080704 (Red Hat 4.1.2-48)
I! cuBLAS (v10.1) function cublasStatus_t cublasSetStream_v2(cublasContext*, CUstream_st*) called:
i!  handle: type=cublasHandle_t; val=POINTER (IN HEX:0x0x7f794f238080)
i!  streamId: type=SOME TYPE; val=POINTER (IN HEX:0x0x7f79e40024d0)
i! Time: 2019-09-29T03:12:25 elapsed from start 0.100000 minutes or 6.000000 seconds
i!Process=15846; Thread=140163789756160; GPU=0; Handle=POINTER (IN HEX:0x0x7f794f238080); StreamId=POINTER (IN HEX:0x0x7f79e40024d0); MathMode=CUBLAS_DEFAULT_MATH
i! COMPILED WITH: GNU GCC/G++ / 4.1.2 20080704 (Red Hat 4.1.2-48)
I! cuBLAS (v10.1) function cublasStatus_t cublasSetStream_v2(cublasContext*, CUstream_st*) called:
i!  handle: type=cublasHandle_t; val=POINTER (IN HEX:0x0x7f794f238080)
i!  streamId: type=SOME TYPE; val=POINTER (IN HEX:0x0x7f79e40024d0)
i! Time: 2019-09-29T03:12:25 elapsed from start 0.100000 minutes or 6.000000 seconds
i!Process=15846; Thread=140163789756160; GPU=0; Handle=POINTER (IN HEX:0x0x7f794f238080); StreamId=POINTER (IN HEX:0x0x7f79e40024d0); MathMode=CUBLAS_DEFAULT_MATH
i! COMPILED WITH: GNU GCC/G++ / 4.1.2 20080704 (Red Hat 4.1.2-48)
I! cuBLAS (v10.1) function cublasStatus_t cublasSgemmStridedBatched(cublasContext*, cublasOperation_t, cublasOperation_t, int, int, int, const float*, const float*, int, long long int, const float*, int, long long int, const float*, float*, int, long long int, int) called:
i!  handle: type=cublasHandle_t; val=POINTER (IN HEX:0x0x7f794f238080)
i!  transa: type=cublasOperation_t; val=CUBLAS_OP_N(0)
i!  transb: type=cublasOperation_t; val=CUBLAS_OP_N(0)
i!  m: type=int; val=6
i!  n: type=int; val=1
i!  k: type=int; val=256
i!  alpha: type=float; val=POINTER (IN HEX:0x0x7f7a6ce59b1c)
i!  A: type=float; val=POINTER (IN HEX:0x0x7f7a37acfa00)
i!  lda: type=int; val=6
i!  strideA: type=SOME TYPE; val=1536
i!  B: type=float; val=POINTER (IN HEX:0x0x7f7a37aa5600)
i!  ldb: type=int; val=256
i!  strideB: type=SOME TYPE; val=256
i!  beta: type=float; val=POINTER (IN HEX:0x0x7f7a6ce59b18)
i!  C: type=float; val=POINTER (IN HEX:0x0x7f7a37bcd200)
i!  ldc: type=int; val=6
i!  strideC: type=SOME TYPE; val=6
i!  batchSize: type=int; val=169
i! Time: 2019-09-29T03:12:25 elapsed from start 0.100000 minutes or 6.000000 seconds
i!Process=15846; Thread=140163789756160; GPU=0; Handle=POINTER (IN HEX:0x0x7f794f238080); StreamId=POINTER (IN HEX:0x0x7f79e40024d0); MathMode=CUBLAS_DEFAULT_MATH
i! COMPILED WITH: GNU GCC/G++ / 4.1.2 20080704 (Red Hat 4.1.2-48)
I! cuBLAS (v10.1) function cublasStatus_t cublasSetStream_v2(cublasContext*, CUstream_st*) called:
i!  handle: type=cublasHandle_t; val=POINTER (IN HEX:0x0x7f794f238080)
i!  streamId: type=SOME TYPE; val=POINTER (IN HEX:0x0x7f79e40024d0)
i! Time: 2019-09-29T03:12:25 elapsed from start 0.100000 minutes or 6.000000 seconds
i!Process=15846; Thread=140163789756160; GPU=0; Handle=POINTER (IN HEX:0x0x7f794f238080); StreamId=POINTER (IN HEX:0x0x7f79e40024d0); MathMode=CUBLAS_DEFAULT_MATH
i! COMPILED WITH: GNU GCC/G++ / 4.1.2 20080704 (Red Hat 4.1.2-48)
I! cuBLAS (v10.1) function cublasStatus_t cublasCgeam(cublasContext*, cublasOperation_t, cublasOperation_t, int, int, const cuComplex*, const cuComplex*, int, const cuComplex*, const cuComplex*, int, cuComplex*, int) called:
i!  handle: type=cublasHandle_t; val=POINTER (IN HEX:0x0x7f794f238080)
i!  transa: type=cublasOperation_t; val=CUBLAS_OP_T(1)
i!  transb: type=cublasOperation_t; val=CUBLAS_OP_T(1)
i!  m: type=int; val=48
i!  n: type=int; val=2112
i!  alpha: type=SOME TYPE; val=POINTER (IN HEX:0x0x7f7a6ce59520)
i!  A: type=SOME TYPE; val=POINTER (IN HEX:0x0x7f7a37cdec00)
i!  lda: type=int; val=2112
i!  beta: type=SOME TYPE; val=POINTER (IN HEX:0x0x7f7a6ce594f0)
i!  B: type=SOME TYPE; val=NULL_PTR(POINTER (IN HEX:0x(nil)))
i!  ldb: type=int; val=2112
i!  C: type=SOME TYPE; val=POINTER (IN HEX:0x0x7f7a37c00000)
i!  ldc: type=int; val=48
i! Time: 2019-09-29T03:12:25 elapsed from start 0.100000 minutes or 6.000000 seconds
i!Process=15846; Thread=140163789756160; GPU=0; Handle=POINTER (IN HEX:0x0x7f794f238080); StreamId=POINTER (IN HEX:0x0x7f79e40024d0); MathMode=CUBLAS_DEFAULT_MATH
i! COMPILED WITH: GNU GCC/G++ / 4.1.2 20080704 (Red Hat 4.1.2-48)
I! cuBLAS (v10.1) function cublasStatus_t cublasSetStream_v2(cublasContext*, CUstream_st*) called:
i!  handle: type=cublasHandle_t; val=POINTER (IN HEX:0x0x7f794f238080)
i!  streamId: type=SOME TYPE; val=POINTER (IN HEX:0x0x7f79e40ddea0)
i! Time: 2019-09-29T03:12:25 elapsed from start 0.100000 minutes or 6.000000 seconds
i!Process=15846; Thread=140163789756160; GPU=0; Handle=POINTER (IN HEX:0x0x7f794f238080); StreamId=POINTER (IN HEX:0x0x7f79e40024d0); MathMode=CUBLAS_DEFAULT_MATH
i! COMPILED WITH: GNU GCC/G++ / 4.1.2 20080704 (Red Hat 4.1.2-48)
I! cuBLAS (v10.1) function cublasStatus_t cublasCgeam(cublasContext*, cublasOperation_t, cublasOperation_t, int, int, const cuComplex*, const cuComplex*, int, const cuComplex*, const cuComplex*, int, cuComplex*, int) called:
i!  handle: type=cublasHandle_t; val=POINTER (IN HEX:0x0x7f794f238080)
i!  transa: type=cublasOperation_t; val=CUBLAS_OP_T(1)
i!  transb: type=cublasOperation_t; val=CUBLAS_OP_T(1)
i!  m: type=int; val=6
i!  n: type=int; val=2112
i!  alpha: type=SOME TYPE; val=POINTER (IN HEX:0x0x7f7a6ce59520)
i!  A: type=SOME TYPE; val=POINTER (IN HEX:0x0x7f7a37da4c00)
i!  lda: type=int; val=2112
i!  beta: type=SOME TYPE; val=POINTER (IN HEX:0x0x7f7a6ce594f0)
i!  B: type=SOME TYPE; val=NULL_PTR(POINTER (IN HEX:0x(nil)))
i!  ldb: type=int; val=2112
i!  C: type=SOME TYPE; val=POINTER (IN HEX:0x0x7f7a37cc6000)
i!  ldc: type=int; val=6
i! Time: 2019-09-29T03:12:25 elapsed from start 0.100000 minutes or 6.000000 seconds
i!Process=15846; Thread=140163789756160; GPU=0; Handle=POINTER (IN HEX:0x0x7f794f238080); StreamId=POINTER (IN HEX:0x0x7f79e40ddea0); MathMode=CUBLAS_DEFAULT_MATH
i! COMPILED WITH: GNU GCC/G++ / 4.1.2 20080704 (Red Hat 4.1.2-48)
I! cuBLAS (v10.1) function cublasStatus_t cublasSetStream_v2(cublasContext*, CUstream_st*) called:
i!  handle: type=cublasHandle_t; val=POINTER (IN HEX:0x0x7f794f238080)
i!  streamId: type=SOME TYPE; val=POINTER (IN HEX:0x0x7f79e40024d0)
i! Time: 2019-09-29T03:12:25 elapsed from start 0.100000 minutes or 6.000000 seconds
i!Process=15846; Thread=140163789756160; GPU=0; Handle=POINTER (IN HEX:0x0x7f794f238080); StreamId=POINTER (IN HEX:0x0x7f79e40ddea0); MathMode=CUBLAS_DEFAULT_MATH
i! COMPILED WITH: GNU GCC/G++ / 4.1.2 20080704 (Red Hat 4.1.2-48)
I! cuBLAS (v10.1) function cublasStatus_t cublasCgemmBatched(cublasContext*, cublasOperation_t, cublasOperation_t, int, int, int, const cuComplex*, const cuComplex* const*, int, const cuComplex* const*, int, const cuComplex*, cuComplex* const*, int, int) called:
i!  handle: type=cublasHandle_t; val=POINTER (IN HEX:0x0x7f794f238080)
i!  transa: type=cublasOperation_t; val=CUBLAS_OP_T(1)
i!  transb: type=cublasOperation_t; val=CUBLAS_OP_N(0)
i!  m: type=int; val=1
i!  n: type=int; val=8
i!  k: type=int; val=6
i!  alpha: type=SOME TYPE; val=POINTER (IN HEX:0x0x7f7a6ce59520)
i!  Aarray: type=SOME TYPE; val=POINTER (IN HEX:0x0x7f7a37dc1a00)
i!  lda: type=int; val=6
i!  Barray: type=SOME TYPE; val=POINTER (IN HEX:0x0x7f7a37dbd800)
i!  ldb: type=int; val=6
i!  beta: type=SOME TYPE; val=POINTER (IN HEX:0x0x7f7a6ce594f0)
i!  Carray: type=SOME TYPE; val=POINTER (IN HEX:0x0x7f7a37dc5c00)
i!  ldc: type=int; val=1
i!  batchSize: type=int; val=2112
i! Time: 2019-09-29T03:12:25 elapsed from start 0.100000 minutes or 6.000000 seconds
i!Process=15846; Thread=140163789756160; GPU=0; Handle=POINTER (IN HEX:0x0x7f794f238080); StreamId=POINTER (IN HEX:0x0x7f79e40024d0); MathMode=CUBLAS_DEFAULT_MATH
i! COMPILED WITH: GNU GCC/G++ / 4.1.2 20080704 (Red Hat 4.1.2-48)
I! cuBLAS (v10.1) function cublasStatus_t cublasSetStream_v2(cublasContext*, CUstream_st*) called:
i!  handle: type=cublasHandle_t; val=POINTER (IN HEX:0x0x7f794f238080)
i!  streamId: type=SOME TYPE; val=POINTER (IN HEX:0x0x7f79e40024d0)
i! Time: 2019-09-29T03:12:25 elapsed from start 0.100000 minutes or 6.000000 seconds
i!Process=15846; Thread=140163789756160; GPU=0; Handle=POINTER (IN HEX:0x0x7f794f238080); StreamId=POINTER (IN HEX:0x0x7f79e40024d0); MathMode=CUBLAS_DEFAULT_MATH
i! COMPILED WITH: GNU GCC/G++ / 4.1.2 20080704 (Red Hat 4.1.2-48)
I! cuBLAS (v10.1) function cublasStatus_t cublasCgeam(cublasContext*, cublasOperation_t, cublasOperation_t, int, int, const cuComplex*, const cuComplex*, int, const cuComplex*, const cuComplex*, int, cuComplex*, int) called:
i!  handle: type=cublasHandle_t; val=POINTER (IN HEX:0x0x7f794f238080)
i!  transa: type=cublasOperation_t; val=CUBLAS_OP_T(1)
i!  transb: type=cublasOperation_t; val=CUBLAS_OP_T(1)
i!  m: type=int; val=2112
i!  n: type=int; val=8
i!  alpha: type=SOME TYPE; val=POINTER (IN HEX:0x0x7f7a6ce594e0)
i!  A: type=SOME TYPE; val=POINTER (IN HEX:0x0x7f7a37cdec00)
i!  lda: type=int; val=8
i!  beta: type=SOME TYPE; val=POINTER (IN HEX:0x0x7f7a6ce594f0)
i!  B: type=SOME TYPE; val=NULL_PTR(POINTER (IN HEX:0x(nil)))
i!  ldb: type=int; val=8
i!  C: type=SOME TYPE; val=POINTER (IN HEX:0x0x7f7a37c00000)
i!  ldc: type=int; val=2112
i! Time: 2019-09-29T03:12:25 elapsed from start 0.100000 minutes or 6.000000 seconds
i!Process=15846; Thread=140163789756160; GPU=0; Handle=POINTER (IN HEX:0x0x7f794f238080); StreamId=POINTER (IN HEX:0x0x7f79e40024d0); MathMode=CUBLAS_DEFAULT_MATH
i! COMPILED WITH: GNU GCC/G++ / 4.1.2 20080704 (Red Hat 4.1.2-48)
I! cuBLAS (v10.1) function cublasStatus_t cublasSetStream_v2(cublasContext*, CUstream_st*) called:
i!  handle: type=cublasHandle_t; val=POINTER (IN HEX:0x0x7f794f238080)
i!  streamId: type=SOME TYPE; val=POINTER (IN HEX:0x0x7f79e40ddea0)
i! Time: 2019-09-29T03:12:25 elapsed from start 0.100000 minutes or 6.000000 seconds
i!Process=15846; Thread=140163789756160; GPU=0; Handle=POINTER (IN HEX:0x0x7f794f238080); StreamId=POINTER (IN HEX:0x0x7f79e40024d0); MathMode=CUBLAS_DEFAULT_MATH
i! COMPILED WITH: GNU GCC/G++ / 4.1.2 20080704 (Red Hat 4.1.2-48)
I! cuBLAS (v10.1) function cublasStatus_t cublasCgemm3mStridedBatched(cublasContext*, cublasOperation_t, cublasOperation_t, int, int, int, const cuComplex*, const cuComplex*, int, long long int, const cuComplex*, int, long long int, const cuComplex*, cuComplex*, int, long long int, int) called:
i!  handle: type=cublasHandle_t; val=POINTER (IN HEX:0x0x7f794f238080)
i!  transa: type=cublasOperation_t; val=CUBLAS_OP_N(0)
i!  transb: type=cublasOperation_t; val=CUBLAS_OP_T(1)
i!  m: type=int; val=1
i!  n: type=int; val=8
i!  k: type=int; val=6
i!  alpha: type=SOME TYPE; val=POINTER (IN HEX:0x0x7f7a6ce59360)
i!  A: type=SOME TYPE; val=POINTER (IN HEX:0x0x7f7a37aa5600)
i!  lda: type=int; val=1
i!  strideA: type=SOME TYPE; val=6
i!  B: type=SOME TYPE; val=POINTER (IN HEX:0x0x7f7a37aabc00)
i!  ldb: type=int; val=8
i!  strideB: type=SOME TYPE; val=48
i!  C: type=SOME TYPE; val=POINTER (IN HEX:0x0x7f7a37adec00)
i!  ldc: type=int; val=1
i!  strideC: type=SOME TYPE; val=8
i!  batchSize: type=int; val=544
i! Time: 2019-09-29T03:12:25 elapsed from start 0.100000 minutes or 6.000000 seconds
i!Process=15846; Thread=140163789756160; GPU=0; Handle=POINTER (IN HEX:0x0x7f794f238080); StreamId=POINTER (IN HEX:0x0x7f79e40ddea0); MathMode=CUBLAS_DEFAULT_MATH
i! COMPILED WITH: GNU GCC/G++ / 4.1.2 20080704 (Red Hat 4.1.2-48)
I! cuBLAS (v10.1) function cublasStatus_t cublasSetStream_v2(cublasContext*, CUstream_st*) called:
i!  handle: type=cublasHandle_t; val=POINTER (IN HEX:0x0x7f794f238080)
i!  streamId: type=SOME TYPE; val=POINTER (IN HEX:0x0x7f79e40dde80)
i! Time: 2019-09-29T03:12:25 elapsed from start 0.100000 minutes or 6.000000 seconds
i!Process=15846; Thread=140163789756160; GPU=0; Handle=POINTER (IN HEX:0x0x7f794f238080); StreamId=POINTER (IN HEX:0x0x7f79e40ddea0); MathMode=CUBLAS_DEFAULT_MATH
i! COMPILED WITH: GNU GCC/G++ / 4.1.2 20080704 (Red Hat 4.1.2-48)
I! cuBLAS (v10.1) function cublasStatus_t cublasCgemm3mStridedBatched(cublasContext*, cublasOperation_t, cublasOperation_t, int, int, int, const cuComplex*, const cuComplex*, int, long long int, const cuComplex*, int, long long int, const cuComplex*, cuComplex*, int, long long int, int) called:
i!  handle: type=cublasHandle_t; val=POINTER (IN HEX:0x0x7f794f238080)
i!  transa: type=cublasOperation_t; val=CUBLAS_OP_N(0)
i!  transb: type=cublasOperation_t; val=CUBLAS_OP_T(1)
i!  m: type=int; val=1
i!  n: type=int; val=8
i!  k: type=int; val=6
i!  alpha: type=SOME TYPE; val=POINTER (IN HEX:0x0x7f7a6ce59360)
i!  A: type=SOME TYPE; val=POINTER (IN HEX:0x0x7f7a37aa5600)
i!  lda: type=int; val=1
i!  strideA: type=SOME TYPE; val=6
i!  B: type=SOME TYPE; val=POINTER (IN HEX:0x0x7f7a37aed400)
i!  ldb: type=int; val=8
i!  strideB: type=SOME TYPE; val=48
i!  C: type=SOME TYPE; val=POINTER (IN HEX:0x0x7f7a37b20400)
i!  ldc: type=int; val=1
i!  strideC: type=SOME TYPE; val=8
i!  batchSize: type=int; val=544
i! Time: 2019-09-29T03:12:25 elapsed from start 0.100000 minutes or 6.000000 seconds
i!Process=15846; Thread=140163789756160; GPU=0; Handle=POINTER (IN HEX:0x0x7f794f238080); StreamId=POINTER (IN HEX:0x0x7f79e40dde80); MathMode=CUBLAS_DEFAULT_MATH
i! COMPILED WITH: GNU GCC/G++ / 4.1.2 20080704 (Red Hat 4.1.2-48)
I! cuBLAS (v10.1) function cublasStatus_t cublasSetStream_v2(cublasContext*, CUstream_st*) called:
i!  handle: type=cublasHandle_t; val=POINTER (IN HEX:0x0x7f794f238080)
i!  streamId: type=SOME TYPE; val=POINTER (IN HEX:0x0x7f79e40ddea0)
i! Time: 2019-09-29T03:12:25 elapsed from start 0.100000 minutes or 6.000000 seconds
i!Process=15846; Thread=140163789756160; GPU=0; Handle=POINTER (IN HEX:0x0x7f794f238080); StreamId=POINTER (IN HEX:0x0x7f79e40dde80); MathMode=CUBLAS_DEFAULT_MATH
i! COMPILED WITH: GNU GCC/G++ / 4.1.2 20080704 (Red Hat 4.1.2-48)
I! cuBLAS (v10.1) function cublasStatus_t cublasCgemm3mStridedBatched(cublasContext*, cublasOperation_t, cublasOperation_t, int, int, int, const cuComplex*, const cuComplex*, int, long long int, const cuComplex*, int, long long int, const cuComplex*, cuComplex*, int, long long int, int) called:
i!  handle: type=cublasHandle_t; val=POINTER (IN HEX:0x0x7f794f238080)
i!  transa: type=cublasOperation_t; val=CUBLAS_OP_N(0)
i!  transb: type=cublasOperation_t; val=CUBLAS_OP_T(1)
i!  m: type=int; val=1
i!  n: type=int; val=8
i!  k: type=int; val=6
i!  alpha: type=SOME TYPE; val=POINTER (IN HEX:0x0x7f7a6ce59360)
i!  A: type=SOME TYPE; val=POINTER (IN HEX:0x0x7f7a37aa5600)
i!  lda: type=int; val=1
i!  strideA: type=SOME TYPE; val=6
i!  B: type=SOME TYPE; val=POINTER (IN HEX:0x0x7f7a37aabc00)
i!  ldb: type=int; val=8
i!  strideB: type=SOME TYPE; val=48
i!  C: type=SOME TYPE; val=POINTER (IN HEX:0x0x7f7a37adec00)
i!  ldc: type=int; val=1
i!  strideC: type=SOME TYPE; val=8
i!  batchSize: type=int; val=544
i! Time: 2019-09-29T03:12:25 elapsed from start 0.100000 minutes or 6.000000 seconds
i!Process=15846; Thread=140163789756160; GPU=0; Handle=POINTER (IN HEX:0x0x7f794f238080); StreamId=POINTER (IN HEX:0x0x7f79e40ddea0); MathMode=CUBLAS_DEFAULT_MATH
i! COMPILED WITH: GNU GCC/G++ / 4.1.2 20080704 (Red Hat 4.1.2-48)
I! cuBLAS (v10.1) function cublasStatus_t cublasSetStream_v2(cublasContext*, CUstream_st*) called:
i!  handle: type=cublasHandle_t; val=POINTER (IN HEX:0x0x7f794f238080)
i!  streamId: type=SOME TYPE; val=POINTER (IN HEX:0x0x7f79e40dde80)
i! Time: 2019-09-29T03:12:25 elapsed from start 0.100000 minutes or 6.000000 seconds
i!Process=15846; Thread=140163789756160; GPU=0; Handle=POINTER (IN HEX:0x0x7f794f238080); StreamId=POINTER (IN HEX:0x0x7f79e40ddea0); MathMode=CUBLAS_DEFAULT_MATH
i! COMPILED WITH: GNU GCC/G++ / 4.1.2 20080704 (Red Hat 4.1.2-48)
I! cuBLAS (v10.1) function cublasStatus_t cublasCgemm3mStridedBatched(cublasContext*, cublasOperation_t, cublasOperation_t, int, int, int, const cuComplex*, const cuComplex*, int, long long int, const cuComplex*, int, long long int, const cuComplex*, cuComplex*, int, long long int, int) called:
i!  handle: type=cublasHandle_t; val=POINTER (IN HEX:0x0x7f794f238080)
i!  transa: type=cublasOperation_t; val=CUBLAS_OP_N(0)
i!  transb: type=cublasOperation_t; val=CUBLAS_OP_T(1)
i!  m: type=int; val=1
i!  n: type=int; val=8
i!  k: type=int; val=6
i!  alpha: type=SOME TYPE; val=POINTER (IN HEX:0x0x7f7a6ce59360)
i!  A: type=SOME TYPE; val=POINTER (IN HEX:0x0x7f7a37aa5600)
i!  lda: type=int; val=1
i!  strideA: type=SOME TYPE; val=6
i!  B: type=SOME TYPE; val=POINTER (IN HEX:0x0x7f7a37aed400)
i!  ldb: type=int; val=8
i!  strideB: type=SOME TYPE; val=48
i!  C: type=SOME TYPE; val=POINTER (IN HEX:0x0x7f7a37b20400)
i!  ldc: type=int; val=1
i!  strideC: type=SOME TYPE; val=8
i!  batchSize: type=int; val=544
i! Time: 2019-09-29T03:12:25 elapsed from start 0.100000 minutes or 6.000000 seconds
i!Process=15846; Thread=140163789756160; GPU=0; Handle=POINTER (IN HEX:0x0x7f794f238080); StreamId=POINTER (IN HEX:0x0x7f79e40dde80); MathMode=CUBLAS_DEFAULT_MATH
i! COMPILED WITH: GNU GCC/G++ / 4.1.2 20080704 (Red Hat 4.1.2-48)
I! cuBLAS (v10.1) function cublasStatus_t cublasGetMathMode(cublasContext*, cublasMath_t*) called:
i!  handle: type=cublasHandle_t; val=POINTER (IN HEX:0x0x7f794f238080)
i!  mode: type=cublasMath_t; val=POINTER (IN HEX:0x0x7f7a6ce591b4)
i! Time: 2019-09-29T03:12:25 elapsed from start 0.100000 minutes or 6.000000 seconds
i!Process=15846; Thread=140163789756160; GPU=0; Handle=POINTER (IN HEX:0x0x7f794f238080); StreamId=POINTER (IN HEX:0x0x7f79e40dde80); MathMode=CUBLAS_DEFAULT_MATH
i! COMPILED WITH: GNU GCC/G++ / 4.1.2 20080704 (Red Hat 4.1.2-48)
I! cuBLAS (v10.1) function cublasStatus_t cublasSetMathMode(cublasContext*, cublasMath_t) called:
i!  handle: type=cublasHandle_t; val=POINTER (IN HEX:0x0x7f794f238080)
i!  mode: type=cublasMath_t; val=CUBLAS_DEFAULT_MATH(0)
i! Time: 2019-09-29T03:12:25 elapsed from start 0.100000 minutes or 6.000000 seconds
i!Process=15846; Thread=140163789756160; GPU=0; Handle=POINTER (IN HEX:0x0x7f794f238080); StreamId=POINTER (IN HEX:0x0x7f79e40dde80); MathMode=CUBLAS_DEFAULT_MATH
i! COMPILED WITH: GNU GCC/G++ / 4.1.2 20080704 (Red Hat 4.1.2-48)
I! cuBLAS (v10.1) function cublasStatus_t cublasSetStream_v2(cublasContext*, CUstream_st*) called:
i!  handle: type=cublasHandle_t; val=POINTER (IN HEX:0x0x7f794f238080)
i!  streamId: type=SOME TYPE; val=POINTER (IN HEX:0x0x7f79e40024d0)
i! Time: 2019-09-29T03:12:25 elapsed from start 0.100000 minutes or 6.000000 seconds
i!Process=15846; Thread=140163789756160; GPU=0; Handle=POINTER (IN HEX:0x0x7f794f238080); StreamId=POINTER (IN HEX:0x0x7f79e40dde80); MathMode=CUBLAS_DEFAULT_MATH
i! COMPILED WITH: GNU GCC/G++ / 4.1.2 20080704 (Red Hat 4.1.2-48)
I! cuBLAS (v10.1) function cublasStatus_t cublasSgemmStridedBatched(cublasContext*, cublasOperation_t, cublasOperation_t, int, int, int, const float*, const float*, int, long long int, const float*, int, long long int, const float*, float*, int, long long int, int) called:
i!  handle: type=cublasHandle_t; val=POINTER (IN HEX:0x0x7f794f238080)
i!  transa: type=cublasOperation_t; val=CUBLAS_OP_N(0)
i!  transb: type=cublasOperation_t; val=CUBLAS_OP_T(1)
i!  m: type=int; val=256
i!  n: type=int; val=1
i!  k: type=int; val=6
i!  alpha: type=float; val=POINTER (IN HEX:0x0x7f7a6ce591bc)
i!  A: type=float; val=POINTER (IN HEX:0x0x7f7a37aa5600)
i!  lda: type=int; val=256
i!  strideA: type=SOME TYPE; val=1536
i!  B: type=float; val=POINTER (IN HEX:0x0x7f7a37ba2e00)
i!  ldb: type=int; val=1
i!  strideB: type=SOME TYPE; val=6
i!  beta: type=float; val=POINTER (IN HEX:0x0x7f7a6ce591b8)
i!  C: type=float; val=POINTER (IN HEX:0x0x7f7a37ba3dd8)
i!  ldc: type=int; val=256
i!  strideC: type=SOME TYPE; val=256
i!  batchSize: type=int; val=169
i! Time: 2019-09-29T03:12:25 elapsed from start 0.100000 minutes or 6.000000 seconds
i!Process=15846; Thread=140163789756160; GPU=0; Handle=POINTER (IN HEX:0x0x7f794f238080); StreamId=POINTER (IN HEX:0x0x7f79e40024d0); MathMode=CUBLAS_DEFAULT_MATH
i! COMPILED WITH: GNU GCC/G++ / 4.1.2 20080704 (Red Hat 4.1.2-48)
I! cuBLAS (v10.1) function cublasStatus_t cublasSetMathMode(cublasContext*, cublasMath_t) called:
i!  handle: type=cublasHandle_t; val=POINTER (IN HEX:0x0x7f794f238080)
i!  mode: type=cublasMath_t; val=CUBLAS_DEFAULT_MATH(0)
i! Time: 2019-09-29T03:12:25 elapsed from start 0.100000 minutes or 6.000000 seconds
i!Process=15846; Thread=140163789756160; GPU=0; Handle=POINTER (IN HEX:0x0x7f794f238080); StreamId=POINTER (IN HEX:0x0x7f79e40024d0); MathMode=CUBLAS_DEFAULT_MATH
i! COMPILED WITH: GNU GCC/G++ / 4.1.2 20080704 (Red Hat 4.1.2-48)
I! cuBLAS (v10.1) function cublasStatus_t cublasSetStream_v2(cublasContext*, CUstream_st*) called:
i!  handle: type=cublasHandle_t; val=POINTER (IN HEX:0x0x7f794f238080)
i!  streamId: type=SOME TYPE; val=POINTER (IN HEX:0x0x7f79e40024d0)
i! Time: 2019-09-29T03:12:25 elapsed from start 0.100000 minutes or 6.000000 seconds
i!Process=15846; Thread=140163789756160; GPU=0; Handle=POINTER (IN HEX:0x0x7f794f238080); StreamId=POINTER (IN HEX:0x0x7f79e40024d0); MathMode=CUBLAS_DEFAULT_MATH
i! COMPILED WITH: GNU GCC/G++ / 4.1.2 20080704 (Red Hat 4.1.2-48)
I! cuBLAS (v10.1) function cublasStatus_t cublasSetStream_v2(cublasContext*, CUstream_st*) called:
i!  handle: type=cublasHandle_t; val=POINTER (IN HEX:0x0x7f794f238080)
i!  streamId: type=SOME TYPE; val=POINTER (IN HEX:0x0x7f79e40024d0)
i! Time: 2019-09-29T03:12:25 elapsed from start 0.100000 minutes or 6.000000 seconds
i!Process=15846; Thread=140163789756160; GPU=0; Handle=POINTER (IN HEX:0x0x7f794f238080); StreamId=POINTER (IN HEX:0x0x7f79e40024d0); MathMode=CUBLAS_DEFAULT_MATH
i! COMPILED WITH: GNU GCC/G++ / 4.1.2 20080704 (Red Hat 4.1.2-48)
I! cuBLAS (v10.1) function cublasStatus_t cublasCgemmBatched(cublasContext*, cublasOperation_t, cublasOperation_t, int, int, int, const cuComplex*, const cuComplex* const*, int, const cuComplex* const*, int, const cuComplex*, cuComplex* const*, int, int) called:
i!  handle: type=cublasHandle_t; val=POINTER (IN HEX:0x0x7f794f238080)
i!  transa: type=cublasOperation_t; val=CUBLAS_OP_T(1)
i!  transb: type=cublasOperation_t; val=CUBLAS_OP_N(0)
i!  m: type=int; val=16
i!  n: type=int; val=8
i!  k: type=int; val=6
i!  alpha: type=SOME TYPE; val=POINTER (IN HEX:0x0x7f7a6ce599b0)
i!  Aarray: type=SOME TYPE; val=POINTER (IN HEX:0x0x7f7a37ae1c80)
i!  lda: type=int; val=6
i!  Barray: type=SOME TYPE; val=POINTER (IN HEX:0x0x7f7a37ae1800)
i!  ldb: type=int; val=6
i!  beta: type=SOME TYPE; val=POINTER (IN HEX:0x0x7f7a6ce59980)
i!  Carray: type=SOME TYPE; val=POINTER (IN HEX:0x0x7f7a37ae2100)
i!  ldc: type=int; val=16
i!  batchSize: type=int; val=144
i! Time: 2019-09-29T03:12:25 elapsed from start 0.100000 minutes or 6.000000 seconds
i!Process=15846; Thread=140163789756160; GPU=0; Handle=POINTER (IN HEX:0x0x7f794f238080); StreamId=POINTER (IN HEX:0x0x7f79e40024d0); MathMode=CUBLAS_DEFAULT_MATH
i! COMPILED WITH: GNU GCC/G++ / 4.1.2 20080704 (Red Hat 4.1.2-48)
I! cuBLAS (v10.1) function cublasStatus_t cublasSetStream_v2(cublasContext*, CUstream_st*) called:
i!  handle: type=cublasHandle_t; val=POINTER (IN HEX:0x0x7f794f238080)
i!  streamId: type=SOME TYPE; val=POINTER (IN HEX:0x0x7f79e40024d0)
i! Time: 2019-09-29T03:12:25 elapsed from start 0.100000 minutes or 6.000000 seconds
i!Process=15846; Thread=140163789756160; GPU=0; Handle=POINTER (IN HEX:0x0x7f794f238080); StreamId=POINTER (IN HEX:0x0x7f79e40024d0); MathMode=CUBLAS_DEFAULT_MATH
i! COMPILED WITH: GNU GCC/G++ / 4.1.2 20080704 (Red Hat 4.1.2-48)
I! cuBLAS (v10.1) function cublasStatus_t cublasSetStream_v2(cublasContext*, CUstream_st*) called:
i!  handle: type=cublasHandle_t; val=POINTER (IN HEX:0x0x7f794f238080)
i!  streamId: type=SOME TYPE; val=POINTER (IN HEX:0x0x7f79e40ddea0)
i! Time: 2019-09-29T03:12:25 elapsed from start 0.100000 minutes or 6.000000 seconds
i!Process=15846; Thread=140163789756160; GPU=0; Handle=POINTER (IN HEX:0x0x7f794f238080); StreamId=POINTER (IN HEX:0x0x7f79e40024d0); MathMode=CUBLAS_DEFAULT_MATH
i! COMPILED WITH: GNU GCC/G++ / 4.1.2 20080704 (Red Hat 4.1.2-48)
I! cuBLAS (v10.1) function cublasStatus_t cublasCgemm3mStridedBatched(cublasContext*, cublasOperation_t, cublasOperation_t, int, int, int, const cuComplex*, const cuComplex*, int, long long int, const cuComplex*, int, long long int, const cuComplex*, cuComplex*, int, long long int, int) called:
i!  handle: type=cublasHandle_t; val=POINTER (IN HEX:0x0x7f794f238080)
i!  transa: type=cublasOperation_t; val=CUBLAS_OP_N(0)
i!  transb: type=cublasOperation_t; val=CUBLAS_OP_T(1)
i!  m: type=int; val=16
i!  n: type=int; val=8
i!  k: type=int; val=6
i!  alpha: type=SOME TYPE; val=POINTER (IN HEX:0x0x7f7a6ce59810)
i!  A: type=SOME TYPE; val=POINTER (IN HEX:0x0x7f7a37a90800)
i!  lda: type=int; val=16
i!  strideA: type=SOME TYPE; val=96
i!  B: type=SOME TYPE; val=POINTER (IN HEX:0x0x7f7a37af6800)
i!  ldb: type=int; val=8
i!  strideB: type=SOME TYPE; val=48
i!  C: type=SOME TYPE; val=POINTER (IN HEX:0x0x7f7a37b29800)
i!  ldc: type=int; val=16
i!  strideC: type=SOME TYPE; val=128
i!  batchSize: type=int; val=544
i! Time: 2019-09-29T03:12:25 elapsed from start 0.100000 minutes or 6.000000 seconds
i!Process=15846; Thread=140163789756160; GPU=0; Handle=POINTER (IN HEX:0x0x7f794f238080); StreamId=POINTER (IN HEX:0x0x7f79e40ddea0); MathMode=CUBLAS_DEFAULT_MATH
i! COMPILED WITH: GNU GCC/G++ / 4.1.2 20080704 (Red Hat 4.1.2-48)
I! cuBLAS (v10.1) function cublasStatus_t cublasGetMathMode(cublasContext*, cublasMath_t*) called:
i!  handle: type=cublasHandle_t; val=POINTER (IN HEX:0x0x7f794f238080)
i!  mode: type=cublasMath_t; val=POINTER (IN HEX:0x0x7f7a6ce59644)
i! Time: 2019-09-29T03:12:25 elapsed from start 0.100000 minutes or 6.000000 seconds
i!Process=15846; Thread=140163789756160; GPU=0; Handle=POINTER (IN HEX:0x0x7f794f238080); StreamId=POINTER (IN HEX:0x0x7f79e40ddea0); MathMode=CUBLAS_DEFAULT_MATH
i! COMPILED WITH: GNU GCC/G++ / 4.1.2 20080704 (Red Hat 4.1.2-48)
I! cuBLAS (v10.1) function cublasStatus_t cublasSetMathMode(cublasContext*, cublasMath_t) called:
i!  handle: type=cublasHandle_t; val=POINTER (IN HEX:0x0x7f794f238080)
i!  mode: type=cublasMath_t; val=CUBLAS_DEFAULT_MATH(0)
i! Time: 2019-09-29T03:12:25 elapsed from start 0.100000 minutes or 6.000000 seconds
i!Process=15846; Thread=140163789756160; GPU=0; Handle=POINTER (IN HEX:0x0x7f794f238080); StreamId=POINTER (IN HEX:0x0x7f79e40ddea0); MathMode=CUBLAS_DEFAULT_MATH
i! COMPILED WITH: GNU GCC/G++ / 4.1.2 20080704 (Red Hat 4.1.2-48)
I! cuBLAS (v10.1) function cublasStatus_t cublasSetStream_v2(cublasContext*, CUstream_st*) called:
i!  handle: type=cublasHandle_t; val=POINTER (IN HEX:0x0x7f794f238080)
i!  streamId: type=SOME TYPE; val=POINTER (IN HEX:0x0x7f79e40024d0)
i! Time: 2019-09-29T03:12:25 elapsed from start 0.100000 minutes or 6.000000 seconds
i!Process=15846; Thread=140163789756160; GPU=0; Handle=POINTER (IN HEX:0x0x7f794f238080); StreamId=POINTER (IN HEX:0x0x7f79e40ddea0); MathMode=CUBLAS_DEFAULT_MATH
i! COMPILED WITH: GNU GCC/G++ / 4.1.2 20080704 (Red Hat 4.1.2-48)
I! cuBLAS (v10.1) function cublasStatus_t cublasSgemmStridedBatched(cublasContext*, cublasOperation_t, cublasOperation_t, int, int, int, const float*, const float*, int, long long int, const float*, int, long long int, const float*, float*, int, long long int, int) called:
i!  handle: type=cublasHandle_t; val=POINTER (IN HEX:0x0x7f794f238080)
i!  transa: type=cublasOperation_t; val=CUBLAS_OP_N(0)
i!  transb: type=cublasOperation_t; val=CUBLAS_OP_N(0)
i!  m: type=int; val=64
i!  n: type=int; val=16
i!  k: type=int; val=6
i!  alpha: type=float; val=POINTER (IN HEX:0x0x7f7a6ce5964c)
i!  A: type=float; val=POINTER (IN HEX:0x0x7f7a37a90800)
i!  lda: type=int; val=64
i!  strideA: type=SOME TYPE; val=384
i!  B: type=float; val=POINTER (IN HEX:0x0x7f7a37acfe00)
i!  ldb: type=int; val=6
i!  strideB: type=SOME TYPE; val=96
i!  beta: type=float; val=POINTER (IN HEX:0x0x7f7a6ce59648)
i!  C: type=float; val=POINTER (IN HEX:0x0x7f7a37adfb80)
i!  ldc: type=int; val=64
i!  strideC: type=SOME TYPE; val=1024
i!  batchSize: type=int; val=169
i! Time: 2019-09-29T03:12:25 elapsed from start 0.100000 minutes or 6.000000 seconds
i!Process=15846; Thread=140163789756160; GPU=0; Handle=POINTER (IN HEX:0x0x7f794f238080); StreamId=POINTER (IN HEX:0x0x7f79e40024d0); MathMode=CUBLAS_DEFAULT_MATH
i! COMPILED WITH: GNU GCC/G++ / 4.1.2 20080704 (Red Hat 4.1.2-48)
I! cuBLAS (v10.1) function cublasStatus_t cublasSetMathMode(cublasContext*, cublasMath_t) called:
i!  handle: type=cublasHandle_t; val=POINTER (IN HEX:0x0x7f794f238080)
i!  mode: type=cublasMath_t; val=CUBLAS_DEFAULT_MATH(0)
i! Time: 2019-09-29T03:12:25 elapsed from start 0.100000 minutes or 6.000000 seconds
i!Process=15846; Thread=140163789756160; GPU=0; Handle=POINTER (IN HEX:0x0x7f794f238080); StreamId=POINTER (IN HEX:0x0x7f79e40024d0); MathMode=CUBLAS_DEFAULT_MATH
i! COMPILED WITH: GNU GCC/G++ / 4.1.2 20080704 (Red Hat 4.1.2-48)
I! cuBLAS (v10.1) function cublasStatus_t cublasSetStream_v2(cublasContext*, CUstream_st*) called:
i!  handle: type=cublasHandle_t; val=POINTER (IN HEX:0x0x7f794f238080)
i!  streamId: type=SOME TYPE; val=POINTER (IN HEX:0x0x7f79e40024d0)
i! Time: 2019-09-29T03:12:25 elapsed from start 0.100000 minutes or 6.000000 seconds
i!Process=15846; Thread=140163789756160; GPU=0; Handle=POINTER (IN HEX:0x0x7f794f238080); StreamId=POINTER (IN HEX:0x0x7f79e40024d0); MathMode=CUBLAS_DEFAULT_MATH
i! COMPILED WITH: GNU GCC/G++ / 4.1.2 20080704 (Red Hat 4.1.2-48)
I! cuBLAS (v10.1) function cublasStatus_t cublasSetStream_v2(cublasContext*, CUstream_st*) called:
i!  handle: type=cublasHandle_t; val=POINTER (IN HEX:0x0x7f794f238080)
i!  streamId: type=SOME TYPE; val=POINTER (IN HEX:0x0x7f79e40024d0)
i! Time: 2019-09-29T03:12:25 elapsed from start 0.100000 minutes or 6.000000 seconds
i!Process=15846; Thread=140163789756160; GPU=0; Handle=POINTER (IN HEX:0x0x7f794f238080); StreamId=POINTER (IN HEX:0x0x7f79e40024d0); MathMode=CUBLAS_DEFAULT_MATH
i! COMPILED WITH: GNU GCC/G++ / 4.1.2 20080704 (Red Hat 4.1.2-48)
I! cuBLAS (v10.1) function cublasStatus_t cublasCgemmBatched(cublasContext*, cublasOperation_t, cublasOperation_t, int, int, int, const cuComplex*, const cuComplex* const*, int, const cuComplex* const*, int, const cuComplex*, cuComplex* const*, int, int) called:
i!  handle: type=cublasHandle_t; val=POINTER (IN HEX:0x0x7f794f238080)
i!  transa: type=cublasOperation_t; val=CUBLAS_OP_T(1)
i!  transb: type=cublasOperation_t; val=CUBLAS_OP_N(0)
i!  m: type=int; val=16
i!  n: type=int; val=6
i!  k: type=int; val=8
i!  alpha: type=SOME TYPE; val=POINTER (IN HEX:0x0x7f7a6ce59cc0)
i!  Aarray: type=SOME TYPE; val=POINTER (IN HEX:0x0x7f7a37af3c80)
i!  lda: type=int; val=8
i!  Barray: type=SOME TYPE; val=POINTER (IN HEX:0x0x7f7a37af3800)
i!  ldb: type=int; val=8
i!  beta: type=SOME TYPE; val=POINTER (IN HEX:0x0x7f7a6ce59c90)
i!  Carray: type=SOME TYPE; val=POINTER (IN HEX:0x0x7f7a37af4100)
i!  ldc: type=int; val=16
i!  batchSize: type=int; val=144
i! Time: 2019-09-29T03:12:25 elapsed from start 0.100000 minutes or 6.000000 seconds
i!Process=15846; Thread=140163789756160; GPU=0; Handle=POINTER (IN HEX:0x0x7f794f238080); StreamId=POINTER (IN HEX:0x0x7f79e40024d0); MathMode=CUBLAS_DEFAULT_MATH
i! COMPILED WITH: GNU GCC/G++ / 4.1.2 20080704 (Red Hat 4.1.2-48)
I! cuBLAS (v10.1) function cublasStatus_t cublasSetStream_v2(cublasContext*, CUstream_st*) called:
i!  handle: type=cublasHandle_t; val=POINTER (IN HEX:0x0x7f794f238080)
i!  streamId: type=SOME TYPE; val=POINTER (IN HEX:0x0x7f79e40024d0)
i! Time: 2019-09-29T03:12:25 elapsed from start 0.100000 minutes or 6.000000 seconds
i!Process=15846; Thread=140163789756160; GPU=0; Handle=POINTER (IN HEX:0x0x7f794f238080); StreamId=POINTER (IN HEX:0x0x7f79e40024d0); MathMode=CUBLAS_DEFAULT_MATH
i! COMPILED WITH: GNU GCC/G++ / 4.1.2 20080704 (Red Hat 4.1.2-48)
I! cuBLAS (v10.1) function cublasStatus_t cublasSetStream_v2(cublasContext*, CUstream_st*) called:
i!  handle: type=cublasHandle_t; val=POINTER (IN HEX:0x0x7f794f238080)
i!  streamId: type=SOME TYPE; val=POINTER (IN HEX:0x0x7f79e40024d0)
i! Time: 2019-09-29T03:12:25 elapsed from start 0.100000 minutes or 6.000000 seconds
i!Process=15846; Thread=140163789756160; GPU=0; Handle=POINTER (IN HEX:0x0x7f794f238080); StreamId=POINTER (IN HEX:0x0x7f79e40024d0); MathMode=CUBLAS_DEFAULT_MATH
i! COMPILED WITH: GNU GCC/G++ / 4.1.2 20080704 (Red Hat 4.1.2-48)
I! cuBLAS (v10.1) function cublasStatus_t cublasSgemmStridedBatched(cublasContext*, cublasOperation_t, cublasOperation_t, int, int, int, const float*, const float*, int, long long int, const float*, int, long long int, const float*, float*, int, long long int, int) called:
i!  handle: type=cublasHandle_t; val=POINTER (IN HEX:0x0x7f794f238080)
i!  transa: type=cublasOperation_t; val=CUBLAS_OP_N(0)
i!  transb: type=cublasOperation_t; val=CUBLAS_OP_N(0)
i!  m: type=int; val=16
i!  n: type=int; val=6
i!  k: type=int; val=64
i!  alpha: type=float; val=POINTER (IN HEX:0x0x7f7a6ce59b1c)
i!  A: type=float; val=POINTER (IN HEX:0x0x7f7a37acfe00)
i!  lda: type=int; val=16
i!  strideA: type=SOME TYPE; val=1024
i!  B: type=float; val=POINTER (IN HEX:0x0x7f7a37a90800)
i!  ldb: type=int; val=64
i!  strideB: type=SOME TYPE; val=384
i!  beta: type=float; val=POINTER (IN HEX:0x0x7f7a6ce59b18)
i!  C: type=float; val=POINTER (IN HEX:0x0x7f7a37b78e00)
i!  ldc: type=int; val=16
i!  strideC: type=SOME TYPE; val=96
i!  batchSize: type=int; val=169
i! Time: 2019-09-29T03:12:25 elapsed from start 0.100000 minutes or 6.000000 seconds
i!Process=15846; Thread=140163789756160; GPU=0; Handle=POINTER (IN HEX:0x0x7f794f238080); StreamId=POINTER (IN HEX:0x0x7f79e40024d0); MathMode=CUBLAS_DEFAULT_MATH
i! COMPILED WITH: GNU GCC/G++ / 4.1.2 20080704 (Red Hat 4.1.2-48)
I! cuBLAS (v10.1) function cublasStatus_t cublasSetStream_v2(cublasContext*, CUstream_st*) called:
i!  handle: type=cublasHandle_t; val=POINTER (IN HEX:0x0x7f794f238080)
i!  streamId: type=SOME TYPE; val=POINTER (IN HEX:0x0x7f79e40024d0)
i! Time: 2019-09-29T03:12:25 elapsed from start 0.100000 minutes or 6.000000 seconds
i!Process=15846; Thread=140163789756160; GPU=0; Handle=POINTER (IN HEX:0x0x7f794f238080); StreamId=POINTER (IN HEX:0x0x7f79e40024d0); MathMode=CUBLAS_DEFAULT_MATH
i! COMPILED WITH: GNU GCC/G++ / 4.1.2 20080704 (Red Hat 4.1.2-48)
I! cuBLAS (v10.1) function cublasStatus_t cublasSetStream_v2(cublasContext*, CUstream_st*) called:
i!  handle: type=cublasHandle_t; val=POINTER (IN HEX:0x0x7f794f238080)
i!  streamId: type=SOME TYPE; val=POINTER (IN HEX:0x0x7f79e40024d0)
i! Time: 2019-09-29T03:12:25 elapsed from start 0.100000 minutes or 6.000000 seconds
i!Process=15846; Thread=140163789756160; GPU=0; Handle=POINTER (IN HEX:0x0x7f794f238080); StreamId=POINTER (IN HEX:0x0x7f79e40024d0); MathMode=CUBLAS_DEFAULT_MATH
i! COMPILED WITH: GNU GCC/G++ / 4.1.2 20080704 (Red Hat 4.1.2-48)
I! cuBLAS (v10.1) function cublasStatus_t cublasCgemmBatched(cublasContext*, cublasOperation_t, cublasOperation_t, int, int, int, const cuComplex*, const cuComplex* const*, int, const cuComplex* const*, int, const cuComplex*, cuComplex* const*, int, int) called:
i!  handle: type=cublasHandle_t; val=POINTER (IN HEX:0x0x7f794f238080)
i!  transa: type=cublasOperation_t; val=CUBLAS_OP_T(1)
i!  transb: type=cublasOperation_t; val=CUBLAS_OP_N(0)
i!  m: type=int; val=6
i!  n: type=int; val=8
i!  k: type=int; val=16
i!  alpha: type=SOME TYPE; val=POINTER (IN HEX:0x0x7f7a6ce59520)
i!  Aarray: type=SOME TYPE; val=POINTER (IN HEX:0x0x7f7a37ddd100)
i!  lda: type=int; val=16
i!  Barray: type=SOME TYPE; val=POINTER (IN HEX:0x0x7f7a37ddc000)
i!  ldb: type=int; val=16
i!  beta: type=SOME TYPE; val=POINTER (IN HEX:0x0x7f7a6ce594f0)
i!  Carray: type=SOME TYPE; val=POINTER (IN HEX:0x0x7f7a37dde200)
i!  ldc: type=int; val=6
i!  batchSize: type=int; val=544
i! Time: 2019-09-29T03:12:25 elapsed from start 0.100000 minutes or 6.000000 seconds
i!Process=15846; Thread=140163789756160; GPU=0; Handle=POINTER (IN HEX:0x0x7f794f238080); StreamId=POINTER (IN HEX:0x0x7f79e40024d0); MathMode=CUBLAS_DEFAULT_MATH
i! COMPILED WITH: GNU GCC/G++ / 4.1.2 20080704 (Red Hat 4.1.2-48)
I! cuBLAS (v10.1) function cublasStatus_t cublasSetStream_v2(cublasContext*, CUstream_st*) called:
i!  handle: type=cublasHandle_t; val=POINTER (IN HEX:0x0x7f794f238080)
i!  streamId: type=SOME TYPE; val=POINTER (IN HEX:0x0x7f79e40024d0)
i! Time: 2019-09-29T03:12:25 elapsed from start 0.100000 minutes or 6.000000 seconds
i!Process=15846; Thread=140163789756160; GPU=0; Handle=POINTER (IN HEX:0x0x7f794f238080); StreamId=POINTER (IN HEX:0x0x7f79e40024d0); MathMode=CUBLAS_DEFAULT_MATH
i! COMPILED WITH: GNU GCC/G++ / 4.1.2 20080704 (Red Hat 4.1.2-48)
I! cuBLAS (v10.1) function cublasStatus_t cublasSetStream_v2(cublasContext*, CUstream_st*) called:
i!  handle: type=cublasHandle_t; val=POINTER (IN HEX:0x0x7f794f238080)
i!  streamId: type=SOME TYPE; val=POINTER (IN HEX:0x0x7f79e40ddea0)
i! Time: 2019-09-29T03:12:25 elapsed from start 0.100000 minutes or 6.000000 seconds
i!Process=15846; Thread=140163789756160; GPU=0; Handle=POINTER (IN HEX:0x0x7f794f238080); StreamId=POINTER (IN HEX:0x0x7f79e40024d0); MathMode=CUBLAS_DEFAULT_MATH
i! COMPILED WITH: GNU GCC/G++ / 4.1.2 20080704 (Red Hat 4.1.2-48)
I! cuBLAS (v10.1) function cublasStatus_t cublasCgemm3mStridedBatched(cublasContext*, cublasOperation_t, cublasOperation_t, int, int, int, const cuComplex*, const cuComplex*, int, long long int, const cuComplex*, int, long long int, const cuComplex*, cuComplex*, int, long long int, int) called:
i!  handle: type=cublasHandle_t; val=POINTER (IN HEX:0x0x7f794f238080)
i!  transa: type=cublasOperation_t; val=CUBLAS_OP_N(0)
i!  transb: type=cublasOperation_t; val=CUBLAS_OP_T(1)
i!  m: type=int; val=6
i!  n: type=int; val=8
i!  k: type=int; val=16
i!  alpha: type=SOME TYPE; val=POINTER (IN HEX:0x0x7f7a6ce59360)
i!  A: type=SOME TYPE; val=POINTER (IN HEX:0x0x7f7a37a90800)
i!  lda: type=int; val=6
i!  strideA: type=SOME TYPE; val=96
i!  B: type=SOME TYPE; val=POINTER (IN HEX:0x0x7f7a37af6800)
i!  ldb: type=int; val=8
i!  strideB: type=SOME TYPE; val=128
i!  C: type=SOME TYPE; val=POINTER (IN HEX:0x0x7f7a37b7e800)
i!  ldc: type=int; val=6
i!  strideC: type=SOME TYPE; val=48
i!  batchSize: type=int; val=544
i! Time: 2019-09-29T03:12:25 elapsed from start 0.100000 minutes or 6.000000 seconds
i!Process=15846; Thread=140163789756160; GPU=0; Handle=POINTER (IN HEX:0x0x7f794f238080); StreamId=POINTER (IN HEX:0x0x7f79e40ddea0); MathMode=CUBLAS_DEFAULT_MATH
i! COMPILED WITH: GNU GCC/G++ / 4.1.2 20080704 (Red Hat 4.1.2-48)
I! cuBLAS (v10.1) function cublasStatus_t cublasGetMathMode(cublasContext*, cublasMath_t*) called:
i!  handle: type=cublasHandle_t; val=POINTER (IN HEX:0x0x7f794f238080)
i!  mode: type=cublasMath_t; val=POINTER (IN HEX:0x0x7f7a6ce591b4)
i! Time: 2019-09-29T03:12:25 elapsed from start 0.100000 minutes or 6.000000 seconds
i!Process=15846; Thread=140163789756160; GPU=0; Handle=POINTER (IN HEX:0x0x7f794f238080); StreamId=POINTER (IN HEX:0x0x7f79e40ddea0); MathMode=CUBLAS_DEFAULT_MATH
i! COMPILED WITH: GNU GCC/G++ / 4.1.2 20080704 (Red Hat 4.1.2-48)
I! cuBLAS (v10.1) function cublasStatus_t cublasSetMathMode(cublasContext*, cublasMath_t) called:
i!  handle: type=cublasHandle_t; val=POINTER (IN HEX:0x0x7f794f238080)
i!  mode: type=cublasMath_t; val=CUBLAS_DEFAULT_MATH(0)
i! Time: 2019-09-29T03:12:25 elapsed from start 0.100000 minutes or 6.000000 seconds
i!Process=15846; Thread=140163789756160; GPU=0; Handle=POINTER (IN HEX:0x0x7f794f238080); StreamId=POINTER (IN HEX:0x0x7f79e40ddea0); MathMode=CUBLAS_DEFAULT_MATH
i! COMPILED WITH: GNU GCC/G++ / 4.1.2 20080704 (Red Hat 4.1.2-48)
I! cuBLAS (v10.1) function cublasStatus_t cublasSetStream_v2(cublasContext*, CUstream_st*) called:
i!  handle: type=cublasHandle_t; val=POINTER (IN HEX:0x0x7f794f238080)
i!  streamId: type=SOME TYPE; val=POINTER (IN HEX:0x0x7f79e40024d0)
i! Time: 2019-09-29T03:12:25 elapsed from start 0.100000 minutes or 6.000000 seconds
i!Process=15846; Thread=140163789756160; GPU=0; Handle=POINTER (IN HEX:0x0x7f794f238080); StreamId=POINTER (IN HEX:0x0x7f79e40ddea0); MathMode=CUBLAS_DEFAULT_MATH
i! COMPILED WITH: GNU GCC/G++ / 4.1.2 20080704 (Red Hat 4.1.2-48)
I! cuBLAS (v10.1) function cublasStatus_t cublasSgemmStridedBatched(cublasContext*, cublasOperation_t, cublasOperation_t, int, int, int, const float*, const float*, int, long long int, const float*, int, long long int, const float*, float*, int, long long int, int) called:
i!  handle: type=cublasHandle_t; val=POINTER (IN HEX:0x0x7f794f238080)
i!  transa: type=cublasOperation_t; val=CUBLAS_OP_N(0)
i!  transb: type=cublasOperation_t; val=CUBLAS_OP_T(1)
i!  m: type=int; val=64
i!  n: type=int; val=6
i!  k: type=int; val=16
i!  alpha: type=float; val=POINTER (IN HEX:0x0x7f7a6ce591bc)
i!  A: type=float; val=POINTER (IN HEX:0x0x7f7a37a90800)
i!  lda: type=int; val=64
i!  strideA: type=SOME TYPE; val=1024
i!  B: type=float; val=POINTER (IN HEX:0x0x7f7a37b39800)
i!  ldb: type=int; val=6
i!  strideB: type=SOME TYPE; val=96
i!  beta: type=float; val=POINTER (IN HEX:0x0x7f7a6ce591b8)
i!  C: type=float; val=POINTER (IN HEX:0x0x7f7a37b49580)
i!  ldc: type=int; val=64
i!  strideC: type=SOME TYPE; val=384
i!  batchSize: type=int; val=169
i! Time: 2019-09-29T03:12:25 elapsed from start 0.100000 minutes or 6.000000 seconds
i!Process=15846; Thread=140163789756160; GPU=0; Handle=POINTER (IN HEX:0x0x7f794f238080); StreamId=POINTER (IN HEX:0x0x7f79e40024d0); MathMode=CUBLAS_DEFAULT_MATH
i! COMPILED WITH: GNU GCC/G++ / 4.1.2 20080704 (Red Hat 4.1.2-48)
I! cuBLAS (v10.1) function cublasStatus_t cublasSetMathMode(cublasContext*, cublasMath_t) called:
i!  handle: type=cublasHandle_t; val=POINTER (IN HEX:0x0x7f794f238080)
i!  mode: type=cublasMath_t; val=CUBLAS_DEFAULT_MATH(0)
i! Time: 2019-09-29T03:12:25 elapsed from start 0.100000 minutes or 6.000000 seconds
i!Process=15846; Thread=140163789756160; GPU=0; Handle=POINTER (IN HEX:0x0x7f794f238080); StreamId=POINTER (IN HEX:0x0x7f79e40024d0); MathMode=CUBLAS_DEFAULT_MATH
i! COMPILED WITH: GNU GCC/G++ / 4.1.2 20080704 (Red Hat 4.1.2-48)
I! cuBLAS (v10.1) function cublasStatus_t cublasGetMathMode(cublasContext*, cublasMath_t*) called:
i!  handle: type=cublasHandle_t; val=POINTER (IN HEX:0x0x7f79e4002cf0)
i!  mode: type=cublasMath_t; val=POINTER (IN HEX:0x0x7f7a6ce6027c)
i! Time: 2019-09-29T03:12:25 elapsed from start 0.100000 minutes or 6.000000 seconds
i!Process=15846; Thread=140163789756160; GPU=0; Handle=POINTER (IN HEX:0x0x7f79e4002cf0); StreamId=POINTER (IN HEX:0x0x7f79e40024d0); MathMode=CUBLAS_DEFAULT_MATH
i! COMPILED WITH: GNU GCC/G++ / 4.1.2 20080704 (Red Hat 4.1.2-48)
I! cuBLAS (v10.1) function cublasStatus_t cublasSetMathMode(cublasContext*, cublasMath_t) called:
i!  handle: type=cublasHandle_t; val=POINTER (IN HEX:0x0x7f79e4002cf0)
i!  mode: type=cublasMath_t; val=CUBLAS_DEFAULT_MATH(0)
i! Time: 2019-09-29T03:12:25 elapsed from start 0.100000 minutes or 6.000000 seconds
i!Process=15846; Thread=140163789756160; GPU=0; Handle=POINTER (IN HEX:0x0x7f79e4002cf0); StreamId=POINTER (IN HEX:0x0x7f79e40024d0); MathMode=CUBLAS_DEFAULT_MATH
i! COMPILED WITH: GNU GCC/G++ / 4.1.2 20080704 (Red Hat 4.1.2-48)
I! cuBLAS (v10.1) function cublasStatus_t cublasSgemmStridedBatched(cublasContext*, cublasOperation_t, cublasOperation_t, int, int, int, const float*, const float*, int, long long int, const float*, int, long long int, const float*, float*, int, long long int, int) called:
i!  handle: type=cublasHandle_t; val=POINTER (IN HEX:0x0x7f79e4002cf0)
i!  transa: type=cublasOperation_t; val=CUBLAS_OP_T(1)
i!  transb: type=cublasOperation_t; val=CUBLAS_OP_N(0)
i!  m: type=int; val=120
i!  n: type=int; val=8
i!  k: type=int; val=400
i!  alpha: type=float; val=POINTER (IN HEX:0x0x7f7a6ce6049c)
i!  A: type=float; val=POINTER (IN HEX:0x0x7f79f63ad400)
i!  lda: type=int; val=400
i!  strideA: type=SOME TYPE; val=48000
i!  B: type=float; val=POINTER (IN HEX:0x0x7f7a37a53a00)
i!  ldb: type=int; val=400
i!  strideB: type=SOME TYPE; val=3200
i!  beta: type=float; val=POINTER (IN HEX:0x0x7f7a6ce60498)
i!  C: type=float; val=POINTER (IN HEX:0x0x7f79f63ff000)
i!  ldc: type=int; val=120
i!  strideC: type=SOME TYPE; val=960
i!  batchSize: type=int; val=1
i! Time: 2019-09-29T03:12:25 elapsed from start 0.100000 minutes or 6.000000 seconds
i!Process=15846; Thread=140163789756160; GPU=0; Handle=POINTER (IN HEX:0x0x7f79e4002cf0); StreamId=POINTER (IN HEX:0x0x7f79e40024d0); MathMode=CUBLAS_DEFAULT_MATH
i! COMPILED WITH: GNU GCC/G++ / 4.1.2 20080704 (Red Hat 4.1.2-48)
I! cuBLAS (v10.1) function cublasStatus_t cublasSgemm_v2(cublasContext*, cublasOperation_t, cublasOperation_t, int, int, int, const float*, const float*, int, const float*, int, const float*, float*, int) called:
i!  handle: type=cublasHandle_t; val=POINTER (IN HEX:0x0x7f79e4002cf0)
i!  transa: type=cublasOperation_t; val=CUBLAS_OP_T(1)
i!  transb: type=cublasOperation_t; val=CUBLAS_OP_N(0)
i!  m: type=int; val=120
i!  n: type=int; val=8
i!  k: type=int; val=400
i!  alpha: type=float; val=POINTER (IN HEX:0x0x7f7a6ce6049c)
i!  A: type=float; val=POINTER (IN HEX:0x0x7f79f63ad400)
i!  lda: type=int; val=400
i!  B: type=float; val=POINTER (IN HEX:0x0x7f7a37a53a00)
i!  ldb: type=int; val=400
i!  beta: type=float; val=POINTER (IN HEX:0x0x7f7a6ce60498)
i!  C: type=float; val=POINTER (IN HEX:0x0x7f79f63ff000)
i!  ldc: type=int; val=120
i! Time: 2019-09-29T03:12:25 elapsed from start 0.100000 minutes or 6.000000 seconds
i!Process=15846; Thread=140163789756160; GPU=0; Handle=POINTER (IN HEX:0x0x7f79e4002cf0); StreamId=POINTER (IN HEX:0x0x7f79e40024d0); MathMode=CUBLAS_DEFAULT_MATH
i! COMPILED WITH: GNU GCC/G++ / 4.1.2 20080704 (Red Hat 4.1.2-48)
I! cuBLAS (v10.1) function cublasStatus_t cublasGetMathMode(cublasContext*, cublasMath_t*) called:
i!  handle: type=cublasHandle_t; val=POINTER (IN HEX:0x0x7f79e4002cf0)
i!  mode: type=cublasMath_t; val=POINTER (IN HEX:0x0x7f7a6ce5fe5c)
i! Time: 2019-09-29T03:12:25 elapsed from start 0.100000 minutes or 6.000000 seconds
i!Process=15846; Thread=140163789756160; GPU=0; Handle=POINTER (IN HEX:0x0x7f79e4002cf0); StreamId=POINTER (IN HEX:0x0x7f79e40024d0); MathMode=CUBLAS_DEFAULT_MATH
i! COMPILED WITH: GNU GCC/G++ / 4.1.2 20080704 (Red Hat 4.1.2-48)
I! cuBLAS (v10.1) function cublasStatus_t cublasGetMathMode(cublasContext*, cublasMath_t*) called:
i!  handle: type=cublasHandle_t; val=POINTER (IN HEX:0x0x7f79e4002cf0)
i!  mode: type=cublasMath_t; val=POINTER (IN HEX:0x0x7f7a6ce6027c)
i! Time: 2019-09-29T03:12:25 elapsed from start 0.100000 minutes or 6.000000 seconds
i!Process=15846; Thread=140163789756160; GPU=0; Handle=POINTER (IN HEX:0x0x7f79e4002cf0); StreamId=POINTER (IN HEX:0x0x7f79e40024d0); MathMode=CUBLAS_DEFAULT_MATH
i! COMPILED WITH: GNU GCC/G++ / 4.1.2 20080704 (Red Hat 4.1.2-48)
I! cuBLAS (v10.1) function cublasStatus_t cublasSetMathMode(cublasContext*, cublasMath_t) called:
i!  handle: type=cublasHandle_t; val=POINTER (IN HEX:0x0x7f79e4002cf0)
i!  mode: type=cublasMath_t; val=CUBLAS_DEFAULT_MATH(0)
i! Time: 2019-09-29T03:12:25 elapsed from start 0.100000 minutes or 6.000000 seconds
i!Process=15846; Thread=140163789756160; GPU=0; Handle=POINTER (IN HEX:0x0x7f79e4002cf0); StreamId=POINTER (IN HEX:0x0x7f79e40024d0); MathMode=CUBLAS_DEFAULT_MATH
i! COMPILED WITH: GNU GCC/G++ / 4.1.2 20080704 (Red Hat 4.1.2-48)
I! cuBLAS (v10.1) function cublasStatus_t cublasGetMathMode(cublasContext*, cublasMath_t*) called:
i!  handle: type=cublasHandle_t; val=POINTER (IN HEX:0x0x7f79e4002cf0)
i!  mode: type=cublasMath_t; val=POINTER (IN HEX:0x0x7f7a6ce6027c)
i! Time: 2019-09-29T03:12:25 elapsed from start 0.100000 minutes or 6.000000 seconds
i!Process=15846; Thread=140163789756160; GPU=0; Handle=POINTER (IN HEX:0x0x7f79e4002cf0); StreamId=POINTER (IN HEX:0x0x7f79e40024d0); MathMode=CUBLAS_DEFAULT_MATH
i! COMPILED WITH: GNU GCC/G++ / 4.1.2 20080704 (Red Hat 4.1.2-48)
I! cuBLAS (v10.1) function cublasStatus_t cublasSetMathMode(cublasContext*, cublasMath_t) called:
i!  handle: type=cublasHandle_t; val=POINTER (IN HEX:0x0x7f79e4002cf0)
i!  mode: type=cublasMath_t; val=CUBLAS_DEFAULT_MATH(0)
i! Time: 2019-09-29T03:12:25 elapsed from start 0.100000 minutes or 6.000000 seconds
i!Process=15846; Thread=140163789756160; GPU=0; Handle=POINTER (IN HEX:0x0x7f79e4002cf0); StreamId=POINTER (IN HEX:0x0x7f79e40024d0); MathMode=CUBLAS_DEFAULT_MATH
i! COMPILED WITH: GNU GCC/G++ / 4.1.2 20080704 (Red Hat 4.1.2-48)
I! cuBLAS (v10.1) function cublasStatus_t cublasSgemmStridedBatched(cublasContext*, cublasOperation_t, cublasOperation_t, int, int, int, const float*, const float*, int, long long int, const float*, int, long long int, const float*, float*, int, long long int, int) called:
i!  handle: type=cublasHandle_t; val=POINTER (IN HEX:0x0x7f79e4002cf0)
i!  transa: type=cublasOperation_t; val=CUBLAS_OP_T(1)
i!  transb: type=cublasOperation_t; val=CUBLAS_OP_N(0)
i!  m: type=int; val=84
i!  n: type=int; val=8
i!  k: type=int; val=120
i!  alpha: type=float; val=POINTER (IN HEX:0x0x7f7a6ce6049c)
i!  A: type=float; val=POINTER (IN HEX:0x0x7f79f63de200)
i!  lda: type=int; val=120
i!  strideA: type=SOME TYPE; val=10080
i!  B: type=float; val=POINTER (IN HEX:0x0x7f79f63ff000)
i!  ldb: type=int; val=120
i!  strideB: type=SOME TYPE; val=960
i!  beta: type=float; val=POINTER (IN HEX:0x0x7f7a6ce60498)
i!  C: type=float; val=POINTER (IN HEX:0x0x7f7a37a78600)
i!  ldc: type=int; val=84
i!  strideC: type=SOME TYPE; val=672
i!  batchSize: type=int; val=1
i! Time: 2019-09-29T03:12:25 elapsed from start 0.100000 minutes or 6.000000 seconds
i!Process=15846; Thread=140163789756160; GPU=0; Handle=POINTER (IN HEX:0x0x7f79e4002cf0); StreamId=POINTER (IN HEX:0x0x7f79e40024d0); MathMode=CUBLAS_DEFAULT_MATH
i! COMPILED WITH: GNU GCC/G++ / 4.1.2 20080704 (Red Hat 4.1.2-48)
I! cuBLAS (v10.1) function cublasStatus_t cublasSgemm_v2(cublasContext*, cublasOperation_t, cublasOperation_t, int, int, int, const float*, const float*, int, const float*, int, const float*, float*, int) called:
i!  handle: type=cublasHandle_t; val=POINTER (IN HEX:0x0x7f79e4002cf0)
i!  transa: type=cublasOperation_t; val=CUBLAS_OP_T(1)
i!  transb: type=cublasOperation_t; val=CUBLAS_OP_N(0)
i!  m: type=int; val=84
i!  n: type=int; val=8
i!  k: type=int; val=120
i!  alpha: type=float; val=POINTER (IN HEX:0x0x7f7a6ce6049c)
i!  A: type=float; val=POINTER (IN HEX:0x0x7f79f63de200)
i!  lda: type=int; val=120
i!  B: type=float; val=POINTER (IN HEX:0x0x7f79f63ff000)
i!  ldb: type=int; val=120
i!  beta: type=float; val=POINTER (IN HEX:0x0x7f7a6ce60498)
i!  C: type=float; val=POINTER (IN HEX:0x0x7f7a37a78600)
i!  ldc: type=int; val=84
i! Time: 2019-09-29T03:12:25 elapsed from start 0.100000 minutes or 6.000000 seconds
i!Process=15846; Thread=140163789756160; GPU=0; Handle=POINTER (IN HEX:0x0x7f79e4002cf0); StreamId=POINTER (IN HEX:0x0x7f79e40024d0); MathMode=CUBLAS_DEFAULT_MATH
i! COMPILED WITH: GNU GCC/G++ / 4.1.2 20080704 (Red Hat 4.1.2-48)
I! cuBLAS (v10.1) function cublasStatus_t cublasGetMathMode(cublasContext*, cublasMath_t*) called:
i!  handle: type=cublasHandle_t; val=POINTER (IN HEX:0x0x7f79e4002cf0)
i!  mode: type=cublasMath_t; val=POINTER (IN HEX:0x0x7f7a6ce5fe5c)
i! Time: 2019-09-29T03:12:25 elapsed from start 0.100000 minutes or 6.000000 seconds
i!Process=15846; Thread=140163789756160; GPU=0; Handle=POINTER (IN HEX:0x0x7f79e4002cf0); StreamId=POINTER (IN HEX:0x0x7f79e40024d0); MathMode=CUBLAS_DEFAULT_MATH
i! COMPILED WITH: GNU GCC/G++ / 4.1.2 20080704 (Red Hat 4.1.2-48)
I! cuBLAS (v10.1) function cublasStatus_t cublasGetMathMode(cublasContext*, cublasMath_t*) called:
i!  handle: type=cublasHandle_t; val=POINTER (IN HEX:0x0x7f79e4002cf0)
i!  mode: type=cublasMath_t; val=POINTER (IN HEX:0x0x7f7a6ce6027c)
i! Time: 2019-09-29T03:12:25 elapsed from start 0.100000 minutes or 6.000000 seconds
i!Process=15846; Thread=140163789756160; GPU=0; Handle=POINTER (IN HEX:0x0x7f79e4002cf0); StreamId=POINTER (IN HEX:0x0x7f79e40024d0); MathMode=CUBLAS_DEFAULT_MATH
i! COMPILED WITH: GNU GCC/G++ / 4.1.2 20080704 (Red Hat 4.1.2-48)
I! cuBLAS (v10.1) function cublasStatus_t cublasSetMathMode(cublasContext*, cublasMath_t) called:
i!  handle: type=cublasHandle_t; val=POINTER (IN HEX:0x0x7f79e4002cf0)
i!  mode: type=cublasMath_t; val=CUBLAS_DEFAULT_MATH(0)
i! Time: 2019-09-29T03:12:25 elapsed from start 0.100000 minutes or 6.000000 seconds
i!Process=15846; Thread=140163789756160; GPU=0; Handle=POINTER (IN HEX:0x0x7f79e4002cf0); StreamId=POINTER (IN HEX:0x0x7f79e40024d0); MathMode=CUBLAS_DEFAULT_MATH
i! COMPILED WITH: GNU GCC/G++ / 4.1.2 20080704 (Red Hat 4.1.2-48)
I! cuBLAS (v10.1) function cublasStatus_t cublasGetMathMode(cublasContext*, cublasMath_t*) called:
i!  handle: type=cublasHandle_t; val=POINTER (IN HEX:0x0x7f79e4002cf0)
i!  mode: type=cublasMath_t; val=POINTER (IN HEX:0x0x7f7a6ce6027c)
i! Time: 2019-09-29T03:12:25 elapsed from start 0.100000 minutes or 6.000000 seconds
i!Process=15846; Thread=140163789756160; GPU=0; Handle=POINTER (IN HEX:0x0x7f79e4002cf0); StreamId=POINTER (IN HEX:0x0x7f79e40024d0); MathMode=CUBLAS_DEFAULT_MATH
i! COMPILED WITH: GNU GCC/G++ / 4.1.2 20080704 (Red Hat 4.1.2-48)
I! cuBLAS (v10.1) function cublasStatus_t cublasSetMathMode(cublasContext*, cublasMath_t) called:
i!  handle: type=cublasHandle_t; val=POINTER (IN HEX:0x0x7f79e4002cf0)
i!  mode: type=cublasMath_t; val=CUBLAS_DEFAULT_MATH(0)
i! Time: 2019-09-29T03:12:25 elapsed from start 0.100000 minutes or 6.000000 seconds
i!Process=15846; Thread=140163789756160; GPU=0; Handle=POINTER (IN HEX:0x0x7f79e4002cf0); StreamId=POINTER (IN HEX:0x0x7f79e40024d0); MathMode=CUBLAS_DEFAULT_MATH
i! COMPILED WITH: GNU GCC/G++ / 4.1.2 20080704 (Red Hat 4.1.2-48)
I! cuBLAS (v10.1) function cublasStatus_t cublasSgemmStridedBatched(cublasContext*, cublasOperation_t, cublasOperation_t, int, int, int, const float*, const float*, int, long long int, const float*, int, long long int, const float*, float*, int, long long int, int) called:
i!  handle: type=cublasHandle_t; val=POINTER (IN HEX:0x0x7f79e4002cf0)
i!  transa: type=cublasOperation_t; val=CUBLAS_OP_T(1)
i!  transb: type=cublasOperation_t; val=CUBLAS_OP_N(0)
i!  m: type=int; val=10
i!  n: type=int; val=8
i!  k: type=int; val=84
i!  alpha: type=float; val=POINTER (IN HEX:0x0x7f7a6ce6049c)
i!  A: type=float; val=POINTER (IN HEX:0x0x7f79f63f3e00)
i!  lda: type=int; val=84
i!  strideA: type=SOME TYPE; val=840
i!  B: type=float; val=POINTER (IN HEX:0x0x7f7a37a78600)
i!  ldb: type=int; val=84
i!  strideB: type=SOME TYPE; val=672
i!  beta: type=float; val=POINTER (IN HEX:0x0x7f7a6ce60498)
i!  C: type=float; val=POINTER (IN HEX:0x0x7f79f63ff000)
i!  ldc: type=int; val=10
i!  strideC: type=SOME TYPE; val=80
i!  batchSize: type=int; val=1
i! Time: 2019-09-29T03:12:25 elapsed from start 0.100000 minutes or 6.000000 seconds
i!Process=15846; Thread=140163789756160; GPU=0; Handle=POINTER (IN HEX:0x0x7f79e4002cf0); StreamId=POINTER (IN HEX:0x0x7f79e40024d0); MathMode=CUBLAS_DEFAULT_MATH
i! COMPILED WITH: GNU GCC/G++ / 4.1.2 20080704 (Red Hat 4.1.2-48)
I! cuBLAS (v10.1) function cublasStatus_t cublasSgemm_v2(cublasContext*, cublasOperation_t, cublasOperation_t, int, int, int, const float*, const float*, int, const float*, int, const float*, float*, int) called:
i!  handle: type=cublasHandle_t; val=POINTER (IN HEX:0x0x7f79e4002cf0)
i!  transa: type=cublasOperation_t; val=CUBLAS_OP_T(1)
i!  transb: type=cublasOperation_t; val=CUBLAS_OP_N(0)
i!  m: type=int; val=10
i!  n: type=int; val=8
i!  k: type=int; val=84
i!  alpha: type=float; val=POINTER (IN HEX:0x0x7f7a6ce6049c)
i!  A: type=float; val=POINTER (IN HEX:0x0x7f79f63f3e00)
i!  lda: type=int; val=84
i!  B: type=float; val=POINTER (IN HEX:0x0x7f7a37a78600)
i!  ldb: type=int; val=84
i!  beta: type=float; val=POINTER (IN HEX:0x0x7f7a6ce60498)
i!  C: type=float; val=POINTER (IN HEX:0x0x7f79f63ff000)
i!  ldc: type=int; val=10
i! Time: 2019-09-29T03:12:25 elapsed from start 0.100000 minutes or 6.000000 seconds
i!Process=15846; Thread=140163789756160; GPU=0; Handle=POINTER (IN HEX:0x0x7f79e4002cf0); StreamId=POINTER (IN HEX:0x0x7f79e40024d0); MathMode=CUBLAS_DEFAULT_MATH
i! COMPILED WITH: GNU GCC/G++ / 4.1.2 20080704 (Red Hat 4.1.2-48)
I! cuBLAS (v10.1) function cublasStatus_t cublasGetMathMode(cublasContext*, cublasMath_t*) called:
i!  handle: type=cublasHandle_t; val=POINTER (IN HEX:0x0x7f79e4002cf0)
i!  mode: type=cublasMath_t; val=POINTER (IN HEX:0x0x7f7a6ce5fe5c)
i! Time: 2019-09-29T03:12:25 elapsed from start 0.100000 minutes or 6.000000 seconds
i!Process=15846; Thread=140163789756160; GPU=0; Handle=POINTER (IN HEX:0x0x7f79e4002cf0); StreamId=POINTER (IN HEX:0x0x7f79e40024d0); MathMode=CUBLAS_DEFAULT_MATH
i! COMPILED WITH: GNU GCC/G++ / 4.1.2 20080704 (Red Hat 4.1.2-48)
I! cuBLAS (v10.1) function cublasStatus_t cublasGetMathMode(cublasContext*, cublasMath_t*) called:
i!  handle: type=cublasHandle_t; val=POINTER (IN HEX:0x0x7f79e4002cf0)
i!  mode: type=cublasMath_t; val=POINTER (IN HEX:0x0x7f7a6ce6027c)
i! Time: 2019-09-29T03:12:25 elapsed from start 0.100000 minutes or 6.000000 seconds
i!Process=15846; Thread=140163789756160; GPU=0; Handle=POINTER (IN HEX:0x0x7f79e4002cf0); StreamId=POINTER (IN HEX:0x0x7f79e40024d0); MathMode=CUBLAS_DEFAULT_MATH
i! COMPILED WITH: GNU GCC/G++ / 4.1.2 20080704 (Red Hat 4.1.2-48)
I! cuBLAS (v10.1) function cublasStatus_t cublasSetMathMode(cublasContext*, cublasMath_t) called:
i!  handle: type=cublasHandle_t; val=POINTER (IN HEX:0x0x7f79e4002cf0)
i!  mode: type=cublasMath_t; val=CUBLAS_DEFAULT_MATH(0)
i! Time: 2019-09-29T03:12:25 elapsed from start 0.100000 minutes or 6.000000 seconds
i!Process=15846; Thread=140163789756160; GPU=0; Handle=POINTER (IN HEX:0x0x7f79e4002cf0); StreamId=POINTER (IN HEX:0x0x7f79e40024d0); MathMode=CUBLAS_DEFAULT_MATH
i! COMPILED WITH: GNU GCC/G++ / 4.1.2 20080704 (Red Hat 4.1.2-48)
I! cuBLAS (v10.1) function cublasStatus_t cublasGetMathMode(cublasContext*, cublasMath_t*) called:
i!  handle: type=cublasHandle_t; val=POINTER (IN HEX:0x0x7f79dc3c0370)
i!  mode: type=cublasMath_t; val=POINTER (IN HEX:0x0x7f7a6d66127c)
i! Time: 2019-09-29T03:12:25 elapsed from start 0.100000 minutes or 6.000000 seconds
i!Process=15846; Thread=140163798148864; GPU=0; Handle=POINTER (IN HEX:0x0x7f79dc3c0370); StreamId=POINTER (IN HEX:0x0x7f79ec0024d0); MathMode=CUBLAS_DEFAULT_MATH
i! COMPILED WITH: GNU GCC/G++ / 4.1.2 20080704 (Red Hat 4.1.2-48)
I! cuBLAS (v10.1) function cublasStatus_t cublasSetMathMode(cublasContext*, cublasMath_t) called:
i!  handle: type=cublasHandle_t; val=POINTER (IN HEX:0x0x7f79dc3c0370)
i!  mode: type=cublasMath_t; val=CUBLAS_DEFAULT_MATH(0)
i! Time: 2019-09-29T03:12:25 elapsed from start 0.100000 minutes or 6.000000 seconds
i!Process=15846; Thread=140163798148864; GPU=0; Handle=POINTER (IN HEX:0x0x7f79dc3c0370); StreamId=POINTER (IN HEX:0x0x7f79ec0024d0); MathMode=CUBLAS_DEFAULT_MATH
i! COMPILED WITH: GNU GCC/G++ / 4.1.2 20080704 (Red Hat 4.1.2-48)
I! cuBLAS (v10.1) function cublasStatus_t cublasSgemmStridedBatched(cublasContext*, cublasOperation_t, cublasOperation_t, int, int, int, const float*, const float*, int, long long int, const float*, int, long long int, const float*, float*, int, long long int, int) called:
i!  handle: type=cublasHandle_t; val=POINTER (IN HEX:0x0x7f79dc3c0370)
i!  transa: type=cublasOperation_t; val=CUBLAS_OP_T(1)
i!  transb: type=cublasOperation_t; val=CUBLAS_OP_N(0)
i!  m: type=int; val=120
i!  n: type=int; val=8
i!  k: type=int; val=400
i!  alpha: type=float; val=POINTER (IN HEX:0x0x7f7a6d66149c)
i!  A: type=float; val=POINTER (IN HEX:0x0x7f79f63ad400)
i!  lda: type=int; val=400
i!  strideA: type=SOME TYPE; val=48000
i!  B: type=float; val=POINTER (IN HEX:0x0x7f7a37a53a00)
i!  ldb: type=int; val=400
i!  strideB: type=SOME TYPE; val=3200
i!  beta: type=float; val=POINTER (IN HEX:0x0x7f7a6d661498)
i!  C: type=float; val=POINTER (IN HEX:0x0x7f79f63ff000)
i!  ldc: type=int; val=120
i!  strideC: type=SOME TYPE; val=960
i!  batchSize: type=int; val=1
i! Time: 2019-09-29T03:12:25 elapsed from start 0.100000 minutes or 6.000000 seconds
i!Process=15846; Thread=140163798148864; GPU=0; Handle=POINTER (IN HEX:0x0x7f79dc3c0370); StreamId=POINTER (IN HEX:0x0x7f79ec0024d0); MathMode=CUBLAS_DEFAULT_MATH
i! COMPILED WITH: GNU GCC/G++ / 4.1.2 20080704 (Red Hat 4.1.2-48)
I! cuBLAS (v10.1) function cublasStatus_t cublasSgemm_v2(cublasContext*, cublasOperation_t, cublasOperation_t, int, int, int, const float*, const float*, int, const float*, int, const float*, float*, int) called:
i!  handle: type=cublasHandle_t; val=POINTER (IN HEX:0x0x7f79dc3c0370)
i!  transa: type=cublasOperation_t; val=CUBLAS_OP_T(1)
i!  transb: type=cublasOperation_t; val=CUBLAS_OP_N(0)
i!  m: type=int; val=120
i!  n: type=int; val=8
i!  k: type=int; val=400
i!  alpha: type=float; val=POINTER (IN HEX:0x0x7f7a6d66149c)
i!  A: type=float; val=POINTER (IN HEX:0x0x7f79f63ad400)
i!  lda: type=int; val=400
i!  B: type=float; val=POINTER (IN HEX:0x0x7f7a37a53a00)
i!  ldb: type=int; val=400
i!  beta: type=float; val=POINTER (IN HEX:0x0x7f7a6d661498)
i!  C: type=float; val=POINTER (IN HEX:0x0x7f79f63ff000)
i!  ldc: type=int; val=120
i! Time: 2019-09-29T03:12:25 elapsed from start 0.100000 minutes or 6.000000 seconds
i!Process=15846; Thread=140163798148864; GPU=0; Handle=POINTER (IN HEX:0x0x7f79dc3c0370); StreamId=POINTER (IN HEX:0x0x7f79ec0024d0); MathMode=CUBLAS_DEFAULT_MATH
i! COMPILED WITH: GNU GCC/G++ / 4.1.2 20080704 (Red Hat 4.1.2-48)
I! cuBLAS (v10.1) function cublasStatus_t cublasGetMathMode(cublasContext*, cublasMath_t*) called:
i!  handle: type=cublasHandle_t; val=POINTER (IN HEX:0x0x7f79dc3c0370)
i!  mode: type=cublasMath_t; val=POINTER (IN HEX:0x0x7f7a6d660e5c)
i! Time: 2019-09-29T03:12:25 elapsed from start 0.100000 minutes or 6.000000 seconds
i!Process=15846; Thread=140163798148864; GPU=0; Handle=POINTER (IN HEX:0x0x7f79dc3c0370); StreamId=POINTER (IN HEX:0x0x7f79ec0024d0); MathMode=CUBLAS_DEFAULT_MATH
i! COMPILED WITH: GNU GCC/G++ / 4.1.2 20080704 (Red Hat 4.1.2-48)
I! cuBLAS (v10.1) function cublasStatus_t cublasGetMathMode(cublasContext*, cublasMath_t*) called:
i!  handle: type=cublasHandle_t; val=POINTER (IN HEX:0x0x7f79dc3c0370)
i!  mode: type=cublasMath_t; val=POINTER (IN HEX:0x0x7f7a6d66127c)
i! Time: 2019-09-29T03:12:25 elapsed from start 0.100000 minutes or 6.000000 seconds
i!Process=15846; Thread=140163798148864; GPU=0; Handle=POINTER (IN HEX:0x0x7f79dc3c0370); StreamId=POINTER (IN HEX:0x0x7f79ec0024d0); MathMode=CUBLAS_DEFAULT_MATH
i! COMPILED WITH: GNU GCC/G++ / 4.1.2 20080704 (Red Hat 4.1.2-48)
I! cuBLAS (v10.1) function cublasStatus_t cublasSetMathMode(cublasContext*, cublasMath_t) called:
i!  handle: type=cublasHandle_t; val=POINTER (IN HEX:0x0x7f79dc3c0370)
i!  mode: type=cublasMath_t; val=CUBLAS_DEFAULT_MATH(0)
i! Time: 2019-09-29T03:12:25 elapsed from start 0.100000 minutes or 6.000000 seconds
i!Process=15846; Thread=140163798148864; GPU=0; Handle=POINTER (IN HEX:0x0x7f79dc3c0370); StreamId=POINTER (IN HEX:0x0x7f79ec0024d0); MathMode=CUBLAS_DEFAULT_MATH
i! COMPILED WITH: GNU GCC/G++ / 4.1.2 20080704 (Red Hat 4.1.2-48)
I! cuBLAS (v10.1) function cublasStatus_t cublasGetMathMode(cublasContext*, cublasMath_t*) called:
i!  handle: type=cublasHandle_t; val=POINTER (IN HEX:0x0x7f79dc3c0370)
i!  mode: type=cublasMath_t; val=POINTER (IN HEX:0x0x7f7a6d66127c)
i! Time: 2019-09-29T03:12:25 elapsed from start 0.100000 minutes or 6.000000 seconds
i!Process=15846; Thread=140163798148864; GPU=0; Handle=POINTER (IN HEX:0x0x7f79dc3c0370); StreamId=POINTER (IN HEX:0x0x7f79ec0024d0); MathMode=CUBLAS_DEFAULT_MATH
i! COMPILED WITH: GNU GCC/G++ / 4.1.2 20080704 (Red Hat 4.1.2-48)
I! cuBLAS (v10.1) function cublasStatus_t cublasSetMathMode(cublasContext*, cublasMath_t) called:
i!  handle: type=cublasHandle_t; val=POINTER (IN HEX:0x0x7f79dc3c0370)
i!  mode: type=cublasMath_t; val=CUBLAS_DEFAULT_MATH(0)
i! Time: 2019-09-29T03:12:25 elapsed from start 0.100000 minutes or 6.000000 seconds
i!Process=15846; Thread=140163798148864; GPU=0; Handle=POINTER (IN HEX:0x0x7f79dc3c0370); StreamId=POINTER (IN HEX:0x0x7f79ec0024d0); MathMode=CUBLAS_DEFAULT_MATH
i! COMPILED WITH: GNU GCC/G++ / 4.1.2 20080704 (Red Hat 4.1.2-48)
I! cuBLAS (v10.1) function cublasStatus_t cublasSgemmStridedBatched(cublasContext*, cublasOperation_t, cublasOperation_t, int, int, int, const float*, const float*, int, long long int, const float*, int, long long int, const float*, float*, int, long long int, int) called:
i!  handle: type=cublasHandle_t; val=POINTER (IN HEX:0x0x7f79dc3c0370)
i!  transa: type=cublasOperation_t; val=CUBLAS_OP_T(1)
i!  transb: type=cublasOperation_t; val=CUBLAS_OP_N(0)
i!  m: type=int; val=84
i!  n: type=int; val=8
i!  k: type=int; val=120
i!  alpha: type=float; val=POINTER (IN HEX:0x0x7f7a6d66149c)
i!  A: type=float; val=POINTER (IN HEX:0x0x7f79f63de200)
i!  lda: type=int; val=120
i!  strideA: type=SOME TYPE; val=10080
i!  B: type=float; val=POINTER (IN HEX:0x0x7f79f63ff000)
i!  ldb: type=int; val=120
i!  strideB: type=SOME TYPE; val=960
i!  beta: type=float; val=POINTER (IN HEX:0x0x7f7a6d661498)
i!  C: type=float; val=POINTER (IN HEX:0x0x7f7a37a78600)
i!  ldc: type=int; val=84
i!  strideC: type=SOME TYPE; val=672
i!  batchSize: type=int; val=1
i! Time: 2019-09-29T03:12:25 elapsed from start 0.100000 minutes or 6.000000 seconds
i!Process=15846; Thread=140163798148864; GPU=0; Handle=POINTER (IN HEX:0x0x7f79dc3c0370); StreamId=POINTER (IN HEX:0x0x7f79ec0024d0); MathMode=CUBLAS_DEFAULT_MATH
i! COMPILED WITH: GNU GCC/G++ / 4.1.2 20080704 (Red Hat 4.1.2-48)
I! cuBLAS (v10.1) function cublasStatus_t cublasSgemm_v2(cublasContext*, cublasOperation_t, cublasOperation_t, int, int, int, const float*, const float*, int, const float*, int, const float*, float*, int) called:
i!  handle: type=cublasHandle_t; val=POINTER (IN HEX:0x0x7f79dc3c0370)
i!  transa: type=cublasOperation_t; val=CUBLAS_OP_T(1)
i!  transb: type=cublasOperation_t; val=CUBLAS_OP_N(0)
i!  m: type=int; val=84
i!  n: type=int; val=8
i!  k: type=int; val=120
i!  alpha: type=float; val=POINTER (IN HEX:0x0x7f7a6d66149c)
i!  A: type=float; val=POINTER (IN HEX:0x0x7f79f63de200)
i!  lda: type=int; val=120
i!  B: type=float; val=POINTER (IN HEX:0x0x7f79f63ff000)
i!  ldb: type=int; val=120
i!  beta: type=float; val=POINTER (IN HEX:0x0x7f7a6d661498)
i!  C: type=float; val=POINTER (IN HEX:0x0x7f7a37a78600)
i!  ldc: type=int; val=84
i! Time: 2019-09-29T03:12:25 elapsed from start 0.100000 minutes or 6.000000 seconds
i!Process=15846; Thread=140163798148864; GPU=0; Handle=POINTER (IN HEX:0x0x7f79dc3c0370); StreamId=POINTER (IN HEX:0x0x7f79ec0024d0); MathMode=CUBLAS_DEFAULT_MATH
i! COMPILED WITH: GNU GCC/G++ / 4.1.2 20080704 (Red Hat 4.1.2-48)
I! cuBLAS (v10.1) function cublasStatus_t cublasGetMathMode(cublasContext*, cublasMath_t*) called:
i!  handle: type=cublasHandle_t; val=POINTER (IN HEX:0x0x7f79dc3c0370)
i!  mode: type=cublasMath_t; val=POINTER (IN HEX:0x0x7f7a6d660e5c)
i! Time: 2019-09-29T03:12:25 elapsed from start 0.100000 minutes or 6.000000 seconds
i!Process=15846; Thread=140163798148864; GPU=0; Handle=POINTER (IN HEX:0x0x7f79dc3c0370); StreamId=POINTER (IN HEX:0x0x7f79ec0024d0); MathMode=CUBLAS_DEFAULT_MATH
i! COMPILED WITH: GNU GCC/G++ / 4.1.2 20080704 (Red Hat 4.1.2-48)
I! cuBLAS (v10.1) function cublasStatus_t cublasGetMathMode(cublasContext*, cublasMath_t*) called:
i!  handle: type=cublasHandle_t; val=POINTER (IN HEX:0x0x7f79dc3c0370)
i!  mode: type=cublasMath_t; val=POINTER (IN HEX:0x0x7f7a6d66127c)
i! Time: 2019-09-29T03:12:25 elapsed from start 0.100000 minutes or 6.000000 seconds
i!Process=15846; Thread=140163798148864; GPU=0; Handle=POINTER (IN HEX:0x0x7f79dc3c0370); StreamId=POINTER (IN HEX:0x0x7f79ec0024d0); MathMode=CUBLAS_DEFAULT_MATH
i! COMPILED WITH: GNU GCC/G++ / 4.1.2 20080704 (Red Hat 4.1.2-48)
I! cuBLAS (v10.1) function cublasStatus_t cublasSetMathMode(cublasContext*, cublasMath_t) called:
i!  handle: type=cublasHandle_t; val=POINTER (IN HEX:0x0x7f79dc3c0370)
i!  mode: type=cublasMath_t; val=CUBLAS_DEFAULT_MATH(0)
i! Time: 2019-09-29T03:12:25 elapsed from start 0.100000 minutes or 6.000000 seconds
i!Process=15846; Thread=140163798148864; GPU=0; Handle=POINTER (IN HEX:0x0x7f79dc3c0370); StreamId=POINTER (IN HEX:0x0x7f79ec0024d0); MathMode=CUBLAS_DEFAULT_MATH
i! COMPILED WITH: GNU GCC/G++ / 4.1.2 20080704 (Red Hat 4.1.2-48)
I! cuBLAS (v10.1) function cublasStatus_t cublasGetMathMode(cublasContext*, cublasMath_t*) called:
i!  handle: type=cublasHandle_t; val=POINTER (IN HEX:0x0x7f79dc3c0370)
i!  mode: type=cublasMath_t; val=POINTER (IN HEX:0x0x7f7a6d66127c)
i! Time: 2019-09-29T03:12:25 elapsed from start 0.100000 minutes or 6.000000 seconds
i!Process=15846; Thread=140163798148864; GPU=0; Handle=POINTER (IN HEX:0x0x7f79dc3c0370); StreamId=POINTER (IN HEX:0x0x7f79ec0024d0); MathMode=CUBLAS_DEFAULT_MATH
i! COMPILED WITH: GNU GCC/G++ / 4.1.2 20080704 (Red Hat 4.1.2-48)
I! cuBLAS (v10.1) function cublasStatus_t cublasSetMathMode(cublasContext*, cublasMath_t) called:
i!  handle: type=cublasHandle_t; val=POINTER (IN HEX:0x0x7f79dc3c0370)
i!  mode: type=cublasMath_t; val=CUBLAS_DEFAULT_MATH(0)
i! Time: 2019-09-29T03:12:25 elapsed from start 0.100000 minutes or 6.000000 seconds
i!Process=15846; Thread=140163798148864; GPU=0; Handle=POINTER (IN HEX:0x0x7f79dc3c0370); StreamId=POINTER (IN HEX:0x0x7f79ec0024d0); MathMode=CUBLAS_DEFAULT_MATH
i! COMPILED WITH: GNU GCC/G++ / 4.1.2 20080704 (Red Hat 4.1.2-48)
I! cuBLAS (v10.1) function cublasStatus_t cublasSgemmStridedBatched(cublasContext*, cublasOperation_t, cublasOperation_t, int, int, int, const float*, const float*, int, long long int, const float*, int, long long int, const float*, float*, int, long long int, int) called:
i!  handle: type=cublasHandle_t; val=POINTER (IN HEX:0x0x7f79dc3c0370)
i!  transa: type=cublasOperation_t; val=CUBLAS_OP_T(1)
i!  transb: type=cublasOperation_t; val=CUBLAS_OP_N(0)
i!  m: type=int; val=10
i!  n: type=int; val=8
i!  k: type=int; val=84
i!  alpha: type=float; val=POINTER (IN HEX:0x0x7f7a6d66149c)
i!  A: type=float; val=POINTER (IN HEX:0x0x7f79f63f3e00)
i!  lda: type=int; val=84
i!  strideA: type=SOME TYPE; val=840
i!  B: type=float; val=POINTER (IN HEX:0x0x7f7a37a78600)
i!  ldb: type=int; val=84
i!  strideB: type=SOME TYPE; val=672
i!  beta: type=float; val=POINTER (IN HEX:0x0x7f7a6d661498)
i!  C: type=float; val=POINTER (IN HEX:0x0x7f79f63ff000)
i!  ldc: type=int; val=10
i!  strideC: type=SOME TYPE; val=80
i!  batchSize: type=int; val=1
i! Time: 2019-09-29T03:12:25 elapsed from start 0.100000 minutes or 6.000000 seconds
i!Process=15846; Thread=140163798148864; GPU=0; Handle=POINTER (IN HEX:0x0x7f79dc3c0370); StreamId=POINTER (IN HEX:0x0x7f79ec0024d0); MathMode=CUBLAS_DEFAULT_MATH
i! COMPILED WITH: GNU GCC/G++ / 4.1.2 20080704 (Red Hat 4.1.2-48)
I! cuBLAS (v10.1) function cublasStatus_t cublasSgemm_v2(cublasContext*, cublasOperation_t, cublasOperation_t, int, int, int, const float*, const float*, int, const float*, int, const float*, float*, int) called:
i!  handle: type=cublasHandle_t; val=POINTER (IN HEX:0x0x7f79dc3c0370)
i!  transa: type=cublasOperation_t; val=CUBLAS_OP_T(1)
i!  transb: type=cublasOperation_t; val=CUBLAS_OP_N(0)
i!  m: type=int; val=10
i!  n: type=int; val=8
i!  k: type=int; val=84
i!  alpha: type=float; val=POINTER (IN HEX:0x0x7f7a6d66149c)
i!  A: type=float; val=POINTER (IN HEX:0x0x7f79f63f3e00)
i!  lda: type=int; val=84
i!  B: type=float; val=POINTER (IN HEX:0x0x7f7a37a78600)
i!  ldb: type=int; val=84
i!  beta: type=float; val=POINTER (IN HEX:0x0x7f7a6d661498)
i!  C: type=float; val=POINTER (IN HEX:0x0x7f79f63ff000)
i!  ldc: type=int; val=10
i! Time: 2019-09-29T03:12:25 elapsed from start 0.100000 minutes or 6.000000 seconds
i!Process=15846; Thread=140163798148864; GPU=0; Handle=POINTER (IN HEX:0x0x7f79dc3c0370); StreamId=POINTER (IN HEX:0x0x7f79ec0024d0); MathMode=CUBLAS_DEFAULT_MATH
i! COMPILED WITH: GNU GCC/G++ / 4.1.2 20080704 (Red Hat 4.1.2-48)
I! cuBLAS (v10.1) function cublasStatus_t cublasGetMathMode(cublasContext*, cublasMath_t*) called:
i!  handle: type=cublasHandle_t; val=POINTER (IN HEX:0x0x7f79dc3c0370)
i!  mode: type=cublasMath_t; val=POINTER (IN HEX:0x0x7f7a6d660e5c)
i! Time: 2019-09-29T03:12:25 elapsed from start 0.100000 minutes or 6.000000 seconds
i!Process=15846; Thread=140163798148864; GPU=0; Handle=POINTER (IN HEX:0x0x7f79dc3c0370); StreamId=POINTER (IN HEX:0x0x7f79ec0024d0); MathMode=CUBLAS_DEFAULT_MATH
i! COMPILED WITH: GNU GCC/G++ / 4.1.2 20080704 (Red Hat 4.1.2-48)
I! cuBLAS (v10.1) function cublasStatus_t cublasGetMathMode(cublasContext*, cublasMath_t*) called:
i!  handle: type=cublasHandle_t; val=POINTER (IN HEX:0x0x7f79dc3c0370)
i!  mode: type=cublasMath_t; val=POINTER (IN HEX:0x0x7f7a6d66127c)
i! Time: 2019-09-29T03:12:25 elapsed from start 0.100000 minutes or 6.000000 seconds
i!Process=15846; Thread=140163798148864; GPU=0; Handle=POINTER (IN HEX:0x0x7f79dc3c0370); StreamId=POINTER (IN HEX:0x0x7f79ec0024d0); MathMode=CUBLAS_DEFAULT_MATH
i! COMPILED WITH: GNU GCC/G++ / 4.1.2 20080704 (Red Hat 4.1.2-48)
I! cuBLAS (v10.1) function cublasStatus_t cublasSetMathMode(cublasContext*, cublasMath_t) called:
i!  handle: type=cublasHandle_t; val=POINTER (IN HEX:0x0x7f79dc3c0370)
i!  mode: type=cublasMath_t; val=CUBLAS_DEFAULT_MATH(0)
i! Time: 2019-09-29T03:12:25 elapsed from start 0.100000 minutes or 6.000000 seconds
i!Process=15846; Thread=140163798148864; GPU=0; Handle=POINTER (IN HEX:0x0x7f79dc3c0370); StreamId=POINTER (IN HEX:0x0x7f79ec0024d0); MathMode=CUBLAS_DEFAULT_MATH
i! COMPILED WITH: GNU GCC/G++ / 4.1.2 20080704 (Red Hat 4.1.2-48)
