I! cuBLAS (v10.1) function cublasStatus_t cublasCreate_v2(cublasContext**) called:
I! cuBLAS (v10.1) function cublasStatus_t cublasCreate_v2(cublasContext**) called:
i!  handle: type=cublasHandle_t; val=POINTER (IN HEX:0x0x7f3a7c0021c8)
i!  handle: type=cublasHandle_t; val=POINTER (IN HEX:0x0x7f3a800021c8)
i! Time: 2019-09-29T03:10:31 elapsed from start 0.066667 minutes or 4.000000 seconds
i!Process=15211; Thread=139891670173440; GPU=0; Handle=POINTER (IN HEX:0x(nil))
i! COMPILED WITH: GNU GCC/G++ / 4.1.2 20080704 (Red Hat 4.1.2-48)
i! Time: 2019-09-29T03:10:31 elapsed from start 0.066667 minutes or 4.000000 seconds
i!Process=15211; Thread=139891678566144; GPU=0; Handle=POINTER (IN HEX:0x(nil))
i! COMPILED WITH: GNU GCC/G++ / 4.1.2 20080704 (Red Hat 4.1.2-48)
I! cuBLAS (v10.1) function cublasStatus_t cublasSetStream_v2(cublasContext*, CUstream_st*) called:
I! cuBLAS (v10.1) function cublasStatus_t cublasSetStream_v2(cublasContext*, CUstream_st*) called:
i!  handle: type=cublasHandle_t; val=POINTER (IN HEX:0x0x7f3a78262930)
i!  handle: type=cublasHandle_t; val=POINTER (IN HEX:0x0x7f3a7c00f7b0)
i!  streamId: type=SOME TYPE; val=POINTER (IN HEX:0x0x7f3a800024d0)
i!  streamId: type=SOME TYPE; val=POINTER (IN HEX:0x0x7f3a7c0024d0)
i! Time: 2019-09-29T03:10:31 elapsed from start 0.066667 minutes or 4.000000 seconds
i!Process=15211; Thread=139891670173440; GPU=0; Handle=POINTER (IN HEX:0x0x7f3a78262930); StreamId=POINTER (IN HEX:0x(nil)) (defaultStream); MathMode=CUBLAS_DEFAULT_MATH
i! COMPILED WITH: GNU GCC/G++ / 4.1.2 20080704 (Red Hat 4.1.2-48)
i! Time: 2019-09-29T03:10:31 elapsed from start 0.066667 minutes or 4.000000 seconds
i!Process=15211; Thread=139891678566144; GPU=0; Handle=POINTER (IN HEX:0x0x7f3a7c00f7b0); StreamId=POINTER (IN HEX:0x(nil)) (defaultStream); MathMode=CUBLAS_DEFAULT_MATH
i! COMPILED WITH: GNU GCC/G++ / 4.1.2 20080704 (Red Hat 4.1.2-48)
I! cuBLAS (v10.1) function cublasStatus_t cublasCreate_v2(cublasContext**) called:
I! cuBLAS (v10.1) function cublasStatus_t cublasCreate_v2(cublasContext**) called:
i!  handle: type=cublasHandle_t; val=POINTER (IN HEX:0x0x7f3a7c039480)
i!  handle: type=cublasHandle_t; val=POINTER (IN HEX:0x0x7f3a6e883130)
i! Time: 2019-09-29T03:10:31 elapsed from start 0.066667 minutes or 4.000000 seconds
i!Process=15211; Thread=139891678566144; GPU=0; Handle=POINTER (IN HEX:0x(nil))
i! COMPILED WITH: GNU GCC/G++ / 4.1.2 20080704 (Red Hat 4.1.2-48)
i! Time: 2019-09-29T03:10:31 elapsed from start 0.066667 minutes or 4.000000 seconds
i!Process=15211; Thread=139891670173440; GPU=0; Handle=POINTER (IN HEX:0x(nil))
i! COMPILED WITH: GNU GCC/G++ / 4.1.2 20080704 (Red Hat 4.1.2-48)
I! cuBLAS (v10.1) function cublasStatus_t cublasCreate_v2(cublasContext**) called:
I! cuBLAS (v10.1) function cublasStatus_t cublasCreate_v2(cublasContext**) called:
i!  handle: type=cublasHandle_t; val=POINTER (IN HEX:0x0x7f3a6e883178)
i!  handle: type=cublasHandle_t; val=POINTER (IN HEX:0x0x7f3a7c0394c8)
i! Time: 2019-09-29T03:10:32 elapsed from start 0.083333 minutes or 5.000000 seconds
i!Process=15211; Thread=139891670173440; GPU=0; Handle=POINTER (IN HEX:0x(nil))
i! COMPILED WITH: GNU GCC/G++ / 4.1.2 20080704 (Red Hat 4.1.2-48)
i! Time: 2019-09-29T03:10:32 elapsed from start 0.083333 minutes or 5.000000 seconds
i!Process=15211; Thread=139891678566144; GPU=0; Handle=POINTER (IN HEX:0x(nil))
i! COMPILED WITH: GNU GCC/G++ / 4.1.2 20080704 (Red Hat 4.1.2-48)
I! cuBLAS (v10.1) function cublasStatus_t cublasCreate_v2(cublasContext**) called:
i!  handle: type=cublasHandle_t; val=POINTER (IN HEX:0x0x7f3a6e883180)
i! Time: 2019-09-29T03:10:32 elapsed from start 0.083333 minutes or 5.000000 seconds
i!Process=15211; Thread=139891670173440; GPU=0; Handle=POINTER (IN HEX:0x(nil))
i! COMPILED WITH: GNU GCC/G++ / 4.1.2 20080704 (Red Hat 4.1.2-48)
I! cuBLAS (v10.1) function cublasStatus_t cublasCreate_v2(cublasContext**) called:
i!  handle: type=cublasHandle_t; val=POINTER (IN HEX:0x0x7f3a7c0394d0)
i! Time: 2019-09-29T03:10:32 elapsed from start 0.083333 minutes or 5.000000 seconds
i!Process=15211; Thread=139891678566144; GPU=0; Handle=POINTER (IN HEX:0x(nil))
i! COMPILED WITH: GNU GCC/G++ / 4.1.2 20080704 (Red Hat 4.1.2-48)
I! cuBLAS (v10.1) function cublasStatus_t cublasCreate_v2(cublasContext**) called:
i!  handle: type=cublasHandle_t; val=POINTER (IN HEX:0x0x7f3a6e883188)
i! Time: 2019-09-29T03:10:32 elapsed from start 0.083333 minutes or 5.000000 seconds
i!Process=15211; Thread=139891670173440; GPU=0; Handle=POINTER (IN HEX:0x(nil))
i! COMPILED WITH: GNU GCC/G++ / 4.1.2 20080704 (Red Hat 4.1.2-48)
I! cuBLAS (v10.1) function cublasStatus_t cublasCreate_v2(cublasContext**) called:
i!  handle: type=cublasHandle_t; val=POINTER (IN HEX:0x0x7f3a7c0394d8)
i! Time: 2019-09-29T03:10:32 elapsed from start 0.083333 minutes or 5.000000 seconds
i!Process=15211; Thread=139891678566144; GPU=0; Handle=POINTER (IN HEX:0x(nil))
i! COMPILED WITH: GNU GCC/G++ / 4.1.2 20080704 (Red Hat 4.1.2-48)
I! cuBLAS (v10.1) function cublasStatus_t cublasSetStream_v2(cublasContext*, CUstream_st*) called:
i!  handle: type=cublasHandle_t; val=POINTER (IN HEX:0x0x7f3a6dd03160)
i!  streamId: type=SOME TYPE; val=POINTER (IN HEX:0x0x7f3a800024d0)
i! Time: 2019-09-29T03:10:32 elapsed from start 0.083333 minutes or 5.000000 seconds
i!Process=15211; Thread=139891670173440; GPU=0; Handle=POINTER (IN HEX:0x0x7f3a6dd03160); StreamId=POINTER (IN HEX:0x(nil)) (defaultStream); MathMode=CUBLAS_DEFAULT_MATH
i! COMPILED WITH: GNU GCC/G++ / 4.1.2 20080704 (Red Hat 4.1.2-48)
I! cuBLAS (v10.1) function cublasStatus_t cublasSetStream_v2(cublasContext*, CUstream_st*) called:
i!  handle: type=cublasHandle_t; val=POINTER (IN HEX:0x0x7f3a56231ef0)
i!  streamId: type=SOME TYPE; val=POINTER (IN HEX:0x0x7f3a7c0024d0)
i! Time: 2019-09-29T03:10:32 elapsed from start 0.083333 minutes or 5.000000 seconds
i!Process=15211; Thread=139891678566144; GPU=0; Handle=POINTER (IN HEX:0x0x7f3a56231ef0); StreamId=POINTER (IN HEX:0x(nil)) (defaultStream); MathMode=CUBLAS_DEFAULT_MATH
i! COMPILED WITH: GNU GCC/G++ / 4.1.2 20080704 (Red Hat 4.1.2-48)
I! cuBLAS (v10.1) function cublasStatus_t cublasCreate_v2(cublasContext**) called:
I! cuBLAS (v10.1) function cublasStatus_t cublasCreate_v2(cublasContext**) called:
i!  handle: type=cublasHandle_t; val=POINTER (IN HEX:0x0x7f3a583ba9a8)
i!  handle: type=cublasHandle_t; val=POINTER (IN HEX:0x0x7f3a740583a8)
i! Time: 2019-09-29T03:10:34 elapsed from start 0.116667 minutes or 7.000000 seconds
i!Process=15211; Thread=139891678566144; GPU=0; Handle=POINTER (IN HEX:0x(nil))
i! COMPILED WITH: GNU GCC/G++ / 4.1.2 20080704 (Red Hat 4.1.2-48)
i! Time: 2019-09-29T03:10:34 elapsed from start 0.116667 minutes or 7.000000 seconds
i!Process=15211; Thread=139891670173440; GPU=0; Handle=POINTER (IN HEX:0x(nil))
i! COMPILED WITH: GNU GCC/G++ / 4.1.2 20080704 (Red Hat 4.1.2-48)
I! cuBLAS (v10.1) function cublasStatus_t cublasGetMathMode(cublasContext*, cublasMath_t*) called:
i!  handle: type=cublasHandle_t; val=POINTER (IN HEX:0x0x7f3a562dbac0)
i!  mode: type=cublasMath_t; val=POINTER (IN HEX:0x0x7f3b11ce9294)
i! Time: 2019-09-29T03:10:34 elapsed from start 0.116667 minutes or 7.000000 seconds
i!Process=15211; Thread=139891678566144; GPU=0; Handle=POINTER (IN HEX:0x0x7f3a562dbac0); StreamId=POINTER (IN HEX:0x(nil)) (defaultStream); MathMode=CUBLAS_DEFAULT_MATH
i! COMPILED WITH: GNU GCC/G++ / 4.1.2 20080704 (Red Hat 4.1.2-48)
I! cuBLAS (v10.1) function cublasStatus_t cublasSetMathMode(cublasContext*, cublasMath_t) called:
i!  handle: type=cublasHandle_t; val=POINTER (IN HEX:0x0x7f3a562dbac0)
i!  mode: type=cublasMath_t; val=CUBLAS_DEFAULT_MATH(0)
i! Time: 2019-09-29T03:10:34 elapsed from start 0.116667 minutes or 7.000000 seconds
i!Process=15211; Thread=139891678566144; GPU=0; Handle=POINTER (IN HEX:0x0x7f3a562dbac0); StreamId=POINTER (IN HEX:0x(nil)) (defaultStream); MathMode=CUBLAS_DEFAULT_MATH
i! COMPILED WITH: GNU GCC/G++ / 4.1.2 20080704 (Red Hat 4.1.2-48)
I! cuBLAS (v10.1) function cublasStatus_t cublasSetStream_v2(cublasContext*, CUstream_st*) called:
i!  handle: type=cublasHandle_t; val=POINTER (IN HEX:0x0x7f3a562dbac0)
i!  streamId: type=SOME TYPE; val=POINTER (IN HEX:0x0x7f3a7c0024d0)
i! Time: 2019-09-29T03:10:34 elapsed from start 0.116667 minutes or 7.000000 seconds
i!Process=15211; Thread=139891678566144; GPU=0; Handle=POINTER (IN HEX:0x0x7f3a562dbac0); StreamId=POINTER (IN HEX:0x(nil)) (defaultStream); MathMode=CUBLAS_DEFAULT_MATH
i! COMPILED WITH: GNU GCC/G++ / 4.1.2 20080704 (Red Hat 4.1.2-48)
I! cuBLAS (v10.1) function cublasStatus_t cublasSgemmStridedBatched(cublasContext*, cublasOperation_t, cublasOperation_t, int, int, int, const float*, const float*, int, long long int, const float*, int, long long int, const float*, float*, int, long long int, int) called:
i!  handle: type=cublasHandle_t; val=POINTER (IN HEX:0x0x7f3a562dbac0)
i!  transa: type=cublasOperation_t; val=CUBLAS_OP_N(0)
i!  transb: type=cublasOperation_t; val=CUBLAS_OP_N(0)
i!  m: type=int; val=144
i!  n: type=int; val=192
i!  k: type=int; val=64
i!  alpha: type=float; val=POINTER (IN HEX:0x0x7f3b11ce929c)
i!  A: type=float; val=POINTER (IN HEX:0x0x7f3ae8c00000)
i!  lda: type=int; val=144
i!  strideA: type=SOME TYPE; val=9216
i!  B: type=float; val=POINTER (IN HEX:0x0x7f3ae91f1000)
i!  ldb: type=int; val=64
i!  strideB: type=SOME TYPE; val=12288
i!  beta: type=float; val=POINTER (IN HEX:0x0x7f3b11ce9298)
i!  C: type=float; val=POINTER (IN HEX:0x0x7f3ae99dd000)
i!  ldc: type=int; val=144
i!  strideC: type=SOME TYPE; val=27648
i!  batchSize: type=int; val=169
i! Time: 2019-09-29T03:10:34 elapsed from start 0.116667 minutes or 7.000000 seconds
i!Process=15211; Thread=139891678566144; GPU=0; Handle=POINTER (IN HEX:0x0x7f3a562dbac0); StreamId=POINTER (IN HEX:0x0x7f3a7c0024d0); MathMode=CUBLAS_DEFAULT_MATH
i! COMPILED WITH: GNU GCC/G++ / 4.1.2 20080704 (Red Hat 4.1.2-48)
I! cuBLAS (v10.1) function cublasStatus_t cublasSetMathMode(cublasContext*, cublasMath_t) called:
i!  handle: type=cublasHandle_t; val=POINTER (IN HEX:0x0x7f3a562dbac0)
i!  mode: type=cublasMath_t; val=CUBLAS_DEFAULT_MATH(0)
i! Time: 2019-09-29T03:10:34 elapsed from start 0.116667 minutes or 7.000000 seconds
i!Process=15211; Thread=139891678566144; GPU=0; Handle=POINTER (IN HEX:0x0x7f3a562dbac0); StreamId=POINTER (IN HEX:0x0x7f3a7c0024d0); MathMode=CUBLAS_DEFAULT_MATH
i! COMPILED WITH: GNU GCC/G++ / 4.1.2 20080704 (Red Hat 4.1.2-48)
I! cuBLAS (v10.1) function cublasStatus_t cublasSgemmEx(cublasContext*, cublasOperation_t, cublasOperation_t, int, int, int, const float*, const void*, cublasDataType_t, int, const void*, cublasDataType_t, int, const float*, void*, cublasDataType_t, int) called:
i!  handle: type=cublasHandle_t; val=POINTER (IN HEX:0x0x7f3a7c00f7b0)
i!  transa: type=cublasOperation_t; val=CUBLAS_OP_T(1)
i!  transb: type=cublasOperation_t; val=CUBLAS_OP_N(0)
i!  m: type=int; val=4096
i!  n: type=int; val=8
i!  k: type=int; val=9216
i!  alpha: type=float; val=POINTER (IN HEX:0x0x7f3b11cec26c)
i!  A: type=void; val=POINTER (IN HEX:0x0x7f3a84000000)
i!  Atype: type=cudaDataType_t; val=CUDA_R_32F(0)
i!  lda: type=int; val=9216
i!  B: type=void; val=POINTER (IN HEX:0x0x7f3ae8a00000)
i!  Btype: type=cudaDataType_t; val=CUDA_R_32F(0)
i!  ldb: type=int; val=9216
i!  beta: type=float; val=POINTER (IN HEX:0x0x7f3b11cec268)
i!  C: type=void; val=POINTER (IN HEX:0x0x7f3ae8b6c800)
i!  Ctype: type=cudaDataType_t; val=CUDA_R_32F(0)
i!  ldc: type=int; val=4096
i! Time: 2019-09-29T03:10:34 elapsed from start 0.116667 minutes or 7.000000 seconds
i!Process=15211; Thread=139891678566144; GPU=0; Handle=POINTER (IN HEX:0x0x7f3a7c00f7b0); StreamId=POINTER (IN HEX:0x0x7f3a7c0024d0); MathMode=CUBLAS_DEFAULT_MATH
i! COMPILED WITH: GNU GCC/G++ / 4.1.2 20080704 (Red Hat 4.1.2-48)
I! cuBLAS (v10.1) function cublasStatus_t cublasGetMathMode(cublasContext*, cublasMath_t*) called:
i!  handle: type=cublasHandle_t; val=POINTER (IN HEX:0x0x7f3a7c00f7b0)
i!  mode: type=cublasMath_t; val=POINTER (IN HEX:0x0x7f3b11cebecc)
i! Time: 2019-09-29T03:10:34 elapsed from start 0.116667 minutes or 7.000000 seconds
i!Process=15211; Thread=139891678566144; GPU=0; Handle=POINTER (IN HEX:0x0x7f3a7c00f7b0); StreamId=POINTER (IN HEX:0x0x7f3a7c0024d0); MathMode=CUBLAS_DEFAULT_MATH
i! COMPILED WITH: GNU GCC/G++ / 4.1.2 20080704 (Red Hat 4.1.2-48)
I! cuBLAS (v10.1) function cublasStatus_t cublasSgemmEx(cublasContext*, cublasOperation_t, cublasOperation_t, int, int, int, const float*, const void*, cublasDataType_t, int, const void*, cublasDataType_t, int, const float*, void*, cublasDataType_t, int) called:
i!  handle: type=cublasHandle_t; val=POINTER (IN HEX:0x0x7f3a7c00f7b0)
i!  transa: type=cublasOperation_t; val=CUBLAS_OP_T(1)
i!  transb: type=cublasOperation_t; val=CUBLAS_OP_N(0)
i!  m: type=int; val=4096
i!  n: type=int; val=8
i!  k: type=int; val=4096
i!  alpha: type=float; val=POINTER (IN HEX:0x0x7f3b11cec26c)
i!  A: type=void; val=POINTER (IN HEX:0x0x7f39e7400000)
i!  Atype: type=cudaDataType_t; val=CUDA_R_32F(0)
i!  lda: type=int; val=4096
i!  B: type=void; val=POINTER (IN HEX:0x0x7f3ae8b6c800)
i!  Btype: type=cudaDataType_t; val=CUDA_R_32F(0)
i!  ldb: type=int; val=4096
i!  beta: type=float; val=POINTER (IN HEX:0x0x7f3b11cec268)
i!  C: type=void; val=POINTER (IN HEX:0x0x7f3ae8a00000)
i!  Ctype: type=cudaDataType_t; val=CUDA_R_32F(0)
i!  ldc: type=int; val=4096
i! Time: 2019-09-29T03:10:34 elapsed from start 0.116667 minutes or 7.000000 seconds
i!Process=15211; Thread=139891678566144; GPU=0; Handle=POINTER (IN HEX:0x0x7f3a7c00f7b0); StreamId=POINTER (IN HEX:0x0x7f3a7c0024d0); MathMode=CUBLAS_DEFAULT_MATH
i! COMPILED WITH: GNU GCC/G++ / 4.1.2 20080704 (Red Hat 4.1.2-48)
I! cuBLAS (v10.1) function cublasStatus_t cublasGetMathMode(cublasContext*, cublasMath_t*) called:
i!  handle: type=cublasHandle_t; val=POINTER (IN HEX:0x0x7f3a7c00f7b0)
i!  mode: type=cublasMath_t; val=POINTER (IN HEX:0x0x7f3b11cebecc)
i! Time: 2019-09-29T03:10:34 elapsed from start 0.116667 minutes or 7.000000 seconds
i!Process=15211; Thread=139891678566144; GPU=0; Handle=POINTER (IN HEX:0x0x7f3a7c00f7b0); StreamId=POINTER (IN HEX:0x0x7f3a7c0024d0); MathMode=CUBLAS_DEFAULT_MATH
i! COMPILED WITH: GNU GCC/G++ / 4.1.2 20080704 (Red Hat 4.1.2-48)
I! cuBLAS (v10.1) function cublasStatus_t cublasSgemmEx(cublasContext*, cublasOperation_t, cublasOperation_t, int, int, int, const float*, const void*, cublasDataType_t, int, const void*, cublasDataType_t, int, const float*, void*, cublasDataType_t, int) called:
i!  handle: type=cublasHandle_t; val=POINTER (IN HEX:0x0x7f3a7c00f7b0)
i!  transa: type=cublasOperation_t; val=CUBLAS_OP_T(1)
i!  transb: type=cublasOperation_t; val=CUBLAS_OP_N(0)
i!  m: type=int; val=1000
i!  n: type=int; val=8
i!  k: type=int; val=4096
i!  alpha: type=float; val=POINTER (IN HEX:0x0x7f3b11cec06c)
i!  A: type=void; val=POINTER (IN HEX:0x0x7f3ae4200000)
i!  Atype: type=cudaDataType_t; val=CUDA_R_32F(0)
i!  lda: type=int; val=4096
i!  B: type=void; val=POINTER (IN HEX:0x0x7f3ae8a00000)
i!  Btype: type=cudaDataType_t; val=CUDA_R_32F(0)
i!  ldb: type=int; val=4096
i!  beta: type=float; val=POINTER (IN HEX:0x0x7f3b11cec068)
i!  C: type=void; val=POINTER (IN HEX:0x0x7f3a72dec000)
i!  Ctype: type=cudaDataType_t; val=CUDA_R_32F(0)
i!  ldc: type=int; val=1000
i! Time: 2019-09-29T03:10:34 elapsed from start 0.116667 minutes or 7.000000 seconds
i!Process=15211; Thread=139891678566144; GPU=0; Handle=POINTER (IN HEX:0x0x7f3a7c00f7b0); StreamId=POINTER (IN HEX:0x0x7f3a7c0024d0); MathMode=CUBLAS_DEFAULT_MATH
i! COMPILED WITH: GNU GCC/G++ / 4.1.2 20080704 (Red Hat 4.1.2-48)
I! cuBLAS (v10.1) function cublasStatus_t cublasGetMathMode(cublasContext*, cublasMath_t*) called:
i!  handle: type=cublasHandle_t; val=POINTER (IN HEX:0x0x7f3a7c00f7b0)
i!  mode: type=cublasMath_t; val=POINTER (IN HEX:0x0x7f3b11cebccc)
i! Time: 2019-09-29T03:10:34 elapsed from start 0.116667 minutes or 7.000000 seconds
i!Process=15211; Thread=139891678566144; GPU=0; Handle=POINTER (IN HEX:0x0x7f3a7c00f7b0); StreamId=POINTER (IN HEX:0x0x7f3a7c0024d0); MathMode=CUBLAS_DEFAULT_MATH
i! COMPILED WITH: GNU GCC/G++ / 4.1.2 20080704 (Red Hat 4.1.2-48)
I! cuBLAS (v10.1) function cublasStatus_t cublasGetMathMode(cublasContext*, cublasMath_t*) called:
i!  handle: type=cublasHandle_t; val=POINTER (IN HEX:0x0x7f39d24ad550)
i!  mode: type=cublasMath_t; val=POINTER (IN HEX:0x0x7f3b114e8294)
i! Time: 2019-09-29T03:10:34 elapsed from start 0.116667 minutes or 7.000000 seconds
i!Process=15211; Thread=139891670173440; GPU=0; Handle=POINTER (IN HEX:0x0x7f39d24ad550); StreamId=POINTER (IN HEX:0x(nil)) (defaultStream); MathMode=CUBLAS_DEFAULT_MATH
i! COMPILED WITH: GNU GCC/G++ / 4.1.2 20080704 (Red Hat 4.1.2-48)
I! cuBLAS (v10.1) function cublasStatus_t cublasSetMathMode(cublasContext*, cublasMath_t) called:
i!  handle: type=cublasHandle_t; val=POINTER (IN HEX:0x0x7f39d24ad550)
i!  mode: type=cublasMath_t; val=CUBLAS_DEFAULT_MATH(0)
i! Time: 2019-09-29T03:10:34 elapsed from start 0.116667 minutes or 7.000000 seconds
i!Process=15211; Thread=139891670173440; GPU=0; Handle=POINTER (IN HEX:0x0x7f39d24ad550); StreamId=POINTER (IN HEX:0x(nil)) (defaultStream); MathMode=CUBLAS_DEFAULT_MATH
i! COMPILED WITH: GNU GCC/G++ / 4.1.2 20080704 (Red Hat 4.1.2-48)
I! cuBLAS (v10.1) function cublasStatus_t cublasSetStream_v2(cublasContext*, CUstream_st*) called:
i!  handle: type=cublasHandle_t; val=POINTER (IN HEX:0x0x7f39d24ad550)
i!  streamId: type=SOME TYPE; val=POINTER (IN HEX:0x0x7f3a800024d0)
i! Time: 2019-09-29T03:10:34 elapsed from start 0.116667 minutes or 7.000000 seconds
i!Process=15211; Thread=139891670173440; GPU=0; Handle=POINTER (IN HEX:0x0x7f39d24ad550); StreamId=POINTER (IN HEX:0x(nil)) (defaultStream); MathMode=CUBLAS_DEFAULT_MATH
i! COMPILED WITH: GNU GCC/G++ / 4.1.2 20080704 (Red Hat 4.1.2-48)
I! cuBLAS (v10.1) function cublasStatus_t cublasSgemmStridedBatched(cublasContext*, cublasOperation_t, cublasOperation_t, int, int, int, const float*, const float*, int, long long int, const float*, int, long long int, const float*, float*, int, long long int, int) called:
i!  handle: type=cublasHandle_t; val=POINTER (IN HEX:0x0x7f39d24ad550)
i!  transa: type=cublasOperation_t; val=CUBLAS_OP_N(0)
i!  transb: type=cublasOperation_t; val=CUBLAS_OP_N(0)
i!  m: type=int; val=144
i!  n: type=int; val=192
i!  k: type=int; val=64
i!  alpha: type=float; val=POINTER (IN HEX:0x0x7f3b114e829c)
i!  A: type=float; val=POINTER (IN HEX:0x0x7f3ae8c00000)
i!  lda: type=int; val=144
i!  strideA: type=SOME TYPE; val=9216
i!  B: type=float; val=POINTER (IN HEX:0x0x7f3ae91f1000)
i!  ldb: type=int; val=64
i!  strideB: type=SOME TYPE; val=12288
i!  beta: type=float; val=POINTER (IN HEX:0x0x7f3b114e8298)
i!  C: type=float; val=POINTER (IN HEX:0x0x7f3ae99dd000)
i!  ldc: type=int; val=144
i!  strideC: type=SOME TYPE; val=27648
i!  batchSize: type=int; val=169
i! Time: 2019-09-29T03:10:34 elapsed from start 0.116667 minutes or 7.000000 seconds
i!Process=15211; Thread=139891670173440; GPU=0; Handle=POINTER (IN HEX:0x0x7f39d24ad550); StreamId=POINTER (IN HEX:0x0x7f3a800024d0); MathMode=CUBLAS_DEFAULT_MATH
i! COMPILED WITH: GNU GCC/G++ / 4.1.2 20080704 (Red Hat 4.1.2-48)
I! cuBLAS (v10.1) function cublasStatus_t cublasSetMathMode(cublasContext*, cublasMath_t) called:
i!  handle: type=cublasHandle_t; val=POINTER (IN HEX:0x0x7f39d24ad550)
i!  mode: type=cublasMath_t; val=CUBLAS_DEFAULT_MATH(0)
i! Time: 2019-09-29T03:10:34 elapsed from start 0.116667 minutes or 7.000000 seconds
i!Process=15211; Thread=139891670173440; GPU=0; Handle=POINTER (IN HEX:0x0x7f39d24ad550); StreamId=POINTER (IN HEX:0x0x7f3a800024d0); MathMode=CUBLAS_DEFAULT_MATH
i! COMPILED WITH: GNU GCC/G++ / 4.1.2 20080704 (Red Hat 4.1.2-48)
I! cuBLAS (v10.1) function cublasStatus_t cublasSgemmEx(cublasContext*, cublasOperation_t, cublasOperation_t, int, int, int, const float*, const void*, cublasDataType_t, int, const void*, cublasDataType_t, int, const float*, void*, cublasDataType_t, int) called:
i!  handle: type=cublasHandle_t; val=POINTER (IN HEX:0x0x7f3a78262930)
i!  transa: type=cublasOperation_t; val=CUBLAS_OP_T(1)
i!  transb: type=cublasOperation_t; val=CUBLAS_OP_N(0)
i!  m: type=int; val=4096
i!  n: type=int; val=8
i!  k: type=int; val=9216
i!  alpha: type=float; val=POINTER (IN HEX:0x0x7f3b114eb26c)
i!  A: type=void; val=POINTER (IN HEX:0x0x7f3a84000000)
i!  Atype: type=cudaDataType_t; val=CUDA_R_32F(0)
i!  lda: type=int; val=9216
i!  B: type=void; val=POINTER (IN HEX:0x0x7f3ae8a00000)
i!  Btype: type=cudaDataType_t; val=CUDA_R_32F(0)
i!  ldb: type=int; val=9216
i!  beta: type=float; val=POINTER (IN HEX:0x0x7f3b114eb268)
i!  C: type=void; val=POINTER (IN HEX:0x0x7f3ae8b6c800)
i!  Ctype: type=cudaDataType_t; val=CUDA_R_32F(0)
i!  ldc: type=int; val=4096
i! Time: 2019-09-29T03:10:34 elapsed from start 0.116667 minutes or 7.000000 seconds
i!Process=15211; Thread=139891670173440; GPU=0; Handle=POINTER (IN HEX:0x0x7f3a78262930); StreamId=POINTER (IN HEX:0x0x7f3a800024d0); MathMode=CUBLAS_DEFAULT_MATH
i! COMPILED WITH: GNU GCC/G++ / 4.1.2 20080704 (Red Hat 4.1.2-48)
I! cuBLAS (v10.1) function cublasStatus_t cublasGetMathMode(cublasContext*, cublasMath_t*) called:
i!  handle: type=cublasHandle_t; val=POINTER (IN HEX:0x0x7f3a78262930)
i!  mode: type=cublasMath_t; val=POINTER (IN HEX:0x0x7f3b114eaecc)
i! Time: 2019-09-29T03:10:34 elapsed from start 0.116667 minutes or 7.000000 seconds
i!Process=15211; Thread=139891670173440; GPU=0; Handle=POINTER (IN HEX:0x0x7f3a78262930); StreamId=POINTER (IN HEX:0x0x7f3a800024d0); MathMode=CUBLAS_DEFAULT_MATH
i! COMPILED WITH: GNU GCC/G++ / 4.1.2 20080704 (Red Hat 4.1.2-48)
I! cuBLAS (v10.1) function cublasStatus_t cublasSgemmEx(cublasContext*, cublasOperation_t, cublasOperation_t, int, int, int, const float*, const void*, cublasDataType_t, int, const void*, cublasDataType_t, int, const float*, void*, cublasDataType_t, int) called:
i!  handle: type=cublasHandle_t; val=POINTER (IN HEX:0x0x7f3a78262930)
i!  transa: type=cublasOperation_t; val=CUBLAS_OP_T(1)
i!  transb: type=cublasOperation_t; val=CUBLAS_OP_N(0)
i!  m: type=int; val=4096
i!  n: type=int; val=8
i!  k: type=int; val=4096
i!  alpha: type=float; val=POINTER (IN HEX:0x0x7f3b114eb26c)
i!  A: type=void; val=POINTER (IN HEX:0x0x7f39e7400000)
i!  Atype: type=cudaDataType_t; val=CUDA_R_32F(0)
i!  lda: type=int; val=4096
i!  B: type=void; val=POINTER (IN HEX:0x0x7f3ae8b6c800)
i!  Btype: type=cudaDataType_t; val=CUDA_R_32F(0)
i!  ldb: type=int; val=4096
i!  beta: type=float; val=POINTER (IN HEX:0x0x7f3b114eb268)
i!  C: type=void; val=POINTER (IN HEX:0x0x7f3ae8a00000)
i!  Ctype: type=cudaDataType_t; val=CUDA_R_32F(0)
i!  ldc: type=int; val=4096
i! Time: 2019-09-29T03:10:34 elapsed from start 0.116667 minutes or 7.000000 seconds
i!Process=15211; Thread=139891670173440; GPU=0; Handle=POINTER (IN HEX:0x0x7f3a78262930); StreamId=POINTER (IN HEX:0x0x7f3a800024d0); MathMode=CUBLAS_DEFAULT_MATH
i! COMPILED WITH: GNU GCC/G++ / 4.1.2 20080704 (Red Hat 4.1.2-48)
I! cuBLAS (v10.1) function cublasStatus_t cublasGetMathMode(cublasContext*, cublasMath_t*) called:
i!  handle: type=cublasHandle_t; val=POINTER (IN HEX:0x0x7f3a78262930)
i!  mode: type=cublasMath_t; val=POINTER (IN HEX:0x0x7f3b114eaecc)
i! Time: 2019-09-29T03:10:34 elapsed from start 0.116667 minutes or 7.000000 seconds
i!Process=15211; Thread=139891670173440; GPU=0; Handle=POINTER (IN HEX:0x0x7f3a78262930); StreamId=POINTER (IN HEX:0x0x7f3a800024d0); MathMode=CUBLAS_DEFAULT_MATH
i! COMPILED WITH: GNU GCC/G++ / 4.1.2 20080704 (Red Hat 4.1.2-48)
I! cuBLAS (v10.1) function cublasStatus_t cublasSgemmEx(cublasContext*, cublasOperation_t, cublasOperation_t, int, int, int, const float*, const void*, cublasDataType_t, int, const void*, cublasDataType_t, int, const float*, void*, cublasDataType_t, int) called:
i!  handle: type=cublasHandle_t; val=POINTER (IN HEX:0x0x7f3a78262930)
i!  transa: type=cublasOperation_t; val=CUBLAS_OP_T(1)
i!  transb: type=cublasOperation_t; val=CUBLAS_OP_N(0)
i!  m: type=int; val=1000
i!  n: type=int; val=8
i!  k: type=int; val=4096
i!  alpha: type=float; val=POINTER (IN HEX:0x0x7f3b114eb06c)
i!  A: type=void; val=POINTER (IN HEX:0x0x7f3ae4200000)
i!  Atype: type=cudaDataType_t; val=CUDA_R_32F(0)
i!  lda: type=int; val=4096
i!  B: type=void; val=POINTER (IN HEX:0x0x7f3ae8a00000)
i!  Btype: type=cudaDataType_t; val=CUDA_R_32F(0)
i!  ldb: type=int; val=4096
i!  beta: type=float; val=POINTER (IN HEX:0x0x7f3b114eb068)
i!  C: type=void; val=POINTER (IN HEX:0x0x7f3a72dec000)
i!  Ctype: type=cudaDataType_t; val=CUDA_R_32F(0)
i!  ldc: type=int; val=1000
i! Time: 2019-09-29T03:10:34 elapsed from start 0.116667 minutes or 7.000000 seconds
i!Process=15211; Thread=139891670173440; GPU=0; Handle=POINTER (IN HEX:0x0x7f3a78262930); StreamId=POINTER (IN HEX:0x0x7f3a800024d0); MathMode=CUBLAS_DEFAULT_MATH
i! COMPILED WITH: GNU GCC/G++ / 4.1.2 20080704 (Red Hat 4.1.2-48)
I! cuBLAS (v10.1) function cublasStatus_t cublasGetMathMode(cublasContext*, cublasMath_t*) called:
i!  handle: type=cublasHandle_t; val=POINTER (IN HEX:0x0x7f3a78262930)
i!  mode: type=cublasMath_t; val=POINTER (IN HEX:0x0x7f3b114eaccc)
i! Time: 2019-09-29T03:10:34 elapsed from start 0.116667 minutes or 7.000000 seconds
i!Process=15211; Thread=139891670173440; GPU=0; Handle=POINTER (IN HEX:0x0x7f3a78262930); StreamId=POINTER (IN HEX:0x0x7f3a800024d0); MathMode=CUBLAS_DEFAULT_MATH
i! COMPILED WITH: GNU GCC/G++ / 4.1.2 20080704 (Red Hat 4.1.2-48)
