I! cuBLAS (v10.1) function cublasStatus_t cublasCreate_v2(cublasContext**) called:
I! cuBLAS (v10.1) function cublasStatus_t cublasCreate_v2(cublasContext**) called:
i!  handle: type=cublasHandle_t; val=POINTER (IN HEX:0x0x7fd5ac0021c8)
i!  handle: type=cublasHandle_t; val=POINTER (IN HEX:0x0x7fd5b40021c8)
i! Time: 2019-09-29T03:09:39 elapsed from start 0.050000 minutes or 3.000000 seconds
i!Process=15029; Thread=140555942090496; GPU=0; Handle=POINTER (IN HEX:0x(nil))
i! COMPILED WITH: GNU GCC/G++ / 4.1.2 20080704 (Red Hat 4.1.2-48)
i! Time: 2019-09-29T03:09:39 elapsed from start 0.050000 minutes or 3.000000 seconds
i!Process=15029; Thread=140555933697792; GPU=0; Handle=POINTER (IN HEX:0x(nil))
i! COMPILED WITH: GNU GCC/G++ / 4.1.2 20080704 (Red Hat 4.1.2-48)
I! cuBLAS (v10.1) function cublasStatus_t cublasSetStream_v2(cublasContext*, CUstream_st*) called:
I! cuBLAS (v10.1) function cublasStatus_t cublasSetStream_v2(cublasContext*, CUstream_st*) called:
i!  handle: type=cublasHandle_t; val=POINTER (IN HEX:0x0x7fd54c3f0620)
i!  handle: type=cublasHandle_t; val=POINTER (IN HEX:0x0x7fd55ba9b8c0)
i!  streamId: type=SOME TYPE; val=POINTER (IN HEX:0x0x7fd5b40024d0)
i!  streamId: type=SOME TYPE; val=POINTER (IN HEX:0x0x7fd5ac7ffff0)
i! Time: 2019-09-29T03:09:39 elapsed from start 0.050000 minutes or 3.000000 seconds
i!Process=15029; Thread=140555942090496; GPU=0; Handle=POINTER (IN HEX:0x0x7fd54c3f0620); StreamId=POINTER (IN HEX:0x(nil)) (defaultStream); MathMode=CUBLAS_DEFAULT_MATH
i! COMPILED WITH: GNU GCC/G++ / 4.1.2 20080704 (Red Hat 4.1.2-48)
i! Time: 2019-09-29T03:09:39 elapsed from start 0.050000 minutes or 3.000000 seconds
i!Process=15029; Thread=140555933697792; GPU=0; Handle=POINTER (IN HEX:0x0x7fd55ba9b8c0); StreamId=POINTER (IN HEX:0x(nil)) (defaultStream); MathMode=CUBLAS_DEFAULT_MATH
i! COMPILED WITH: GNU GCC/G++ / 4.1.2 20080704 (Red Hat 4.1.2-48)
I! cuBLAS (v10.1) function cublasStatus_t cublasCreate_v2(cublasContext**) called:
I! cuBLAS (v10.1) function cublasStatus_t cublasCreate_v2(cublasContext**) called:
i!  handle: type=cublasHandle_t; val=POINTER (IN HEX:0x0x7fd5465ff670)
i!  handle: type=cublasHandle_t; val=POINTER (IN HEX:0x0x7fd55aff0c70)
i! Time: 2019-09-29T03:09:39 elapsed from start 0.050000 minutes or 3.000000 seconds
i!Process=15029; Thread=140555942090496; GPU=0; Handle=POINTER (IN HEX:0x(nil))
i! COMPILED WITH: GNU GCC/G++ / 4.1.2 20080704 (Red Hat 4.1.2-48)
i! Time: 2019-09-29T03:09:39 elapsed from start 0.050000 minutes or 3.000000 seconds
i!Process=15029; Thread=140555933697792; GPU=0; Handle=POINTER (IN HEX:0x(nil))
i! COMPILED WITH: GNU GCC/G++ / 4.1.2 20080704 (Red Hat 4.1.2-48)
I! cuBLAS (v10.1) function cublasStatus_t cublasCreate_v2(cublasContext**) called:
i!  handle: type=cublasHandle_t; val=POINTER (IN HEX:0x0x7fd5465ff6b8)
i! Time: 2019-09-29T03:09:40 elapsed from start 0.066667 minutes or 4.000000 seconds
i!Process=15029; Thread=140555942090496; GPU=0; Handle=POINTER (IN HEX:0x(nil))
i! COMPILED WITH: GNU GCC/G++ / 4.1.2 20080704 (Red Hat 4.1.2-48)
I! cuBLAS (v10.1) function cublasStatus_t cublasCreate_v2(cublasContext**) called:
i!  handle: type=cublasHandle_t; val=POINTER (IN HEX:0x0x7fd55aff0cb8)
i! Time: 2019-09-29T03:09:40 elapsed from start 0.066667 minutes or 4.000000 seconds
i!Process=15029; Thread=140555933697792; GPU=0; Handle=POINTER (IN HEX:0x(nil))
i! COMPILED WITH: GNU GCC/G++ / 4.1.2 20080704 (Red Hat 4.1.2-48)
I! cuBLAS (v10.1) function cublasStatus_t cublasCreate_v2(cublasContext**) called:
i!  handle: type=cublasHandle_t; val=POINTER (IN HEX:0x0x7fd5465ff6c0)
i! Time: 2019-09-29T03:09:40 elapsed from start 0.066667 minutes or 4.000000 seconds
i!Process=15029; Thread=140555942090496; GPU=0; Handle=POINTER (IN HEX:0x(nil))
i! COMPILED WITH: GNU GCC/G++ / 4.1.2 20080704 (Red Hat 4.1.2-48)
I! cuBLAS (v10.1) function cublasStatus_t cublasCreate_v2(cublasContext**) called:
i!  handle: type=cublasHandle_t; val=POINTER (IN HEX:0x0x7fd55aff0cc0)
i! Time: 2019-09-29T03:09:40 elapsed from start 0.066667 minutes or 4.000000 seconds
i!Process=15029; Thread=140555933697792; GPU=0; Handle=POINTER (IN HEX:0x(nil))
i! COMPILED WITH: GNU GCC/G++ / 4.1.2 20080704 (Red Hat 4.1.2-48)
I! cuBLAS (v10.1) function cublasStatus_t cublasCreate_v2(cublasContext**) called:
i!  handle: type=cublasHandle_t; val=POINTER (IN HEX:0x0x7fd5465ff6c8)
i! Time: 2019-09-29T03:09:40 elapsed from start 0.066667 minutes or 4.000000 seconds
i!Process=15029; Thread=140555942090496; GPU=0; Handle=POINTER (IN HEX:0x(nil))
i! COMPILED WITH: GNU GCC/G++ / 4.1.2 20080704 (Red Hat 4.1.2-48)
I! cuBLAS (v10.1) function cublasStatus_t cublasSetStream_v2(cublasContext*, CUstream_st*) called:
i!  handle: type=cublasHandle_t; val=POINTER (IN HEX:0x0x7fd52f8bdf00)
i!  streamId: type=SOME TYPE; val=POINTER (IN HEX:0x0x7fd5b40024d0)
i! Time: 2019-09-29T03:09:40 elapsed from start 0.066667 minutes or 4.000000 seconds
i!Process=15029; Thread=140555942090496; GPU=0; Handle=POINTER (IN HEX:0x0x7fd52f8bdf00); StreamId=POINTER (IN HEX:0x(nil)) (defaultStream); MathMode=CUBLAS_DEFAULT_MATH
i! COMPILED WITH: GNU GCC/G++ / 4.1.2 20080704 (Red Hat 4.1.2-48)
I! cuBLAS (v10.1) function cublasStatus_t cublasCreate_v2(cublasContext**) called:
i!  handle: type=cublasHandle_t; val=POINTER (IN HEX:0x0x7fd55aff0cc8)
i! Time: 2019-09-29T03:09:40 elapsed from start 0.066667 minutes or 4.000000 seconds
i!Process=15029; Thread=140555933697792; GPU=0; Handle=POINTER (IN HEX:0x(nil))
i! COMPILED WITH: GNU GCC/G++ / 4.1.2 20080704 (Red Hat 4.1.2-48)
I! cuBLAS (v10.1) function cublasStatus_t cublasSetStream_v2(cublasContext*, CUstream_st*) called:
i!  handle: type=cublasHandle_t; val=POINTER (IN HEX:0x0x7fd55bacaae0)
i!  streamId: type=SOME TYPE; val=POINTER (IN HEX:0x0x7fd5ac7ffff0)
i! Time: 2019-09-29T03:09:40 elapsed from start 0.066667 minutes or 4.000000 seconds
i!Process=15029; Thread=140555933697792; GPU=0; Handle=POINTER (IN HEX:0x0x7fd55bacaae0); StreamId=POINTER (IN HEX:0x(nil)) (defaultStream); MathMode=CUBLAS_DEFAULT_MATH
i! COMPILED WITH: GNU GCC/G++ / 4.1.2 20080704 (Red Hat 4.1.2-48)
I! cuBLAS (v10.1) function cublasStatus_t cublasCreate_v2(cublasContext**) called:
i!  handle: type=cublasHandle_t; val=POINTER (IN HEX:0x0x7fd5401e3f58)
I! cuBLAS (v10.1) function cublasStatus_t cublasCreate_v2(cublasContext**) called:
i!  handle: type=cublasHandle_t; val=POINTER (IN HEX:0x0x7fd560f07648)
i! Time: 2019-09-29T03:09:42 elapsed from start 0.100000 minutes or 6.000000 seconds
i!Process=15029; Thread=140555942090496; GPU=0; Handle=POINTER (IN HEX:0x(nil))
i! COMPILED WITH: GNU GCC/G++ / 4.1.2 20080704 (Red Hat 4.1.2-48)
i! Time: 2019-09-29T03:09:42 elapsed from start 0.100000 minutes or 6.000000 seconds
i!Process=15029; Thread=140555933697792; GPU=0; Handle=POINTER (IN HEX:0x(nil))
i! COMPILED WITH: GNU GCC/G++ / 4.1.2 20080704 (Red Hat 4.1.2-48)
I! cuBLAS (v10.1) function cublasStatus_t cublasSgemmEx(cublasContext*, cublasOperation_t, cublasOperation_t, int, int, int, const float*, const void*, cublasDataType_t, int, const void*, cublasDataType_t, int, const float*, void*, cublasDataType_t, int) called:
i!  handle: type=cublasHandle_t; val=POINTER (IN HEX:0x0x7fd54c3f0620)
i!  transa: type=cublasOperation_t; val=CUBLAS_OP_T(1)
i!  transb: type=cublasOperation_t; val=CUBLAS_OP_N(0)
i!  m: type=int; val=4096
i!  n: type=int; val=4
i!  k: type=int; val=9216
i!  alpha: type=float; val=POINTER (IN HEX:0x0x7fd5baffc26c)
i!  A: type=void; val=POINTER (IN HEX:0x0x7fd4b2000000)
i!  Atype: type=cudaDataType_t; val=CUDA_R_32F(0)
i!  lda: type=int; val=9216
i!  B: type=void; val=POINTER (IN HEX:0x0x7fd5a7200000)
i!  Btype: type=cudaDataType_t; val=CUDA_R_32F(0)
i!  ldb: type=int; val=9216
i!  beta: type=float; val=POINTER (IN HEX:0x0x7fd5baffc268)
i!  C: type=void; val=POINTER (IN HEX:0x0x7fd5a72fd800)
i!  Ctype: type=cudaDataType_t; val=CUDA_R_32F(0)
i!  ldc: type=int; val=4096
i! Time: 2019-09-29T03:09:42 elapsed from start 0.100000 minutes or 6.000000 seconds
i!Process=15029; Thread=140555942090496; GPU=0; Handle=POINTER (IN HEX:0x0x7fd54c3f0620); StreamId=POINTER (IN HEX:0x0x7fd5b40024d0); MathMode=CUBLAS_DEFAULT_MATH
i! COMPILED WITH: GNU GCC/G++ / 4.1.2 20080704 (Red Hat 4.1.2-48)
I! cuBLAS (v10.1) function cublasStatus_t cublasGetMathMode(cublasContext*, cublasMath_t*) called:
i!  handle: type=cublasHandle_t; val=POINTER (IN HEX:0x0x7fd54c3f0620)
i!  mode: type=cublasMath_t; val=POINTER (IN HEX:0x0x7fd5baffbecc)
i! Time: 2019-09-29T03:09:42 elapsed from start 0.100000 minutes or 6.000000 seconds
i!Process=15029; Thread=140555942090496; GPU=0; Handle=POINTER (IN HEX:0x0x7fd54c3f0620); StreamId=POINTER (IN HEX:0x0x7fd5b40024d0); MathMode=CUBLAS_DEFAULT_MATH
i! COMPILED WITH: GNU GCC/G++ / 4.1.2 20080704 (Red Hat 4.1.2-48)
I! cuBLAS (v10.1) function cublasStatus_t cublasSgemmEx(cublasContext*, cublasOperation_t, cublasOperation_t, int, int, int, const float*, const void*, cublasDataType_t, int, const void*, cublasDataType_t, int, const float*, void*, cublasDataType_t, int) called:
i!  handle: type=cublasHandle_t; val=POINTER (IN HEX:0x0x7fd54c3f0620)
i!  transa: type=cublasOperation_t; val=CUBLAS_OP_T(1)
i!  transb: type=cublasOperation_t; val=CUBLAS_OP_N(0)
i!  m: type=int; val=4096
i!  n: type=int; val=4
i!  k: type=int; val=4096
i!  alpha: type=float; val=POINTER (IN HEX:0x0x7fd5baffc26c)
i!  A: type=void; val=POINTER (IN HEX:0x0x7fd4ae000000)
i!  Atype: type=cudaDataType_t; val=CUDA_R_32F(0)
i!  lda: type=int; val=4096
i!  B: type=void; val=POINTER (IN HEX:0x0x7fd5a72fd800)
i!  Btype: type=cudaDataType_t; val=CUDA_R_32F(0)
i!  ldb: type=int; val=4096
i!  beta: type=float; val=POINTER (IN HEX:0x0x7fd5baffc268)
i!  C: type=void; val=POINTER (IN HEX:0x0x7fd5a7200000)
i!  Ctype: type=cudaDataType_t; val=CUDA_R_32F(0)
i!  ldc: type=int; val=4096
i! Time: 2019-09-29T03:09:42 elapsed from start 0.100000 minutes or 6.000000 seconds
i!Process=15029; Thread=140555942090496; GPU=0; Handle=POINTER (IN HEX:0x0x7fd54c3f0620); StreamId=POINTER (IN HEX:0x0x7fd5b40024d0); MathMode=CUBLAS_DEFAULT_MATH
i! COMPILED WITH: GNU GCC/G++ / 4.1.2 20080704 (Red Hat 4.1.2-48)
I! cuBLAS (v10.1) function cublasStatus_t cublasGetMathMode(cublasContext*, cublasMath_t*) called:
i!  handle: type=cublasHandle_t; val=POINTER (IN HEX:0x0x7fd54c3f0620)
i!  mode: type=cublasMath_t; val=POINTER (IN HEX:0x0x7fd5baffbecc)
i! Time: 2019-09-29T03:09:42 elapsed from start 0.100000 minutes or 6.000000 seconds
i!Process=15029; Thread=140555942090496; GPU=0; Handle=POINTER (IN HEX:0x0x7fd54c3f0620); StreamId=POINTER (IN HEX:0x0x7fd5b40024d0); MathMode=CUBLAS_DEFAULT_MATH
i! COMPILED WITH: GNU GCC/G++ / 4.1.2 20080704 (Red Hat 4.1.2-48)
I! cuBLAS (v10.1) function cublasStatus_t cublasSgemmEx(cublasContext*, cublasOperation_t, cublasOperation_t, int, int, int, const float*, const void*, cublasDataType_t, int, const void*, cublasDataType_t, int, const float*, void*, cublasDataType_t, int) called:
i!  handle: type=cublasHandle_t; val=POINTER (IN HEX:0x0x7fd54c3f0620)
i!  transa: type=cublasOperation_t; val=CUBLAS_OP_T(1)
i!  transb: type=cublasOperation_t; val=CUBLAS_OP_N(0)
i!  m: type=int; val=1000
i!  n: type=int; val=4
i!  k: type=int; val=4096
i!  alpha: type=float; val=POINTER (IN HEX:0x0x7fd5baffc26c)
i!  A: type=void; val=POINTER (IN HEX:0x0x7fd4bb000000)
i!  Atype: type=cudaDataType_t; val=CUDA_R_32F(0)
i!  lda: type=int; val=4096
i!  B: type=void; val=POINTER (IN HEX:0x0x7fd5a7200000)
i!  Btype: type=cudaDataType_t; val=CUDA_R_32F(0)
i!  ldb: type=int; val=4096
i!  beta: type=float; val=POINTER (IN HEX:0x0x7fd5baffc268)
i!  C: type=void; val=POINTER (IN HEX:0x0x7fd5a73fb000)
i!  Ctype: type=cudaDataType_t; val=CUDA_R_32F(0)
i!  ldc: type=int; val=1000
i! Time: 2019-09-29T03:09:42 elapsed from start 0.100000 minutes or 6.000000 seconds
i!Process=15029; Thread=140555942090496; GPU=0; Handle=POINTER (IN HEX:0x0x7fd54c3f0620); StreamId=POINTER (IN HEX:0x0x7fd5b40024d0); MathMode=CUBLAS_DEFAULT_MATH
i! COMPILED WITH: GNU GCC/G++ / 4.1.2 20080704 (Red Hat 4.1.2-48)
I! cuBLAS (v10.1) function cublasStatus_t cublasGetMathMode(cublasContext*, cublasMath_t*) called:
i!  handle: type=cublasHandle_t; val=POINTER (IN HEX:0x0x7fd54c3f0620)
i!  mode: type=cublasMath_t; val=POINTER (IN HEX:0x0x7fd5baffbecc)
i! Time: 2019-09-29T03:09:42 elapsed from start 0.100000 minutes or 6.000000 seconds
i!Process=15029; Thread=140555942090496; GPU=0; Handle=POINTER (IN HEX:0x0x7fd54c3f0620); StreamId=POINTER (IN HEX:0x0x7fd5b40024d0); MathMode=CUBLAS_DEFAULT_MATH
i! COMPILED WITH: GNU GCC/G++ / 4.1.2 20080704 (Red Hat 4.1.2-48)
I! cuBLAS (v10.1) function cublasStatus_t cublasSgemmEx(cublasContext*, cublasOperation_t, cublasOperation_t, int, int, int, const float*, const void*, cublasDataType_t, int, const void*, cublasDataType_t, int, const float*, void*, cublasDataType_t, int) called:
i!  handle: type=cublasHandle_t; val=POINTER (IN HEX:0x0x7fd55ba9b8c0)
i!  transa: type=cublasOperation_t; val=CUBLAS_OP_T(1)
i!  transb: type=cublasOperation_t; val=CUBLAS_OP_N(0)
i!  m: type=int; val=4096
i!  n: type=int; val=4
i!  k: type=int; val=9216
i!  alpha: type=float; val=POINTER (IN HEX:0x0x7fd5ba7fb26c)
i!  A: type=void; val=POINTER (IN HEX:0x0x7fd4b2000000)
i!  Atype: type=cudaDataType_t; val=CUDA_R_32F(0)
i!  lda: type=int; val=9216
i!  B: type=void; val=POINTER (IN HEX:0x0x7fd5a7200000)
i!  Btype: type=cudaDataType_t; val=CUDA_R_32F(0)
i!  ldb: type=int; val=9216
i!  beta: type=float; val=POINTER (IN HEX:0x0x7fd5ba7fb268)
i!  C: type=void; val=POINTER (IN HEX:0x0x7fd5a72fd800)
i!  Ctype: type=cudaDataType_t; val=CUDA_R_32F(0)
i!  ldc: type=int; val=4096
i! Time: 2019-09-29T03:09:42 elapsed from start 0.100000 minutes or 6.000000 seconds
i!Process=15029; Thread=140555933697792; GPU=0; Handle=POINTER (IN HEX:0x0x7fd55ba9b8c0); StreamId=POINTER (IN HEX:0x0x7fd5ac7ffff0); MathMode=CUBLAS_DEFAULT_MATH
i! COMPILED WITH: GNU GCC/G++ / 4.1.2 20080704 (Red Hat 4.1.2-48)
I! cuBLAS (v10.1) function cublasStatus_t cublasGetMathMode(cublasContext*, cublasMath_t*) called:
i!  handle: type=cublasHandle_t; val=POINTER (IN HEX:0x0x7fd55ba9b8c0)
i!  mode: type=cublasMath_t; val=POINTER (IN HEX:0x0x7fd5ba7faecc)
i! Time: 2019-09-29T03:09:42 elapsed from start 0.100000 minutes or 6.000000 seconds
i!Process=15029; Thread=140555933697792; GPU=0; Handle=POINTER (IN HEX:0x0x7fd55ba9b8c0); StreamId=POINTER (IN HEX:0x0x7fd5ac7ffff0); MathMode=CUBLAS_DEFAULT_MATH
i! COMPILED WITH: GNU GCC/G++ / 4.1.2 20080704 (Red Hat 4.1.2-48)
I! cuBLAS (v10.1) function cublasStatus_t cublasSgemmEx(cublasContext*, cublasOperation_t, cublasOperation_t, int, int, int, const float*, const void*, cublasDataType_t, int, const void*, cublasDataType_t, int, const float*, void*, cublasDataType_t, int) called:
i!  handle: type=cublasHandle_t; val=POINTER (IN HEX:0x0x7fd55ba9b8c0)
i!  transa: type=cublasOperation_t; val=CUBLAS_OP_T(1)
i!  transb: type=cublasOperation_t; val=CUBLAS_OP_N(0)
i!  m: type=int; val=4096
i!  n: type=int; val=4
i!  k: type=int; val=4096
i!  alpha: type=float; val=POINTER (IN HEX:0x0x7fd5ba7fb26c)
i!  A: type=void; val=POINTER (IN HEX:0x0x7fd4ae000000)
i!  Atype: type=cudaDataType_t; val=CUDA_R_32F(0)
i!  lda: type=int; val=4096
i!  B: type=void; val=POINTER (IN HEX:0x0x7fd5a72fd800)
i!  Btype: type=cudaDataType_t; val=CUDA_R_32F(0)
i!  ldb: type=int; val=4096
i!  beta: type=float; val=POINTER (IN HEX:0x0x7fd5ba7fb268)
i!  C: type=void; val=POINTER (IN HEX:0x0x7fd5a7200000)
i!  Ctype: type=cudaDataType_t; val=CUDA_R_32F(0)
i!  ldc: type=int; val=4096
i! Time: 2019-09-29T03:09:42 elapsed from start 0.100000 minutes or 6.000000 seconds
i!Process=15029; Thread=140555933697792; GPU=0; Handle=POINTER (IN HEX:0x0x7fd55ba9b8c0); StreamId=POINTER (IN HEX:0x0x7fd5ac7ffff0); MathMode=CUBLAS_DEFAULT_MATH
i! COMPILED WITH: GNU GCC/G++ / 4.1.2 20080704 (Red Hat 4.1.2-48)
I! cuBLAS (v10.1) function cublasStatus_t cublasGetMathMode(cublasContext*, cublasMath_t*) called:
i!  handle: type=cublasHandle_t; val=POINTER (IN HEX:0x0x7fd55ba9b8c0)
i!  mode: type=cublasMath_t; val=POINTER (IN HEX:0x0x7fd5ba7faecc)
i! Time: 2019-09-29T03:09:42 elapsed from start 0.100000 minutes or 6.000000 seconds
i!Process=15029; Thread=140555933697792; GPU=0; Handle=POINTER (IN HEX:0x0x7fd55ba9b8c0); StreamId=POINTER (IN HEX:0x0x7fd5ac7ffff0); MathMode=CUBLAS_DEFAULT_MATH
i! COMPILED WITH: GNU GCC/G++ / 4.1.2 20080704 (Red Hat 4.1.2-48)
I! cuBLAS (v10.1) function cublasStatus_t cublasSgemmEx(cublasContext*, cublasOperation_t, cublasOperation_t, int, int, int, const float*, const void*, cublasDataType_t, int, const void*, cublasDataType_t, int, const float*, void*, cublasDataType_t, int) called:
i!  handle: type=cublasHandle_t; val=POINTER (IN HEX:0x0x7fd55ba9b8c0)
i!  transa: type=cublasOperation_t; val=CUBLAS_OP_T(1)
i!  transb: type=cublasOperation_t; val=CUBLAS_OP_N(0)
i!  m: type=int; val=1000
i!  n: type=int; val=4
i!  k: type=int; val=4096
i!  alpha: type=float; val=POINTER (IN HEX:0x0x7fd5ba7fb26c)
i!  A: type=void; val=POINTER (IN HEX:0x0x7fd4bb000000)
i!  Atype: type=cudaDataType_t; val=CUDA_R_32F(0)
i!  lda: type=int; val=4096
i!  B: type=void; val=POINTER (IN HEX:0x0x7fd5a7200000)
i!  Btype: type=cudaDataType_t; val=CUDA_R_32F(0)
i!  ldb: type=int; val=4096
i!  beta: type=float; val=POINTER (IN HEX:0x0x7fd5ba7fb268)
i!  C: type=void; val=POINTER (IN HEX:0x0x7fd5a73fb000)
i!  Ctype: type=cudaDataType_t; val=CUDA_R_32F(0)
i!  ldc: type=int; val=1000
i! Time: 2019-09-29T03:09:42 elapsed from start 0.100000 minutes or 6.000000 seconds
i!Process=15029; Thread=140555933697792; GPU=0; Handle=POINTER (IN HEX:0x0x7fd55ba9b8c0); StreamId=POINTER (IN HEX:0x0x7fd5ac7ffff0); MathMode=CUBLAS_DEFAULT_MATH
i! COMPILED WITH: GNU GCC/G++ / 4.1.2 20080704 (Red Hat 4.1.2-48)
I! cuBLAS (v10.1) function cublasStatus_t cublasGetMathMode(cublasContext*, cublasMath_t*) called:
i!  handle: type=cublasHandle_t; val=POINTER (IN HEX:0x0x7fd55ba9b8c0)
i!  mode: type=cublasMath_t; val=POINTER (IN HEX:0x0x7fd5ba7faecc)
i! Time: 2019-09-29T03:09:42 elapsed from start 0.100000 minutes or 6.000000 seconds
i!Process=15029; Thread=140555933697792; GPU=0; Handle=POINTER (IN HEX:0x0x7fd55ba9b8c0); StreamId=POINTER (IN HEX:0x0x7fd5ac7ffff0); MathMode=CUBLAS_DEFAULT_MATH
i! COMPILED WITH: GNU GCC/G++ / 4.1.2 20080704 (Red Hat 4.1.2-48)
