I! cuBLAS (v10.1) function cublasStatus_t cublasCreate_v2(cublasContext**) called:
I! cuBLAS (v10.1) function cublasStatus_t cublasCreate_v2(cublasContext**) called:
i!  handle: type=cublasHandle_t; val=POINTER (IN HEX:0x0x7fc9440021c8)
i!  handle: type=cublasHandle_t; val=POINTER (IN HEX:0x0x7fc9480021c8)
i! Time: 2019-09-29T03:22:36 elapsed from start 0.050000 minutes or 3.000000 seconds
i!Process=17878; Thread=140503293220608; GPU=0; Handle=POINTER (IN HEX:0x(nil))
i! COMPILED WITH: GNU GCC/G++ / 4.1.2 20080704 (Red Hat 4.1.2-48)
i! Time: 2019-09-29T03:22:36 elapsed from start 0.050000 minutes or 3.000000 seconds
i!Process=17878; Thread=140503211308800; GPU=0; Handle=POINTER (IN HEX:0x(nil))
i! COMPILED WITH: GNU GCC/G++ / 4.1.2 20080704 (Red Hat 4.1.2-48)
I! cuBLAS (v10.1) function cublasStatus_t cublasSetStream_v2(cublasContext*, CUstream_st*) called:
I! cuBLAS (v10.1) function cublasStatus_t cublasSetStream_v2(cublasContext*, CUstream_st*) called:
i!  handle: type=cublasHandle_t; val=POINTER (IN HEX:0x0x7fc8df9a7e40)
i!  handle: type=cublasHandle_t; val=POINTER (IN HEX:0x0x7fc948004c70)
i!  streamId: type=SOME TYPE; val=POINTER (IN HEX:0x0x7fc944800110)
i!  streamId: type=SOME TYPE; val=POINTER (IN HEX:0x0x7fc9480024d0)
i! Time: 2019-09-29T03:22:36 elapsed from start 0.050000 minutes or 3.000000 seconds
i!Process=17878; Thread=140503293220608; GPU=0; Handle=POINTER (IN HEX:0x0x7fc8df9a7e40); StreamId=POINTER (IN HEX:0x(nil)) (defaultStream); MathMode=CUBLAS_DEFAULT_MATH
i! COMPILED WITH: GNU GCC/G++ / 4.1.2 20080704 (Red Hat 4.1.2-48)
i! Time: 2019-09-29T03:22:36 elapsed from start 0.050000 minutes or 3.000000 seconds
i!Process=17878; Thread=140503211308800; GPU=0; Handle=POINTER (IN HEX:0x0x7fc948004c70); StreamId=POINTER (IN HEX:0x(nil)) (defaultStream); MathMode=CUBLAS_DEFAULT_MATH
i! COMPILED WITH: GNU GCC/G++ / 4.1.2 20080704 (Red Hat 4.1.2-48)
I! cuBLAS (v10.1) function cublasStatus_t cublasCreate_v2(cublasContext**) called:
I! cuBLAS (v10.1) function cublasStatus_t cublasCreate_v2(cublasContext**) called:
i!  handle: type=cublasHandle_t; val=POINTER (IN HEX:0x0x7fc8d1a35630)
i!  handle: type=cublasHandle_t; val=POINTER (IN HEX:0x0x7fc94802e520)
i! Time: 2019-09-29T03:22:36 elapsed from start 0.050000 minutes or 3.000000 seconds
i!Process=17878; Thread=140503293220608; GPU=0; Handle=POINTER (IN HEX:0x(nil))
i! COMPILED WITH: GNU GCC/G++ / 4.1.2 20080704 (Red Hat 4.1.2-48)
i! Time: 2019-09-29T03:22:36 elapsed from start 0.050000 minutes or 3.000000 seconds
i!Process=17878; Thread=140503211308800; GPU=0; Handle=POINTER (IN HEX:0x(nil))
i! COMPILED WITH: GNU GCC/G++ / 4.1.2 20080704 (Red Hat 4.1.2-48)
I! cuBLAS (v10.1) function cublasStatus_t cublasCreate_v2(cublasContext**) called:
i!  handle: type=cublasHandle_t; val=POINTER (IN HEX:0x0x7fc8d1a35678)
i! Time: 2019-09-29T03:22:37 elapsed from start 0.066667 minutes or 4.000000 seconds
i!Process=17878; Thread=140503293220608; GPU=0; Handle=POINTER (IN HEX:0x(nil))
i! COMPILED WITH: GNU GCC/G++ / 4.1.2 20080704 (Red Hat 4.1.2-48)
I! cuBLAS (v10.1) function cublasStatus_t cublasCreate_v2(cublasContext**) called:
i!  handle: type=cublasHandle_t; val=POINTER (IN HEX:0x0x7fc94802e568)
i! Time: 2019-09-29T03:22:37 elapsed from start 0.066667 minutes or 4.000000 seconds
i!Process=17878; Thread=140503211308800; GPU=0; Handle=POINTER (IN HEX:0x(nil))
i! COMPILED WITH: GNU GCC/G++ / 4.1.2 20080704 (Red Hat 4.1.2-48)
I! cuBLAS (v10.1) function cublasStatus_t cublasCreate_v2(cublasContext**) called:
i!  handle: type=cublasHandle_t; val=POINTER (IN HEX:0x0x7fc8d1a35680)
i! Time: 2019-09-29T03:22:37 elapsed from start 0.066667 minutes or 4.000000 seconds
i!Process=17878; Thread=140503293220608; GPU=0; Handle=POINTER (IN HEX:0x(nil))
i! COMPILED WITH: GNU GCC/G++ / 4.1.2 20080704 (Red Hat 4.1.2-48)
I! cuBLAS (v10.1) function cublasStatus_t cublasCreate_v2(cublasContext**) called:
i!  handle: type=cublasHandle_t; val=POINTER (IN HEX:0x0x7fc94802e570)
I! cuBLAS (v10.1) function cublasStatus_t cublasCreate_v2(cublasContext**) called:
i!  handle: type=cublasHandle_t; val=POINTER (IN HEX:0x0x7fc8d1a35688)
i! Time: 2019-09-29T03:22:37 elapsed from start 0.066667 minutes or 4.000000 seconds
i!Process=17878; Thread=140503211308800; GPU=0; Handle=POINTER (IN HEX:0x(nil))
i! COMPILED WITH: GNU GCC/G++ / 4.1.2 20080704 (Red Hat 4.1.2-48)
i! Time: 2019-09-29T03:22:37 elapsed from start 0.066667 minutes or 4.000000 seconds
i!Process=17878; Thread=140503293220608; GPU=0; Handle=POINTER (IN HEX:0x(nil))
i! COMPILED WITH: GNU GCC/G++ / 4.1.2 20080704 (Red Hat 4.1.2-48)
I! cuBLAS (v10.1) function cublasStatus_t cublasSetStream_v2(cublasContext*, CUstream_st*) called:
i!  handle: type=cublasHandle_t; val=POINTER (IN HEX:0x0x7fc8bb034830)
i!  streamId: type=SOME TYPE; val=POINTER (IN HEX:0x0x7fc944800110)
i! Time: 2019-09-29T03:22:37 elapsed from start 0.066667 minutes or 4.000000 seconds
i!Process=17878; Thread=140503293220608; GPU=0; Handle=POINTER (IN HEX:0x0x7fc8bb034830); StreamId=POINTER (IN HEX:0x(nil)) (defaultStream); MathMode=CUBLAS_DEFAULT_MATH
i! COMPILED WITH: GNU GCC/G++ / 4.1.2 20080704 (Red Hat 4.1.2-48)
I! cuBLAS (v10.1) function cublasStatus_t cublasCreate_v2(cublasContext**) called:
i!  handle: type=cublasHandle_t; val=POINTER (IN HEX:0x0x7fc94802e578)
i! Time: 2019-09-29T03:22:37 elapsed from start 0.066667 minutes or 4.000000 seconds
i!Process=17878; Thread=140503211308800; GPU=0; Handle=POINTER (IN HEX:0x(nil))
i! COMPILED WITH: GNU GCC/G++ / 4.1.2 20080704 (Red Hat 4.1.2-48)
I! cuBLAS (v10.1) function cublasStatus_t cublasSetStream_v2(cublasContext*, CUstream_st*) called:
i!  handle: type=cublasHandle_t; val=POINTER (IN HEX:0x0x7fc948035950)
i!  streamId: type=SOME TYPE; val=POINTER (IN HEX:0x0x7fc9480024d0)
i! Time: 2019-09-29T03:22:37 elapsed from start 0.066667 minutes or 4.000000 seconds
i!Process=17878; Thread=140503211308800; GPU=0; Handle=POINTER (IN HEX:0x0x7fc948035950); StreamId=POINTER (IN HEX:0x(nil)) (defaultStream); MathMode=CUBLAS_DEFAULT_MATH
i! COMPILED WITH: GNU GCC/G++ / 4.1.2 20080704 (Red Hat 4.1.2-48)
I! cuBLAS (v10.1) function cublasStatus_t cublasCreate_v2(cublasContext**) called:
I! cuBLAS (v10.1) function cublasStatus_t cublasCreate_v2(cublasContext**) called:
i!  handle: type=cublasHandle_t; val=POINTER (IN HEX:0x0x7fc9480dab98)
i!  handle: type=cublasHandle_t; val=POINTER (IN HEX:0x0x7fc8b9406798)
i! Time: 2019-09-29T03:22:38 elapsed from start 0.083333 minutes or 5.000000 seconds
i!Process=17878; Thread=140503211308800; GPU=0; Handle=POINTER (IN HEX:0x(nil))
i! COMPILED WITH: GNU GCC/G++ / 4.1.2 20080704 (Red Hat 4.1.2-48)
i! Time: 2019-09-29T03:22:38 elapsed from start 0.083333 minutes or 5.000000 seconds
i!Process=17878; Thread=140503293220608; GPU=0; Handle=POINTER (IN HEX:0x(nil))
i! COMPILED WITH: GNU GCC/G++ / 4.1.2 20080704 (Red Hat 4.1.2-48)
I! cuBLAS (v10.1) function cublasStatus_t cublasGetMathMode(cublasContext*, cublasMath_t*) called:
i!  handle: type=cublasHandle_t; val=POINTER (IN HEX:0x0x7fc83d4808c0)
i!  mode: type=cublasMath_t; val=POINTER (IN HEX:0x0x7fc978e19294)
i! Time: 2019-09-29T03:22:38 elapsed from start 0.083333 minutes or 5.000000 seconds
i!Process=17878; Thread=140503293220608; GPU=0; Handle=POINTER (IN HEX:0x0x7fc83d4808c0); StreamId=POINTER (IN HEX:0x(nil)) (defaultStream); MathMode=CUBLAS_DEFAULT_MATH
i! COMPILED WITH: GNU GCC/G++ / 4.1.2 20080704 (Red Hat 4.1.2-48)
I! cuBLAS (v10.1) function cublasStatus_t cublasSetMathMode(cublasContext*, cublasMath_t) called:
i!  handle: type=cublasHandle_t; val=POINTER (IN HEX:0x0x7fc83d4808c0)
i!  mode: type=cublasMath_t; val=CUBLAS_DEFAULT_MATH(0)
i! Time: 2019-09-29T03:22:38 elapsed from start 0.083333 minutes or 5.000000 seconds
i!Process=17878; Thread=140503293220608; GPU=0; Handle=POINTER (IN HEX:0x0x7fc83d4808c0); StreamId=POINTER (IN HEX:0x(nil)) (defaultStream); MathMode=CUBLAS_DEFAULT_MATH
i! COMPILED WITH: GNU GCC/G++ / 4.1.2 20080704 (Red Hat 4.1.2-48)
I! cuBLAS (v10.1) function cublasStatus_t cublasSetStream_v2(cublasContext*, CUstream_st*) called:
i!  handle: type=cublasHandle_t; val=POINTER (IN HEX:0x0x7fc83d4808c0)
i!  streamId: type=SOME TYPE; val=POINTER (IN HEX:0x0x7fc8ba6b5ce0)
i! Time: 2019-09-29T03:22:38 elapsed from start 0.083333 minutes or 5.000000 seconds
i!Process=17878; Thread=140503293220608; GPU=0; Handle=POINTER (IN HEX:0x0x7fc83d4808c0); StreamId=POINTER (IN HEX:0x(nil)) (defaultStream); MathMode=CUBLAS_DEFAULT_MATH
i! COMPILED WITH: GNU GCC/G++ / 4.1.2 20080704 (Red Hat 4.1.2-48)
I! cuBLAS (v10.1) function cublasStatus_t cublasSgemmStridedBatched(cublasContext*, cublasOperation_t, cublasOperation_t, int, int, int, const float*, const float*, int, long long int, const float*, int, long long int, const float*, float*, int, long long int, int) called:
i!  handle: type=cublasHandle_t; val=POINTER (IN HEX:0x0x7fc83d4808c0)
i!  transa: type=cublasOperation_t; val=CUBLAS_OP_N(0)
i!  transb: type=cublasOperation_t; val=CUBLAS_OP_N(0)
i!  m: type=int; val=144
i!  n: type=int; val=128
i!  k: type=int; val=48
i!  alpha: type=float; val=POINTER (IN HEX:0x0x7fc978e1929c)
i!  A: type=float; val=POINTER (IN HEX:0x0x7fc937000000)
i!  lda: type=int; val=144
i!  strideA: type=SOME TYPE; val=6912
i!  B: type=float; val=POINTER (IN HEX:0x0x7fc937474c00)
i!  ldb: type=int; val=48
i!  strideB: type=SOME TYPE; val=6144
i!  beta: type=float; val=POINTER (IN HEX:0x0x7fc978e19298)
i!  C: type=float; val=POINTER (IN HEX:0x0x7fc93786ac00)
i!  ldc: type=int; val=144
i!  strideC: type=SOME TYPE; val=18432
i!  batchSize: type=int; val=169
i! Time: 2019-09-29T03:22:38 elapsed from start 0.083333 minutes or 5.000000 seconds
i!Process=17878; Thread=140503293220608; GPU=0; Handle=POINTER (IN HEX:0x0x7fc83d4808c0); StreamId=POINTER (IN HEX:0x0x7fc8ba6b5ce0); MathMode=CUBLAS_DEFAULT_MATH
i! COMPILED WITH: GNU GCC/G++ / 4.1.2 20080704 (Red Hat 4.1.2-48)
I! cuBLAS (v10.1) function cublasStatus_t cublasSetMathMode(cublasContext*, cublasMath_t) called:
i!  handle: type=cublasHandle_t; val=POINTER (IN HEX:0x0x7fc83d4808c0)
i!  mode: type=cublasMath_t; val=CUBLAS_DEFAULT_MATH(0)
i! Time: 2019-09-29T03:22:38 elapsed from start 0.083333 minutes or 5.000000 seconds
i!Process=17878; Thread=140503293220608; GPU=0; Handle=POINTER (IN HEX:0x0x7fc83d4808c0); StreamId=POINTER (IN HEX:0x0x7fc8ba6b5ce0); MathMode=CUBLAS_DEFAULT_MATH
i! COMPILED WITH: GNU GCC/G++ / 4.1.2 20080704 (Red Hat 4.1.2-48)
I! cuBLAS (v10.1) function cublasStatus_t cublasGetMathMode(cublasContext*, cublasMath_t*) called:
i!  handle: type=cublasHandle_t; val=POINTER (IN HEX:0x0x7fc83d4808c0)
i!  mode: type=cublasMath_t; val=POINTER (IN HEX:0x0x7fc978e19294)
i! Time: 2019-09-29T03:22:38 elapsed from start 0.083333 minutes or 5.000000 seconds
i!Process=17878; Thread=140503293220608; GPU=0; Handle=POINTER (IN HEX:0x0x7fc83d4808c0); StreamId=POINTER (IN HEX:0x0x7fc8ba6b5ce0); MathMode=CUBLAS_DEFAULT_MATH
i! COMPILED WITH: GNU GCC/G++ / 4.1.2 20080704 (Red Hat 4.1.2-48)
I! cuBLAS (v10.1) function cublasStatus_t cublasSetMathMode(cublasContext*, cublasMath_t) called:
i!  handle: type=cublasHandle_t; val=POINTER (IN HEX:0x0x7fc83d4808c0)
i!  mode: type=cublasMath_t; val=CUBLAS_DEFAULT_MATH(0)
i! Time: 2019-09-29T03:22:38 elapsed from start 0.083333 minutes or 5.000000 seconds
i!Process=17878; Thread=140503293220608; GPU=0; Handle=POINTER (IN HEX:0x0x7fc83d4808c0); StreamId=POINTER (IN HEX:0x0x7fc8ba6b5ce0); MathMode=CUBLAS_DEFAULT_MATH
i! COMPILED WITH: GNU GCC/G++ / 4.1.2 20080704 (Red Hat 4.1.2-48)
I! cuBLAS (v10.1) function cublasStatus_t cublasSetStream_v2(cublasContext*, CUstream_st*) called:
i!  handle: type=cublasHandle_t; val=POINTER (IN HEX:0x0x7fc83d4808c0)
i!  streamId: type=SOME TYPE; val=POINTER (IN HEX:0x0x7fc83d2b1f50)
i! Time: 2019-09-29T03:22:38 elapsed from start 0.083333 minutes or 5.000000 seconds
i!Process=17878; Thread=140503293220608; GPU=0; Handle=POINTER (IN HEX:0x0x7fc83d4808c0); StreamId=POINTER (IN HEX:0x0x7fc8ba6b5ce0); MathMode=CUBLAS_DEFAULT_MATH
i! COMPILED WITH: GNU GCC/G++ / 4.1.2 20080704 (Red Hat 4.1.2-48)
I! cuBLAS (v10.1) function cublasStatus_t cublasSgemmStridedBatched(cublasContext*, cublasOperation_t, cublasOperation_t, int, int, int, const float*, const float*, int, long long int, const float*, int, long long int, const float*, float*, int, long long int, int) called:
i!  handle: type=cublasHandle_t; val=POINTER (IN HEX:0x0x7fc83d4808c0)
i!  transa: type=cublasOperation_t; val=CUBLAS_OP_N(0)
i!  transb: type=cublasOperation_t; val=CUBLAS_OP_N(0)
i!  m: type=int; val=144
i!  n: type=int; val=128
i!  k: type=int; val=48
i!  alpha: type=float; val=POINTER (IN HEX:0x0x7fc978e1929c)
i!  A: type=float; val=POINTER (IN HEX:0x0x7fc93844cc00)
i!  lda: type=int; val=144
i!  strideA: type=SOME TYPE; val=6912
i!  B: type=float; val=POINTER (IN HEX:0x0x7fc9388c1800)
i!  ldb: type=int; val=48
i!  strideB: type=SOME TYPE; val=6144
i!  beta: type=float; val=POINTER (IN HEX:0x0x7fc978e19298)
i!  C: type=float; val=POINTER (IN HEX:0x0x7fc938cb7800)
i!  ldc: type=int; val=144
i!  strideC: type=SOME TYPE; val=18432
i!  batchSize: type=int; val=169
i! Time: 2019-09-29T03:22:38 elapsed from start 0.083333 minutes or 5.000000 seconds
i!Process=17878; Thread=140503293220608; GPU=0; Handle=POINTER (IN HEX:0x0x7fc83d4808c0); StreamId=POINTER (IN HEX:0x0x7fc83d2b1f50); MathMode=CUBLAS_DEFAULT_MATH
i! COMPILED WITH: GNU GCC/G++ / 4.1.2 20080704 (Red Hat 4.1.2-48)
I! cuBLAS (v10.1) function cublasStatus_t cublasSetMathMode(cublasContext*, cublasMath_t) called:
i!  handle: type=cublasHandle_t; val=POINTER (IN HEX:0x0x7fc83d4808c0)
i!  mode: type=cublasMath_t; val=CUBLAS_DEFAULT_MATH(0)
i! Time: 2019-09-29T03:22:38 elapsed from start 0.083333 minutes or 5.000000 seconds
i!Process=17878; Thread=140503293220608; GPU=0; Handle=POINTER (IN HEX:0x0x7fc83d4808c0); StreamId=POINTER (IN HEX:0x0x7fc83d2b1f50); MathMode=CUBLAS_DEFAULT_MATH
i! COMPILED WITH: GNU GCC/G++ / 4.1.2 20080704 (Red Hat 4.1.2-48)
I! cuBLAS (v10.1) function cublasStatus_t cublasGetMathMode(cublasContext*, cublasMath_t*) called:
i!  handle: type=cublasHandle_t; val=POINTER (IN HEX:0x0x7fc83d4808c0)
i!  mode: type=cublasMath_t; val=POINTER (IN HEX:0x0x7fc978e19294)
i! Time: 2019-09-29T03:22:38 elapsed from start 0.083333 minutes or 5.000000 seconds
i!Process=17878; Thread=140503293220608; GPU=0; Handle=POINTER (IN HEX:0x0x7fc83d4808c0); StreamId=POINTER (IN HEX:0x0x7fc83d2b1f50); MathMode=CUBLAS_DEFAULT_MATH
i! COMPILED WITH: GNU GCC/G++ / 4.1.2 20080704 (Red Hat 4.1.2-48)
I! cuBLAS (v10.1) function cublasStatus_t cublasSetMathMode(cublasContext*, cublasMath_t) called:
i!  handle: type=cublasHandle_t; val=POINTER (IN HEX:0x0x7fc83d4808c0)
i!  mode: type=cublasMath_t; val=CUBLAS_DEFAULT_MATH(0)
i! Time: 2019-09-29T03:22:38 elapsed from start 0.083333 minutes or 5.000000 seconds
i!Process=17878; Thread=140503293220608; GPU=0; Handle=POINTER (IN HEX:0x0x7fc83d4808c0); StreamId=POINTER (IN HEX:0x0x7fc83d2b1f50); MathMode=CUBLAS_DEFAULT_MATH
i! COMPILED WITH: GNU GCC/G++ / 4.1.2 20080704 (Red Hat 4.1.2-48)
I! cuBLAS (v10.1) function cublasStatus_t cublasSetStream_v2(cublasContext*, CUstream_st*) called:
i!  handle: type=cublasHandle_t; val=POINTER (IN HEX:0x0x7fc83d4808c0)
i!  streamId: type=SOME TYPE; val=POINTER (IN HEX:0x0x7fc944800110)
i! Time: 2019-09-29T03:22:38 elapsed from start 0.083333 minutes or 5.000000 seconds
i!Process=17878; Thread=140503293220608; GPU=0; Handle=POINTER (IN HEX:0x0x7fc83d4808c0); StreamId=POINTER (IN HEX:0x0x7fc83d2b1f50); MathMode=CUBLAS_DEFAULT_MATH
i! COMPILED WITH: GNU GCC/G++ / 4.1.2 20080704 (Red Hat 4.1.2-48)
I! cuBLAS (v10.1) function cublasStatus_t cublasSgemmStridedBatched(cublasContext*, cublasOperation_t, cublasOperation_t, int, int, int, const float*, const float*, int, long long int, const float*, int, long long int, const float*, float*, int, long long int, int) called:
i!  handle: type=cublasHandle_t; val=POINTER (IN HEX:0x0x7fc83d4808c0)
i!  transa: type=cublasOperation_t; val=CUBLAS_OP_N(0)
i!  transb: type=cublasOperation_t; val=CUBLAS_OP_N(0)
i!  m: type=int; val=256
i!  n: type=int; val=384
i!  k: type=int; val=256
i!  alpha: type=float; val=POINTER (IN HEX:0x0x7fc978e1929c)
i!  A: type=float; val=POINTER (IN HEX:0x0x7fc937000000)
i!  lda: type=int; val=256
i!  strideA: type=SOME TYPE; val=65536
i!  B: type=float; val=POINTER (IN HEX:0x0x7fc937900000)
i!  ldb: type=int; val=256
i!  strideB: type=SOME TYPE; val=98304
i!  beta: type=float; val=POINTER (IN HEX:0x0x7fc978e19298)
i!  C: type=float; val=POINTER (IN HEX:0x0x7fc938680000)
i!  ldc: type=int; val=256
i!  strideC: type=SOME TYPE; val=98304
i!  batchSize: type=int; val=36
i! Time: 2019-09-29T03:22:38 elapsed from start 0.083333 minutes or 5.000000 seconds
i!Process=17878; Thread=140503293220608; GPU=0; Handle=POINTER (IN HEX:0x0x7fc83d4808c0); StreamId=POINTER (IN HEX:0x0x7fc944800110); MathMode=CUBLAS_DEFAULT_MATH
i! COMPILED WITH: GNU GCC/G++ / 4.1.2 20080704 (Red Hat 4.1.2-48)
I! cuBLAS (v10.1) function cublasStatus_t cublasSetMathMode(cublasContext*, cublasMath_t) called:
i!  handle: type=cublasHandle_t; val=POINTER (IN HEX:0x0x7fc83d4808c0)
i!  mode: type=cublasMath_t; val=CUBLAS_DEFAULT_MATH(0)
i! Time: 2019-09-29T03:22:38 elapsed from start 0.083333 minutes or 5.000000 seconds
i!Process=17878; Thread=140503293220608; GPU=0; Handle=POINTER (IN HEX:0x0x7fc83d4808c0); StreamId=POINTER (IN HEX:0x0x7fc944800110); MathMode=CUBLAS_DEFAULT_MATH
i! COMPILED WITH: GNU GCC/G++ / 4.1.2 20080704 (Red Hat 4.1.2-48)
I! cuBLAS (v10.1) function cublasStatus_t cublasGetMathMode(cublasContext*, cublasMath_t*) called:
i!  handle: type=cublasHandle_t; val=POINTER (IN HEX:0x0x7fc83d4808c0)
i!  mode: type=cublasMath_t; val=POINTER (IN HEX:0x0x7fc978e19294)
i! Time: 2019-09-29T03:22:38 elapsed from start 0.083333 minutes or 5.000000 seconds
i!Process=17878; Thread=140503293220608; GPU=0; Handle=POINTER (IN HEX:0x0x7fc83d4808c0); StreamId=POINTER (IN HEX:0x0x7fc944800110); MathMode=CUBLAS_DEFAULT_MATH
i! COMPILED WITH: GNU GCC/G++ / 4.1.2 20080704 (Red Hat 4.1.2-48)
I! cuBLAS (v10.1) function cublasStatus_t cublasSetMathMode(cublasContext*, cublasMath_t) called:
i!  handle: type=cublasHandle_t; val=POINTER (IN HEX:0x0x7fc83d4808c0)
i!  mode: type=cublasMath_t; val=CUBLAS_DEFAULT_MATH(0)
i! Time: 2019-09-29T03:22:38 elapsed from start 0.083333 minutes or 5.000000 seconds
i!Process=17878; Thread=140503293220608; GPU=0; Handle=POINTER (IN HEX:0x0x7fc83d4808c0); StreamId=POINTER (IN HEX:0x0x7fc944800110); MathMode=CUBLAS_DEFAULT_MATH
i! COMPILED WITH: GNU GCC/G++ / 4.1.2 20080704 (Red Hat 4.1.2-48)
I! cuBLAS (v10.1) function cublasStatus_t cublasSetStream_v2(cublasContext*, CUstream_st*) called:
i!  handle: type=cublasHandle_t; val=POINTER (IN HEX:0x0x7fc83d4808c0)
i!  streamId: type=SOME TYPE; val=POINTER (IN HEX:0x0x7fc8ba6b5ce0)
i! Time: 2019-09-29T03:22:38 elapsed from start 0.083333 minutes or 5.000000 seconds
i!Process=17878; Thread=140503293220608; GPU=0; Handle=POINTER (IN HEX:0x0x7fc83d4808c0); StreamId=POINTER (IN HEX:0x0x7fc944800110); MathMode=CUBLAS_DEFAULT_MATH
i! COMPILED WITH: GNU GCC/G++ / 4.1.2 20080704 (Red Hat 4.1.2-48)
I! cuBLAS (v10.1) function cublasStatus_t cublasSgemmStridedBatched(cublasContext*, cublasOperation_t, cublasOperation_t, int, int, int, const float*, const float*, int, long long int, const float*, int, long long int, const float*, float*, int, long long int, int) called:
i!  handle: type=cublasHandle_t; val=POINTER (IN HEX:0x0x7fc83d4808c0)
i!  transa: type=cublasOperation_t; val=CUBLAS_OP_N(0)
i!  transb: type=cublasOperation_t; val=CUBLAS_OP_N(0)
i!  m: type=int; val=256
i!  n: type=int; val=192
i!  k: type=int; val=192
i!  alpha: type=float; val=POINTER (IN HEX:0x0x7fc978e1929c)
i!  A: type=float; val=POINTER (IN HEX:0x0x7fc937000000)
i!  lda: type=int; val=256
i!  strideA: type=SOME TYPE; val=49152
i!  B: type=float; val=POINTER (IN HEX:0x0x7fc9376c0000)
i!  ldb: type=int; val=192
i!  strideB: type=SOME TYPE; val=36864
i!  beta: type=float; val=POINTER (IN HEX:0x0x7fc978e19298)
i!  C: type=float; val=POINTER (IN HEX:0x0x7fc937bd0000)
i!  ldc: type=int; val=256
i!  strideC: type=SOME TYPE; val=49152
i!  batchSize: type=int; val=36
i! Time: 2019-09-29T03:22:38 elapsed from start 0.083333 minutes or 5.000000 seconds
i!Process=17878; Thread=140503293220608; GPU=0; Handle=POINTER (IN HEX:0x0x7fc83d4808c0); StreamId=POINTER (IN HEX:0x0x7fc8ba6b5ce0); MathMode=CUBLAS_DEFAULT_MATH
i! COMPILED WITH: GNU GCC/G++ / 4.1.2 20080704 (Red Hat 4.1.2-48)
I! cuBLAS (v10.1) function cublasStatus_t cublasSetMathMode(cublasContext*, cublasMath_t) called:
i!  handle: type=cublasHandle_t; val=POINTER (IN HEX:0x0x7fc83d4808c0)
i!  mode: type=cublasMath_t; val=CUBLAS_DEFAULT_MATH(0)
i! Time: 2019-09-29T03:22:38 elapsed from start 0.083333 minutes or 5.000000 seconds
i!Process=17878; Thread=140503293220608; GPU=0; Handle=POINTER (IN HEX:0x0x7fc83d4808c0); StreamId=POINTER (IN HEX:0x0x7fc8ba6b5ce0); MathMode=CUBLAS_DEFAULT_MATH
i! COMPILED WITH: GNU GCC/G++ / 4.1.2 20080704 (Red Hat 4.1.2-48)
I! cuBLAS (v10.1) function cublasStatus_t cublasGetMathMode(cublasContext*, cublasMath_t*) called:
i!  handle: type=cublasHandle_t; val=POINTER (IN HEX:0x0x7fc83d4808c0)
i!  mode: type=cublasMath_t; val=POINTER (IN HEX:0x0x7fc978e19294)
i! Time: 2019-09-29T03:22:38 elapsed from start 0.083333 minutes or 5.000000 seconds
i!Process=17878; Thread=140503293220608; GPU=0; Handle=POINTER (IN HEX:0x0x7fc83d4808c0); StreamId=POINTER (IN HEX:0x0x7fc8ba6b5ce0); MathMode=CUBLAS_DEFAULT_MATH
i! COMPILED WITH: GNU GCC/G++ / 4.1.2 20080704 (Red Hat 4.1.2-48)
I! cuBLAS (v10.1) function cublasStatus_t cublasSetMathMode(cublasContext*, cublasMath_t) called:
i!  handle: type=cublasHandle_t; val=POINTER (IN HEX:0x0x7fc83d4808c0)
i!  mode: type=cublasMath_t; val=CUBLAS_DEFAULT_MATH(0)
i! Time: 2019-09-29T03:22:38 elapsed from start 0.083333 minutes or 5.000000 seconds
i!Process=17878; Thread=140503293220608; GPU=0; Handle=POINTER (IN HEX:0x0x7fc83d4808c0); StreamId=POINTER (IN HEX:0x0x7fc8ba6b5ce0); MathMode=CUBLAS_DEFAULT_MATH
i! COMPILED WITH: GNU GCC/G++ / 4.1.2 20080704 (Red Hat 4.1.2-48)
I! cuBLAS (v10.1) function cublasStatus_t cublasSetStream_v2(cublasContext*, CUstream_st*) called:
i!  handle: type=cublasHandle_t; val=POINTER (IN HEX:0x0x7fc83d4808c0)
i!  streamId: type=SOME TYPE; val=POINTER (IN HEX:0x0x7fc83d2b1f50)
i! Time: 2019-09-29T03:22:38 elapsed from start 0.083333 minutes or 5.000000 seconds
i!Process=17878; Thread=140503293220608; GPU=0; Handle=POINTER (IN HEX:0x0x7fc83d4808c0); StreamId=POINTER (IN HEX:0x0x7fc8ba6b5ce0); MathMode=CUBLAS_DEFAULT_MATH
i! COMPILED WITH: GNU GCC/G++ / 4.1.2 20080704 (Red Hat 4.1.2-48)
I! cuBLAS (v10.1) function cublasStatus_t cublasSgemmStridedBatched(cublasContext*, cublasOperation_t, cublasOperation_t, int, int, int, const float*, const float*, int, long long int, const float*, int, long long int, const float*, float*, int, long long int, int) called:
i!  handle: type=cublasHandle_t; val=POINTER (IN HEX:0x0x7fc83d4808c0)
i!  transa: type=cublasOperation_t; val=CUBLAS_OP_N(0)
i!  transb: type=cublasOperation_t; val=CUBLAS_OP_N(0)
i!  m: type=int; val=256
i!  n: type=int; val=192
i!  k: type=int; val=192
i!  alpha: type=float; val=POINTER (IN HEX:0x0x7fc978e1929c)
i!  A: type=float; val=POINTER (IN HEX:0x0x7fc938290000)
i!  lda: type=int; val=256
i!  strideA: type=SOME TYPE; val=49152
i!  B: type=float; val=POINTER (IN HEX:0x0x7fc938950000)
i!  ldb: type=int; val=192
i!  strideB: type=SOME TYPE; val=36864
i!  beta: type=float; val=POINTER (IN HEX:0x0x7fc978e19298)
i!  C: type=float; val=POINTER (IN HEX:0x0x7fc938e60000)
i!  ldc: type=int; val=256
i!  strideC: type=SOME TYPE; val=49152
i!  batchSize: type=int; val=36
i! Time: 2019-09-29T03:22:38 elapsed from start 0.083333 minutes or 5.000000 seconds
i!Process=17878; Thread=140503293220608; GPU=0; Handle=POINTER (IN HEX:0x0x7fc83d4808c0); StreamId=POINTER (IN HEX:0x0x7fc83d2b1f50); MathMode=CUBLAS_DEFAULT_MATH
i! COMPILED WITH: GNU GCC/G++ / 4.1.2 20080704 (Red Hat 4.1.2-48)
I! cuBLAS (v10.1) function cublasStatus_t cublasSetMathMode(cublasContext*, cublasMath_t) called:
i!  handle: type=cublasHandle_t; val=POINTER (IN HEX:0x0x7fc83d4808c0)
i!  mode: type=cublasMath_t; val=CUBLAS_DEFAULT_MATH(0)
i! Time: 2019-09-29T03:22:38 elapsed from start 0.083333 minutes or 5.000000 seconds
i!Process=17878; Thread=140503293220608; GPU=0; Handle=POINTER (IN HEX:0x0x7fc83d4808c0); StreamId=POINTER (IN HEX:0x0x7fc83d2b1f50); MathMode=CUBLAS_DEFAULT_MATH
i! COMPILED WITH: GNU GCC/G++ / 4.1.2 20080704 (Red Hat 4.1.2-48)
I! cuBLAS (v10.1) function cublasStatus_t cublasGetMathMode(cublasContext*, cublasMath_t*) called:
i!  handle: type=cublasHandle_t; val=POINTER (IN HEX:0x0x7fc83d4808c0)
i!  mode: type=cublasMath_t; val=POINTER (IN HEX:0x0x7fc978e19294)
i! Time: 2019-09-29T03:22:38 elapsed from start 0.083333 minutes or 5.000000 seconds
i!Process=17878; Thread=140503293220608; GPU=0; Handle=POINTER (IN HEX:0x0x7fc83d4808c0); StreamId=POINTER (IN HEX:0x0x7fc83d2b1f50); MathMode=CUBLAS_DEFAULT_MATH
i! COMPILED WITH: GNU GCC/G++ / 4.1.2 20080704 (Red Hat 4.1.2-48)
I! cuBLAS (v10.1) function cublasStatus_t cublasSetMathMode(cublasContext*, cublasMath_t) called:
i!  handle: type=cublasHandle_t; val=POINTER (IN HEX:0x0x7fc83d4808c0)
i!  mode: type=cublasMath_t; val=CUBLAS_DEFAULT_MATH(0)
i! Time: 2019-09-29T03:22:38 elapsed from start 0.083333 minutes or 5.000000 seconds
i!Process=17878; Thread=140503293220608; GPU=0; Handle=POINTER (IN HEX:0x0x7fc83d4808c0); StreamId=POINTER (IN HEX:0x0x7fc83d2b1f50); MathMode=CUBLAS_DEFAULT_MATH
i! COMPILED WITH: GNU GCC/G++ / 4.1.2 20080704 (Red Hat 4.1.2-48)
I! cuBLAS (v10.1) function cublasStatus_t cublasSetStream_v2(cublasContext*, CUstream_st*) called:
i!  handle: type=cublasHandle_t; val=POINTER (IN HEX:0x0x7fc83d4808c0)
i!  streamId: type=SOME TYPE; val=POINTER (IN HEX:0x0x7fc8ba6b5ce0)
i! Time: 2019-09-29T03:22:38 elapsed from start 0.083333 minutes or 5.000000 seconds
i!Process=17878; Thread=140503293220608; GPU=0; Handle=POINTER (IN HEX:0x0x7fc83d4808c0); StreamId=POINTER (IN HEX:0x0x7fc83d2b1f50); MathMode=CUBLAS_DEFAULT_MATH
i! COMPILED WITH: GNU GCC/G++ / 4.1.2 20080704 (Red Hat 4.1.2-48)
I! cuBLAS (v10.1) function cublasStatus_t cublasSgemmStridedBatched(cublasContext*, cublasOperation_t, cublasOperation_t, int, int, int, const float*, const float*, int, long long int, const float*, int, long long int, const float*, float*, int, long long int, int) called:
i!  handle: type=cublasHandle_t; val=POINTER (IN HEX:0x0x7fc83d4808c0)
i!  transa: type=cublasOperation_t; val=CUBLAS_OP_N(0)
i!  transb: type=cublasOperation_t; val=CUBLAS_OP_N(0)
i!  m: type=int; val=256
i!  n: type=int; val=128
i!  k: type=int; val=192
i!  alpha: type=float; val=POINTER (IN HEX:0x0x7fc978e1929c)
i!  A: type=float; val=POINTER (IN HEX:0x0x7fc937000000)
i!  lda: type=int; val=256
i!  strideA: type=SOME TYPE; val=49152
i!  B: type=float; val=POINTER (IN HEX:0x0x7fc9376c0000)
i!  ldb: type=int; val=192
i!  strideB: type=SOME TYPE; val=24576
i!  beta: type=float; val=POINTER (IN HEX:0x0x7fc978e19298)
i!  C: type=float; val=POINTER (IN HEX:0x0x7fc937a20000)
i!  ldc: type=int; val=256
i!  strideC: type=SOME TYPE; val=32768
i!  batchSize: type=int; val=36
i! Time: 2019-09-29T03:22:38 elapsed from start 0.083333 minutes or 5.000000 seconds
i!Process=17878; Thread=140503293220608; GPU=0; Handle=POINTER (IN HEX:0x0x7fc83d4808c0); StreamId=POINTER (IN HEX:0x0x7fc8ba6b5ce0); MathMode=CUBLAS_DEFAULT_MATH
i! COMPILED WITH: GNU GCC/G++ / 4.1.2 20080704 (Red Hat 4.1.2-48)
I! cuBLAS (v10.1) function cublasStatus_t cublasSetMathMode(cublasContext*, cublasMath_t) called:
i!  handle: type=cublasHandle_t; val=POINTER (IN HEX:0x0x7fc83d4808c0)
i!  mode: type=cublasMath_t; val=CUBLAS_DEFAULT_MATH(0)
i! Time: 2019-09-29T03:22:38 elapsed from start 0.083333 minutes or 5.000000 seconds
i!Process=17878; Thread=140503293220608; GPU=0; Handle=POINTER (IN HEX:0x0x7fc83d4808c0); StreamId=POINTER (IN HEX:0x0x7fc8ba6b5ce0); MathMode=CUBLAS_DEFAULT_MATH
i! COMPILED WITH: GNU GCC/G++ / 4.1.2 20080704 (Red Hat 4.1.2-48)
I! cuBLAS (v10.1) function cublasStatus_t cublasGetMathMode(cublasContext*, cublasMath_t*) called:
i!  handle: type=cublasHandle_t; val=POINTER (IN HEX:0x0x7fc83d4808c0)
i!  mode: type=cublasMath_t; val=POINTER (IN HEX:0x0x7fc978e19294)
i! Time: 2019-09-29T03:22:38 elapsed from start 0.083333 minutes or 5.000000 seconds
i!Process=17878; Thread=140503293220608; GPU=0; Handle=POINTER (IN HEX:0x0x7fc83d4808c0); StreamId=POINTER (IN HEX:0x0x7fc8ba6b5ce0); MathMode=CUBLAS_DEFAULT_MATH
i! COMPILED WITH: GNU GCC/G++ / 4.1.2 20080704 (Red Hat 4.1.2-48)
I! cuBLAS (v10.1) function cublasStatus_t cublasSetMathMode(cublasContext*, cublasMath_t) called:
i!  handle: type=cublasHandle_t; val=POINTER (IN HEX:0x0x7fc83d4808c0)
i!  mode: type=cublasMath_t; val=CUBLAS_DEFAULT_MATH(0)
i! Time: 2019-09-29T03:22:38 elapsed from start 0.083333 minutes or 5.000000 seconds
i!Process=17878; Thread=140503293220608; GPU=0; Handle=POINTER (IN HEX:0x0x7fc83d4808c0); StreamId=POINTER (IN HEX:0x0x7fc8ba6b5ce0); MathMode=CUBLAS_DEFAULT_MATH
i! COMPILED WITH: GNU GCC/G++ / 4.1.2 20080704 (Red Hat 4.1.2-48)
I! cuBLAS (v10.1) function cublasStatus_t cublasSetStream_v2(cublasContext*, CUstream_st*) called:
i!  handle: type=cublasHandle_t; val=POINTER (IN HEX:0x0x7fc83d4808c0)
i!  streamId: type=SOME TYPE; val=POINTER (IN HEX:0x0x7fc83d2b1f50)
i! Time: 2019-09-29T03:22:38 elapsed from start 0.083333 minutes or 5.000000 seconds
i!Process=17878; Thread=140503293220608; GPU=0; Handle=POINTER (IN HEX:0x0x7fc83d4808c0); StreamId=POINTER (IN HEX:0x0x7fc8ba6b5ce0); MathMode=CUBLAS_DEFAULT_MATH
i! COMPILED WITH: GNU GCC/G++ / 4.1.2 20080704 (Red Hat 4.1.2-48)
I! cuBLAS (v10.1) function cublasStatus_t cublasSgemmStridedBatched(cublasContext*, cublasOperation_t, cublasOperation_t, int, int, int, const float*, const float*, int, long long int, const float*, int, long long int, const float*, float*, int, long long int, int) called:
i!  handle: type=cublasHandle_t; val=POINTER (IN HEX:0x0x7fc83d4808c0)
i!  transa: type=cublasOperation_t; val=CUBLAS_OP_N(0)
i!  transb: type=cublasOperation_t; val=CUBLAS_OP_N(0)
i!  m: type=int; val=256
i!  n: type=int; val=128
i!  k: type=int; val=192
i!  alpha: type=float; val=POINTER (IN HEX:0x0x7fc978e1929c)
i!  A: type=float; val=POINTER (IN HEX:0x0x7fc937ea0000)
i!  lda: type=int; val=256
i!  strideA: type=SOME TYPE; val=49152
i!  B: type=float; val=POINTER (IN HEX:0x0x7fc938560000)
i!  ldb: type=int; val=192
i!  strideB: type=SOME TYPE; val=24576
i!  beta: type=float; val=POINTER (IN HEX:0x0x7fc978e19298)
i!  C: type=float; val=POINTER (IN HEX:0x0x7fc9388c0000)
i!  ldc: type=int; val=256
i!  strideC: type=SOME TYPE; val=32768
i!  batchSize: type=int; val=36
i! Time: 2019-09-29T03:22:38 elapsed from start 0.083333 minutes or 5.000000 seconds
i!Process=17878; Thread=140503293220608; GPU=0; Handle=POINTER (IN HEX:0x0x7fc83d4808c0); StreamId=POINTER (IN HEX:0x0x7fc83d2b1f50); MathMode=CUBLAS_DEFAULT_MATH
i! COMPILED WITH: GNU GCC/G++ / 4.1.2 20080704 (Red Hat 4.1.2-48)
I! cuBLAS (v10.1) function cublasStatus_t cublasSetMathMode(cublasContext*, cublasMath_t) called:
i!  handle: type=cublasHandle_t; val=POINTER (IN HEX:0x0x7fc83d4808c0)
i!  mode: type=cublasMath_t; val=CUBLAS_DEFAULT_MATH(0)
i! Time: 2019-09-29T03:22:38 elapsed from start 0.083333 minutes or 5.000000 seconds
i!Process=17878; Thread=140503293220608; GPU=0; Handle=POINTER (IN HEX:0x0x7fc83d4808c0); StreamId=POINTER (IN HEX:0x0x7fc83d2b1f50); MathMode=CUBLAS_DEFAULT_MATH
i! COMPILED WITH: GNU GCC/G++ / 4.1.2 20080704 (Red Hat 4.1.2-48)
I! cuBLAS (v10.1) function cublasStatus_t cublasSgemmEx(cublasContext*, cublasOperation_t, cublasOperation_t, int, int, int, const float*, const void*, cublasDataType_t, int, const void*, cublasDataType_t, int, const float*, void*, cublasDataType_t, int) called:
i!  handle: type=cublasHandle_t; val=POINTER (IN HEX:0x0x7fc8df9a7e40)
i!  transa: type=cublasOperation_t; val=CUBLAS_OP_T(1)
i!  transb: type=cublasOperation_t; val=CUBLAS_OP_N(0)
i!  m: type=int; val=4096
i!  n: type=int; val=16
i!  k: type=int; val=9216
i!  alpha: type=float; val=POINTER (IN HEX:0x0x7fc978e1c26c)
i!  A: type=void; val=POINTER (IN HEX:0x0x7fc92a000000)
i!  Atype: type=cudaDataType_t; val=CUDA_R_32F(0)
i!  lda: type=int; val=9216
i!  B: type=void; val=POINTER (IN HEX:0x0x7fc892600000)
i!  Btype: type=cudaDataType_t; val=CUDA_R_32F(0)
i!  ldb: type=int; val=9216
i!  beta: type=float; val=POINTER (IN HEX:0x0x7fc978e1c268)
i!  C: type=void; val=POINTER (IN HEX:0x0x7fc88fdb0000)
i!  Ctype: type=cudaDataType_t; val=CUDA_R_32F(0)
i!  ldc: type=int; val=4096
i! Time: 2019-09-29T03:22:38 elapsed from start 0.083333 minutes or 5.000000 seconds
i!Process=17878; Thread=140503293220608; GPU=0; Handle=POINTER (IN HEX:0x0x7fc8df9a7e40); StreamId=POINTER (IN HEX:0x0x7fc944800110); MathMode=CUBLAS_DEFAULT_MATH
i! COMPILED WITH: GNU GCC/G++ / 4.1.2 20080704 (Red Hat 4.1.2-48)
I! cuBLAS (v10.1) function cublasStatus_t cublasGetMathMode(cublasContext*, cublasMath_t*) called:
i!  handle: type=cublasHandle_t; val=POINTER (IN HEX:0x0x7fc8df9a7e40)
i!  mode: type=cublasMath_t; val=POINTER (IN HEX:0x0x7fc978e1becc)
i! Time: 2019-09-29T03:22:38 elapsed from start 0.083333 minutes or 5.000000 seconds
i!Process=17878; Thread=140503293220608; GPU=0; Handle=POINTER (IN HEX:0x0x7fc8df9a7e40); StreamId=POINTER (IN HEX:0x0x7fc944800110); MathMode=CUBLAS_DEFAULT_MATH
i! COMPILED WITH: GNU GCC/G++ / 4.1.2 20080704 (Red Hat 4.1.2-48)
I! cuBLAS (v10.1) function cublasStatus_t cublasSgemmEx(cublasContext*, cublasOperation_t, cublasOperation_t, int, int, int, const float*, const void*, cublasDataType_t, int, const void*, cublasDataType_t, int, const float*, void*, cublasDataType_t, int) called:
i!  handle: type=cublasHandle_t; val=POINTER (IN HEX:0x0x7fc8df9a7e40)
i!  transa: type=cublasOperation_t; val=CUBLAS_OP_T(1)
i!  transb: type=cublasOperation_t; val=CUBLAS_OP_N(0)
i!  m: type=int; val=4096
i!  n: type=int; val=16
i!  k: type=int; val=4096
i!  alpha: type=float; val=POINTER (IN HEX:0x0x7fc978e1c26c)
i!  A: type=void; val=POINTER (IN HEX:0x0x7fc933000000)
i!  Atype: type=cudaDataType_t; val=CUDA_R_32F(0)
i!  lda: type=int; val=4096
i!  B: type=void; val=POINTER (IN HEX:0x0x7fc88fdb0000)
i!  Btype: type=cudaDataType_t; val=CUDA_R_32F(0)
i!  ldb: type=int; val=4096
i!  beta: type=float; val=POINTER (IN HEX:0x0x7fc978e1c268)
i!  C: type=void; val=POINTER (IN HEX:0x0x7fc88f32c000)
i!  Ctype: type=cudaDataType_t; val=CUDA_R_32F(0)
i!  ldc: type=int; val=4096
i! Time: 2019-09-29T03:22:38 elapsed from start 0.083333 minutes or 5.000000 seconds
i!Process=17878; Thread=140503293220608; GPU=0; Handle=POINTER (IN HEX:0x0x7fc8df9a7e40); StreamId=POINTER (IN HEX:0x0x7fc944800110); MathMode=CUBLAS_DEFAULT_MATH
i! COMPILED WITH: GNU GCC/G++ / 4.1.2 20080704 (Red Hat 4.1.2-48)
I! cuBLAS (v10.1) function cublasStatus_t cublasGetMathMode(cublasContext*, cublasMath_t*) called:
i!  handle: type=cublasHandle_t; val=POINTER (IN HEX:0x0x7fc8df9a7e40)
i!  mode: type=cublasMath_t; val=POINTER (IN HEX:0x0x7fc978e1becc)
i! Time: 2019-09-29T03:22:38 elapsed from start 0.083333 minutes or 5.000000 seconds
i!Process=17878; Thread=140503293220608; GPU=0; Handle=POINTER (IN HEX:0x0x7fc8df9a7e40); StreamId=POINTER (IN HEX:0x0x7fc944800110); MathMode=CUBLAS_DEFAULT_MATH
i! COMPILED WITH: GNU GCC/G++ / 4.1.2 20080704 (Red Hat 4.1.2-48)
I! cuBLAS (v10.1) function cublasStatus_t cublasSgemmEx(cublasContext*, cublasOperation_t, cublasOperation_t, int, int, int, const float*, const void*, cublasDataType_t, int, const void*, cublasDataType_t, int, const float*, void*, cublasDataType_t, int) called:
i!  handle: type=cublasHandle_t; val=POINTER (IN HEX:0x0x7fc8df9a7e40)
i!  transa: type=cublasOperation_t; val=CUBLAS_OP_T(1)
i!  transb: type=cublasOperation_t; val=CUBLAS_OP_N(0)
i!  m: type=int; val=1000
i!  n: type=int; val=16
i!  k: type=int; val=4096
i!  alpha: type=float; val=POINTER (IN HEX:0x0x7fc978e1c26c)
i!  A: type=void; val=POINTER (IN HEX:0x0x7fc88fe00000)
i!  Atype: type=cudaDataType_t; val=CUDA_R_32F(0)
i!  lda: type=int; val=4096
i!  B: type=void; val=POINTER (IN HEX:0x0x7fc88f32c000)
i!  Btype: type=cudaDataType_t; val=CUDA_R_32F(0)
i!  ldb: type=int; val=4096
i!  beta: type=float; val=POINTER (IN HEX:0x0x7fc978e1c268)
i!  C: type=void; val=POINTER (IN HEX:0x0x7fc88fdb0000)
i!  Ctype: type=cudaDataType_t; val=CUDA_R_32F(0)
i!  ldc: type=int; val=1000
i! Time: 2019-09-29T03:22:38 elapsed from start 0.083333 minutes or 5.000000 seconds
i!Process=17878; Thread=140503293220608; GPU=0; Handle=POINTER (IN HEX:0x0x7fc8df9a7e40); StreamId=POINTER (IN HEX:0x0x7fc944800110); MathMode=CUBLAS_DEFAULT_MATH
i! COMPILED WITH: GNU GCC/G++ / 4.1.2 20080704 (Red Hat 4.1.2-48)
I! cuBLAS (v10.1) function cublasStatus_t cublasGetMathMode(cublasContext*, cublasMath_t*) called:
i!  handle: type=cublasHandle_t; val=POINTER (IN HEX:0x0x7fc8df9a7e40)
i!  mode: type=cublasMath_t; val=POINTER (IN HEX:0x0x7fc978e1becc)
i! Time: 2019-09-29T03:22:38 elapsed from start 0.083333 minutes or 5.000000 seconds
i!Process=17878; Thread=140503293220608; GPU=0; Handle=POINTER (IN HEX:0x0x7fc8df9a7e40); StreamId=POINTER (IN HEX:0x0x7fc944800110); MathMode=CUBLAS_DEFAULT_MATH
i! COMPILED WITH: GNU GCC/G++ / 4.1.2 20080704 (Red Hat 4.1.2-48)
I! cuBLAS (v10.1) function cublasStatus_t cublasGetMathMode(cublasContext*, cublasMath_t*) called:
i!  handle: type=cublasHandle_t; val=POINTER (IN HEX:0x0x7fc9480e50f0)
i!  mode: type=cublasMath_t; val=POINTER (IN HEX:0x0x7fc973ffb294)
i! Time: 2019-09-29T03:22:38 elapsed from start 0.083333 minutes or 5.000000 seconds
i!Process=17878; Thread=140503211308800; GPU=0; Handle=POINTER (IN HEX:0x0x7fc9480e50f0); StreamId=POINTER (IN HEX:0x(nil)) (defaultStream); MathMode=CUBLAS_DEFAULT_MATH
i! COMPILED WITH: GNU GCC/G++ / 4.1.2 20080704 (Red Hat 4.1.2-48)
I! cuBLAS (v10.1) function cublasStatus_t cublasSetMathMode(cublasContext*, cublasMath_t) called:
i!  handle: type=cublasHandle_t; val=POINTER (IN HEX:0x0x7fc9480e50f0)
i!  mode: type=cublasMath_t; val=CUBLAS_DEFAULT_MATH(0)
i! Time: 2019-09-29T03:22:38 elapsed from start 0.083333 minutes or 5.000000 seconds
i!Process=17878; Thread=140503211308800; GPU=0; Handle=POINTER (IN HEX:0x0x7fc9480e50f0); StreamId=POINTER (IN HEX:0x(nil)) (defaultStream); MathMode=CUBLAS_DEFAULT_MATH
i! COMPILED WITH: GNU GCC/G++ / 4.1.2 20080704 (Red Hat 4.1.2-48)
I! cuBLAS (v10.1) function cublasStatus_t cublasSetStream_v2(cublasContext*, CUstream_st*) called:
i!  handle: type=cublasHandle_t; val=POINTER (IN HEX:0x0x7fc9480e50f0)
i!  streamId: type=SOME TYPE; val=POINTER (IN HEX:0x0x7fc9480dae50)
i! Time: 2019-09-29T03:22:38 elapsed from start 0.083333 minutes or 5.000000 seconds
i!Process=17878; Thread=140503211308800; GPU=0; Handle=POINTER (IN HEX:0x0x7fc9480e50f0); StreamId=POINTER (IN HEX:0x(nil)) (defaultStream); MathMode=CUBLAS_DEFAULT_MATH
i! COMPILED WITH: GNU GCC/G++ / 4.1.2 20080704 (Red Hat 4.1.2-48)
I! cuBLAS (v10.1) function cublasStatus_t cublasSgemmStridedBatched(cublasContext*, cublasOperation_t, cublasOperation_t, int, int, int, const float*, const float*, int, long long int, const float*, int, long long int, const float*, float*, int, long long int, int) called:
i!  handle: type=cublasHandle_t; val=POINTER (IN HEX:0x0x7fc9480e50f0)
i!  transa: type=cublasOperation_t; val=CUBLAS_OP_N(0)
i!  transb: type=cublasOperation_t; val=CUBLAS_OP_N(0)
i!  m: type=int; val=144
i!  n: type=int; val=128
i!  k: type=int; val=48
i!  alpha: type=float; val=POINTER (IN HEX:0x0x7fc973ffb29c)
i!  A: type=float; val=POINTER (IN HEX:0x0x7fc937000000)
i!  lda: type=int; val=144
i!  strideA: type=SOME TYPE; val=6912
i!  B: type=float; val=POINTER (IN HEX:0x0x7fc937474c00)
i!  ldb: type=int; val=48
i!  strideB: type=SOME TYPE; val=6144
i!  beta: type=float; val=POINTER (IN HEX:0x0x7fc973ffb298)
i!  C: type=float; val=POINTER (IN HEX:0x0x7fc93786ac00)
i!  ldc: type=int; val=144
i!  strideC: type=SOME TYPE; val=18432
i!  batchSize: type=int; val=169
i! Time: 2019-09-29T03:22:38 elapsed from start 0.083333 minutes or 5.000000 seconds
i!Process=17878; Thread=140503211308800; GPU=0; Handle=POINTER (IN HEX:0x0x7fc9480e50f0); StreamId=POINTER (IN HEX:0x0x7fc9480dae50); MathMode=CUBLAS_DEFAULT_MATH
i! COMPILED WITH: GNU GCC/G++ / 4.1.2 20080704 (Red Hat 4.1.2-48)
I! cuBLAS (v10.1) function cublasStatus_t cublasSetMathMode(cublasContext*, cublasMath_t) called:
i!  handle: type=cublasHandle_t; val=POINTER (IN HEX:0x0x7fc9480e50f0)
i!  mode: type=cublasMath_t; val=CUBLAS_DEFAULT_MATH(0)
i! Time: 2019-09-29T03:22:38 elapsed from start 0.083333 minutes or 5.000000 seconds
i!Process=17878; Thread=140503211308800; GPU=0; Handle=POINTER (IN HEX:0x0x7fc9480e50f0); StreamId=POINTER (IN HEX:0x0x7fc9480dae50); MathMode=CUBLAS_DEFAULT_MATH
i! COMPILED WITH: GNU GCC/G++ / 4.1.2 20080704 (Red Hat 4.1.2-48)
I! cuBLAS (v10.1) function cublasStatus_t cublasGetMathMode(cublasContext*, cublasMath_t*) called:
i!  handle: type=cublasHandle_t; val=POINTER (IN HEX:0x0x7fc9480e50f0)
i!  mode: type=cublasMath_t; val=POINTER (IN HEX:0x0x7fc973ffb294)
i! Time: 2019-09-29T03:22:38 elapsed from start 0.083333 minutes or 5.000000 seconds
i!Process=17878; Thread=140503211308800; GPU=0; Handle=POINTER (IN HEX:0x0x7fc9480e50f0); StreamId=POINTER (IN HEX:0x0x7fc9480dae50); MathMode=CUBLAS_DEFAULT_MATH
i! COMPILED WITH: GNU GCC/G++ / 4.1.2 20080704 (Red Hat 4.1.2-48)
I! cuBLAS (v10.1) function cublasStatus_t cublasSetMathMode(cublasContext*, cublasMath_t) called:
i!  handle: type=cublasHandle_t; val=POINTER (IN HEX:0x0x7fc9480e50f0)
i!  mode: type=cublasMath_t; val=CUBLAS_DEFAULT_MATH(0)
i! Time: 2019-09-29T03:22:38 elapsed from start 0.083333 minutes or 5.000000 seconds
i!Process=17878; Thread=140503211308800; GPU=0; Handle=POINTER (IN HEX:0x0x7fc9480e50f0); StreamId=POINTER (IN HEX:0x0x7fc9480dae50); MathMode=CUBLAS_DEFAULT_MATH
i! COMPILED WITH: GNU GCC/G++ / 4.1.2 20080704 (Red Hat 4.1.2-48)
I! cuBLAS (v10.1) function cublasStatus_t cublasSetStream_v2(cublasContext*, CUstream_st*) called:
i!  handle: type=cublasHandle_t; val=POINTER (IN HEX:0x0x7fc9480e50f0)
i!  streamId: type=SOME TYPE; val=POINTER (IN HEX:0x0x7fc9480daeb0)
i! Time: 2019-09-29T03:22:38 elapsed from start 0.083333 minutes or 5.000000 seconds
i!Process=17878; Thread=140503211308800; GPU=0; Handle=POINTER (IN HEX:0x0x7fc9480e50f0); StreamId=POINTER (IN HEX:0x0x7fc9480dae50); MathMode=CUBLAS_DEFAULT_MATH
i! COMPILED WITH: GNU GCC/G++ / 4.1.2 20080704 (Red Hat 4.1.2-48)
I! cuBLAS (v10.1) function cublasStatus_t cublasSgemmStridedBatched(cublasContext*, cublasOperation_t, cublasOperation_t, int, int, int, const float*, const float*, int, long long int, const float*, int, long long int, const float*, float*, int, long long int, int) called:
i!  handle: type=cublasHandle_t; val=POINTER (IN HEX:0x0x7fc9480e50f0)
i!  transa: type=cublasOperation_t; val=CUBLAS_OP_N(0)
i!  transb: type=cublasOperation_t; val=CUBLAS_OP_N(0)
i!  m: type=int; val=144
i!  n: type=int; val=128
i!  k: type=int; val=48
i!  alpha: type=float; val=POINTER (IN HEX:0x0x7fc973ffb29c)
i!  A: type=float; val=POINTER (IN HEX:0x0x7fc93844cc00)
i!  lda: type=int; val=144
i!  strideA: type=SOME TYPE; val=6912
i!  B: type=float; val=POINTER (IN HEX:0x0x7fc9388c1800)
i!  ldb: type=int; val=48
i!  strideB: type=SOME TYPE; val=6144
i!  beta: type=float; val=POINTER (IN HEX:0x0x7fc973ffb298)
i!  C: type=float; val=POINTER (IN HEX:0x0x7fc938cb7800)
i!  ldc: type=int; val=144
i!  strideC: type=SOME TYPE; val=18432
i!  batchSize: type=int; val=169
i! Time: 2019-09-29T03:22:38 elapsed from start 0.083333 minutes or 5.000000 seconds
i!Process=17878; Thread=140503211308800; GPU=0; Handle=POINTER (IN HEX:0x0x7fc9480e50f0); StreamId=POINTER (IN HEX:0x0x7fc9480daeb0); MathMode=CUBLAS_DEFAULT_MATH
i! COMPILED WITH: GNU GCC/G++ / 4.1.2 20080704 (Red Hat 4.1.2-48)
I! cuBLAS (v10.1) function cublasStatus_t cublasSetMathMode(cublasContext*, cublasMath_t) called:
i!  handle: type=cublasHandle_t; val=POINTER (IN HEX:0x0x7fc9480e50f0)
i!  mode: type=cublasMath_t; val=CUBLAS_DEFAULT_MATH(0)
i! Time: 2019-09-29T03:22:38 elapsed from start 0.083333 minutes or 5.000000 seconds
i!Process=17878; Thread=140503211308800; GPU=0; Handle=POINTER (IN HEX:0x0x7fc9480e50f0); StreamId=POINTER (IN HEX:0x0x7fc9480daeb0); MathMode=CUBLAS_DEFAULT_MATH
i! COMPILED WITH: GNU GCC/G++ / 4.1.2 20080704 (Red Hat 4.1.2-48)
I! cuBLAS (v10.1) function cublasStatus_t cublasGetMathMode(cublasContext*, cublasMath_t*) called:
i!  handle: type=cublasHandle_t; val=POINTER (IN HEX:0x0x7fc9480e50f0)
i!  mode: type=cublasMath_t; val=POINTER (IN HEX:0x0x7fc973ffb294)
i! Time: 2019-09-29T03:22:38 elapsed from start 0.083333 minutes or 5.000000 seconds
i!Process=17878; Thread=140503211308800; GPU=0; Handle=POINTER (IN HEX:0x0x7fc9480e50f0); StreamId=POINTER (IN HEX:0x0x7fc9480daeb0); MathMode=CUBLAS_DEFAULT_MATH
i! COMPILED WITH: GNU GCC/G++ / 4.1.2 20080704 (Red Hat 4.1.2-48)
I! cuBLAS (v10.1) function cublasStatus_t cublasSetMathMode(cublasContext*, cublasMath_t) called:
i!  handle: type=cublasHandle_t; val=POINTER (IN HEX:0x0x7fc9480e50f0)
i!  mode: type=cublasMath_t; val=CUBLAS_DEFAULT_MATH(0)
i! Time: 2019-09-29T03:22:38 elapsed from start 0.083333 minutes or 5.000000 seconds
i!Process=17878; Thread=140503211308800; GPU=0; Handle=POINTER (IN HEX:0x0x7fc9480e50f0); StreamId=POINTER (IN HEX:0x0x7fc9480daeb0); MathMode=CUBLAS_DEFAULT_MATH
i! COMPILED WITH: GNU GCC/G++ / 4.1.2 20080704 (Red Hat 4.1.2-48)
I! cuBLAS (v10.1) function cublasStatus_t cublasSetStream_v2(cublasContext*, CUstream_st*) called:
i!  handle: type=cublasHandle_t; val=POINTER (IN HEX:0x0x7fc9480e50f0)
i!  streamId: type=SOME TYPE; val=POINTER (IN HEX:0x0x7fc9480024d0)
i! Time: 2019-09-29T03:22:38 elapsed from start 0.083333 minutes or 5.000000 seconds
i!Process=17878; Thread=140503211308800; GPU=0; Handle=POINTER (IN HEX:0x0x7fc9480e50f0); StreamId=POINTER (IN HEX:0x0x7fc9480daeb0); MathMode=CUBLAS_DEFAULT_MATH
i! COMPILED WITH: GNU GCC/G++ / 4.1.2 20080704 (Red Hat 4.1.2-48)
I! cuBLAS (v10.1) function cublasStatus_t cublasSgemmStridedBatched(cublasContext*, cublasOperation_t, cublasOperation_t, int, int, int, const float*, const float*, int, long long int, const float*, int, long long int, const float*, float*, int, long long int, int) called:
i!  handle: type=cublasHandle_t; val=POINTER (IN HEX:0x0x7fc9480e50f0)
i!  transa: type=cublasOperation_t; val=CUBLAS_OP_N(0)
i!  transb: type=cublasOperation_t; val=CUBLAS_OP_N(0)
i!  m: type=int; val=256
i!  n: type=int; val=384
i!  k: type=int; val=256
i!  alpha: type=float; val=POINTER (IN HEX:0x0x7fc973ffb29c)
i!  A: type=float; val=POINTER (IN HEX:0x0x7fc937000000)
i!  lda: type=int; val=256
i!  strideA: type=SOME TYPE; val=65536
i!  B: type=float; val=POINTER (IN HEX:0x0x7fc937900000)
i!  ldb: type=int; val=256
i!  strideB: type=SOME TYPE; val=98304
i!  beta: type=float; val=POINTER (IN HEX:0x0x7fc973ffb298)
i!  C: type=float; val=POINTER (IN HEX:0x0x7fc938680000)
i!  ldc: type=int; val=256
i!  strideC: type=SOME TYPE; val=98304
i!  batchSize: type=int; val=36
i! Time: 2019-09-29T03:22:38 elapsed from start 0.083333 minutes or 5.000000 seconds
i!Process=17878; Thread=140503211308800; GPU=0; Handle=POINTER (IN HEX:0x0x7fc9480e50f0); StreamId=POINTER (IN HEX:0x0x7fc9480024d0); MathMode=CUBLAS_DEFAULT_MATH
i! COMPILED WITH: GNU GCC/G++ / 4.1.2 20080704 (Red Hat 4.1.2-48)
I! cuBLAS (v10.1) function cublasStatus_t cublasSetMathMode(cublasContext*, cublasMath_t) called:
i!  handle: type=cublasHandle_t; val=POINTER (IN HEX:0x0x7fc9480e50f0)
i!  mode: type=cublasMath_t; val=CUBLAS_DEFAULT_MATH(0)
i! Time: 2019-09-29T03:22:38 elapsed from start 0.083333 minutes or 5.000000 seconds
i!Process=17878; Thread=140503211308800; GPU=0; Handle=POINTER (IN HEX:0x0x7fc9480e50f0); StreamId=POINTER (IN HEX:0x0x7fc9480024d0); MathMode=CUBLAS_DEFAULT_MATH
i! COMPILED WITH: GNU GCC/G++ / 4.1.2 20080704 (Red Hat 4.1.2-48)
I! cuBLAS (v10.1) function cublasStatus_t cublasGetMathMode(cublasContext*, cublasMath_t*) called:
i!  handle: type=cublasHandle_t; val=POINTER (IN HEX:0x0x7fc9480e50f0)
i!  mode: type=cublasMath_t; val=POINTER (IN HEX:0x0x7fc973ffb294)
i! Time: 2019-09-29T03:22:38 elapsed from start 0.083333 minutes or 5.000000 seconds
i!Process=17878; Thread=140503211308800; GPU=0; Handle=POINTER (IN HEX:0x0x7fc9480e50f0); StreamId=POINTER (IN HEX:0x0x7fc9480024d0); MathMode=CUBLAS_DEFAULT_MATH
i! COMPILED WITH: GNU GCC/G++ / 4.1.2 20080704 (Red Hat 4.1.2-48)
I! cuBLAS (v10.1) function cublasStatus_t cublasSetMathMode(cublasContext*, cublasMath_t) called:
i!  handle: type=cublasHandle_t; val=POINTER (IN HEX:0x0x7fc9480e50f0)
i!  mode: type=cublasMath_t; val=CUBLAS_DEFAULT_MATH(0)
i! Time: 2019-09-29T03:22:38 elapsed from start 0.083333 minutes or 5.000000 seconds
i!Process=17878; Thread=140503211308800; GPU=0; Handle=POINTER (IN HEX:0x0x7fc9480e50f0); StreamId=POINTER (IN HEX:0x0x7fc9480024d0); MathMode=CUBLAS_DEFAULT_MATH
i! COMPILED WITH: GNU GCC/G++ / 4.1.2 20080704 (Red Hat 4.1.2-48)
I! cuBLAS (v10.1) function cublasStatus_t cublasSetStream_v2(cublasContext*, CUstream_st*) called:
i!  handle: type=cublasHandle_t; val=POINTER (IN HEX:0x0x7fc9480e50f0)
i!  streamId: type=SOME TYPE; val=POINTER (IN HEX:0x0x7fc9480dae50)
i! Time: 2019-09-29T03:22:38 elapsed from start 0.083333 minutes or 5.000000 seconds
i!Process=17878; Thread=140503211308800; GPU=0; Handle=POINTER (IN HEX:0x0x7fc9480e50f0); StreamId=POINTER (IN HEX:0x0x7fc9480024d0); MathMode=CUBLAS_DEFAULT_MATH
i! COMPILED WITH: GNU GCC/G++ / 4.1.2 20080704 (Red Hat 4.1.2-48)
I! cuBLAS (v10.1) function cublasStatus_t cublasSgemmStridedBatched(cublasContext*, cublasOperation_t, cublasOperation_t, int, int, int, const float*, const float*, int, long long int, const float*, int, long long int, const float*, float*, int, long long int, int) called:
i!  handle: type=cublasHandle_t; val=POINTER (IN HEX:0x0x7fc9480e50f0)
i!  transa: type=cublasOperation_t; val=CUBLAS_OP_N(0)
i!  transb: type=cublasOperation_t; val=CUBLAS_OP_N(0)
i!  m: type=int; val=256
i!  n: type=int; val=192
i!  k: type=int; val=192
i!  alpha: type=float; val=POINTER (IN HEX:0x0x7fc973ffb29c)
i!  A: type=float; val=POINTER (IN HEX:0x0x7fc937000000)
i!  lda: type=int; val=256
i!  strideA: type=SOME TYPE; val=49152
i!  B: type=float; val=POINTER (IN HEX:0x0x7fc9376c0000)
i!  ldb: type=int; val=192
i!  strideB: type=SOME TYPE; val=36864
i!  beta: type=float; val=POINTER (IN HEX:0x0x7fc973ffb298)
i!  C: type=float; val=POINTER (IN HEX:0x0x7fc937bd0000)
i!  ldc: type=int; val=256
i!  strideC: type=SOME TYPE; val=49152
i!  batchSize: type=int; val=36
i! Time: 2019-09-29T03:22:38 elapsed from start 0.083333 minutes or 5.000000 seconds
i!Process=17878; Thread=140503211308800; GPU=0; Handle=POINTER (IN HEX:0x0x7fc9480e50f0); StreamId=POINTER (IN HEX:0x0x7fc9480dae50); MathMode=CUBLAS_DEFAULT_MATH
i! COMPILED WITH: GNU GCC/G++ / 4.1.2 20080704 (Red Hat 4.1.2-48)
I! cuBLAS (v10.1) function cublasStatus_t cublasSetMathMode(cublasContext*, cublasMath_t) called:
i!  handle: type=cublasHandle_t; val=POINTER (IN HEX:0x0x7fc9480e50f0)
i!  mode: type=cublasMath_t; val=CUBLAS_DEFAULT_MATH(0)
i! Time: 2019-09-29T03:22:38 elapsed from start 0.083333 minutes or 5.000000 seconds
i!Process=17878; Thread=140503211308800; GPU=0; Handle=POINTER (IN HEX:0x0x7fc9480e50f0); StreamId=POINTER (IN HEX:0x0x7fc9480dae50); MathMode=CUBLAS_DEFAULT_MATH
i! COMPILED WITH: GNU GCC/G++ / 4.1.2 20080704 (Red Hat 4.1.2-48)
I! cuBLAS (v10.1) function cublasStatus_t cublasGetMathMode(cublasContext*, cublasMath_t*) called:
i!  handle: type=cublasHandle_t; val=POINTER (IN HEX:0x0x7fc9480e50f0)
i!  mode: type=cublasMath_t; val=POINTER (IN HEX:0x0x7fc973ffb294)
i! Time: 2019-09-29T03:22:38 elapsed from start 0.083333 minutes or 5.000000 seconds
i!Process=17878; Thread=140503211308800; GPU=0; Handle=POINTER (IN HEX:0x0x7fc9480e50f0); StreamId=POINTER (IN HEX:0x0x7fc9480dae50); MathMode=CUBLAS_DEFAULT_MATH
i! COMPILED WITH: GNU GCC/G++ / 4.1.2 20080704 (Red Hat 4.1.2-48)
I! cuBLAS (v10.1) function cublasStatus_t cublasSetMathMode(cublasContext*, cublasMath_t) called:
i!  handle: type=cublasHandle_t; val=POINTER (IN HEX:0x0x7fc9480e50f0)
i!  mode: type=cublasMath_t; val=CUBLAS_DEFAULT_MATH(0)
i! Time: 2019-09-29T03:22:38 elapsed from start 0.083333 minutes or 5.000000 seconds
i!Process=17878; Thread=140503211308800; GPU=0; Handle=POINTER (IN HEX:0x0x7fc9480e50f0); StreamId=POINTER (IN HEX:0x0x7fc9480dae50); MathMode=CUBLAS_DEFAULT_MATH
i! COMPILED WITH: GNU GCC/G++ / 4.1.2 20080704 (Red Hat 4.1.2-48)
I! cuBLAS (v10.1) function cublasStatus_t cublasSetStream_v2(cublasContext*, CUstream_st*) called:
i!  handle: type=cublasHandle_t; val=POINTER (IN HEX:0x0x7fc9480e50f0)
i!  streamId: type=SOME TYPE; val=POINTER (IN HEX:0x0x7fc9480daeb0)
i! Time: 2019-09-29T03:22:38 elapsed from start 0.083333 minutes or 5.000000 seconds
i!Process=17878; Thread=140503211308800; GPU=0; Handle=POINTER (IN HEX:0x0x7fc9480e50f0); StreamId=POINTER (IN HEX:0x0x7fc9480dae50); MathMode=CUBLAS_DEFAULT_MATH
i! COMPILED WITH: GNU GCC/G++ / 4.1.2 20080704 (Red Hat 4.1.2-48)
I! cuBLAS (v10.1) function cublasStatus_t cublasSgemmStridedBatched(cublasContext*, cublasOperation_t, cublasOperation_t, int, int, int, const float*, const float*, int, long long int, const float*, int, long long int, const float*, float*, int, long long int, int) called:
i!  handle: type=cublasHandle_t; val=POINTER (IN HEX:0x0x7fc9480e50f0)
i!  transa: type=cublasOperation_t; val=CUBLAS_OP_N(0)
i!  transb: type=cublasOperation_t; val=CUBLAS_OP_N(0)
i!  m: type=int; val=256
i!  n: type=int; val=192
i!  k: type=int; val=192
i!  alpha: type=float; val=POINTER (IN HEX:0x0x7fc973ffb29c)
i!  A: type=float; val=POINTER (IN HEX:0x0x7fc938290000)
i!  lda: type=int; val=256
i!  strideA: type=SOME TYPE; val=49152
i!  B: type=float; val=POINTER (IN HEX:0x0x7fc938950000)
i!  ldb: type=int; val=192
i!  strideB: type=SOME TYPE; val=36864
i!  beta: type=float; val=POINTER (IN HEX:0x0x7fc973ffb298)
i!  C: type=float; val=POINTER (IN HEX:0x0x7fc938e60000)
i!  ldc: type=int; val=256
i!  strideC: type=SOME TYPE; val=49152
i!  batchSize: type=int; val=36
i! Time: 2019-09-29T03:22:38 elapsed from start 0.083333 minutes or 5.000000 seconds
i!Process=17878; Thread=140503211308800; GPU=0; Handle=POINTER (IN HEX:0x0x7fc9480e50f0); StreamId=POINTER (IN HEX:0x0x7fc9480daeb0); MathMode=CUBLAS_DEFAULT_MATH
i! COMPILED WITH: GNU GCC/G++ / 4.1.2 20080704 (Red Hat 4.1.2-48)
I! cuBLAS (v10.1) function cublasStatus_t cublasSetMathMode(cublasContext*, cublasMath_t) called:
i!  handle: type=cublasHandle_t; val=POINTER (IN HEX:0x0x7fc9480e50f0)
i!  mode: type=cublasMath_t; val=CUBLAS_DEFAULT_MATH(0)
i! Time: 2019-09-29T03:22:38 elapsed from start 0.083333 minutes or 5.000000 seconds
i!Process=17878; Thread=140503211308800; GPU=0; Handle=POINTER (IN HEX:0x0x7fc9480e50f0); StreamId=POINTER (IN HEX:0x0x7fc9480daeb0); MathMode=CUBLAS_DEFAULT_MATH
i! COMPILED WITH: GNU GCC/G++ / 4.1.2 20080704 (Red Hat 4.1.2-48)
I! cuBLAS (v10.1) function cublasStatus_t cublasGetMathMode(cublasContext*, cublasMath_t*) called:
i!  handle: type=cublasHandle_t; val=POINTER (IN HEX:0x0x7fc9480e50f0)
i!  mode: type=cublasMath_t; val=POINTER (IN HEX:0x0x7fc973ffb294)
i! Time: 2019-09-29T03:22:38 elapsed from start 0.083333 minutes or 5.000000 seconds
i!Process=17878; Thread=140503211308800; GPU=0; Handle=POINTER (IN HEX:0x0x7fc9480e50f0); StreamId=POINTER (IN HEX:0x0x7fc9480daeb0); MathMode=CUBLAS_DEFAULT_MATH
i! COMPILED WITH: GNU GCC/G++ / 4.1.2 20080704 (Red Hat 4.1.2-48)
I! cuBLAS (v10.1) function cublasStatus_t cublasSetMathMode(cublasContext*, cublasMath_t) called:
i!  handle: type=cublasHandle_t; val=POINTER (IN HEX:0x0x7fc9480e50f0)
i!  mode: type=cublasMath_t; val=CUBLAS_DEFAULT_MATH(0)
i! Time: 2019-09-29T03:22:38 elapsed from start 0.083333 minutes or 5.000000 seconds
i!Process=17878; Thread=140503211308800; GPU=0; Handle=POINTER (IN HEX:0x0x7fc9480e50f0); StreamId=POINTER (IN HEX:0x0x7fc9480daeb0); MathMode=CUBLAS_DEFAULT_MATH
i! COMPILED WITH: GNU GCC/G++ / 4.1.2 20080704 (Red Hat 4.1.2-48)
I! cuBLAS (v10.1) function cublasStatus_t cublasSetStream_v2(cublasContext*, CUstream_st*) called:
i!  handle: type=cublasHandle_t; val=POINTER (IN HEX:0x0x7fc9480e50f0)
i!  streamId: type=SOME TYPE; val=POINTER (IN HEX:0x0x7fc9480dae50)
i! Time: 2019-09-29T03:22:38 elapsed from start 0.083333 minutes or 5.000000 seconds
i!Process=17878; Thread=140503211308800; GPU=0; Handle=POINTER (IN HEX:0x0x7fc9480e50f0); StreamId=POINTER (IN HEX:0x0x7fc9480daeb0); MathMode=CUBLAS_DEFAULT_MATH
i! COMPILED WITH: GNU GCC/G++ / 4.1.2 20080704 (Red Hat 4.1.2-48)
I! cuBLAS (v10.1) function cublasStatus_t cublasSgemmStridedBatched(cublasContext*, cublasOperation_t, cublasOperation_t, int, int, int, const float*, const float*, int, long long int, const float*, int, long long int, const float*, float*, int, long long int, int) called:
i!  handle: type=cublasHandle_t; val=POINTER (IN HEX:0x0x7fc9480e50f0)
i!  transa: type=cublasOperation_t; val=CUBLAS_OP_N(0)
i!  transb: type=cublasOperation_t; val=CUBLAS_OP_N(0)
i!  m: type=int; val=256
i!  n: type=int; val=128
i!  k: type=int; val=192
i!  alpha: type=float; val=POINTER (IN HEX:0x0x7fc973ffb29c)
i!  A: type=float; val=POINTER (IN HEX:0x0x7fc937000000)
i!  lda: type=int; val=256
i!  strideA: type=SOME TYPE; val=49152
i!  B: type=float; val=POINTER (IN HEX:0x0x7fc9376c0000)
i!  ldb: type=int; val=192
i!  strideB: type=SOME TYPE; val=24576
i!  beta: type=float; val=POINTER (IN HEX:0x0x7fc973ffb298)
i!  C: type=float; val=POINTER (IN HEX:0x0x7fc937a20000)
i!  ldc: type=int; val=256
i!  strideC: type=SOME TYPE; val=32768
i!  batchSize: type=int; val=36
i! Time: 2019-09-29T03:22:38 elapsed from start 0.083333 minutes or 5.000000 seconds
i!Process=17878; Thread=140503211308800; GPU=0; Handle=POINTER (IN HEX:0x0x7fc9480e50f0); StreamId=POINTER (IN HEX:0x0x7fc9480dae50); MathMode=CUBLAS_DEFAULT_MATH
i! COMPILED WITH: GNU GCC/G++ / 4.1.2 20080704 (Red Hat 4.1.2-48)
I! cuBLAS (v10.1) function cublasStatus_t cublasSetMathMode(cublasContext*, cublasMath_t) called:
i!  handle: type=cublasHandle_t; val=POINTER (IN HEX:0x0x7fc9480e50f0)
i!  mode: type=cublasMath_t; val=CUBLAS_DEFAULT_MATH(0)
i! Time: 2019-09-29T03:22:38 elapsed from start 0.083333 minutes or 5.000000 seconds
i!Process=17878; Thread=140503211308800; GPU=0; Handle=POINTER (IN HEX:0x0x7fc9480e50f0); StreamId=POINTER (IN HEX:0x0x7fc9480dae50); MathMode=CUBLAS_DEFAULT_MATH
i! COMPILED WITH: GNU GCC/G++ / 4.1.2 20080704 (Red Hat 4.1.2-48)
I! cuBLAS (v10.1) function cublasStatus_t cublasGetMathMode(cublasContext*, cublasMath_t*) called:
i!  handle: type=cublasHandle_t; val=POINTER (IN HEX:0x0x7fc9480e50f0)
i!  mode: type=cublasMath_t; val=POINTER (IN HEX:0x0x7fc973ffb294)
i! Time: 2019-09-29T03:22:38 elapsed from start 0.083333 minutes or 5.000000 seconds
i!Process=17878; Thread=140503211308800; GPU=0; Handle=POINTER (IN HEX:0x0x7fc9480e50f0); StreamId=POINTER (IN HEX:0x0x7fc9480dae50); MathMode=CUBLAS_DEFAULT_MATH
i! COMPILED WITH: GNU GCC/G++ / 4.1.2 20080704 (Red Hat 4.1.2-48)
I! cuBLAS (v10.1) function cublasStatus_t cublasSetMathMode(cublasContext*, cublasMath_t) called:
i!  handle: type=cublasHandle_t; val=POINTER (IN HEX:0x0x7fc9480e50f0)
i!  mode: type=cublasMath_t; val=CUBLAS_DEFAULT_MATH(0)
i! Time: 2019-09-29T03:22:38 elapsed from start 0.083333 minutes or 5.000000 seconds
i!Process=17878; Thread=140503211308800; GPU=0; Handle=POINTER (IN HEX:0x0x7fc9480e50f0); StreamId=POINTER (IN HEX:0x0x7fc9480dae50); MathMode=CUBLAS_DEFAULT_MATH
i! COMPILED WITH: GNU GCC/G++ / 4.1.2 20080704 (Red Hat 4.1.2-48)
I! cuBLAS (v10.1) function cublasStatus_t cublasSetStream_v2(cublasContext*, CUstream_st*) called:
i!  handle: type=cublasHandle_t; val=POINTER (IN HEX:0x0x7fc9480e50f0)
i!  streamId: type=SOME TYPE; val=POINTER (IN HEX:0x0x7fc9480daeb0)
i! Time: 2019-09-29T03:22:38 elapsed from start 0.083333 minutes or 5.000000 seconds
i!Process=17878; Thread=140503211308800; GPU=0; Handle=POINTER (IN HEX:0x0x7fc9480e50f0); StreamId=POINTER (IN HEX:0x0x7fc9480dae50); MathMode=CUBLAS_DEFAULT_MATH
i! COMPILED WITH: GNU GCC/G++ / 4.1.2 20080704 (Red Hat 4.1.2-48)
I! cuBLAS (v10.1) function cublasStatus_t cublasSgemmStridedBatched(cublasContext*, cublasOperation_t, cublasOperation_t, int, int, int, const float*, const float*, int, long long int, const float*, int, long long int, const float*, float*, int, long long int, int) called:
i!  handle: type=cublasHandle_t; val=POINTER (IN HEX:0x0x7fc9480e50f0)
i!  transa: type=cublasOperation_t; val=CUBLAS_OP_N(0)
i!  transb: type=cublasOperation_t; val=CUBLAS_OP_N(0)
i!  m: type=int; val=256
i!  n: type=int; val=128
i!  k: type=int; val=192
i!  alpha: type=float; val=POINTER (IN HEX:0x0x7fc973ffb29c)
i!  A: type=float; val=POINTER (IN HEX:0x0x7fc937ea0000)
i!  lda: type=int; val=256
i!  strideA: type=SOME TYPE; val=49152
i!  B: type=float; val=POINTER (IN HEX:0x0x7fc938560000)
i!  ldb: type=int; val=192
i!  strideB: type=SOME TYPE; val=24576
i!  beta: type=float; val=POINTER (IN HEX:0x0x7fc973ffb298)
i!  C: type=float; val=POINTER (IN HEX:0x0x7fc9388c0000)
i!  ldc: type=int; val=256
i!  strideC: type=SOME TYPE; val=32768
i!  batchSize: type=int; val=36
i! Time: 2019-09-29T03:22:38 elapsed from start 0.083333 minutes or 5.000000 seconds
i!Process=17878; Thread=140503211308800; GPU=0; Handle=POINTER (IN HEX:0x0x7fc9480e50f0); StreamId=POINTER (IN HEX:0x0x7fc9480daeb0); MathMode=CUBLAS_DEFAULT_MATH
i! COMPILED WITH: GNU GCC/G++ / 4.1.2 20080704 (Red Hat 4.1.2-48)
I! cuBLAS (v10.1) function cublasStatus_t cublasSetMathMode(cublasContext*, cublasMath_t) called:
i!  handle: type=cublasHandle_t; val=POINTER (IN HEX:0x0x7fc9480e50f0)
i!  mode: type=cublasMath_t; val=CUBLAS_DEFAULT_MATH(0)
i! Time: 2019-09-29T03:22:38 elapsed from start 0.083333 minutes or 5.000000 seconds
i!Process=17878; Thread=140503211308800; GPU=0; Handle=POINTER (IN HEX:0x0x7fc9480e50f0); StreamId=POINTER (IN HEX:0x0x7fc9480daeb0); MathMode=CUBLAS_DEFAULT_MATH
i! COMPILED WITH: GNU GCC/G++ / 4.1.2 20080704 (Red Hat 4.1.2-48)
I! cuBLAS (v10.1) function cublasStatus_t cublasSgemmEx(cublasContext*, cublasOperation_t, cublasOperation_t, int, int, int, const float*, const void*, cublasDataType_t, int, const void*, cublasDataType_t, int, const float*, void*, cublasDataType_t, int) called:
i!  handle: type=cublasHandle_t; val=POINTER (IN HEX:0x0x7fc948004c70)
i!  transa: type=cublasOperation_t; val=CUBLAS_OP_T(1)
i!  transb: type=cublasOperation_t; val=CUBLAS_OP_N(0)
i!  m: type=int; val=4096
i!  n: type=int; val=16
i!  k: type=int; val=9216
i!  alpha: type=float; val=POINTER (IN HEX:0x0x7fc973ffe26c)
i!  A: type=void; val=POINTER (IN HEX:0x0x7fc92a000000)
i!  Atype: type=cudaDataType_t; val=CUDA_R_32F(0)
i!  lda: type=int; val=9216
i!  B: type=void; val=POINTER (IN HEX:0x0x7fc892600000)
i!  Btype: type=cudaDataType_t; val=CUDA_R_32F(0)
i!  ldb: type=int; val=9216
i!  beta: type=float; val=POINTER (IN HEX:0x0x7fc973ffe268)
i!  C: type=void; val=POINTER (IN HEX:0x0x7fc88fdb0000)
i!  Ctype: type=cudaDataType_t; val=CUDA_R_32F(0)
i!  ldc: type=int; val=4096
i! Time: 2019-09-29T03:22:38 elapsed from start 0.083333 minutes or 5.000000 seconds
i!Process=17878; Thread=140503211308800; GPU=0; Handle=POINTER (IN HEX:0x0x7fc948004c70); StreamId=POINTER (IN HEX:0x0x7fc9480024d0); MathMode=CUBLAS_DEFAULT_MATH
i! COMPILED WITH: GNU GCC/G++ / 4.1.2 20080704 (Red Hat 4.1.2-48)
I! cuBLAS (v10.1) function cublasStatus_t cublasGetMathMode(cublasContext*, cublasMath_t*) called:
i!  handle: type=cublasHandle_t; val=POINTER (IN HEX:0x0x7fc948004c70)
i!  mode: type=cublasMath_t; val=POINTER (IN HEX:0x0x7fc973ffdecc)
i! Time: 2019-09-29T03:22:38 elapsed from start 0.083333 minutes or 5.000000 seconds
i!Process=17878; Thread=140503211308800; GPU=0; Handle=POINTER (IN HEX:0x0x7fc948004c70); StreamId=POINTER (IN HEX:0x0x7fc9480024d0); MathMode=CUBLAS_DEFAULT_MATH
i! COMPILED WITH: GNU GCC/G++ / 4.1.2 20080704 (Red Hat 4.1.2-48)
I! cuBLAS (v10.1) function cublasStatus_t cublasSgemmEx(cublasContext*, cublasOperation_t, cublasOperation_t, int, int, int, const float*, const void*, cublasDataType_t, int, const void*, cublasDataType_t, int, const float*, void*, cublasDataType_t, int) called:
i!  handle: type=cublasHandle_t; val=POINTER (IN HEX:0x0x7fc948004c70)
i!  transa: type=cublasOperation_t; val=CUBLAS_OP_T(1)
i!  transb: type=cublasOperation_t; val=CUBLAS_OP_N(0)
i!  m: type=int; val=4096
i!  n: type=int; val=16
i!  k: type=int; val=4096
i!  alpha: type=float; val=POINTER (IN HEX:0x0x7fc973ffe26c)
i!  A: type=void; val=POINTER (IN HEX:0x0x7fc933000000)
i!  Atype: type=cudaDataType_t; val=CUDA_R_32F(0)
i!  lda: type=int; val=4096
i!  B: type=void; val=POINTER (IN HEX:0x0x7fc88fdb0000)
i!  Btype: type=cudaDataType_t; val=CUDA_R_32F(0)
i!  ldb: type=int; val=4096
i!  beta: type=float; val=POINTER (IN HEX:0x0x7fc973ffe268)
i!  C: type=void; val=POINTER (IN HEX:0x0x7fc88f32c000)
i!  Ctype: type=cudaDataType_t; val=CUDA_R_32F(0)
i!  ldc: type=int; val=4096
i! Time: 2019-09-29T03:22:38 elapsed from start 0.083333 minutes or 5.000000 seconds
i!Process=17878; Thread=140503211308800; GPU=0; Handle=POINTER (IN HEX:0x0x7fc948004c70); StreamId=POINTER (IN HEX:0x0x7fc9480024d0); MathMode=CUBLAS_DEFAULT_MATH
i! COMPILED WITH: GNU GCC/G++ / 4.1.2 20080704 (Red Hat 4.1.2-48)
I! cuBLAS (v10.1) function cublasStatus_t cublasGetMathMode(cublasContext*, cublasMath_t*) called:
i!  handle: type=cublasHandle_t; val=POINTER (IN HEX:0x0x7fc948004c70)
i!  mode: type=cublasMath_t; val=POINTER (IN HEX:0x0x7fc973ffdecc)
i! Time: 2019-09-29T03:22:38 elapsed from start 0.083333 minutes or 5.000000 seconds
i!Process=17878; Thread=140503211308800; GPU=0; Handle=POINTER (IN HEX:0x0x7fc948004c70); StreamId=POINTER (IN HEX:0x0x7fc9480024d0); MathMode=CUBLAS_DEFAULT_MATH
i! COMPILED WITH: GNU GCC/G++ / 4.1.2 20080704 (Red Hat 4.1.2-48)
I! cuBLAS (v10.1) function cublasStatus_t cublasSgemmEx(cublasContext*, cublasOperation_t, cublasOperation_t, int, int, int, const float*, const void*, cublasDataType_t, int, const void*, cublasDataType_t, int, const float*, void*, cublasDataType_t, int) called:
i!  handle: type=cublasHandle_t; val=POINTER (IN HEX:0x0x7fc948004c70)
i!  transa: type=cublasOperation_t; val=CUBLAS_OP_T(1)
i!  transb: type=cublasOperation_t; val=CUBLAS_OP_N(0)
i!  m: type=int; val=1000
i!  n: type=int; val=16
i!  k: type=int; val=4096
i!  alpha: type=float; val=POINTER (IN HEX:0x0x7fc973ffe26c)
i!  A: type=void; val=POINTER (IN HEX:0x0x7fc88fe00000)
i!  Atype: type=cudaDataType_t; val=CUDA_R_32F(0)
i!  lda: type=int; val=4096
i!  B: type=void; val=POINTER (IN HEX:0x0x7fc88f32c000)
i!  Btype: type=cudaDataType_t; val=CUDA_R_32F(0)
i!  ldb: type=int; val=4096
i!  beta: type=float; val=POINTER (IN HEX:0x0x7fc973ffe268)
i!  C: type=void; val=POINTER (IN HEX:0x0x7fc88fdb0000)
i!  Ctype: type=cudaDataType_t; val=CUDA_R_32F(0)
i!  ldc: type=int; val=1000
i! Time: 2019-09-29T03:22:38 elapsed from start 0.083333 minutes or 5.000000 seconds
i!Process=17878; Thread=140503211308800; GPU=0; Handle=POINTER (IN HEX:0x0x7fc948004c70); StreamId=POINTER (IN HEX:0x0x7fc9480024d0); MathMode=CUBLAS_DEFAULT_MATH
i! COMPILED WITH: GNU GCC/G++ / 4.1.2 20080704 (Red Hat 4.1.2-48)
I! cuBLAS (v10.1) function cublasStatus_t cublasGetMathMode(cublasContext*, cublasMath_t*) called:
i!  handle: type=cublasHandle_t; val=POINTER (IN HEX:0x0x7fc948004c70)
i!  mode: type=cublasMath_t; val=POINTER (IN HEX:0x0x7fc973ffdecc)
i! Time: 2019-09-29T03:22:38 elapsed from start 0.083333 minutes or 5.000000 seconds
i!Process=17878; Thread=140503211308800; GPU=0; Handle=POINTER (IN HEX:0x0x7fc948004c70); StreamId=POINTER (IN HEX:0x0x7fc9480024d0); MathMode=CUBLAS_DEFAULT_MATH
i! COMPILED WITH: GNU GCC/G++ / 4.1.2 20080704 (Red Hat 4.1.2-48)
