I! cuBLAS (v10.1) function cublasStatus_t cublasCreate_v2(cublasContext**) called:
I! cuBLAS (v10.1) function cublasStatus_t cublasCreate_v2(cublasContext**) called:
i!  handle: type=cublasHandle_t; val=POINTER (IN HEX:0x0x7f58640021c8)
i!  handle: type=cublasHandle_t; val=POINTER (IN HEX:0x0x7f58680021c8)
i! Time: 2019-09-29T02:58:40 elapsed from start 0.050000 minutes or 3.000000 seconds
i!Process=12725; Thread=140018384414464; GPU=0; Handle=POINTER (IN HEX:0x(nil))
i! COMPILED WITH: GNU GCC/G++ / 4.1.2 20080704 (Red Hat 4.1.2-48)
i! Time: 2019-09-29T02:58:40 elapsed from start 0.050000 minutes or 3.000000 seconds
i!Process=12725; Thread=140018392807168; GPU=0; Handle=POINTER (IN HEX:0x(nil))
i! COMPILED WITH: GNU GCC/G++ / 4.1.2 20080704 (Red Hat 4.1.2-48)
I! cuBLAS (v10.1) function cublasStatus_t cublasSetStream_v2(cublasContext*, CUstream_st*) called:
I! cuBLAS (v10.1) function cublasStatus_t cublasSetStream_v2(cublasContext*, CUstream_st*) called:
i!  handle: type=cublasHandle_t; val=POINTER (IN HEX:0x0x7f57f82e3320)
i!  handle: type=cublasHandle_t; val=POINTER (IN HEX:0x0x7f5804034450)
i!  streamId: type=SOME TYPE; val=POINTER (IN HEX:0x0x7f58680024d0)
i!  streamId: type=SOME TYPE; val=POINTER (IN HEX:0x0x7f5864800110)
i! Time: 2019-09-29T02:58:40 elapsed from start 0.050000 minutes or 3.000000 seconds
i!Process=12725; Thread=140018384414464; GPU=0; Handle=POINTER (IN HEX:0x0x7f57f82e3320); StreamId=POINTER (IN HEX:0x(nil)) (defaultStream); MathMode=CUBLAS_DEFAULT_MATH
i! COMPILED WITH: GNU GCC/G++ / 4.1.2 20080704 (Red Hat 4.1.2-48)
i! Time: 2019-09-29T02:58:40 elapsed from start 0.050000 minutes or 3.000000 seconds
i!Process=12725; Thread=140018392807168; GPU=0; Handle=POINTER (IN HEX:0x0x7f5804034450); StreamId=POINTER (IN HEX:0x(nil)) (defaultStream); MathMode=CUBLAS_DEFAULT_MATH
i! COMPILED WITH: GNU GCC/G++ / 4.1.2 20080704 (Red Hat 4.1.2-48)
I! cuBLAS (v10.1) function cublasStatus_t cublasCreate_v2(cublasContext**) called:
I! cuBLAS (v10.1) function cublasStatus_t cublasCreate_v2(cublasContext**) called:
i!  handle: type=cublasHandle_t; val=POINTER (IN HEX:0x0x7f57f29e79e0)
i!  handle: type=cublasHandle_t; val=POINTER (IN HEX:0x0x7f580b863f40)
i! Time: 2019-09-29T02:58:40 elapsed from start 0.050000 minutes or 3.000000 seconds
i!Process=12725; Thread=140018384414464; GPU=0; Handle=POINTER (IN HEX:0x(nil))
i! COMPILED WITH: GNU GCC/G++ / 4.1.2 20080704 (Red Hat 4.1.2-48)
i! Time: 2019-09-29T02:58:40 elapsed from start 0.050000 minutes or 3.000000 seconds
i!Process=12725; Thread=140018392807168; GPU=0; Handle=POINTER (IN HEX:0x(nil))
i! COMPILED WITH: GNU GCC/G++ / 4.1.2 20080704 (Red Hat 4.1.2-48)
I! cuBLAS (v10.1) function cublasStatus_t cublasCreate_v2(cublasContext**) called:
i!  handle: type=cublasHandle_t; val=POINTER (IN HEX:0x0x7f57f29e7a28)
i! Time: 2019-09-29T02:58:41 elapsed from start 0.066667 minutes or 4.000000 seconds
i!Process=12725; Thread=140018384414464; GPU=0; Handle=POINTER (IN HEX:0x(nil))
i! COMPILED WITH: GNU GCC/G++ / 4.1.2 20080704 (Red Hat 4.1.2-48)
I! cuBLAS (v10.1) function cublasStatus_t cublasCreate_v2(cublasContext**) called:
i!  handle: type=cublasHandle_t; val=POINTER (IN HEX:0x0x7f580b863f88)
i! Time: 2019-09-29T02:58:41 elapsed from start 0.066667 minutes or 4.000000 seconds
i!Process=12725; Thread=140018392807168; GPU=0; Handle=POINTER (IN HEX:0x(nil))
i! COMPILED WITH: GNU GCC/G++ / 4.1.2 20080704 (Red Hat 4.1.2-48)
I! cuBLAS (v10.1) function cublasStatus_t cublasCreate_v2(cublasContext**) called:
i!  handle: type=cublasHandle_t; val=POINTER (IN HEX:0x0x7f57f29e7a30)
i! Time: 2019-09-29T02:58:41 elapsed from start 0.066667 minutes or 4.000000 seconds
i!Process=12725; Thread=140018384414464; GPU=0; Handle=POINTER (IN HEX:0x(nil))
i! COMPILED WITH: GNU GCC/G++ / 4.1.2 20080704 (Red Hat 4.1.2-48)
I! cuBLAS (v10.1) function cublasStatus_t cublasCreate_v2(cublasContext**) called:
i!  handle: type=cublasHandle_t; val=POINTER (IN HEX:0x0x7f580b863f90)
I! cuBLAS (v10.1) function cublasStatus_t cublasCreate_v2(cublasContext**) called:
i! Time: 2019-09-29T02:58:41 elapsed from start 0.066667 minutes or 4.000000 seconds
i!Process=12725; Thread=140018392807168; GPU=0; Handle=POINTER (IN HEX:0x(nil))
i! COMPILED WITH: GNU GCC/G++ / 4.1.2 20080704 (Red Hat 4.1.2-48)
i!  handle: type=cublasHandle_t; val=POINTER (IN HEX:0x0x7f57f29e7a38)
i! Time: 2019-09-29T02:58:41 elapsed from start 0.066667 minutes or 4.000000 seconds
i!Process=12725; Thread=140018384414464; GPU=0; Handle=POINTER (IN HEX:0x(nil))
i! COMPILED WITH: GNU GCC/G++ / 4.1.2 20080704 (Red Hat 4.1.2-48)
I! cuBLAS (v10.1) function cublasStatus_t cublasSetStream_v2(cublasContext*, CUstream_st*) called:
i!  handle: type=cublasHandle_t; val=POINTER (IN HEX:0x0x7f57db93bcc0)
i!  streamId: type=SOME TYPE; val=POINTER (IN HEX:0x0x7f58680024d0)
i! Time: 2019-09-29T02:58:41 elapsed from start 0.066667 minutes or 4.000000 seconds
i!Process=12725; Thread=140018384414464; GPU=0; Handle=POINTER (IN HEX:0x0x7f57db93bcc0); StreamId=POINTER (IN HEX:0x(nil)) (defaultStream); MathMode=CUBLAS_DEFAULT_MATH
i! COMPILED WITH: GNU GCC/G++ / 4.1.2 20080704 (Red Hat 4.1.2-48)
I! cuBLAS (v10.1) function cublasStatus_t cublasCreate_v2(cublasContext**) called:
i!  handle: type=cublasHandle_t; val=POINTER (IN HEX:0x0x7f580b863f98)
i! Time: 2019-09-29T02:58:41 elapsed from start 0.066667 minutes or 4.000000 seconds
i!Process=12725; Thread=140018392807168; GPU=0; Handle=POINTER (IN HEX:0x(nil))
i! COMPILED WITH: GNU GCC/G++ / 4.1.2 20080704 (Red Hat 4.1.2-48)
I! cuBLAS (v10.1) function cublasStatus_t cublasSetStream_v2(cublasContext*, CUstream_st*) called:
i!  handle: type=cublasHandle_t; val=POINTER (IN HEX:0x0x7f5804063590)
i!  streamId: type=SOME TYPE; val=POINTER (IN HEX:0x0x7f5864800110)
i! Time: 2019-09-29T02:58:41 elapsed from start 0.066667 minutes or 4.000000 seconds
i!Process=12725; Thread=140018392807168; GPU=0; Handle=POINTER (IN HEX:0x0x7f5804063590); StreamId=POINTER (IN HEX:0x(nil)) (defaultStream); MathMode=CUBLAS_DEFAULT_MATH
i! COMPILED WITH: GNU GCC/G++ / 4.1.2 20080704 (Red Hat 4.1.2-48)
I! cuBLAS (v10.1) function cublasStatus_t cublasCreate_v2(cublasContext**) called:
i!  handle: type=cublasHandle_t; val=POINTER (IN HEX:0x0x7f57ec91c108)
I! cuBLAS (v10.1) function cublasStatus_t cublasCreate_v2(cublasContext**) called:
i!  handle: type=cublasHandle_t; val=POINTER (IN HEX:0x0x7f581b3c6e18)
i! Time: 2019-09-29T02:58:42 elapsed from start 0.083333 minutes or 5.000000 seconds
i!Process=12725; Thread=140018384414464; GPU=0; Handle=POINTER (IN HEX:0x(nil))
i! COMPILED WITH: GNU GCC/G++ / 4.1.2 20080704 (Red Hat 4.1.2-48)
i! Time: 2019-09-29T02:58:42 elapsed from start 0.083333 minutes or 5.000000 seconds
i!Process=12725; Thread=140018392807168; GPU=0; Handle=POINTER (IN HEX:0x(nil))
i! COMPILED WITH: GNU GCC/G++ / 4.1.2 20080704 (Red Hat 4.1.2-48)
I! cuBLAS (v10.1) function cublasStatus_t cublasGetMathMode(cublasContext*, cublasMath_t*) called:
i!  handle: type=cublasHandle_t; val=POINTER (IN HEX:0x0x7f57622a3a00)
i!  mode: type=cublasMath_t; val=POINTER (IN HEX:0x0x7f5892106294)
i! Time: 2019-09-29T02:58:42 elapsed from start 0.083333 minutes or 5.000000 seconds
i!Process=12725; Thread=140018384414464; GPU=0; Handle=POINTER (IN HEX:0x0x7f57622a3a00); StreamId=POINTER (IN HEX:0x(nil)) (defaultStream); MathMode=CUBLAS_DEFAULT_MATH
i! COMPILED WITH: GNU GCC/G++ / 4.1.2 20080704 (Red Hat 4.1.2-48)
I! cuBLAS (v10.1) function cublasStatus_t cublasSetMathMode(cublasContext*, cublasMath_t) called:
i!  handle: type=cublasHandle_t; val=POINTER (IN HEX:0x0x7f57622a3a00)
i!  mode: type=cublasMath_t; val=CUBLAS_DEFAULT_MATH(0)
i! Time: 2019-09-29T02:58:42 elapsed from start 0.083333 minutes or 5.000000 seconds
i!Process=12725; Thread=140018384414464; GPU=0; Handle=POINTER (IN HEX:0x0x7f57622a3a00); StreamId=POINTER (IN HEX:0x(nil)) (defaultStream); MathMode=CUBLAS_DEFAULT_MATH
i! COMPILED WITH: GNU GCC/G++ / 4.1.2 20080704 (Red Hat 4.1.2-48)
I! cuBLAS (v10.1) function cublasStatus_t cublasSetStream_v2(cublasContext*, CUstream_st*) called:
i!  handle: type=cublasHandle_t; val=POINTER (IN HEX:0x0x7f57622a3a00)
i!  streamId: type=SOME TYPE; val=POINTER (IN HEX:0x0x7f57db9e34b0)
i! Time: 2019-09-29T02:58:42 elapsed from start 0.083333 minutes or 5.000000 seconds
i!Process=12725; Thread=140018384414464; GPU=0; Handle=POINTER (IN HEX:0x0x7f57622a3a00); StreamId=POINTER (IN HEX:0x(nil)) (defaultStream); MathMode=CUBLAS_DEFAULT_MATH
i! COMPILED WITH: GNU GCC/G++ / 4.1.2 20080704 (Red Hat 4.1.2-48)
I! cuBLAS (v10.1) function cublasStatus_t cublasSgemmStridedBatched(cublasContext*, cublasOperation_t, cublasOperation_t, int, int, int, const float*, const float*, int, long long int, const float*, int, long long int, const float*, float*, int, long long int, int) called:
i!  handle: type=cublasHandle_t; val=POINTER (IN HEX:0x0x7f57622a3a00)
i!  transa: type=cublasOperation_t; val=CUBLAS_OP_N(0)
i!  transb: type=cublasOperation_t; val=CUBLAS_OP_N(0)
i!  m: type=int; val=144
i!  n: type=int; val=128
i!  k: type=int; val=48
i!  alpha: type=float; val=POINTER (IN HEX:0x0x7f589210629c)
i!  A: type=float; val=POINTER (IN HEX:0x0x7f5750000000)
i!  lda: type=int; val=144
i!  strideA: type=SOME TYPE; val=6912
i!  B: type=float; val=POINTER (IN HEX:0x0x7f5750474c00)
i!  ldb: type=int; val=48
i!  strideB: type=SOME TYPE; val=6144
i!  beta: type=float; val=POINTER (IN HEX:0x0x7f5892106298)
i!  C: type=float; val=POINTER (IN HEX:0x0x7f575086ac00)
i!  ldc: type=int; val=144
i!  strideC: type=SOME TYPE; val=18432
i!  batchSize: type=int; val=169
i! Time: 2019-09-29T02:58:42 elapsed from start 0.083333 minutes or 5.000000 seconds
i!Process=12725; Thread=140018384414464; GPU=0; Handle=POINTER (IN HEX:0x0x7f57622a3a00); StreamId=POINTER (IN HEX:0x0x7f57db9e34b0); MathMode=CUBLAS_DEFAULT_MATH
i! COMPILED WITH: GNU GCC/G++ / 4.1.2 20080704 (Red Hat 4.1.2-48)
I! cuBLAS (v10.1) function cublasStatus_t cublasSetMathMode(cublasContext*, cublasMath_t) called:
i!  handle: type=cublasHandle_t; val=POINTER (IN HEX:0x0x7f57622a3a00)
i!  mode: type=cublasMath_t; val=CUBLAS_DEFAULT_MATH(0)
i! Time: 2019-09-29T02:58:42 elapsed from start 0.083333 minutes or 5.000000 seconds
i!Process=12725; Thread=140018384414464; GPU=0; Handle=POINTER (IN HEX:0x0x7f57622a3a00); StreamId=POINTER (IN HEX:0x0x7f57db9e34b0); MathMode=CUBLAS_DEFAULT_MATH
i! COMPILED WITH: GNU GCC/G++ / 4.1.2 20080704 (Red Hat 4.1.2-48)
I! cuBLAS (v10.1) function cublasStatus_t cublasGetMathMode(cublasContext*, cublasMath_t*) called:
i!  handle: type=cublasHandle_t; val=POINTER (IN HEX:0x0x7f57622a3a00)
i!  mode: type=cublasMath_t; val=POINTER (IN HEX:0x0x7f5892106294)
i! Time: 2019-09-29T02:58:42 elapsed from start 0.083333 minutes or 5.000000 seconds
i!Process=12725; Thread=140018384414464; GPU=0; Handle=POINTER (IN HEX:0x0x7f57622a3a00); StreamId=POINTER (IN HEX:0x0x7f57db9e34b0); MathMode=CUBLAS_DEFAULT_MATH
i! COMPILED WITH: GNU GCC/G++ / 4.1.2 20080704 (Red Hat 4.1.2-48)
I! cuBLAS (v10.1) function cublasStatus_t cublasSetMathMode(cublasContext*, cublasMath_t) called:
i!  handle: type=cublasHandle_t; val=POINTER (IN HEX:0x0x7f57622a3a00)
i!  mode: type=cublasMath_t; val=CUBLAS_DEFAULT_MATH(0)
i! Time: 2019-09-29T02:58:42 elapsed from start 0.083333 minutes or 5.000000 seconds
i!Process=12725; Thread=140018384414464; GPU=0; Handle=POINTER (IN HEX:0x0x7f57622a3a00); StreamId=POINTER (IN HEX:0x0x7f57db9e34b0); MathMode=CUBLAS_DEFAULT_MATH
i! COMPILED WITH: GNU GCC/G++ / 4.1.2 20080704 (Red Hat 4.1.2-48)
I! cuBLAS (v10.1) function cublasStatus_t cublasSetStream_v2(cublasContext*, CUstream_st*) called:
i!  handle: type=cublasHandle_t; val=POINTER (IN HEX:0x0x7f57622a3a00)
i!  streamId: type=SOME TYPE; val=POINTER (IN HEX:0x0x7f57db9e3490)
i! Time: 2019-09-29T02:58:42 elapsed from start 0.083333 minutes or 5.000000 seconds
i!Process=12725; Thread=140018384414464; GPU=0; Handle=POINTER (IN HEX:0x0x7f57622a3a00); StreamId=POINTER (IN HEX:0x0x7f57db9e34b0); MathMode=CUBLAS_DEFAULT_MATH
i! COMPILED WITH: GNU GCC/G++ / 4.1.2 20080704 (Red Hat 4.1.2-48)
I! cuBLAS (v10.1) function cublasStatus_t cublasSgemmStridedBatched(cublasContext*, cublasOperation_t, cublasOperation_t, int, int, int, const float*, const float*, int, long long int, const float*, int, long long int, const float*, float*, int, long long int, int) called:
i!  handle: type=cublasHandle_t; val=POINTER (IN HEX:0x0x7f57622a3a00)
i!  transa: type=cublasOperation_t; val=CUBLAS_OP_N(0)
i!  transb: type=cublasOperation_t; val=CUBLAS_OP_N(0)
i!  m: type=int; val=144
i!  n: type=int; val=128
i!  k: type=int; val=48
i!  alpha: type=float; val=POINTER (IN HEX:0x0x7f589210629c)
i!  A: type=float; val=POINTER (IN HEX:0x0x7f575144cc00)
i!  lda: type=int; val=144
i!  strideA: type=SOME TYPE; val=6912
i!  B: type=float; val=POINTER (IN HEX:0x0x7f57518c1800)
i!  ldb: type=int; val=48
i!  strideB: type=SOME TYPE; val=6144
i!  beta: type=float; val=POINTER (IN HEX:0x0x7f5892106298)
i!  C: type=float; val=POINTER (IN HEX:0x0x7f5751cb7800)
i!  ldc: type=int; val=144
i!  strideC: type=SOME TYPE; val=18432
i!  batchSize: type=int; val=169
i! Time: 2019-09-29T02:58:42 elapsed from start 0.083333 minutes or 5.000000 seconds
i!Process=12725; Thread=140018384414464; GPU=0; Handle=POINTER (IN HEX:0x0x7f57622a3a00); StreamId=POINTER (IN HEX:0x0x7f57db9e3490); MathMode=CUBLAS_DEFAULT_MATH
i! COMPILED WITH: GNU GCC/G++ / 4.1.2 20080704 (Red Hat 4.1.2-48)
I! cuBLAS (v10.1) function cublasStatus_t cublasSetMathMode(cublasContext*, cublasMath_t) called:
i!  handle: type=cublasHandle_t; val=POINTER (IN HEX:0x0x7f57622a3a00)
i!  mode: type=cublasMath_t; val=CUBLAS_DEFAULT_MATH(0)
i! Time: 2019-09-29T02:58:42 elapsed from start 0.083333 minutes or 5.000000 seconds
i!Process=12725; Thread=140018384414464; GPU=0; Handle=POINTER (IN HEX:0x0x7f57622a3a00); StreamId=POINTER (IN HEX:0x0x7f57db9e3490); MathMode=CUBLAS_DEFAULT_MATH
i! COMPILED WITH: GNU GCC/G++ / 4.1.2 20080704 (Red Hat 4.1.2-48)
I! cuBLAS (v10.1) function cublasStatus_t cublasSgemmEx(cublasContext*, cublasOperation_t, cublasOperation_t, int, int, int, const float*, const void*, cublasDataType_t, int, const void*, cublasDataType_t, int, const float*, void*, cublasDataType_t, int) called:
i!  handle: type=cublasHandle_t; val=POINTER (IN HEX:0x0x7f57f82e3320)
i!  transa: type=cublasOperation_t; val=CUBLAS_OP_T(1)
i!  transb: type=cublasOperation_t; val=CUBLAS_OP_N(0)
i!  m: type=int; val=4096
i!  n: type=int; val=4
i!  k: type=int; val=9216
i!  alpha: type=float; val=POINTER (IN HEX:0x0x7f589210926c)
i!  A: type=void; val=POINTER (IN HEX:0x0x7f57bec00000)
i!  Atype: type=cudaDataType_t; val=CUDA_R_32F(0)
i!  lda: type=int; val=9216
i!  B: type=void; val=POINTER (IN HEX:0x0x7f5754800000)
i!  Btype: type=cudaDataType_t; val=CUDA_R_32F(0)
i!  ldb: type=int; val=9216
i!  beta: type=float; val=POINTER (IN HEX:0x0x7f5892109268)
i!  C: type=void; val=POINTER (IN HEX:0x0x7f5803dd4a00)
i!  Ctype: type=cudaDataType_t; val=CUDA_R_32F(0)
i!  ldc: type=int; val=4096
i! Time: 2019-09-29T02:58:42 elapsed from start 0.083333 minutes or 5.000000 seconds
i!Process=12725; Thread=140018384414464; GPU=0; Handle=POINTER (IN HEX:0x0x7f57f82e3320); StreamId=POINTER (IN HEX:0x0x7f58680024d0); MathMode=CUBLAS_DEFAULT_MATH
i! COMPILED WITH: GNU GCC/G++ / 4.1.2 20080704 (Red Hat 4.1.2-48)
I! cuBLAS (v10.1) function cublasStatus_t cublasGetMathMode(cublasContext*, cublasMath_t*) called:
i!  handle: type=cublasHandle_t; val=POINTER (IN HEX:0x0x7f57f82e3320)
i!  mode: type=cublasMath_t; val=POINTER (IN HEX:0x0x7f5892108ecc)
i! Time: 2019-09-29T02:58:42 elapsed from start 0.083333 minutes or 5.000000 seconds
i!Process=12725; Thread=140018384414464; GPU=0; Handle=POINTER (IN HEX:0x0x7f57f82e3320); StreamId=POINTER (IN HEX:0x0x7f58680024d0); MathMode=CUBLAS_DEFAULT_MATH
i! COMPILED WITH: GNU GCC/G++ / 4.1.2 20080704 (Red Hat 4.1.2-48)
I! cuBLAS (v10.1) function cublasStatus_t cublasSgemmEx(cublasContext*, cublasOperation_t, cublasOperation_t, int, int, int, const float*, const void*, cublasDataType_t, int, const void*, cublasDataType_t, int, const float*, void*, cublasDataType_t, int) called:
i!  handle: type=cublasHandle_t; val=POINTER (IN HEX:0x0x7f57f82e3320)
i!  transa: type=cublasOperation_t; val=CUBLAS_OP_T(1)
i!  transb: type=cublasOperation_t; val=CUBLAS_OP_N(0)
i!  m: type=int; val=4096
i!  n: type=int; val=4
i!  k: type=int; val=4096
i!  alpha: type=float; val=POINTER (IN HEX:0x0x7f589210926c)
i!  A: type=void; val=POINTER (IN HEX:0x0x7f57c7c00000)
i!  Atype: type=cudaDataType_t; val=CUDA_R_32F(0)
i!  lda: type=int; val=4096
i!  B: type=void; val=POINTER (IN HEX:0x0x7f5803dd4a00)
i!  Btype: type=cudaDataType_t; val=CUDA_R_32F(0)
i!  ldb: type=int; val=4096
i!  beta: type=float; val=POINTER (IN HEX:0x0x7f5892109268)
i!  C: type=void; val=POINTER (IN HEX:0x0x7f5803de4a00)
i!  Ctype: type=cudaDataType_t; val=CUDA_R_32F(0)
i!  ldc: type=int; val=4096
i! Time: 2019-09-29T02:58:42 elapsed from start 0.083333 minutes or 5.000000 seconds
i!Process=12725; Thread=140018384414464; GPU=0; Handle=POINTER (IN HEX:0x0x7f57f82e3320); StreamId=POINTER (IN HEX:0x0x7f58680024d0); MathMode=CUBLAS_DEFAULT_MATH
i! COMPILED WITH: GNU GCC/G++ / 4.1.2 20080704 (Red Hat 4.1.2-48)
I! cuBLAS (v10.1) function cublasStatus_t cublasGetMathMode(cublasContext*, cublasMath_t*) called:
i!  handle: type=cublasHandle_t; val=POINTER (IN HEX:0x0x7f57f82e3320)
i!  mode: type=cublasMath_t; val=POINTER (IN HEX:0x0x7f5892108ecc)
i! Time: 2019-09-29T02:58:42 elapsed from start 0.083333 minutes or 5.000000 seconds
i!Process=12725; Thread=140018384414464; GPU=0; Handle=POINTER (IN HEX:0x0x7f57f82e3320); StreamId=POINTER (IN HEX:0x0x7f58680024d0); MathMode=CUBLAS_DEFAULT_MATH
i! COMPILED WITH: GNU GCC/G++ / 4.1.2 20080704 (Red Hat 4.1.2-48)
I! cuBLAS (v10.1) function cublasStatus_t cublasSgemmEx(cublasContext*, cublasOperation_t, cublasOperation_t, int, int, int, const float*, const void*, cublasDataType_t, int, const void*, cublasDataType_t, int, const float*, void*, cublasDataType_t, int) called:
i!  handle: type=cublasHandle_t; val=POINTER (IN HEX:0x0x7f57f82e3320)
i!  transa: type=cublasOperation_t; val=CUBLAS_OP_T(1)
i!  transb: type=cublasOperation_t; val=CUBLAS_OP_N(0)
i!  m: type=int; val=1000
i!  n: type=int; val=4
i!  k: type=int; val=4096
i!  alpha: type=float; val=POINTER (IN HEX:0x0x7f589210926c)
i!  A: type=void; val=POINTER (IN HEX:0x0x7f5858600000)
i!  Atype: type=cudaDataType_t; val=CUDA_R_32F(0)
i!  lda: type=int; val=4096
i!  B: type=void; val=POINTER (IN HEX:0x0x7f5803de4a00)
i!  Btype: type=cudaDataType_t; val=CUDA_R_32F(0)
i!  ldb: type=int; val=4096
i!  beta: type=float; val=POINTER (IN HEX:0x0x7f5892109268)
i!  C: type=void; val=POINTER (IN HEX:0x0x7f5803dd4a00)
i!  Ctype: type=cudaDataType_t; val=CUDA_R_32F(0)
i!  ldc: type=int; val=1000
i! Time: 2019-09-29T02:58:42 elapsed from start 0.083333 minutes or 5.000000 seconds
i!Process=12725; Thread=140018384414464; GPU=0; Handle=POINTER (IN HEX:0x0x7f57f82e3320); StreamId=POINTER (IN HEX:0x0x7f58680024d0); MathMode=CUBLAS_DEFAULT_MATH
i! COMPILED WITH: GNU GCC/G++ / 4.1.2 20080704 (Red Hat 4.1.2-48)
I! cuBLAS (v10.1) function cublasStatus_t cublasGetMathMode(cublasContext*, cublasMath_t*) called:
i!  handle: type=cublasHandle_t; val=POINTER (IN HEX:0x0x7f57f82e3320)
i!  mode: type=cublasMath_t; val=POINTER (IN HEX:0x0x7f5892108ecc)
i! Time: 2019-09-29T02:58:42 elapsed from start 0.083333 minutes or 5.000000 seconds
i!Process=12725; Thread=140018384414464; GPU=0; Handle=POINTER (IN HEX:0x0x7f57f82e3320); StreamId=POINTER (IN HEX:0x0x7f58680024d0); MathMode=CUBLAS_DEFAULT_MATH
i! COMPILED WITH: GNU GCC/G++ / 4.1.2 20080704 (Red Hat 4.1.2-48)
I! cuBLAS (v10.1) function cublasStatus_t cublasGetMathMode(cublasContext*, cublasMath_t*) called:
i!  handle: type=cublasHandle_t; val=POINTER (IN HEX:0x0x7f580410ff30)
i!  mode: type=cublasMath_t; val=POINTER (IN HEX:0x0x7f5892907294)
i! Time: 2019-09-29T02:58:42 elapsed from start 0.083333 minutes or 5.000000 seconds
i!Process=12725; Thread=140018392807168; GPU=0; Handle=POINTER (IN HEX:0x0x7f580410ff30); StreamId=POINTER (IN HEX:0x(nil)) (defaultStream); MathMode=CUBLAS_DEFAULT_MATH
i! COMPILED WITH: GNU GCC/G++ / 4.1.2 20080704 (Red Hat 4.1.2-48)
I! cuBLAS (v10.1) function cublasStatus_t cublasSetMathMode(cublasContext*, cublasMath_t) called:
i!  handle: type=cublasHandle_t; val=POINTER (IN HEX:0x0x7f580410ff30)
i!  mode: type=cublasMath_t; val=CUBLAS_DEFAULT_MATH(0)
i! Time: 2019-09-29T02:58:42 elapsed from start 0.083333 minutes or 5.000000 seconds
i!Process=12725; Thread=140018392807168; GPU=0; Handle=POINTER (IN HEX:0x0x7f580410ff30); StreamId=POINTER (IN HEX:0x(nil)) (defaultStream); MathMode=CUBLAS_DEFAULT_MATH
i! COMPILED WITH: GNU GCC/G++ / 4.1.2 20080704 (Red Hat 4.1.2-48)
I! cuBLAS (v10.1) function cublasStatus_t cublasSetStream_v2(cublasContext*, CUstream_st*) called:
i!  handle: type=cublasHandle_t; val=POINTER (IN HEX:0x0x7f580410ff30)
i!  streamId: type=SOME TYPE; val=POINTER (IN HEX:0x0x7f58647ff130)
i! Time: 2019-09-29T02:58:42 elapsed from start 0.083333 minutes or 5.000000 seconds
i!Process=12725; Thread=140018392807168; GPU=0; Handle=POINTER (IN HEX:0x0x7f580410ff30); StreamId=POINTER (IN HEX:0x(nil)) (defaultStream); MathMode=CUBLAS_DEFAULT_MATH
i! COMPILED WITH: GNU GCC/G++ / 4.1.2 20080704 (Red Hat 4.1.2-48)
I! cuBLAS (v10.1) function cublasStatus_t cublasSgemmStridedBatched(cublasContext*, cublasOperation_t, cublasOperation_t, int, int, int, const float*, const float*, int, long long int, const float*, int, long long int, const float*, float*, int, long long int, int) called:
i!  handle: type=cublasHandle_t; val=POINTER (IN HEX:0x0x7f580410ff30)
i!  transa: type=cublasOperation_t; val=CUBLAS_OP_N(0)
i!  transb: type=cublasOperation_t; val=CUBLAS_OP_N(0)
i!  m: type=int; val=144
i!  n: type=int; val=128
i!  k: type=int; val=48
i!  alpha: type=float; val=POINTER (IN HEX:0x0x7f589290729c)
i!  A: type=float; val=POINTER (IN HEX:0x0x7f5750000000)
i!  lda: type=int; val=144
i!  strideA: type=SOME TYPE; val=6912
i!  B: type=float; val=POINTER (IN HEX:0x0x7f5750474c00)
i!  ldb: type=int; val=48
i!  strideB: type=SOME TYPE; val=6144
i!  beta: type=float; val=POINTER (IN HEX:0x0x7f5892907298)
i!  C: type=float; val=POINTER (IN HEX:0x0x7f575086ac00)
i!  ldc: type=int; val=144
i!  strideC: type=SOME TYPE; val=18432
i!  batchSize: type=int; val=169
i! Time: 2019-09-29T02:58:42 elapsed from start 0.083333 minutes or 5.000000 seconds
i!Process=12725; Thread=140018392807168; GPU=0; Handle=POINTER (IN HEX:0x0x7f580410ff30); StreamId=POINTER (IN HEX:0x0x7f58647ff130); MathMode=CUBLAS_DEFAULT_MATH
i! COMPILED WITH: GNU GCC/G++ / 4.1.2 20080704 (Red Hat 4.1.2-48)
I! cuBLAS (v10.1) function cublasStatus_t cublasSetMathMode(cublasContext*, cublasMath_t) called:
i!  handle: type=cublasHandle_t; val=POINTER (IN HEX:0x0x7f580410ff30)
i!  mode: type=cublasMath_t; val=CUBLAS_DEFAULT_MATH(0)
i! Time: 2019-09-29T02:58:42 elapsed from start 0.083333 minutes or 5.000000 seconds
i!Process=12725; Thread=140018392807168; GPU=0; Handle=POINTER (IN HEX:0x0x7f580410ff30); StreamId=POINTER (IN HEX:0x0x7f58647ff130); MathMode=CUBLAS_DEFAULT_MATH
i! COMPILED WITH: GNU GCC/G++ / 4.1.2 20080704 (Red Hat 4.1.2-48)
I! cuBLAS (v10.1) function cublasStatus_t cublasGetMathMode(cublasContext*, cublasMath_t*) called:
i!  handle: type=cublasHandle_t; val=POINTER (IN HEX:0x0x7f580410ff30)
i!  mode: type=cublasMath_t; val=POINTER (IN HEX:0x0x7f5892907294)
i! Time: 2019-09-29T02:58:42 elapsed from start 0.083333 minutes or 5.000000 seconds
i!Process=12725; Thread=140018392807168; GPU=0; Handle=POINTER (IN HEX:0x0x7f580410ff30); StreamId=POINTER (IN HEX:0x0x7f58647ff130); MathMode=CUBLAS_DEFAULT_MATH
i! COMPILED WITH: GNU GCC/G++ / 4.1.2 20080704 (Red Hat 4.1.2-48)
I! cuBLAS (v10.1) function cublasStatus_t cublasSetMathMode(cublasContext*, cublasMath_t) called:
i!  handle: type=cublasHandle_t; val=POINTER (IN HEX:0x0x7f580410ff30)
i!  mode: type=cublasMath_t; val=CUBLAS_DEFAULT_MATH(0)
i! Time: 2019-09-29T02:58:42 elapsed from start 0.083333 minutes or 5.000000 seconds
i!Process=12725; Thread=140018392807168; GPU=0; Handle=POINTER (IN HEX:0x0x7f580410ff30); StreamId=POINTER (IN HEX:0x0x7f58647ff130); MathMode=CUBLAS_DEFAULT_MATH
i! COMPILED WITH: GNU GCC/G++ / 4.1.2 20080704 (Red Hat 4.1.2-48)
I! cuBLAS (v10.1) function cublasStatus_t cublasSetStream_v2(cublasContext*, CUstream_st*) called:
i!  handle: type=cublasHandle_t; val=POINTER (IN HEX:0x0x7f580410ff30)
i!  streamId: type=SOME TYPE; val=POINTER (IN HEX:0x0x7f58647fff10)
i! Time: 2019-09-29T02:58:42 elapsed from start 0.083333 minutes or 5.000000 seconds
i!Process=12725; Thread=140018392807168; GPU=0; Handle=POINTER (IN HEX:0x0x7f580410ff30); StreamId=POINTER (IN HEX:0x0x7f58647ff130); MathMode=CUBLAS_DEFAULT_MATH
i! COMPILED WITH: GNU GCC/G++ / 4.1.2 20080704 (Red Hat 4.1.2-48)
I! cuBLAS (v10.1) function cublasStatus_t cublasSgemmStridedBatched(cublasContext*, cublasOperation_t, cublasOperation_t, int, int, int, const float*, const float*, int, long long int, const float*, int, long long int, const float*, float*, int, long long int, int) called:
i!  handle: type=cublasHandle_t; val=POINTER (IN HEX:0x0x7f580410ff30)
i!  transa: type=cublasOperation_t; val=CUBLAS_OP_N(0)
i!  transb: type=cublasOperation_t; val=CUBLAS_OP_N(0)
i!  m: type=int; val=144
i!  n: type=int; val=128
i!  k: type=int; val=48
i!  alpha: type=float; val=POINTER (IN HEX:0x0x7f589290729c)
i!  A: type=float; val=POINTER (IN HEX:0x0x7f575144cc00)
i!  lda: type=int; val=144
i!  strideA: type=SOME TYPE; val=6912
i!  B: type=float; val=POINTER (IN HEX:0x0x7f57518c1800)
i!  ldb: type=int; val=48
i!  strideB: type=SOME TYPE; val=6144
i!  beta: type=float; val=POINTER (IN HEX:0x0x7f5892907298)
i!  C: type=float; val=POINTER (IN HEX:0x0x7f5751cb7800)
i!  ldc: type=int; val=144
i!  strideC: type=SOME TYPE; val=18432
i!  batchSize: type=int; val=169
i! Time: 2019-09-29T02:58:42 elapsed from start 0.083333 minutes or 5.000000 seconds
i!Process=12725; Thread=140018392807168; GPU=0; Handle=POINTER (IN HEX:0x0x7f580410ff30); StreamId=POINTER (IN HEX:0x0x7f58647fff10); MathMode=CUBLAS_DEFAULT_MATH
i! COMPILED WITH: GNU GCC/G++ / 4.1.2 20080704 (Red Hat 4.1.2-48)
I! cuBLAS (v10.1) function cublasStatus_t cublasSetMathMode(cublasContext*, cublasMath_t) called:
i!  handle: type=cublasHandle_t; val=POINTER (IN HEX:0x0x7f580410ff30)
i!  mode: type=cublasMath_t; val=CUBLAS_DEFAULT_MATH(0)
i! Time: 2019-09-29T02:58:42 elapsed from start 0.083333 minutes or 5.000000 seconds
i!Process=12725; Thread=140018392807168; GPU=0; Handle=POINTER (IN HEX:0x0x7f580410ff30); StreamId=POINTER (IN HEX:0x0x7f58647fff10); MathMode=CUBLAS_DEFAULT_MATH
i! COMPILED WITH: GNU GCC/G++ / 4.1.2 20080704 (Red Hat 4.1.2-48)
I! cuBLAS (v10.1) function cublasStatus_t cublasSgemmEx(cublasContext*, cublasOperation_t, cublasOperation_t, int, int, int, const float*, const void*, cublasDataType_t, int, const void*, cublasDataType_t, int, const float*, void*, cublasDataType_t, int) called:
i!  handle: type=cublasHandle_t; val=POINTER (IN HEX:0x0x7f5804034450)
i!  transa: type=cublasOperation_t; val=CUBLAS_OP_T(1)
i!  transb: type=cublasOperation_t; val=CUBLAS_OP_N(0)
i!  m: type=int; val=4096
i!  n: type=int; val=4
i!  k: type=int; val=9216
i!  alpha: type=float; val=POINTER (IN HEX:0x0x7f589290a26c)
i!  A: type=void; val=POINTER (IN HEX:0x0x7f57bec00000)
i!  Atype: type=cudaDataType_t; val=CUDA_R_32F(0)
i!  lda: type=int; val=9216
i!  B: type=void; val=POINTER (IN HEX:0x0x7f5754800000)
i!  Btype: type=cudaDataType_t; val=CUDA_R_32F(0)
i!  ldb: type=int; val=9216
i!  beta: type=float; val=POINTER (IN HEX:0x0x7f589290a268)
i!  C: type=void; val=POINTER (IN HEX:0x0x7f5803dd4a00)
i!  Ctype: type=cudaDataType_t; val=CUDA_R_32F(0)
i!  ldc: type=int; val=4096
i! Time: 2019-09-29T02:58:42 elapsed from start 0.083333 minutes or 5.000000 seconds
i!Process=12725; Thread=140018392807168; GPU=0; Handle=POINTER (IN HEX:0x0x7f5804034450); StreamId=POINTER (IN HEX:0x0x7f5864800110); MathMode=CUBLAS_DEFAULT_MATH
i! COMPILED WITH: GNU GCC/G++ / 4.1.2 20080704 (Red Hat 4.1.2-48)
I! cuBLAS (v10.1) function cublasStatus_t cublasGetMathMode(cublasContext*, cublasMath_t*) called:
i!  handle: type=cublasHandle_t; val=POINTER (IN HEX:0x0x7f5804034450)
i!  mode: type=cublasMath_t; val=POINTER (IN HEX:0x0x7f5892909ecc)
i! Time: 2019-09-29T02:58:42 elapsed from start 0.083333 minutes or 5.000000 seconds
i!Process=12725; Thread=140018392807168; GPU=0; Handle=POINTER (IN HEX:0x0x7f5804034450); StreamId=POINTER (IN HEX:0x0x7f5864800110); MathMode=CUBLAS_DEFAULT_MATH
i! COMPILED WITH: GNU GCC/G++ / 4.1.2 20080704 (Red Hat 4.1.2-48)
I! cuBLAS (v10.1) function cublasStatus_t cublasSgemmEx(cublasContext*, cublasOperation_t, cublasOperation_t, int, int, int, const float*, const void*, cublasDataType_t, int, const void*, cublasDataType_t, int, const float*, void*, cublasDataType_t, int) called:
i!  handle: type=cublasHandle_t; val=POINTER (IN HEX:0x0x7f5804034450)
i!  transa: type=cublasOperation_t; val=CUBLAS_OP_T(1)
i!  transb: type=cublasOperation_t; val=CUBLAS_OP_N(0)
i!  m: type=int; val=4096
i!  n: type=int; val=4
i!  k: type=int; val=4096
i!  alpha: type=float; val=POINTER (IN HEX:0x0x7f589290a26c)
i!  A: type=void; val=POINTER (IN HEX:0x0x7f57c7c00000)
i!  Atype: type=cudaDataType_t; val=CUDA_R_32F(0)
i!  lda: type=int; val=4096
i!  B: type=void; val=POINTER (IN HEX:0x0x7f5803dd4a00)
i!  Btype: type=cudaDataType_t; val=CUDA_R_32F(0)
i!  ldb: type=int; val=4096
i!  beta: type=float; val=POINTER (IN HEX:0x0x7f589290a268)
i!  C: type=void; val=POINTER (IN HEX:0x0x7f5803de4a00)
i!  Ctype: type=cudaDataType_t; val=CUDA_R_32F(0)
i!  ldc: type=int; val=4096
i! Time: 2019-09-29T02:58:42 elapsed from start 0.083333 minutes or 5.000000 seconds
i!Process=12725; Thread=140018392807168; GPU=0; Handle=POINTER (IN HEX:0x0x7f5804034450); StreamId=POINTER (IN HEX:0x0x7f5864800110); MathMode=CUBLAS_DEFAULT_MATH
i! COMPILED WITH: GNU GCC/G++ / 4.1.2 20080704 (Red Hat 4.1.2-48)
I! cuBLAS (v10.1) function cublasStatus_t cublasGetMathMode(cublasContext*, cublasMath_t*) called:
i!  handle: type=cublasHandle_t; val=POINTER (IN HEX:0x0x7f5804034450)
i!  mode: type=cublasMath_t; val=POINTER (IN HEX:0x0x7f5892909ecc)
i! Time: 2019-09-29T02:58:42 elapsed from start 0.083333 minutes or 5.000000 seconds
i!Process=12725; Thread=140018392807168; GPU=0; Handle=POINTER (IN HEX:0x0x7f5804034450); StreamId=POINTER (IN HEX:0x0x7f5864800110); MathMode=CUBLAS_DEFAULT_MATH
i! COMPILED WITH: GNU GCC/G++ / 4.1.2 20080704 (Red Hat 4.1.2-48)
I! cuBLAS (v10.1) function cublasStatus_t cublasSgemmEx(cublasContext*, cublasOperation_t, cublasOperation_t, int, int, int, const float*, const void*, cublasDataType_t, int, const void*, cublasDataType_t, int, const float*, void*, cublasDataType_t, int) called:
i!  handle: type=cublasHandle_t; val=POINTER (IN HEX:0x0x7f5804034450)
i!  transa: type=cublasOperation_t; val=CUBLAS_OP_T(1)
i!  transb: type=cublasOperation_t; val=CUBLAS_OP_N(0)
i!  m: type=int; val=1000
i!  n: type=int; val=4
i!  k: type=int; val=4096
i!  alpha: type=float; val=POINTER (IN HEX:0x0x7f589290a26c)
i!  A: type=void; val=POINTER (IN HEX:0x0x7f5858600000)
i!  Atype: type=cudaDataType_t; val=CUDA_R_32F(0)
i!  lda: type=int; val=4096
i!  B: type=void; val=POINTER (IN HEX:0x0x7f5803de4a00)
i!  Btype: type=cudaDataType_t; val=CUDA_R_32F(0)
i!  ldb: type=int; val=4096
i!  beta: type=float; val=POINTER (IN HEX:0x0x7f589290a268)
i!  C: type=void; val=POINTER (IN HEX:0x0x7f5803dd4a00)
i!  Ctype: type=cudaDataType_t; val=CUDA_R_32F(0)
i!  ldc: type=int; val=1000
i! Time: 2019-09-29T02:58:42 elapsed from start 0.083333 minutes or 5.000000 seconds
i!Process=12725; Thread=140018392807168; GPU=0; Handle=POINTER (IN HEX:0x0x7f5804034450); StreamId=POINTER (IN HEX:0x0x7f5864800110); MathMode=CUBLAS_DEFAULT_MATH
i! COMPILED WITH: GNU GCC/G++ / 4.1.2 20080704 (Red Hat 4.1.2-48)
I! cuBLAS (v10.1) function cublasStatus_t cublasGetMathMode(cublasContext*, cublasMath_t*) called:
i!  handle: type=cublasHandle_t; val=POINTER (IN HEX:0x0x7f5804034450)
i!  mode: type=cublasMath_t; val=POINTER (IN HEX:0x0x7f5892909ecc)
i! Time: 2019-09-29T02:58:42 elapsed from start 0.083333 minutes or 5.000000 seconds
i!Process=12725; Thread=140018392807168; GPU=0; Handle=POINTER (IN HEX:0x0x7f5804034450); StreamId=POINTER (IN HEX:0x0x7f5864800110); MathMode=CUBLAS_DEFAULT_MATH
i! COMPILED WITH: GNU GCC/G++ / 4.1.2 20080704 (Red Hat 4.1.2-48)
