I! cuBLAS (v10.1) function cublasStatus_t cublasCreate_v2(cublasContext**) called:
I! cuBLAS (v10.1) function cublasStatus_t cublasCreate_v2(cublasContext**) called:
i!  handle: type=cublasHandle_t; val=POINTER (IN HEX:0x0x7f37580021c8)
i!  handle: type=cublasHandle_t; val=POINTER (IN HEX:0x0x7f37500021c8)
i! Time: 2019-09-29T03:34:48 elapsed from start 0.050000 minutes or 3.000000 seconds
i!Process=20623; Thread=139876372567808; GPU=0; Handle=POINTER (IN HEX:0x(nil))
i! COMPILED WITH: GNU GCC/G++ / 4.1.2 20080704 (Red Hat 4.1.2-48)
i! Time: 2019-09-29T03:34:48 elapsed from start 0.050000 minutes or 3.000000 seconds
i!Process=20623; Thread=139876380960512; GPU=0; Handle=POINTER (IN HEX:0x(nil))
i! COMPILED WITH: GNU GCC/G++ / 4.1.2 20080704 (Red Hat 4.1.2-48)
I! cuBLAS (v10.1) function cublasStatus_t cublasSetStream_v2(cublasContext*, CUstream_st*) called:
I! cuBLAS (v10.1) function cublasStatus_t cublasSetStream_v2(cublasContext*, CUstream_st*) called:
i!  handle: type=cublasHandle_t; val=POINTER (IN HEX:0x0x7f36ec02f440)
i!  handle: type=cublasHandle_t; val=POINTER (IN HEX:0x0x7f36f8473820)
i!  streamId: type=SOME TYPE; val=POINTER (IN HEX:0x0x7f37500024d0)
i!  streamId: type=SOME TYPE; val=POINTER (IN HEX:0x0x7f37587ffff0)
i! Time: 2019-09-29T03:34:49 elapsed from start 0.066667 minutes or 4.000000 seconds
i!Process=20623; Thread=139876372567808; GPU=0; Handle=POINTER (IN HEX:0x0x7f36ec02f440); StreamId=POINTER (IN HEX:0x(nil)) (defaultStream); MathMode=CUBLAS_DEFAULT_MATH
i! COMPILED WITH: GNU GCC/G++ / 4.1.2 20080704 (Red Hat 4.1.2-48)
i! Time: 2019-09-29T03:34:49 elapsed from start 0.066667 minutes or 4.000000 seconds
i!Process=20623; Thread=139876380960512; GPU=0; Handle=POINTER (IN HEX:0x0x7f36f8473820); StreamId=POINTER (IN HEX:0x(nil)) (defaultStream); MathMode=CUBLAS_DEFAULT_MATH
i! COMPILED WITH: GNU GCC/G++ / 4.1.2 20080704 (Red Hat 4.1.2-48)
I! cuBLAS (v10.1) function cublasStatus_t cublasCreate_v2(cublasContext**) called:
I! cuBLAS (v10.1) function cublasStatus_t cublasCreate_v2(cublasContext**) called:
i!  handle: type=cublasHandle_t; val=POINTER (IN HEX:0x0x7f36e6972ff0)
i!  handle: type=cublasHandle_t; val=POINTER (IN HEX:0x0x7f3703c6bc80)
i! Time: 2019-09-29T03:34:49 elapsed from start 0.066667 minutes or 4.000000 seconds
i!Process=20623; Thread=139876372567808; GPU=0; Handle=POINTER (IN HEX:0x(nil))
i! COMPILED WITH: GNU GCC/G++ / 4.1.2 20080704 (Red Hat 4.1.2-48)
i! Time: 2019-09-29T03:34:49 elapsed from start 0.066667 minutes or 4.000000 seconds
i!Process=20623; Thread=139876380960512; GPU=0; Handle=POINTER (IN HEX:0x(nil))
i! COMPILED WITH: GNU GCC/G++ / 4.1.2 20080704 (Red Hat 4.1.2-48)
I! cuBLAS (v10.1) function cublasStatus_t cublasCreate_v2(cublasContext**) called:
i!  handle: type=cublasHandle_t; val=POINTER (IN HEX:0x0x7f36e6973038)
i! Time: 2019-09-29T03:34:49 elapsed from start 0.066667 minutes or 4.000000 seconds
i!Process=20623; Thread=139876372567808; GPU=0; Handle=POINTER (IN HEX:0x(nil))
i! COMPILED WITH: GNU GCC/G++ / 4.1.2 20080704 (Red Hat 4.1.2-48)
I! cuBLAS (v10.1) function cublasStatus_t cublasCreate_v2(cublasContext**) called:
i!  handle: type=cublasHandle_t; val=POINTER (IN HEX:0x0x7f3703c6bcc8)
i! Time: 2019-09-29T03:34:49 elapsed from start 0.066667 minutes or 4.000000 seconds
i!Process=20623; Thread=139876380960512; GPU=0; Handle=POINTER (IN HEX:0x(nil))
i! COMPILED WITH: GNU GCC/G++ / 4.1.2 20080704 (Red Hat 4.1.2-48)
I! cuBLAS (v10.1) function cublasStatus_t cublasCreate_v2(cublasContext**) called:
i!  handle: type=cublasHandle_t; val=POINTER (IN HEX:0x0x7f36e6973040)
i! Time: 2019-09-29T03:34:49 elapsed from start 0.066667 minutes or 4.000000 seconds
i!Process=20623; Thread=139876372567808; GPU=0; Handle=POINTER (IN HEX:0x(nil))
i! COMPILED WITH: GNU GCC/G++ / 4.1.2 20080704 (Red Hat 4.1.2-48)
I! cuBLAS (v10.1) function cublasStatus_t cublasCreate_v2(cublasContext**) called:
i!  handle: type=cublasHandle_t; val=POINTER (IN HEX:0x0x7f3703c6bcd0)
i! Time: 2019-09-29T03:34:49 elapsed from start 0.066667 minutes or 4.000000 seconds
i!Process=20623; Thread=139876380960512; GPU=0; Handle=POINTER (IN HEX:0x(nil))
i! COMPILED WITH: GNU GCC/G++ / 4.1.2 20080704 (Red Hat 4.1.2-48)
I! cuBLAS (v10.1) function cublasStatus_t cublasCreate_v2(cublasContext**) called:
i!  handle: type=cublasHandle_t; val=POINTER (IN HEX:0x0x7f36e6973048)
i! Time: 2019-09-29T03:34:49 elapsed from start 0.066667 minutes or 4.000000 seconds
i!Process=20623; Thread=139876372567808; GPU=0; Handle=POINTER (IN HEX:0x(nil))
i! COMPILED WITH: GNU GCC/G++ / 4.1.2 20080704 (Red Hat 4.1.2-48)
I! cuBLAS (v10.1) function cublasStatus_t cublasSetStream_v2(cublasContext*, CUstream_st*) called:
i!  handle: type=cublasHandle_t; val=POINTER (IN HEX:0x0x7f36cf3c8870)
i!  streamId: type=SOME TYPE; val=POINTER (IN HEX:0x0x7f37500024d0)
i! Time: 2019-09-29T03:34:49 elapsed from start 0.066667 minutes or 4.000000 seconds
i!Process=20623; Thread=139876372567808; GPU=0; Handle=POINTER (IN HEX:0x0x7f36cf3c8870); StreamId=POINTER (IN HEX:0x(nil)) (defaultStream); MathMode=CUBLAS_DEFAULT_MATH
i! COMPILED WITH: GNU GCC/G++ / 4.1.2 20080704 (Red Hat 4.1.2-48)
I! cuBLAS (v10.1) function cublasStatus_t cublasCreate_v2(cublasContext**) called:
i!  handle: type=cublasHandle_t; val=POINTER (IN HEX:0x0x7f3703c6bcd8)
i! Time: 2019-09-29T03:34:49 elapsed from start 0.066667 minutes or 4.000000 seconds
i!Process=20623; Thread=139876380960512; GPU=0; Handle=POINTER (IN HEX:0x(nil))
i! COMPILED WITH: GNU GCC/G++ / 4.1.2 20080704 (Red Hat 4.1.2-48)
I! cuBLAS (v10.1) function cublasStatus_t cublasSetStream_v2(cublasContext*, CUstream_st*) called:
i!  handle: type=cublasHandle_t; val=POINTER (IN HEX:0x0x7f36f84a27d0)
i!  streamId: type=SOME TYPE; val=POINTER (IN HEX:0x0x7f37587ffff0)
i! Time: 2019-09-29T03:34:49 elapsed from start 0.066667 minutes or 4.000000 seconds
i!Process=20623; Thread=139876380960512; GPU=0; Handle=POINTER (IN HEX:0x0x7f36f84a27d0); StreamId=POINTER (IN HEX:0x(nil)) (defaultStream); MathMode=CUBLAS_DEFAULT_MATH
i! COMPILED WITH: GNU GCC/G++ / 4.1.2 20080704 (Red Hat 4.1.2-48)
I! cuBLAS (v10.1) function cublasStatus_t cublasCreate_v2(cublasContext**) called:
i!  handle: type=cublasHandle_t; val=POINTER (IN HEX:0x0x7f36e7da1388)
i! Time: 2019-09-29T03:34:51 elapsed from start 0.100000 minutes or 6.000000 seconds
i!Process=20623; Thread=139876372567808; GPU=0; Handle=POINTER (IN HEX:0x(nil))
i! COMPILED WITH: GNU GCC/G++ / 4.1.2 20080704 (Red Hat 4.1.2-48)
I! cuBLAS (v10.1) function cublasStatus_t cublasCreate_v2(cublasContext**) called:
i!  handle: type=cublasHandle_t; val=POINTER (IN HEX:0x0x7f36f80fe8b8)
i! Time: 2019-09-29T03:34:51 elapsed from start 0.100000 minutes or 6.000000 seconds
i!Process=20623; Thread=139876380960512; GPU=0; Handle=POINTER (IN HEX:0x(nil))
i! COMPILED WITH: GNU GCC/G++ / 4.1.2 20080704 (Red Hat 4.1.2-48)
I! cuBLAS (v10.1) function cublasStatus_t cublasGetMathMode(cublasContext*, cublasMath_t*) called:
i!  handle: type=cublasHandle_t; val=POINTER (IN HEX:0x0x7f36f854f8e0)
i!  mode: type=cublasMath_t; val=POINTER (IN HEX:0x0x7f3781ffa294)
i! Time: 2019-09-29T03:34:51 elapsed from start 0.100000 minutes or 6.000000 seconds
i!Process=20623; Thread=139876380960512; GPU=0; Handle=POINTER (IN HEX:0x0x7f36f854f8e0); StreamId=POINTER (IN HEX:0x(nil)) (defaultStream); MathMode=CUBLAS_DEFAULT_MATH
i! COMPILED WITH: GNU GCC/G++ / 4.1.2 20080704 (Red Hat 4.1.2-48)
I! cuBLAS (v10.1) function cublasStatus_t cublasSetMathMode(cublasContext*, cublasMath_t) called:
i!  handle: type=cublasHandle_t; val=POINTER (IN HEX:0x0x7f36f854f8e0)
i!  mode: type=cublasMath_t; val=CUBLAS_DEFAULT_MATH(0)
i! Time: 2019-09-29T03:34:51 elapsed from start 0.100000 minutes or 6.000000 seconds
i!Process=20623; Thread=139876380960512; GPU=0; Handle=POINTER (IN HEX:0x0x7f36f854f8e0); StreamId=POINTER (IN HEX:0x(nil)) (defaultStream); MathMode=CUBLAS_DEFAULT_MATH
i! COMPILED WITH: GNU GCC/G++ / 4.1.2 20080704 (Red Hat 4.1.2-48)
I! cuBLAS (v10.1) function cublasStatus_t cublasSetStream_v2(cublasContext*, CUstream_st*) called:
i!  handle: type=cublasHandle_t; val=POINTER (IN HEX:0x0x7f36f854f8e0)
i!  streamId: type=SOME TYPE; val=POINTER (IN HEX:0x0x7f37587ff010)
i! Time: 2019-09-29T03:34:51 elapsed from start 0.100000 minutes or 6.000000 seconds
i!Process=20623; Thread=139876380960512; GPU=0; Handle=POINTER (IN HEX:0x0x7f36f854f8e0); StreamId=POINTER (IN HEX:0x(nil)) (defaultStream); MathMode=CUBLAS_DEFAULT_MATH
i! COMPILED WITH: GNU GCC/G++ / 4.1.2 20080704 (Red Hat 4.1.2-48)
I! cuBLAS (v10.1) function cublasStatus_t cublasSgemmStridedBatched(cublasContext*, cublasOperation_t, cublasOperation_t, int, int, int, const float*, const float*, int, long long int, const float*, int, long long int, const float*, float*, int, long long int, int) called:
i!  handle: type=cublasHandle_t; val=POINTER (IN HEX:0x0x7f36f854f8e0)
i!  transa: type=cublasOperation_t; val=CUBLAS_OP_N(0)
i!  transb: type=cublasOperation_t; val=CUBLAS_OP_N(0)
i!  m: type=int; val=288
i!  n: type=int; val=128
i!  k: type=int; val=48
i!  alpha: type=float; val=POINTER (IN HEX:0x0x7f3781ffa29c)
i!  A: type=float; val=POINTER (IN HEX:0x0x7f3646000000)
i!  lda: type=int; val=288
i!  strideA: type=SOME TYPE; val=13824
i!  B: type=float; val=POINTER (IN HEX:0x0x7f36468e9800)
i!  ldb: type=int; val=48
i!  strideB: type=SOME TYPE; val=6144
i!  beta: type=float; val=POINTER (IN HEX:0x0x7f3781ffa298)
i!  C: type=float; val=POINTER (IN HEX:0x0x7f3646cdf800)
i!  ldc: type=int; val=288
i!  strideC: type=SOME TYPE; val=36864
i!  batchSize: type=int; val=169
i! Time: 2019-09-29T03:34:51 elapsed from start 0.100000 minutes or 6.000000 seconds
i!Process=20623; Thread=139876380960512; GPU=0; Handle=POINTER (IN HEX:0x0x7f36f854f8e0); StreamId=POINTER (IN HEX:0x0x7f37587ff010); MathMode=CUBLAS_DEFAULT_MATH
i! COMPILED WITH: GNU GCC/G++ / 4.1.2 20080704 (Red Hat 4.1.2-48)
I! cuBLAS (v10.1) function cublasStatus_t cublasSetMathMode(cublasContext*, cublasMath_t) called:
i!  handle: type=cublasHandle_t; val=POINTER (IN HEX:0x0x7f36f854f8e0)
i!  mode: type=cublasMath_t; val=CUBLAS_DEFAULT_MATH(0)
i! Time: 2019-09-29T03:34:51 elapsed from start 0.100000 minutes or 6.000000 seconds
i!Process=20623; Thread=139876380960512; GPU=0; Handle=POINTER (IN HEX:0x0x7f36f854f8e0); StreamId=POINTER (IN HEX:0x0x7f37587ff010); MathMode=CUBLAS_DEFAULT_MATH
i! COMPILED WITH: GNU GCC/G++ / 4.1.2 20080704 (Red Hat 4.1.2-48)
I! cuBLAS (v10.1) function cublasStatus_t cublasGetMathMode(cublasContext*, cublasMath_t*) called:
i!  handle: type=cublasHandle_t; val=POINTER (IN HEX:0x0x7f36f854f8e0)
i!  mode: type=cublasMath_t; val=POINTER (IN HEX:0x0x7f3781ffa294)
i! Time: 2019-09-29T03:34:51 elapsed from start 0.100000 minutes or 6.000000 seconds
i!Process=20623; Thread=139876380960512; GPU=0; Handle=POINTER (IN HEX:0x0x7f36f854f8e0); StreamId=POINTER (IN HEX:0x0x7f37587ff010); MathMode=CUBLAS_DEFAULT_MATH
i! COMPILED WITH: GNU GCC/G++ / 4.1.2 20080704 (Red Hat 4.1.2-48)
I! cuBLAS (v10.1) function cublasStatus_t cublasSetMathMode(cublasContext*, cublasMath_t) called:
i!  handle: type=cublasHandle_t; val=POINTER (IN HEX:0x0x7f36f854f8e0)
i!  mode: type=cublasMath_t; val=CUBLAS_DEFAULT_MATH(0)
i! Time: 2019-09-29T03:34:51 elapsed from start 0.100000 minutes or 6.000000 seconds
i!Process=20623; Thread=139876380960512; GPU=0; Handle=POINTER (IN HEX:0x0x7f36f854f8e0); StreamId=POINTER (IN HEX:0x0x7f37587ff010); MathMode=CUBLAS_DEFAULT_MATH
i! COMPILED WITH: GNU GCC/G++ / 4.1.2 20080704 (Red Hat 4.1.2-48)
I! cuBLAS (v10.1) function cublasStatus_t cublasSetStream_v2(cublasContext*, CUstream_st*) called:
i!  handle: type=cublasHandle_t; val=POINTER (IN HEX:0x0x7f36f854f8e0)
i!  streamId: type=SOME TYPE; val=POINTER (IN HEX:0x0x7f37587ffdf0)
i! Time: 2019-09-29T03:34:51 elapsed from start 0.100000 minutes or 6.000000 seconds
i!Process=20623; Thread=139876380960512; GPU=0; Handle=POINTER (IN HEX:0x0x7f36f854f8e0); StreamId=POINTER (IN HEX:0x0x7f37587ff010); MathMode=CUBLAS_DEFAULT_MATH
i! COMPILED WITH: GNU GCC/G++ / 4.1.2 20080704 (Red Hat 4.1.2-48)
I! cuBLAS (v10.1) function cublasStatus_t cublasSgemmStridedBatched(cublasContext*, cublasOperation_t, cublasOperation_t, int, int, int, const float*, const float*, int, long long int, const float*, int, long long int, const float*, float*, int, long long int, int) called:
i!  handle: type=cublasHandle_t; val=POINTER (IN HEX:0x0x7f36f854f8e0)
i!  transa: type=cublasOperation_t; val=CUBLAS_OP_N(0)
i!  transb: type=cublasOperation_t; val=CUBLAS_OP_N(0)
i!  m: type=int; val=288
i!  n: type=int; val=128
i!  k: type=int; val=48
i!  alpha: type=float; val=POINTER (IN HEX:0x0x7f3781ffa29c)
i!  A: type=float; val=POINTER (IN HEX:0x0x7f36484a3800)
i!  lda: type=int; val=288
i!  strideA: type=SOME TYPE; val=13824
i!  B: type=float; val=POINTER (IN HEX:0x0x7f3648d8d000)
i!  ldb: type=int; val=48
i!  strideB: type=SOME TYPE; val=6144
i!  beta: type=float; val=POINTER (IN HEX:0x0x7f3781ffa298)
i!  C: type=float; val=POINTER (IN HEX:0x0x7f3649183000)
i!  ldc: type=int; val=288
i!  strideC: type=SOME TYPE; val=36864
i!  batchSize: type=int; val=169
i! Time: 2019-09-29T03:34:51 elapsed from start 0.100000 minutes or 6.000000 seconds
i!Process=20623; Thread=139876380960512; GPU=0; Handle=POINTER (IN HEX:0x0x7f36f854f8e0); StreamId=POINTER (IN HEX:0x0x7f37587ffdf0); MathMode=CUBLAS_DEFAULT_MATH
i! COMPILED WITH: GNU GCC/G++ / 4.1.2 20080704 (Red Hat 4.1.2-48)
I! cuBLAS (v10.1) function cublasStatus_t cublasSetMathMode(cublasContext*, cublasMath_t) called:
i!  handle: type=cublasHandle_t; val=POINTER (IN HEX:0x0x7f36f854f8e0)
i!  mode: type=cublasMath_t; val=CUBLAS_DEFAULT_MATH(0)
i! Time: 2019-09-29T03:34:51 elapsed from start 0.100000 minutes or 6.000000 seconds
i!Process=20623; Thread=139876380960512; GPU=0; Handle=POINTER (IN HEX:0x0x7f36f854f8e0); StreamId=POINTER (IN HEX:0x0x7f37587ffdf0); MathMode=CUBLAS_DEFAULT_MATH
i! COMPILED WITH: GNU GCC/G++ / 4.1.2 20080704 (Red Hat 4.1.2-48)
I! cuBLAS (v10.1) function cublasStatus_t cublasGetMathMode(cublasContext*, cublasMath_t*) called:
i!  handle: type=cublasHandle_t; val=POINTER (IN HEX:0x0x7f36f854f8e0)
i!  mode: type=cublasMath_t; val=POINTER (IN HEX:0x0x7f3781ffa294)
i! Time: 2019-09-29T03:34:51 elapsed from start 0.100000 minutes or 6.000000 seconds
i!Process=20623; Thread=139876380960512; GPU=0; Handle=POINTER (IN HEX:0x0x7f36f854f8e0); StreamId=POINTER (IN HEX:0x0x7f37587ffdf0); MathMode=CUBLAS_DEFAULT_MATH
i! COMPILED WITH: GNU GCC/G++ / 4.1.2 20080704 (Red Hat 4.1.2-48)
I! cuBLAS (v10.1) function cublasStatus_t cublasSetMathMode(cublasContext*, cublasMath_t) called:
i!  handle: type=cublasHandle_t; val=POINTER (IN HEX:0x0x7f36f854f8e0)
i!  mode: type=cublasMath_t; val=CUBLAS_DEFAULT_MATH(0)
i! Time: 2019-09-29T03:34:51 elapsed from start 0.100000 minutes or 6.000000 seconds
i!Process=20623; Thread=139876380960512; GPU=0; Handle=POINTER (IN HEX:0x0x7f36f854f8e0); StreamId=POINTER (IN HEX:0x0x7f37587ffdf0); MathMode=CUBLAS_DEFAULT_MATH
i! COMPILED WITH: GNU GCC/G++ / 4.1.2 20080704 (Red Hat 4.1.2-48)
I! cuBLAS (v10.1) function cublasStatus_t cublasSetStream_v2(cublasContext*, CUstream_st*) called:
i!  handle: type=cublasHandle_t; val=POINTER (IN HEX:0x0x7f36f854f8e0)
i!  streamId: type=SOME TYPE; val=POINTER (IN HEX:0x0x7f37587ffff0)
i! Time: 2019-09-29T03:34:51 elapsed from start 0.100000 minutes or 6.000000 seconds
i!Process=20623; Thread=139876380960512; GPU=0; Handle=POINTER (IN HEX:0x0x7f36f854f8e0); StreamId=POINTER (IN HEX:0x0x7f37587ffdf0); MathMode=CUBLAS_DEFAULT_MATH
i! COMPILED WITH: GNU GCC/G++ / 4.1.2 20080704 (Red Hat 4.1.2-48)
I! cuBLAS (v10.1) function cublasStatus_t cublasSgemmStridedBatched(cublasContext*, cublasOperation_t, cublasOperation_t, int, int, int, const float*, const float*, int, long long int, const float*, int, long long int, const float*, float*, int, long long int, int) called:
i!  handle: type=cublasHandle_t; val=POINTER (IN HEX:0x0x7f36f854f8e0)
i!  transa: type=cublasOperation_t; val=CUBLAS_OP_N(0)
i!  transb: type=cublasOperation_t; val=CUBLAS_OP_N(0)
i!  m: type=int; val=512
i!  n: type=int; val=384
i!  k: type=int; val=256
i!  alpha: type=float; val=POINTER (IN HEX:0x0x7f3781ffa29c)
i!  A: type=float; val=POINTER (IN HEX:0x0x7f3646000000)
i!  lda: type=int; val=512
i!  strideA: type=SOME TYPE; val=131072
i!  B: type=float; val=POINTER (IN HEX:0x0x7f3647200000)
i!  ldb: type=int; val=256
i!  strideB: type=SOME TYPE; val=98304
i!  beta: type=float; val=POINTER (IN HEX:0x0x7f3781ffa298)
i!  C: type=float; val=POINTER (IN HEX:0x0x7f3647f80000)
i!  ldc: type=int; val=512
i!  strideC: type=SOME TYPE; val=196608
i!  batchSize: type=int; val=36
i! Time: 2019-09-29T03:34:51 elapsed from start 0.100000 minutes or 6.000000 seconds
i!Process=20623; Thread=139876380960512; GPU=0; Handle=POINTER (IN HEX:0x0x7f36f854f8e0); StreamId=POINTER (IN HEX:0x0x7f37587ffff0); MathMode=CUBLAS_DEFAULT_MATH
i! COMPILED WITH: GNU GCC/G++ / 4.1.2 20080704 (Red Hat 4.1.2-48)
I! cuBLAS (v10.1) function cublasStatus_t cublasSetMathMode(cublasContext*, cublasMath_t) called:
i!  handle: type=cublasHandle_t; val=POINTER (IN HEX:0x0x7f36f854f8e0)
i!  mode: type=cublasMath_t; val=CUBLAS_DEFAULT_MATH(0)
i! Time: 2019-09-29T03:34:51 elapsed from start 0.100000 minutes or 6.000000 seconds
i!Process=20623; Thread=139876380960512; GPU=0; Handle=POINTER (IN HEX:0x0x7f36f854f8e0); StreamId=POINTER (IN HEX:0x0x7f37587ffff0); MathMode=CUBLAS_DEFAULT_MATH
i! COMPILED WITH: GNU GCC/G++ / 4.1.2 20080704 (Red Hat 4.1.2-48)
I! cuBLAS (v10.1) function cublasStatus_t cublasGetMathMode(cublasContext*, cublasMath_t*) called:
i!  handle: type=cublasHandle_t; val=POINTER (IN HEX:0x0x7f36f854f8e0)
i!  mode: type=cublasMath_t; val=POINTER (IN HEX:0x0x7f3781ffa294)
i! Time: 2019-09-29T03:34:51 elapsed from start 0.100000 minutes or 6.000000 seconds
i!Process=20623; Thread=139876380960512; GPU=0; Handle=POINTER (IN HEX:0x0x7f36f854f8e0); StreamId=POINTER (IN HEX:0x0x7f37587ffff0); MathMode=CUBLAS_DEFAULT_MATH
i! COMPILED WITH: GNU GCC/G++ / 4.1.2 20080704 (Red Hat 4.1.2-48)
I! cuBLAS (v10.1) function cublasStatus_t cublasSetMathMode(cublasContext*, cublasMath_t) called:
i!  handle: type=cublasHandle_t; val=POINTER (IN HEX:0x0x7f36f854f8e0)
i!  mode: type=cublasMath_t; val=CUBLAS_DEFAULT_MATH(0)
i! Time: 2019-09-29T03:34:51 elapsed from start 0.100000 minutes or 6.000000 seconds
i!Process=20623; Thread=139876380960512; GPU=0; Handle=POINTER (IN HEX:0x0x7f36f854f8e0); StreamId=POINTER (IN HEX:0x0x7f37587ffff0); MathMode=CUBLAS_DEFAULT_MATH
i! COMPILED WITH: GNU GCC/G++ / 4.1.2 20080704 (Red Hat 4.1.2-48)
I! cuBLAS (v10.1) function cublasStatus_t cublasSetStream_v2(cublasContext*, CUstream_st*) called:
i!  handle: type=cublasHandle_t; val=POINTER (IN HEX:0x0x7f36f854f8e0)
i!  streamId: type=SOME TYPE; val=POINTER (IN HEX:0x0x7f37587ff010)
i! Time: 2019-09-29T03:34:51 elapsed from start 0.100000 minutes or 6.000000 seconds
i!Process=20623; Thread=139876380960512; GPU=0; Handle=POINTER (IN HEX:0x0x7f36f854f8e0); StreamId=POINTER (IN HEX:0x0x7f37587ffff0); MathMode=CUBLAS_DEFAULT_MATH
i! COMPILED WITH: GNU GCC/G++ / 4.1.2 20080704 (Red Hat 4.1.2-48)
I! cuBLAS (v10.1) function cublasStatus_t cublasSgemmStridedBatched(cublasContext*, cublasOperation_t, cublasOperation_t, int, int, int, const float*, const float*, int, long long int, const float*, int, long long int, const float*, float*, int, long long int, int) called:
i!  handle: type=cublasHandle_t; val=POINTER (IN HEX:0x0x7f36f854f8e0)
i!  transa: type=cublasOperation_t; val=CUBLAS_OP_N(0)
i!  transb: type=cublasOperation_t; val=CUBLAS_OP_N(0)
i!  m: type=int; val=512
i!  n: type=int; val=192
i!  k: type=int; val=192
i!  alpha: type=float; val=POINTER (IN HEX:0x0x7f3781ffa29c)
i!  A: type=float; val=POINTER (IN HEX:0x0x7f3646000000)
i!  lda: type=int; val=512
i!  strideA: type=SOME TYPE; val=98304
i!  B: type=float; val=POINTER (IN HEX:0x0x7f3646d80000)
i!  ldb: type=int; val=192
i!  strideB: type=SOME TYPE; val=36864
i!  beta: type=float; val=POINTER (IN HEX:0x0x7f3781ffa298)
i!  C: type=float; val=POINTER (IN HEX:0x0x7f3647290000)
i!  ldc: type=int; val=512
i!  strideC: type=SOME TYPE; val=98304
i!  batchSize: type=int; val=36
i! Time: 2019-09-29T03:34:51 elapsed from start 0.100000 minutes or 6.000000 seconds
i!Process=20623; Thread=139876380960512; GPU=0; Handle=POINTER (IN HEX:0x0x7f36f854f8e0); StreamId=POINTER (IN HEX:0x0x7f37587ff010); MathMode=CUBLAS_DEFAULT_MATH
i! COMPILED WITH: GNU GCC/G++ / 4.1.2 20080704 (Red Hat 4.1.2-48)
I! cuBLAS (v10.1) function cublasStatus_t cublasSetMathMode(cublasContext*, cublasMath_t) called:
i!  handle: type=cublasHandle_t; val=POINTER (IN HEX:0x0x7f36f854f8e0)
i!  mode: type=cublasMath_t; val=CUBLAS_DEFAULT_MATH(0)
i! Time: 2019-09-29T03:34:51 elapsed from start 0.100000 minutes or 6.000000 seconds
i!Process=20623; Thread=139876380960512; GPU=0; Handle=POINTER (IN HEX:0x0x7f36f854f8e0); StreamId=POINTER (IN HEX:0x0x7f37587ff010); MathMode=CUBLAS_DEFAULT_MATH
i! COMPILED WITH: GNU GCC/G++ / 4.1.2 20080704 (Red Hat 4.1.2-48)
I! cuBLAS (v10.1) function cublasStatus_t cublasGetMathMode(cublasContext*, cublasMath_t*) called:
i!  handle: type=cublasHandle_t; val=POINTER (IN HEX:0x0x7f36f854f8e0)
i!  mode: type=cublasMath_t; val=POINTER (IN HEX:0x0x7f3781ffa294)
i! Time: 2019-09-29T03:34:51 elapsed from start 0.100000 minutes or 6.000000 seconds
i!Process=20623; Thread=139876380960512; GPU=0; Handle=POINTER (IN HEX:0x0x7f36f854f8e0); StreamId=POINTER (IN HEX:0x0x7f37587ff010); MathMode=CUBLAS_DEFAULT_MATH
i! COMPILED WITH: GNU GCC/G++ / 4.1.2 20080704 (Red Hat 4.1.2-48)
I! cuBLAS (v10.1) function cublasStatus_t cublasSetMathMode(cublasContext*, cublasMath_t) called:
i!  handle: type=cublasHandle_t; val=POINTER (IN HEX:0x0x7f36f854f8e0)
i!  mode: type=cublasMath_t; val=CUBLAS_DEFAULT_MATH(0)
i! Time: 2019-09-29T03:34:51 elapsed from start 0.100000 minutes or 6.000000 seconds
i!Process=20623; Thread=139876380960512; GPU=0; Handle=POINTER (IN HEX:0x0x7f36f854f8e0); StreamId=POINTER (IN HEX:0x0x7f37587ff010); MathMode=CUBLAS_DEFAULT_MATH
i! COMPILED WITH: GNU GCC/G++ / 4.1.2 20080704 (Red Hat 4.1.2-48)
I! cuBLAS (v10.1) function cublasStatus_t cublasSetStream_v2(cublasContext*, CUstream_st*) called:
i!  handle: type=cublasHandle_t; val=POINTER (IN HEX:0x0x7f36f854f8e0)
i!  streamId: type=SOME TYPE; val=POINTER (IN HEX:0x0x7f37587ffdf0)
i! Time: 2019-09-29T03:34:51 elapsed from start 0.100000 minutes or 6.000000 seconds
i!Process=20623; Thread=139876380960512; GPU=0; Handle=POINTER (IN HEX:0x0x7f36f854f8e0); StreamId=POINTER (IN HEX:0x0x7f37587ff010); MathMode=CUBLAS_DEFAULT_MATH
i! COMPILED WITH: GNU GCC/G++ / 4.1.2 20080704 (Red Hat 4.1.2-48)
I! cuBLAS (v10.1) function cublasStatus_t cublasSgemmStridedBatched(cublasContext*, cublasOperation_t, cublasOperation_t, int, int, int, const float*, const float*, int, long long int, const float*, int, long long int, const float*, float*, int, long long int, int) called:
i!  handle: type=cublasHandle_t; val=POINTER (IN HEX:0x0x7f36f854f8e0)
i!  transa: type=cublasOperation_t; val=CUBLAS_OP_N(0)
i!  transb: type=cublasOperation_t; val=CUBLAS_OP_N(0)
i!  m: type=int; val=512
i!  n: type=int; val=192
i!  k: type=int; val=192
i!  alpha: type=float; val=POINTER (IN HEX:0x0x7f3781ffa29c)
i!  A: type=float; val=POINTER (IN HEX:0x0x7f3648010000)
i!  lda: type=int; val=512
i!  strideA: type=SOME TYPE; val=98304
i!  B: type=float; val=POINTER (IN HEX:0x0x7f3648d90000)
i!  ldb: type=int; val=192
i!  strideB: type=SOME TYPE; val=36864
i!  beta: type=float; val=POINTER (IN HEX:0x0x7f3781ffa298)
i!  C: type=float; val=POINTER (IN HEX:0x0x7f36492a0000)
i!  ldc: type=int; val=512
i!  strideC: type=SOME TYPE; val=98304
i!  batchSize: type=int; val=36
i! Time: 2019-09-29T03:34:51 elapsed from start 0.100000 minutes or 6.000000 seconds
i!Process=20623; Thread=139876380960512; GPU=0; Handle=POINTER (IN HEX:0x0x7f36f854f8e0); StreamId=POINTER (IN HEX:0x0x7f37587ffdf0); MathMode=CUBLAS_DEFAULT_MATH
i! COMPILED WITH: GNU GCC/G++ / 4.1.2 20080704 (Red Hat 4.1.2-48)
I! cuBLAS (v10.1) function cublasStatus_t cublasSetMathMode(cublasContext*, cublasMath_t) called:
i!  handle: type=cublasHandle_t; val=POINTER (IN HEX:0x0x7f36f854f8e0)
i!  mode: type=cublasMath_t; val=CUBLAS_DEFAULT_MATH(0)
i! Time: 2019-09-29T03:34:51 elapsed from start 0.100000 minutes or 6.000000 seconds
i!Process=20623; Thread=139876380960512; GPU=0; Handle=POINTER (IN HEX:0x0x7f36f854f8e0); StreamId=POINTER (IN HEX:0x0x7f37587ffdf0); MathMode=CUBLAS_DEFAULT_MATH
i! COMPILED WITH: GNU GCC/G++ / 4.1.2 20080704 (Red Hat 4.1.2-48)
I! cuBLAS (v10.1) function cublasStatus_t cublasGetMathMode(cublasContext*, cublasMath_t*) called:
i!  handle: type=cublasHandle_t; val=POINTER (IN HEX:0x0x7f36f854f8e0)
i!  mode: type=cublasMath_t; val=POINTER (IN HEX:0x0x7f3781ffa294)
i! Time: 2019-09-29T03:34:51 elapsed from start 0.100000 minutes or 6.000000 seconds
i!Process=20623; Thread=139876380960512; GPU=0; Handle=POINTER (IN HEX:0x0x7f36f854f8e0); StreamId=POINTER (IN HEX:0x0x7f37587ffdf0); MathMode=CUBLAS_DEFAULT_MATH
i! COMPILED WITH: GNU GCC/G++ / 4.1.2 20080704 (Red Hat 4.1.2-48)
I! cuBLAS (v10.1) function cublasStatus_t cublasSetMathMode(cublasContext*, cublasMath_t) called:
i!  handle: type=cublasHandle_t; val=POINTER (IN HEX:0x0x7f36f854f8e0)
i!  mode: type=cublasMath_t; val=CUBLAS_DEFAULT_MATH(0)
i! Time: 2019-09-29T03:34:51 elapsed from start 0.100000 minutes or 6.000000 seconds
i!Process=20623; Thread=139876380960512; GPU=0; Handle=POINTER (IN HEX:0x0x7f36f854f8e0); StreamId=POINTER (IN HEX:0x0x7f37587ffdf0); MathMode=CUBLAS_DEFAULT_MATH
i! COMPILED WITH: GNU GCC/G++ / 4.1.2 20080704 (Red Hat 4.1.2-48)
I! cuBLAS (v10.1) function cublasStatus_t cublasSetStream_v2(cublasContext*, CUstream_st*) called:
i!  handle: type=cublasHandle_t; val=POINTER (IN HEX:0x0x7f36f854f8e0)
i!  streamId: type=SOME TYPE; val=POINTER (IN HEX:0x0x7f37587ff010)
i! Time: 2019-09-29T03:34:51 elapsed from start 0.100000 minutes or 6.000000 seconds
i!Process=20623; Thread=139876380960512; GPU=0; Handle=POINTER (IN HEX:0x0x7f36f854f8e0); StreamId=POINTER (IN HEX:0x0x7f37587ffdf0); MathMode=CUBLAS_DEFAULT_MATH
i! COMPILED WITH: GNU GCC/G++ / 4.1.2 20080704 (Red Hat 4.1.2-48)
I! cuBLAS (v10.1) function cublasStatus_t cublasSgemmStridedBatched(cublasContext*, cublasOperation_t, cublasOperation_t, int, int, int, const float*, const float*, int, long long int, const float*, int, long long int, const float*, float*, int, long long int, int) called:
i!  handle: type=cublasHandle_t; val=POINTER (IN HEX:0x0x7f36f854f8e0)
i!  transa: type=cublasOperation_t; val=CUBLAS_OP_N(0)
i!  transb: type=cublasOperation_t; val=CUBLAS_OP_N(0)
i!  m: type=int; val=512
i!  n: type=int; val=128
i!  k: type=int; val=192
i!  alpha: type=float; val=POINTER (IN HEX:0x0x7f3781ffa29c)
i!  A: type=float; val=POINTER (IN HEX:0x0x7f3646000000)
i!  lda: type=int; val=512
i!  strideA: type=SOME TYPE; val=98304
i!  B: type=float; val=POINTER (IN HEX:0x0x7f3646d80000)
i!  ldb: type=int; val=192
i!  strideB: type=SOME TYPE; val=24576
i!  beta: type=float; val=POINTER (IN HEX:0x0x7f3781ffa298)
i!  C: type=float; val=POINTER (IN HEX:0x0x7f36470e0000)
i!  ldc: type=int; val=512
i!  strideC: type=SOME TYPE; val=65536
i!  batchSize: type=int; val=36
i! Time: 2019-09-29T03:34:51 elapsed from start 0.100000 minutes or 6.000000 seconds
i!Process=20623; Thread=139876380960512; GPU=0; Handle=POINTER (IN HEX:0x0x7f36f854f8e0); StreamId=POINTER (IN HEX:0x0x7f37587ff010); MathMode=CUBLAS_DEFAULT_MATH
i! COMPILED WITH: GNU GCC/G++ / 4.1.2 20080704 (Red Hat 4.1.2-48)
I! cuBLAS (v10.1) function cublasStatus_t cublasSetMathMode(cublasContext*, cublasMath_t) called:
i!  handle: type=cublasHandle_t; val=POINTER (IN HEX:0x0x7f36f854f8e0)
i!  mode: type=cublasMath_t; val=CUBLAS_DEFAULT_MATH(0)
i! Time: 2019-09-29T03:34:51 elapsed from start 0.100000 minutes or 6.000000 seconds
i!Process=20623; Thread=139876380960512; GPU=0; Handle=POINTER (IN HEX:0x0x7f36f854f8e0); StreamId=POINTER (IN HEX:0x0x7f37587ff010); MathMode=CUBLAS_DEFAULT_MATH
i! COMPILED WITH: GNU GCC/G++ / 4.1.2 20080704 (Red Hat 4.1.2-48)
I! cuBLAS (v10.1) function cublasStatus_t cublasGetMathMode(cublasContext*, cublasMath_t*) called:
i!  handle: type=cublasHandle_t; val=POINTER (IN HEX:0x0x7f36f854f8e0)
i!  mode: type=cublasMath_t; val=POINTER (IN HEX:0x0x7f3781ffa294)
i! Time: 2019-09-29T03:34:51 elapsed from start 0.100000 minutes or 6.000000 seconds
i!Process=20623; Thread=139876380960512; GPU=0; Handle=POINTER (IN HEX:0x0x7f36f854f8e0); StreamId=POINTER (IN HEX:0x0x7f37587ff010); MathMode=CUBLAS_DEFAULT_MATH
i! COMPILED WITH: GNU GCC/G++ / 4.1.2 20080704 (Red Hat 4.1.2-48)
I! cuBLAS (v10.1) function cublasStatus_t cublasSetMathMode(cublasContext*, cublasMath_t) called:
i!  handle: type=cublasHandle_t; val=POINTER (IN HEX:0x0x7f36f854f8e0)
i!  mode: type=cublasMath_t; val=CUBLAS_DEFAULT_MATH(0)
i! Time: 2019-09-29T03:34:51 elapsed from start 0.100000 minutes or 6.000000 seconds
i!Process=20623; Thread=139876380960512; GPU=0; Handle=POINTER (IN HEX:0x0x7f36f854f8e0); StreamId=POINTER (IN HEX:0x0x7f37587ff010); MathMode=CUBLAS_DEFAULT_MATH
i! COMPILED WITH: GNU GCC/G++ / 4.1.2 20080704 (Red Hat 4.1.2-48)
I! cuBLAS (v10.1) function cublasStatus_t cublasSetStream_v2(cublasContext*, CUstream_st*) called:
i!  handle: type=cublasHandle_t; val=POINTER (IN HEX:0x0x7f36f854f8e0)
i!  streamId: type=SOME TYPE; val=POINTER (IN HEX:0x0x7f37587ffdf0)
i! Time: 2019-09-29T03:34:51 elapsed from start 0.100000 minutes or 6.000000 seconds
i!Process=20623; Thread=139876380960512; GPU=0; Handle=POINTER (IN HEX:0x0x7f36f854f8e0); StreamId=POINTER (IN HEX:0x0x7f37587ff010); MathMode=CUBLAS_DEFAULT_MATH
i! COMPILED WITH: GNU GCC/G++ / 4.1.2 20080704 (Red Hat 4.1.2-48)
I! cuBLAS (v10.1) function cublasStatus_t cublasSgemmStridedBatched(cublasContext*, cublasOperation_t, cublasOperation_t, int, int, int, const float*, const float*, int, long long int, const float*, int, long long int, const float*, float*, int, long long int, int) called:
i!  handle: type=cublasHandle_t; val=POINTER (IN HEX:0x0x7f36f854f8e0)
i!  transa: type=cublasOperation_t; val=CUBLAS_OP_N(0)
i!  transb: type=cublasOperation_t; val=CUBLAS_OP_N(0)
i!  m: type=int; val=512
i!  n: type=int; val=128
i!  k: type=int; val=192
i!  alpha: type=float; val=POINTER (IN HEX:0x0x7f3781ffa29c)
i!  A: type=float; val=POINTER (IN HEX:0x0x7f36479e0000)
i!  lda: type=int; val=512
i!  strideA: type=SOME TYPE; val=98304
i!  B: type=float; val=POINTER (IN HEX:0x0x7f3648760000)
i!  ldb: type=int; val=192
i!  strideB: type=SOME TYPE; val=24576
i!  beta: type=float; val=POINTER (IN HEX:0x0x7f3781ffa298)
i!  C: type=float; val=POINTER (IN HEX:0x0x7f3648ac0000)
i!  ldc: type=int; val=512
i!  strideC: type=SOME TYPE; val=65536
i!  batchSize: type=int; val=36
i! Time: 2019-09-29T03:34:51 elapsed from start 0.100000 minutes or 6.000000 seconds
i!Process=20623; Thread=139876380960512; GPU=0; Handle=POINTER (IN HEX:0x0x7f36f854f8e0); StreamId=POINTER (IN HEX:0x0x7f37587ffdf0); MathMode=CUBLAS_DEFAULT_MATH
i! COMPILED WITH: GNU GCC/G++ / 4.1.2 20080704 (Red Hat 4.1.2-48)
I! cuBLAS (v10.1) function cublasStatus_t cublasSetMathMode(cublasContext*, cublasMath_t) called:
i!  handle: type=cublasHandle_t; val=POINTER (IN HEX:0x0x7f36f854f8e0)
i!  mode: type=cublasMath_t; val=CUBLAS_DEFAULT_MATH(0)
i! Time: 2019-09-29T03:34:51 elapsed from start 0.100000 minutes or 6.000000 seconds
i!Process=20623; Thread=139876380960512; GPU=0; Handle=POINTER (IN HEX:0x0x7f36f854f8e0); StreamId=POINTER (IN HEX:0x0x7f37587ffdf0); MathMode=CUBLAS_DEFAULT_MATH
i! COMPILED WITH: GNU GCC/G++ / 4.1.2 20080704 (Red Hat 4.1.2-48)
I! cuBLAS (v10.1) function cublasStatus_t cublasSgemmEx(cublasContext*, cublasOperation_t, cublasOperation_t, int, int, int, const float*, const void*, cublasDataType_t, int, const void*, cublasDataType_t, int, const float*, void*, cublasDataType_t, int) called:
i!  handle: type=cublasHandle_t; val=POINTER (IN HEX:0x0x7f36f8473820)
i!  transa: type=cublasOperation_t; val=CUBLAS_OP_T(1)
i!  transb: type=cublasOperation_t; val=CUBLAS_OP_N(0)
i!  m: type=int; val=4096
i!  n: type=int; val=32
i!  k: type=int; val=9216
i!  alpha: type=float; val=POINTER (IN HEX:0x0x7f3781ffd26c)
i!  A: type=void; val=POINTER (IN HEX:0x0x7f36b1600000)
i!  Atype: type=cudaDataType_t; val=CUDA_R_32F(0)
i!  lda: type=int; val=9216
i!  B: type=void; val=POINTER (IN HEX:0x0x7f374a000000)
i!  Btype: type=cudaDataType_t; val=CUDA_R_32F(0)
i!  ldb: type=int; val=9216
i!  beta: type=float; val=POINTER (IN HEX:0x0x7f3781ffd268)
i!  C: type=void; val=POINTER (IN HEX:0x0x7f36b0b2c000)
i!  Ctype: type=cudaDataType_t; val=CUDA_R_32F(0)
i!  ldc: type=int; val=4096
i! Time: 2019-09-29T03:34:51 elapsed from start 0.100000 minutes or 6.000000 seconds
i!Process=20623; Thread=139876380960512; GPU=0; Handle=POINTER (IN HEX:0x0x7f36f8473820); StreamId=POINTER (IN HEX:0x0x7f37587ffff0); MathMode=CUBLAS_DEFAULT_MATH
i! COMPILED WITH: GNU GCC/G++ / 4.1.2 20080704 (Red Hat 4.1.2-48)
I! cuBLAS (v10.1) function cublasStatus_t cublasGetMathMode(cublasContext*, cublasMath_t*) called:
i!  handle: type=cublasHandle_t; val=POINTER (IN HEX:0x0x7f36f8473820)
i!  mode: type=cublasMath_t; val=POINTER (IN HEX:0x0x7f3781ffcecc)
i! Time: 2019-09-29T03:34:51 elapsed from start 0.100000 minutes or 6.000000 seconds
i!Process=20623; Thread=139876380960512; GPU=0; Handle=POINTER (IN HEX:0x0x7f36f8473820); StreamId=POINTER (IN HEX:0x0x7f37587ffff0); MathMode=CUBLAS_DEFAULT_MATH
i! COMPILED WITH: GNU GCC/G++ / 4.1.2 20080704 (Red Hat 4.1.2-48)
I! cuBLAS (v10.1) function cublasStatus_t cublasSgemmEx(cublasContext*, cublasOperation_t, cublasOperation_t, int, int, int, const float*, const void*, cublasDataType_t, int, const void*, cublasDataType_t, int, const float*, void*, cublasDataType_t, int) called:
i!  handle: type=cublasHandle_t; val=POINTER (IN HEX:0x0x7f36f8473820)
i!  transa: type=cublasOperation_t; val=CUBLAS_OP_T(1)
i!  transb: type=cublasOperation_t; val=CUBLAS_OP_N(0)
i!  m: type=int; val=4096
i!  n: type=int; val=32
i!  k: type=int; val=4096
i!  alpha: type=float; val=POINTER (IN HEX:0x0x7f3781ffd26c)
i!  A: type=void; val=POINTER (IN HEX:0x0x7f364c000000)
i!  Atype: type=cudaDataType_t; val=CUDA_R_32F(0)
i!  lda: type=int; val=4096
i!  B: type=void; val=POINTER (IN HEX:0x0x7f36b0b2c000)
i!  Btype: type=cudaDataType_t; val=CUDA_R_32F(0)
i!  ldb: type=int; val=4096
i!  beta: type=float; val=POINTER (IN HEX:0x0x7f3781ffd268)
i!  C: type=void; val=POINTER (IN HEX:0x0x7f364aa00000)
i!  Ctype: type=cudaDataType_t; val=CUDA_R_32F(0)
i!  ldc: type=int; val=4096
i! Time: 2019-09-29T03:34:51 elapsed from start 0.100000 minutes or 6.000000 seconds
i!Process=20623; Thread=139876380960512; GPU=0; Handle=POINTER (IN HEX:0x0x7f36f8473820); StreamId=POINTER (IN HEX:0x0x7f37587ffff0); MathMode=CUBLAS_DEFAULT_MATH
i! COMPILED WITH: GNU GCC/G++ / 4.1.2 20080704 (Red Hat 4.1.2-48)
I! cuBLAS (v10.1) function cublasStatus_t cublasGetMathMode(cublasContext*, cublasMath_t*) called:
i!  handle: type=cublasHandle_t; val=POINTER (IN HEX:0x0x7f36f8473820)
i!  mode: type=cublasMath_t; val=POINTER (IN HEX:0x0x7f3781ffcecc)
i! Time: 2019-09-29T03:34:51 elapsed from start 0.100000 minutes or 6.000000 seconds
i!Process=20623; Thread=139876380960512; GPU=0; Handle=POINTER (IN HEX:0x0x7f36f8473820); StreamId=POINTER (IN HEX:0x0x7f37587ffff0); MathMode=CUBLAS_DEFAULT_MATH
i! COMPILED WITH: GNU GCC/G++ / 4.1.2 20080704 (Red Hat 4.1.2-48)
I! cuBLAS (v10.1) function cublasStatus_t cublasSgemmEx(cublasContext*, cublasOperation_t, cublasOperation_t, int, int, int, const float*, const void*, cublasDataType_t, int, const void*, cublasDataType_t, int, const float*, void*, cublasDataType_t, int) called:
i!  handle: type=cublasHandle_t; val=POINTER (IN HEX:0x0x7f36f8473820)
i!  transa: type=cublasOperation_t; val=CUBLAS_OP_T(1)
i!  transb: type=cublasOperation_t; val=CUBLAS_OP_N(0)
i!  m: type=int; val=200
i!  n: type=int; val=32
i!  k: type=int; val=4096
i!  alpha: type=float; val=POINTER (IN HEX:0x0x7f3781ffd26c)
i!  A: type=void; val=POINTER (IN HEX:0x0x7f36ba600000)
i!  Atype: type=cudaDataType_t; val=CUDA_R_32F(0)
i!  lda: type=int; val=4096
i!  B: type=void; val=POINTER (IN HEX:0x0x7f364aa00000)
i!  Btype: type=cudaDataType_t; val=CUDA_R_32F(0)
i!  ldb: type=int; val=4096
i!  beta: type=float; val=POINTER (IN HEX:0x0x7f3781ffd268)
i!  C: type=void; val=POINTER (IN HEX:0x0x7f36f7dd3a00)
i!  Ctype: type=cudaDataType_t; val=CUDA_R_32F(0)
i!  ldc: type=int; val=200
i! Time: 2019-09-29T03:34:51 elapsed from start 0.100000 minutes or 6.000000 seconds
i!Process=20623; Thread=139876380960512; GPU=0; Handle=POINTER (IN HEX:0x0x7f36f8473820); StreamId=POINTER (IN HEX:0x0x7f37587ffff0); MathMode=CUBLAS_DEFAULT_MATH
i! COMPILED WITH: GNU GCC/G++ / 4.1.2 20080704 (Red Hat 4.1.2-48)
I! cuBLAS (v10.1) function cublasStatus_t cublasGetMathMode(cublasContext*, cublasMath_t*) called:
i!  handle: type=cublasHandle_t; val=POINTER (IN HEX:0x0x7f36f8473820)
i!  mode: type=cublasMath_t; val=POINTER (IN HEX:0x0x7f3781ffcecc)
i! Time: 2019-09-29T03:34:51 elapsed from start 0.100000 minutes or 6.000000 seconds
i!Process=20623; Thread=139876380960512; GPU=0; Handle=POINTER (IN HEX:0x0x7f36f8473820); StreamId=POINTER (IN HEX:0x0x7f37587ffff0); MathMode=CUBLAS_DEFAULT_MATH
i! COMPILED WITH: GNU GCC/G++ / 4.1.2 20080704 (Red Hat 4.1.2-48)
I! cuBLAS (v10.1) function cublasStatus_t cublasGetMathMode(cublasContext*, cublasMath_t*) called:
i!  handle: type=cublasHandle_t; val=POINTER (IN HEX:0x0x7f3650beeb40)
i!  mode: type=cublasMath_t; val=POINTER (IN HEX:0x0x7f37817f9294)
i! Time: 2019-09-29T03:34:51 elapsed from start 0.100000 minutes or 6.000000 seconds
i!Process=20623; Thread=139876372567808; GPU=0; Handle=POINTER (IN HEX:0x0x7f3650beeb40); StreamId=POINTER (IN HEX:0x(nil)) (defaultStream); MathMode=CUBLAS_DEFAULT_MATH
i! COMPILED WITH: GNU GCC/G++ / 4.1.2 20080704 (Red Hat 4.1.2-48)
I! cuBLAS (v10.1) function cublasStatus_t cublasSetMathMode(cublasContext*, cublasMath_t) called:
i!  handle: type=cublasHandle_t; val=POINTER (IN HEX:0x0x7f3650beeb40)
i!  mode: type=cublasMath_t; val=CUBLAS_DEFAULT_MATH(0)
i! Time: 2019-09-29T03:34:51 elapsed from start 0.100000 minutes or 6.000000 seconds
i!Process=20623; Thread=139876372567808; GPU=0; Handle=POINTER (IN HEX:0x0x7f3650beeb40); StreamId=POINTER (IN HEX:0x(nil)) (defaultStream); MathMode=CUBLAS_DEFAULT_MATH
i! COMPILED WITH: GNU GCC/G++ / 4.1.2 20080704 (Red Hat 4.1.2-48)
I! cuBLAS (v10.1) function cublasStatus_t cublasSetStream_v2(cublasContext*, CUstream_st*) called:
i!  handle: type=cublasHandle_t; val=POINTER (IN HEX:0x0x7f3650beeb40)
i!  streamId: type=SOME TYPE; val=POINTER (IN HEX:0x0x7f36cf44bdf0)
i! Time: 2019-09-29T03:34:51 elapsed from start 0.100000 minutes or 6.000000 seconds
i!Process=20623; Thread=139876372567808; GPU=0; Handle=POINTER (IN HEX:0x0x7f3650beeb40); StreamId=POINTER (IN HEX:0x(nil)) (defaultStream); MathMode=CUBLAS_DEFAULT_MATH
i! COMPILED WITH: GNU GCC/G++ / 4.1.2 20080704 (Red Hat 4.1.2-48)
I! cuBLAS (v10.1) function cublasStatus_t cublasSgemmStridedBatched(cublasContext*, cublasOperation_t, cublasOperation_t, int, int, int, const float*, const float*, int, long long int, const float*, int, long long int, const float*, float*, int, long long int, int) called:
i!  handle: type=cublasHandle_t; val=POINTER (IN HEX:0x0x7f3650beeb40)
i!  transa: type=cublasOperation_t; val=CUBLAS_OP_N(0)
i!  transb: type=cublasOperation_t; val=CUBLAS_OP_N(0)
i!  m: type=int; val=288
i!  n: type=int; val=128
i!  k: type=int; val=48
i!  alpha: type=float; val=POINTER (IN HEX:0x0x7f37817f929c)
i!  A: type=float; val=POINTER (IN HEX:0x0x7f3646000000)
i!  lda: type=int; val=288
i!  strideA: type=SOME TYPE; val=13824
i!  B: type=float; val=POINTER (IN HEX:0x0x7f36468e9800)
i!  ldb: type=int; val=48
i!  strideB: type=SOME TYPE; val=6144
i!  beta: type=float; val=POINTER (IN HEX:0x0x7f37817f9298)
i!  C: type=float; val=POINTER (IN HEX:0x0x7f3646cdf800)
i!  ldc: type=int; val=288
i!  strideC: type=SOME TYPE; val=36864
i!  batchSize: type=int; val=169
i! Time: 2019-09-29T03:34:51 elapsed from start 0.100000 minutes or 6.000000 seconds
i!Process=20623; Thread=139876372567808; GPU=0; Handle=POINTER (IN HEX:0x0x7f3650beeb40); StreamId=POINTER (IN HEX:0x0x7f36cf44bdf0); MathMode=CUBLAS_DEFAULT_MATH
i! COMPILED WITH: GNU GCC/G++ / 4.1.2 20080704 (Red Hat 4.1.2-48)
I! cuBLAS (v10.1) function cublasStatus_t cublasSetMathMode(cublasContext*, cublasMath_t) called:
i!  handle: type=cublasHandle_t; val=POINTER (IN HEX:0x0x7f3650beeb40)
i!  mode: type=cublasMath_t; val=CUBLAS_DEFAULT_MATH(0)
i! Time: 2019-09-29T03:34:51 elapsed from start 0.100000 minutes or 6.000000 seconds
i!Process=20623; Thread=139876372567808; GPU=0; Handle=POINTER (IN HEX:0x0x7f3650beeb40); StreamId=POINTER (IN HEX:0x0x7f36cf44bdf0); MathMode=CUBLAS_DEFAULT_MATH
i! COMPILED WITH: GNU GCC/G++ / 4.1.2 20080704 (Red Hat 4.1.2-48)
I! cuBLAS (v10.1) function cublasStatus_t cublasGetMathMode(cublasContext*, cublasMath_t*) called:
i!  handle: type=cublasHandle_t; val=POINTER (IN HEX:0x0x7f3650beeb40)
i!  mode: type=cublasMath_t; val=POINTER (IN HEX:0x0x7f37817f9294)
i! Time: 2019-09-29T03:34:51 elapsed from start 0.100000 minutes or 6.000000 seconds
i!Process=20623; Thread=139876372567808; GPU=0; Handle=POINTER (IN HEX:0x0x7f3650beeb40); StreamId=POINTER (IN HEX:0x0x7f36cf44bdf0); MathMode=CUBLAS_DEFAULT_MATH
i! COMPILED WITH: GNU GCC/G++ / 4.1.2 20080704 (Red Hat 4.1.2-48)
I! cuBLAS (v10.1) function cublasStatus_t cublasSetMathMode(cublasContext*, cublasMath_t) called:
i!  handle: type=cublasHandle_t; val=POINTER (IN HEX:0x0x7f3650beeb40)
i!  mode: type=cublasMath_t; val=CUBLAS_DEFAULT_MATH(0)
i! Time: 2019-09-29T03:34:51 elapsed from start 0.100000 minutes or 6.000000 seconds
i!Process=20623; Thread=139876372567808; GPU=0; Handle=POINTER (IN HEX:0x0x7f3650beeb40); StreamId=POINTER (IN HEX:0x0x7f36cf44bdf0); MathMode=CUBLAS_DEFAULT_MATH
i! COMPILED WITH: GNU GCC/G++ / 4.1.2 20080704 (Red Hat 4.1.2-48)
I! cuBLAS (v10.1) function cublasStatus_t cublasSetStream_v2(cublasContext*, CUstream_st*) called:
i!  handle: type=cublasHandle_t; val=POINTER (IN HEX:0x0x7f3650beeb40)
i!  streamId: type=SOME TYPE; val=POINTER (IN HEX:0x0x7f36cf44bdd0)
i! Time: 2019-09-29T03:34:51 elapsed from start 0.100000 minutes or 6.000000 seconds
i!Process=20623; Thread=139876372567808; GPU=0; Handle=POINTER (IN HEX:0x0x7f3650beeb40); StreamId=POINTER (IN HEX:0x0x7f36cf44bdf0); MathMode=CUBLAS_DEFAULT_MATH
i! COMPILED WITH: GNU GCC/G++ / 4.1.2 20080704 (Red Hat 4.1.2-48)
I! cuBLAS (v10.1) function cublasStatus_t cublasSgemmStridedBatched(cublasContext*, cublasOperation_t, cublasOperation_t, int, int, int, const float*, const float*, int, long long int, const float*, int, long long int, const float*, float*, int, long long int, int) called:
i!  handle: type=cublasHandle_t; val=POINTER (IN HEX:0x0x7f3650beeb40)
i!  transa: type=cublasOperation_t; val=CUBLAS_OP_N(0)
i!  transb: type=cublasOperation_t; val=CUBLAS_OP_N(0)
i!  m: type=int; val=288
i!  n: type=int; val=128
i!  k: type=int; val=48
i!  alpha: type=float; val=POINTER (IN HEX:0x0x7f37817f929c)
i!  A: type=float; val=POINTER (IN HEX:0x0x7f36484a3800)
i!  lda: type=int; val=288
i!  strideA: type=SOME TYPE; val=13824
i!  B: type=float; val=POINTER (IN HEX:0x0x7f3648d8d000)
i!  ldb: type=int; val=48
i!  strideB: type=SOME TYPE; val=6144
i!  beta: type=float; val=POINTER (IN HEX:0x0x7f37817f9298)
i!  C: type=float; val=POINTER (IN HEX:0x0x7f3649183000)
i!  ldc: type=int; val=288
i!  strideC: type=SOME TYPE; val=36864
i!  batchSize: type=int; val=169
i! Time: 2019-09-29T03:34:51 elapsed from start 0.100000 minutes or 6.000000 seconds
i!Process=20623; Thread=139876372567808; GPU=0; Handle=POINTER (IN HEX:0x0x7f3650beeb40); StreamId=POINTER (IN HEX:0x0x7f36cf44bdd0); MathMode=CUBLAS_DEFAULT_MATH
i! COMPILED WITH: GNU GCC/G++ / 4.1.2 20080704 (Red Hat 4.1.2-48)
I! cuBLAS (v10.1) function cublasStatus_t cublasSetMathMode(cublasContext*, cublasMath_t) called:
i!  handle: type=cublasHandle_t; val=POINTER (IN HEX:0x0x7f3650beeb40)
i!  mode: type=cublasMath_t; val=CUBLAS_DEFAULT_MATH(0)
i! Time: 2019-09-29T03:34:51 elapsed from start 0.100000 minutes or 6.000000 seconds
i!Process=20623; Thread=139876372567808; GPU=0; Handle=POINTER (IN HEX:0x0x7f3650beeb40); StreamId=POINTER (IN HEX:0x0x7f36cf44bdd0); MathMode=CUBLAS_DEFAULT_MATH
i! COMPILED WITH: GNU GCC/G++ / 4.1.2 20080704 (Red Hat 4.1.2-48)
I! cuBLAS (v10.1) function cublasStatus_t cublasGetMathMode(cublasContext*, cublasMath_t*) called:
i!  handle: type=cublasHandle_t; val=POINTER (IN HEX:0x0x7f3650beeb40)
i!  mode: type=cublasMath_t; val=POINTER (IN HEX:0x0x7f37817f9294)
i! Time: 2019-09-29T03:34:51 elapsed from start 0.100000 minutes or 6.000000 seconds
i!Process=20623; Thread=139876372567808; GPU=0; Handle=POINTER (IN HEX:0x0x7f3650beeb40); StreamId=POINTER (IN HEX:0x0x7f36cf44bdd0); MathMode=CUBLAS_DEFAULT_MATH
i! COMPILED WITH: GNU GCC/G++ / 4.1.2 20080704 (Red Hat 4.1.2-48)
I! cuBLAS (v10.1) function cublasStatus_t cublasSetMathMode(cublasContext*, cublasMath_t) called:
i!  handle: type=cublasHandle_t; val=POINTER (IN HEX:0x0x7f3650beeb40)
i!  mode: type=cublasMath_t; val=CUBLAS_DEFAULT_MATH(0)
i! Time: 2019-09-29T03:34:51 elapsed from start 0.100000 minutes or 6.000000 seconds
i!Process=20623; Thread=139876372567808; GPU=0; Handle=POINTER (IN HEX:0x0x7f3650beeb40); StreamId=POINTER (IN HEX:0x0x7f36cf44bdd0); MathMode=CUBLAS_DEFAULT_MATH
i! COMPILED WITH: GNU GCC/G++ / 4.1.2 20080704 (Red Hat 4.1.2-48)
I! cuBLAS (v10.1) function cublasStatus_t cublasSetStream_v2(cublasContext*, CUstream_st*) called:
i!  handle: type=cublasHandle_t; val=POINTER (IN HEX:0x0x7f3650beeb40)
i!  streamId: type=SOME TYPE; val=POINTER (IN HEX:0x0x7f37500024d0)
i! Time: 2019-09-29T03:34:51 elapsed from start 0.100000 minutes or 6.000000 seconds
i!Process=20623; Thread=139876372567808; GPU=0; Handle=POINTER (IN HEX:0x0x7f3650beeb40); StreamId=POINTER (IN HEX:0x0x7f36cf44bdd0); MathMode=CUBLAS_DEFAULT_MATH
i! COMPILED WITH: GNU GCC/G++ / 4.1.2 20080704 (Red Hat 4.1.2-48)
I! cuBLAS (v10.1) function cublasStatus_t cublasSgemmStridedBatched(cublasContext*, cublasOperation_t, cublasOperation_t, int, int, int, const float*, const float*, int, long long int, const float*, int, long long int, const float*, float*, int, long long int, int) called:
i!  handle: type=cublasHandle_t; val=POINTER (IN HEX:0x0x7f3650beeb40)
i!  transa: type=cublasOperation_t; val=CUBLAS_OP_N(0)
i!  transb: type=cublasOperation_t; val=CUBLAS_OP_N(0)
i!  m: type=int; val=512
i!  n: type=int; val=384
i!  k: type=int; val=256
i!  alpha: type=float; val=POINTER (IN HEX:0x0x7f37817f929c)
i!  A: type=float; val=POINTER (IN HEX:0x0x7f3646000000)
i!  lda: type=int; val=512
i!  strideA: type=SOME TYPE; val=131072
i!  B: type=float; val=POINTER (IN HEX:0x0x7f3647200000)
i!  ldb: type=int; val=256
i!  strideB: type=SOME TYPE; val=98304
i!  beta: type=float; val=POINTER (IN HEX:0x0x7f37817f9298)
i!  C: type=float; val=POINTER (IN HEX:0x0x7f3647f80000)
i!  ldc: type=int; val=512
i!  strideC: type=SOME TYPE; val=196608
i!  batchSize: type=int; val=36
i! Time: 2019-09-29T03:34:51 elapsed from start 0.100000 minutes or 6.000000 seconds
i!Process=20623; Thread=139876372567808; GPU=0; Handle=POINTER (IN HEX:0x0x7f3650beeb40); StreamId=POINTER (IN HEX:0x0x7f37500024d0); MathMode=CUBLAS_DEFAULT_MATH
i! COMPILED WITH: GNU GCC/G++ / 4.1.2 20080704 (Red Hat 4.1.2-48)
I! cuBLAS (v10.1) function cublasStatus_t cublasSetMathMode(cublasContext*, cublasMath_t) called:
i!  handle: type=cublasHandle_t; val=POINTER (IN HEX:0x0x7f3650beeb40)
i!  mode: type=cublasMath_t; val=CUBLAS_DEFAULT_MATH(0)
i! Time: 2019-09-29T03:34:51 elapsed from start 0.100000 minutes or 6.000000 seconds
i!Process=20623; Thread=139876372567808; GPU=0; Handle=POINTER (IN HEX:0x0x7f3650beeb40); StreamId=POINTER (IN HEX:0x0x7f37500024d0); MathMode=CUBLAS_DEFAULT_MATH
i! COMPILED WITH: GNU GCC/G++ / 4.1.2 20080704 (Red Hat 4.1.2-48)
I! cuBLAS (v10.1) function cublasStatus_t cublasGetMathMode(cublasContext*, cublasMath_t*) called:
i!  handle: type=cublasHandle_t; val=POINTER (IN HEX:0x0x7f3650beeb40)
i!  mode: type=cublasMath_t; val=POINTER (IN HEX:0x0x7f37817f9294)
i! Time: 2019-09-29T03:34:51 elapsed from start 0.100000 minutes or 6.000000 seconds
i!Process=20623; Thread=139876372567808; GPU=0; Handle=POINTER (IN HEX:0x0x7f3650beeb40); StreamId=POINTER (IN HEX:0x0x7f37500024d0); MathMode=CUBLAS_DEFAULT_MATH
i! COMPILED WITH: GNU GCC/G++ / 4.1.2 20080704 (Red Hat 4.1.2-48)
I! cuBLAS (v10.1) function cublasStatus_t cublasSetMathMode(cublasContext*, cublasMath_t) called:
i!  handle: type=cublasHandle_t; val=POINTER (IN HEX:0x0x7f3650beeb40)
i!  mode: type=cublasMath_t; val=CUBLAS_DEFAULT_MATH(0)
i! Time: 2019-09-29T03:34:51 elapsed from start 0.100000 minutes or 6.000000 seconds
i!Process=20623; Thread=139876372567808; GPU=0; Handle=POINTER (IN HEX:0x0x7f3650beeb40); StreamId=POINTER (IN HEX:0x0x7f37500024d0); MathMode=CUBLAS_DEFAULT_MATH
i! COMPILED WITH: GNU GCC/G++ / 4.1.2 20080704 (Red Hat 4.1.2-48)
I! cuBLAS (v10.1) function cublasStatus_t cublasSetStream_v2(cublasContext*, CUstream_st*) called:
i!  handle: type=cublasHandle_t; val=POINTER (IN HEX:0x0x7f3650beeb40)
i!  streamId: type=SOME TYPE; val=POINTER (IN HEX:0x0x7f36cf44bdf0)
i! Time: 2019-09-29T03:34:51 elapsed from start 0.100000 minutes or 6.000000 seconds
i!Process=20623; Thread=139876372567808; GPU=0; Handle=POINTER (IN HEX:0x0x7f3650beeb40); StreamId=POINTER (IN HEX:0x0x7f37500024d0); MathMode=CUBLAS_DEFAULT_MATH
i! COMPILED WITH: GNU GCC/G++ / 4.1.2 20080704 (Red Hat 4.1.2-48)
I! cuBLAS (v10.1) function cublasStatus_t cublasSgemmStridedBatched(cublasContext*, cublasOperation_t, cublasOperation_t, int, int, int, const float*, const float*, int, long long int, const float*, int, long long int, const float*, float*, int, long long int, int) called:
i!  handle: type=cublasHandle_t; val=POINTER (IN HEX:0x0x7f3650beeb40)
i!  transa: type=cublasOperation_t; val=CUBLAS_OP_N(0)
i!  transb: type=cublasOperation_t; val=CUBLAS_OP_N(0)
i!  m: type=int; val=512
i!  n: type=int; val=192
i!  k: type=int; val=192
i!  alpha: type=float; val=POINTER (IN HEX:0x0x7f37817f929c)
i!  A: type=float; val=POINTER (IN HEX:0x0x7f3646000000)
i!  lda: type=int; val=512
i!  strideA: type=SOME TYPE; val=98304
i!  B: type=float; val=POINTER (IN HEX:0x0x7f3646d80000)
i!  ldb: type=int; val=192
i!  strideB: type=SOME TYPE; val=36864
i!  beta: type=float; val=POINTER (IN HEX:0x0x7f37817f9298)
i!  C: type=float; val=POINTER (IN HEX:0x0x7f3647290000)
i!  ldc: type=int; val=512
i!  strideC: type=SOME TYPE; val=98304
i!  batchSize: type=int; val=36
i! Time: 2019-09-29T03:34:51 elapsed from start 0.100000 minutes or 6.000000 seconds
i!Process=20623; Thread=139876372567808; GPU=0; Handle=POINTER (IN HEX:0x0x7f3650beeb40); StreamId=POINTER (IN HEX:0x0x7f36cf44bdf0); MathMode=CUBLAS_DEFAULT_MATH
i! COMPILED WITH: GNU GCC/G++ / 4.1.2 20080704 (Red Hat 4.1.2-48)
I! cuBLAS (v10.1) function cublasStatus_t cublasSetMathMode(cublasContext*, cublasMath_t) called:
i!  handle: type=cublasHandle_t; val=POINTER (IN HEX:0x0x7f3650beeb40)
i!  mode: type=cublasMath_t; val=CUBLAS_DEFAULT_MATH(0)
i! Time: 2019-09-29T03:34:51 elapsed from start 0.100000 minutes or 6.000000 seconds
i!Process=20623; Thread=139876372567808; GPU=0; Handle=POINTER (IN HEX:0x0x7f3650beeb40); StreamId=POINTER (IN HEX:0x0x7f36cf44bdf0); MathMode=CUBLAS_DEFAULT_MATH
i! COMPILED WITH: GNU GCC/G++ / 4.1.2 20080704 (Red Hat 4.1.2-48)
I! cuBLAS (v10.1) function cublasStatus_t cublasGetMathMode(cublasContext*, cublasMath_t*) called:
i!  handle: type=cublasHandle_t; val=POINTER (IN HEX:0x0x7f3650beeb40)
i!  mode: type=cublasMath_t; val=POINTER (IN HEX:0x0x7f37817f9294)
i! Time: 2019-09-29T03:34:51 elapsed from start 0.100000 minutes or 6.000000 seconds
i!Process=20623; Thread=139876372567808; GPU=0; Handle=POINTER (IN HEX:0x0x7f3650beeb40); StreamId=POINTER (IN HEX:0x0x7f36cf44bdf0); MathMode=CUBLAS_DEFAULT_MATH
i! COMPILED WITH: GNU GCC/G++ / 4.1.2 20080704 (Red Hat 4.1.2-48)
I! cuBLAS (v10.1) function cublasStatus_t cublasSetMathMode(cublasContext*, cublasMath_t) called:
i!  handle: type=cublasHandle_t; val=POINTER (IN HEX:0x0x7f3650beeb40)
i!  mode: type=cublasMath_t; val=CUBLAS_DEFAULT_MATH(0)
i! Time: 2019-09-29T03:34:51 elapsed from start 0.100000 minutes or 6.000000 seconds
i!Process=20623; Thread=139876372567808; GPU=0; Handle=POINTER (IN HEX:0x0x7f3650beeb40); StreamId=POINTER (IN HEX:0x0x7f36cf44bdf0); MathMode=CUBLAS_DEFAULT_MATH
i! COMPILED WITH: GNU GCC/G++ / 4.1.2 20080704 (Red Hat 4.1.2-48)
I! cuBLAS (v10.1) function cublasStatus_t cublasSetStream_v2(cublasContext*, CUstream_st*) called:
i!  handle: type=cublasHandle_t; val=POINTER (IN HEX:0x0x7f3650beeb40)
i!  streamId: type=SOME TYPE; val=POINTER (IN HEX:0x0x7f36cf44bdd0)
i! Time: 2019-09-29T03:34:51 elapsed from start 0.100000 minutes or 6.000000 seconds
i!Process=20623; Thread=139876372567808; GPU=0; Handle=POINTER (IN HEX:0x0x7f3650beeb40); StreamId=POINTER (IN HEX:0x0x7f36cf44bdf0); MathMode=CUBLAS_DEFAULT_MATH
i! COMPILED WITH: GNU GCC/G++ / 4.1.2 20080704 (Red Hat 4.1.2-48)
I! cuBLAS (v10.1) function cublasStatus_t cublasSgemmStridedBatched(cublasContext*, cublasOperation_t, cublasOperation_t, int, int, int, const float*, const float*, int, long long int, const float*, int, long long int, const float*, float*, int, long long int, int) called:
i!  handle: type=cublasHandle_t; val=POINTER (IN HEX:0x0x7f3650beeb40)
i!  transa: type=cublasOperation_t; val=CUBLAS_OP_N(0)
i!  transb: type=cublasOperation_t; val=CUBLAS_OP_N(0)
i!  m: type=int; val=512
i!  n: type=int; val=192
i!  k: type=int; val=192
i!  alpha: type=float; val=POINTER (IN HEX:0x0x7f37817f929c)
i!  A: type=float; val=POINTER (IN HEX:0x0x7f3648010000)
i!  lda: type=int; val=512
i!  strideA: type=SOME TYPE; val=98304
i!  B: type=float; val=POINTER (IN HEX:0x0x7f3648d90000)
i!  ldb: type=int; val=192
i!  strideB: type=SOME TYPE; val=36864
i!  beta: type=float; val=POINTER (IN HEX:0x0x7f37817f9298)
i!  C: type=float; val=POINTER (IN HEX:0x0x7f36492a0000)
i!  ldc: type=int; val=512
i!  strideC: type=SOME TYPE; val=98304
i!  batchSize: type=int; val=36
i! Time: 2019-09-29T03:34:51 elapsed from start 0.100000 minutes or 6.000000 seconds
i!Process=20623; Thread=139876372567808; GPU=0; Handle=POINTER (IN HEX:0x0x7f3650beeb40); StreamId=POINTER (IN HEX:0x0x7f36cf44bdd0); MathMode=CUBLAS_DEFAULT_MATH
i! COMPILED WITH: GNU GCC/G++ / 4.1.2 20080704 (Red Hat 4.1.2-48)
I! cuBLAS (v10.1) function cublasStatus_t cublasSetMathMode(cublasContext*, cublasMath_t) called:
i!  handle: type=cublasHandle_t; val=POINTER (IN HEX:0x0x7f3650beeb40)
i!  mode: type=cublasMath_t; val=CUBLAS_DEFAULT_MATH(0)
i! Time: 2019-09-29T03:34:51 elapsed from start 0.100000 minutes or 6.000000 seconds
i!Process=20623; Thread=139876372567808; GPU=0; Handle=POINTER (IN HEX:0x0x7f3650beeb40); StreamId=POINTER (IN HEX:0x0x7f36cf44bdd0); MathMode=CUBLAS_DEFAULT_MATH
i! COMPILED WITH: GNU GCC/G++ / 4.1.2 20080704 (Red Hat 4.1.2-48)
I! cuBLAS (v10.1) function cublasStatus_t cublasGetMathMode(cublasContext*, cublasMath_t*) called:
i!  handle: type=cublasHandle_t; val=POINTER (IN HEX:0x0x7f3650beeb40)
i!  mode: type=cublasMath_t; val=POINTER (IN HEX:0x0x7f37817f9294)
i! Time: 2019-09-29T03:34:51 elapsed from start 0.100000 minutes or 6.000000 seconds
i!Process=20623; Thread=139876372567808; GPU=0; Handle=POINTER (IN HEX:0x0x7f3650beeb40); StreamId=POINTER (IN HEX:0x0x7f36cf44bdd0); MathMode=CUBLAS_DEFAULT_MATH
i! COMPILED WITH: GNU GCC/G++ / 4.1.2 20080704 (Red Hat 4.1.2-48)
I! cuBLAS (v10.1) function cublasStatus_t cublasSetMathMode(cublasContext*, cublasMath_t) called:
i!  handle: type=cublasHandle_t; val=POINTER (IN HEX:0x0x7f3650beeb40)
i!  mode: type=cublasMath_t; val=CUBLAS_DEFAULT_MATH(0)
i! Time: 2019-09-29T03:34:51 elapsed from start 0.100000 minutes or 6.000000 seconds
i!Process=20623; Thread=139876372567808; GPU=0; Handle=POINTER (IN HEX:0x0x7f3650beeb40); StreamId=POINTER (IN HEX:0x0x7f36cf44bdd0); MathMode=CUBLAS_DEFAULT_MATH
i! COMPILED WITH: GNU GCC/G++ / 4.1.2 20080704 (Red Hat 4.1.2-48)
I! cuBLAS (v10.1) function cublasStatus_t cublasSetStream_v2(cublasContext*, CUstream_st*) called:
i!  handle: type=cublasHandle_t; val=POINTER (IN HEX:0x0x7f3650beeb40)
i!  streamId: type=SOME TYPE; val=POINTER (IN HEX:0x0x7f36cf44bdf0)
i! Time: 2019-09-29T03:34:51 elapsed from start 0.100000 minutes or 6.000000 seconds
i!Process=20623; Thread=139876372567808; GPU=0; Handle=POINTER (IN HEX:0x0x7f3650beeb40); StreamId=POINTER (IN HEX:0x0x7f36cf44bdd0); MathMode=CUBLAS_DEFAULT_MATH
i! COMPILED WITH: GNU GCC/G++ / 4.1.2 20080704 (Red Hat 4.1.2-48)
I! cuBLAS (v10.1) function cublasStatus_t cublasSgemmStridedBatched(cublasContext*, cublasOperation_t, cublasOperation_t, int, int, int, const float*, const float*, int, long long int, const float*, int, long long int, const float*, float*, int, long long int, int) called:
i!  handle: type=cublasHandle_t; val=POINTER (IN HEX:0x0x7f3650beeb40)
i!  transa: type=cublasOperation_t; val=CUBLAS_OP_N(0)
i!  transb: type=cublasOperation_t; val=CUBLAS_OP_N(0)
i!  m: type=int; val=512
i!  n: type=int; val=128
i!  k: type=int; val=192
i!  alpha: type=float; val=POINTER (IN HEX:0x0x7f37817f929c)
i!  A: type=float; val=POINTER (IN HEX:0x0x7f3646000000)
i!  lda: type=int; val=512
i!  strideA: type=SOME TYPE; val=98304
i!  B: type=float; val=POINTER (IN HEX:0x0x7f3646d80000)
i!  ldb: type=int; val=192
i!  strideB: type=SOME TYPE; val=24576
i!  beta: type=float; val=POINTER (IN HEX:0x0x7f37817f9298)
i!  C: type=float; val=POINTER (IN HEX:0x0x7f36470e0000)
i!  ldc: type=int; val=512
i!  strideC: type=SOME TYPE; val=65536
i!  batchSize: type=int; val=36
i! Time: 2019-09-29T03:34:51 elapsed from start 0.100000 minutes or 6.000000 seconds
i!Process=20623; Thread=139876372567808; GPU=0; Handle=POINTER (IN HEX:0x0x7f3650beeb40); StreamId=POINTER (IN HEX:0x0x7f36cf44bdf0); MathMode=CUBLAS_DEFAULT_MATH
i! COMPILED WITH: GNU GCC/G++ / 4.1.2 20080704 (Red Hat 4.1.2-48)
I! cuBLAS (v10.1) function cublasStatus_t cublasSetMathMode(cublasContext*, cublasMath_t) called:
i!  handle: type=cublasHandle_t; val=POINTER (IN HEX:0x0x7f3650beeb40)
i!  mode: type=cublasMath_t; val=CUBLAS_DEFAULT_MATH(0)
i! Time: 2019-09-29T03:34:51 elapsed from start 0.100000 minutes or 6.000000 seconds
i!Process=20623; Thread=139876372567808; GPU=0; Handle=POINTER (IN HEX:0x0x7f3650beeb40); StreamId=POINTER (IN HEX:0x0x7f36cf44bdf0); MathMode=CUBLAS_DEFAULT_MATH
i! COMPILED WITH: GNU GCC/G++ / 4.1.2 20080704 (Red Hat 4.1.2-48)
I! cuBLAS (v10.1) function cublasStatus_t cublasGetMathMode(cublasContext*, cublasMath_t*) called:
i!  handle: type=cublasHandle_t; val=POINTER (IN HEX:0x0x7f3650beeb40)
i!  mode: type=cublasMath_t; val=POINTER (IN HEX:0x0x7f37817f9294)
i! Time: 2019-09-29T03:34:51 elapsed from start 0.100000 minutes or 6.000000 seconds
i!Process=20623; Thread=139876372567808; GPU=0; Handle=POINTER (IN HEX:0x0x7f3650beeb40); StreamId=POINTER (IN HEX:0x0x7f36cf44bdf0); MathMode=CUBLAS_DEFAULT_MATH
i! COMPILED WITH: GNU GCC/G++ / 4.1.2 20080704 (Red Hat 4.1.2-48)
I! cuBLAS (v10.1) function cublasStatus_t cublasSetMathMode(cublasContext*, cublasMath_t) called:
i!  handle: type=cublasHandle_t; val=POINTER (IN HEX:0x0x7f3650beeb40)
i!  mode: type=cublasMath_t; val=CUBLAS_DEFAULT_MATH(0)
i! Time: 2019-09-29T03:34:51 elapsed from start 0.100000 minutes or 6.000000 seconds
i!Process=20623; Thread=139876372567808; GPU=0; Handle=POINTER (IN HEX:0x0x7f3650beeb40); StreamId=POINTER (IN HEX:0x0x7f36cf44bdf0); MathMode=CUBLAS_DEFAULT_MATH
i! COMPILED WITH: GNU GCC/G++ / 4.1.2 20080704 (Red Hat 4.1.2-48)
I! cuBLAS (v10.1) function cublasStatus_t cublasSetStream_v2(cublasContext*, CUstream_st*) called:
i!  handle: type=cublasHandle_t; val=POINTER (IN HEX:0x0x7f3650beeb40)
i!  streamId: type=SOME TYPE; val=POINTER (IN HEX:0x0x7f36cf44bdd0)
i! Time: 2019-09-29T03:34:51 elapsed from start 0.100000 minutes or 6.000000 seconds
i!Process=20623; Thread=139876372567808; GPU=0; Handle=POINTER (IN HEX:0x0x7f3650beeb40); StreamId=POINTER (IN HEX:0x0x7f36cf44bdf0); MathMode=CUBLAS_DEFAULT_MATH
i! COMPILED WITH: GNU GCC/G++ / 4.1.2 20080704 (Red Hat 4.1.2-48)
I! cuBLAS (v10.1) function cublasStatus_t cublasSgemmStridedBatched(cublasContext*, cublasOperation_t, cublasOperation_t, int, int, int, const float*, const float*, int, long long int, const float*, int, long long int, const float*, float*, int, long long int, int) called:
i!  handle: type=cublasHandle_t; val=POINTER (IN HEX:0x0x7f3650beeb40)
i!  transa: type=cublasOperation_t; val=CUBLAS_OP_N(0)
i!  transb: type=cublasOperation_t; val=CUBLAS_OP_N(0)
i!  m: type=int; val=512
i!  n: type=int; val=128
i!  k: type=int; val=192
i!  alpha: type=float; val=POINTER (IN HEX:0x0x7f37817f929c)
i!  A: type=float; val=POINTER (IN HEX:0x0x7f36479e0000)
i!  lda: type=int; val=512
i!  strideA: type=SOME TYPE; val=98304
i!  B: type=float; val=POINTER (IN HEX:0x0x7f3648760000)
i!  ldb: type=int; val=192
i!  strideB: type=SOME TYPE; val=24576
i!  beta: type=float; val=POINTER (IN HEX:0x0x7f37817f9298)
i!  C: type=float; val=POINTER (IN HEX:0x0x7f3648ac0000)
i!  ldc: type=int; val=512
i!  strideC: type=SOME TYPE; val=65536
i!  batchSize: type=int; val=36
i! Time: 2019-09-29T03:34:51 elapsed from start 0.100000 minutes or 6.000000 seconds
i!Process=20623; Thread=139876372567808; GPU=0; Handle=POINTER (IN HEX:0x0x7f3650beeb40); StreamId=POINTER (IN HEX:0x0x7f36cf44bdd0); MathMode=CUBLAS_DEFAULT_MATH
i! COMPILED WITH: GNU GCC/G++ / 4.1.2 20080704 (Red Hat 4.1.2-48)
I! cuBLAS (v10.1) function cublasStatus_t cublasSetMathMode(cublasContext*, cublasMath_t) called:
i!  handle: type=cublasHandle_t; val=POINTER (IN HEX:0x0x7f3650beeb40)
i!  mode: type=cublasMath_t; val=CUBLAS_DEFAULT_MATH(0)
i! Time: 2019-09-29T03:34:51 elapsed from start 0.100000 minutes or 6.000000 seconds
i!Process=20623; Thread=139876372567808; GPU=0; Handle=POINTER (IN HEX:0x0x7f3650beeb40); StreamId=POINTER (IN HEX:0x0x7f36cf44bdd0); MathMode=CUBLAS_DEFAULT_MATH
i! COMPILED WITH: GNU GCC/G++ / 4.1.2 20080704 (Red Hat 4.1.2-48)
I! cuBLAS (v10.1) function cublasStatus_t cublasSgemmEx(cublasContext*, cublasOperation_t, cublasOperation_t, int, int, int, const float*, const void*, cublasDataType_t, int, const void*, cublasDataType_t, int, const float*, void*, cublasDataType_t, int) called:
i!  handle: type=cublasHandle_t; val=POINTER (IN HEX:0x0x7f36ec02f440)
i!  transa: type=cublasOperation_t; val=CUBLAS_OP_T(1)
i!  transb: type=cublasOperation_t; val=CUBLAS_OP_N(0)
i!  m: type=int; val=4096
i!  n: type=int; val=32
i!  k: type=int; val=9216
i!  alpha: type=float; val=POINTER (IN HEX:0x0x7f37817fc26c)
i!  A: type=void; val=POINTER (IN HEX:0x0x7f36b1600000)
i!  Atype: type=cudaDataType_t; val=CUDA_R_32F(0)
i!  lda: type=int; val=9216
i!  B: type=void; val=POINTER (IN HEX:0x0x7f374a000000)
i!  Btype: type=cudaDataType_t; val=CUDA_R_32F(0)
i!  ldb: type=int; val=9216
i!  beta: type=float; val=POINTER (IN HEX:0x0x7f37817fc268)
i!  C: type=void; val=POINTER (IN HEX:0x0x7f36b0b2c000)
i!  Ctype: type=cudaDataType_t; val=CUDA_R_32F(0)
i!  ldc: type=int; val=4096
i! Time: 2019-09-29T03:34:51 elapsed from start 0.100000 minutes or 6.000000 seconds
i!Process=20623; Thread=139876372567808; GPU=0; Handle=POINTER (IN HEX:0x0x7f36ec02f440); StreamId=POINTER (IN HEX:0x0x7f37500024d0); MathMode=CUBLAS_DEFAULT_MATH
i! COMPILED WITH: GNU GCC/G++ / 4.1.2 20080704 (Red Hat 4.1.2-48)
I! cuBLAS (v10.1) function cublasStatus_t cublasGetMathMode(cublasContext*, cublasMath_t*) called:
i!  handle: type=cublasHandle_t; val=POINTER (IN HEX:0x0x7f36ec02f440)
i!  mode: type=cublasMath_t; val=POINTER (IN HEX:0x0x7f37817fbecc)
i! Time: 2019-09-29T03:34:51 elapsed from start 0.100000 minutes or 6.000000 seconds
i!Process=20623; Thread=139876372567808; GPU=0; Handle=POINTER (IN HEX:0x0x7f36ec02f440); StreamId=POINTER (IN HEX:0x0x7f37500024d0); MathMode=CUBLAS_DEFAULT_MATH
i! COMPILED WITH: GNU GCC/G++ / 4.1.2 20080704 (Red Hat 4.1.2-48)
I! cuBLAS (v10.1) function cublasStatus_t cublasSgemmEx(cublasContext*, cublasOperation_t, cublasOperation_t, int, int, int, const float*, const void*, cublasDataType_t, int, const void*, cublasDataType_t, int, const float*, void*, cublasDataType_t, int) called:
i!  handle: type=cublasHandle_t; val=POINTER (IN HEX:0x0x7f36ec02f440)
i!  transa: type=cublasOperation_t; val=CUBLAS_OP_T(1)
i!  transb: type=cublasOperation_t; val=CUBLAS_OP_N(0)
i!  m: type=int; val=4096
i!  n: type=int; val=32
i!  k: type=int; val=4096
i!  alpha: type=float; val=POINTER (IN HEX:0x0x7f37817fc26c)
i!  A: type=void; val=POINTER (IN HEX:0x0x7f364c000000)
i!  Atype: type=cudaDataType_t; val=CUDA_R_32F(0)
i!  lda: type=int; val=4096
i!  B: type=void; val=POINTER (IN HEX:0x0x7f36b0b2c000)
i!  Btype: type=cudaDataType_t; val=CUDA_R_32F(0)
i!  ldb: type=int; val=4096
i!  beta: type=float; val=POINTER (IN HEX:0x0x7f37817fc268)
i!  C: type=void; val=POINTER (IN HEX:0x0x7f364aa00000)
i!  Ctype: type=cudaDataType_t; val=CUDA_R_32F(0)
i!  ldc: type=int; val=4096
i! Time: 2019-09-29T03:34:51 elapsed from start 0.100000 minutes or 6.000000 seconds
i!Process=20623; Thread=139876372567808; GPU=0; Handle=POINTER (IN HEX:0x0x7f36ec02f440); StreamId=POINTER (IN HEX:0x0x7f37500024d0); MathMode=CUBLAS_DEFAULT_MATH
i! COMPILED WITH: GNU GCC/G++ / 4.1.2 20080704 (Red Hat 4.1.2-48)
I! cuBLAS (v10.1) function cublasStatus_t cublasGetMathMode(cublasContext*, cublasMath_t*) called:
i!  handle: type=cublasHandle_t; val=POINTER (IN HEX:0x0x7f36ec02f440)
i!  mode: type=cublasMath_t; val=POINTER (IN HEX:0x0x7f37817fbecc)
i! Time: 2019-09-29T03:34:51 elapsed from start 0.100000 minutes or 6.000000 seconds
i!Process=20623; Thread=139876372567808; GPU=0; Handle=POINTER (IN HEX:0x0x7f36ec02f440); StreamId=POINTER (IN HEX:0x0x7f37500024d0); MathMode=CUBLAS_DEFAULT_MATH
i! COMPILED WITH: GNU GCC/G++ / 4.1.2 20080704 (Red Hat 4.1.2-48)
I! cuBLAS (v10.1) function cublasStatus_t cublasSgemmEx(cublasContext*, cublasOperation_t, cublasOperation_t, int, int, int, const float*, const void*, cublasDataType_t, int, const void*, cublasDataType_t, int, const float*, void*, cublasDataType_t, int) called:
i!  handle: type=cublasHandle_t; val=POINTER (IN HEX:0x0x7f36ec02f440)
i!  transa: type=cublasOperation_t; val=CUBLAS_OP_T(1)
i!  transb: type=cublasOperation_t; val=CUBLAS_OP_N(0)
i!  m: type=int; val=200
i!  n: type=int; val=32
i!  k: type=int; val=4096
i!  alpha: type=float; val=POINTER (IN HEX:0x0x7f37817fc26c)
i!  A: type=void; val=POINTER (IN HEX:0x0x7f36ba600000)
i!  Atype: type=cudaDataType_t; val=CUDA_R_32F(0)
i!  lda: type=int; val=4096
i!  B: type=void; val=POINTER (IN HEX:0x0x7f364aa00000)
i!  Btype: type=cudaDataType_t; val=CUDA_R_32F(0)
i!  ldb: type=int; val=4096
i!  beta: type=float; val=POINTER (IN HEX:0x0x7f37817fc268)
i!  C: type=void; val=POINTER (IN HEX:0x0x7f36f7dd3a00)
i!  Ctype: type=cudaDataType_t; val=CUDA_R_32F(0)
i!  ldc: type=int; val=200
i! Time: 2019-09-29T03:34:51 elapsed from start 0.100000 minutes or 6.000000 seconds
i!Process=20623; Thread=139876372567808; GPU=0; Handle=POINTER (IN HEX:0x0x7f36ec02f440); StreamId=POINTER (IN HEX:0x0x7f37500024d0); MathMode=CUBLAS_DEFAULT_MATH
i! COMPILED WITH: GNU GCC/G++ / 4.1.2 20080704 (Red Hat 4.1.2-48)
I! cuBLAS (v10.1) function cublasStatus_t cublasGetMathMode(cublasContext*, cublasMath_t*) called:
i!  handle: type=cublasHandle_t; val=POINTER (IN HEX:0x0x7f36ec02f440)
i!  mode: type=cublasMath_t; val=POINTER (IN HEX:0x0x7f37817fbecc)
i! Time: 2019-09-29T03:34:51 elapsed from start 0.100000 minutes or 6.000000 seconds
i!Process=20623; Thread=139876372567808; GPU=0; Handle=POINTER (IN HEX:0x0x7f36ec02f440); StreamId=POINTER (IN HEX:0x0x7f37500024d0); MathMode=CUBLAS_DEFAULT_MATH
i! COMPILED WITH: GNU GCC/G++ / 4.1.2 20080704 (Red Hat 4.1.2-48)
