I! cuBLAS (v10.1) function cublasStatus_t cublasCreate_v2(cublasContext**) called:
I! cuBLAS (v10.1) function cublasStatus_t cublasCreate_v2(cublasContext**) called:
i!  handle: type=cublasHandle_t; val=POINTER (IN HEX:0x0x7f00980021c8)
i!  handle: type=cublasHandle_t; val=POINTER (IN HEX:0x0x7f009c0021c8)
i! Time: 2019-09-29T03:10:51 elapsed from start 0.050000 minutes or 3.000000 seconds
i!Process=15476; Thread=139641259931392; GPU=0; Handle=POINTER (IN HEX:0x(nil))
i! COMPILED WITH: GNU GCC/G++ / 4.1.2 20080704 (Red Hat 4.1.2-48)
i! Time: 2019-09-29T03:10:51 elapsed from start 0.050000 minutes or 3.000000 seconds
i!Process=15476; Thread=139641251538688; GPU=0; Handle=POINTER (IN HEX:0x(nil))
i! COMPILED WITH: GNU GCC/G++ / 4.1.2 20080704 (Red Hat 4.1.2-48)
I! cuBLAS (v10.1) function cublasStatus_t cublasSetStream_v2(cublasContext*, CUstream_st*) called:
I! cuBLAS (v10.1) function cublasStatus_t cublasSetStream_v2(cublasContext*, CUstream_st*) called:
i!  handle: type=cublasHandle_t; val=POINTER (IN HEX:0x0x7f0032893120)
i!  handle: type=cublasHandle_t; val=POINTER (IN HEX:0x0x7f009c004c70)
i!  streamId: type=SOME TYPE; val=POINTER (IN HEX:0x0x7f0098800110)
i!  streamId: type=SOME TYPE; val=POINTER (IN HEX:0x0x7f009c0024d0)
i! Time: 2019-09-29T03:10:52 elapsed from start 0.066667 minutes or 4.000000 seconds
i!Process=15476; Thread=139641259931392; GPU=0; Handle=POINTER (IN HEX:0x0x7f0032893120); StreamId=POINTER (IN HEX:0x(nil)) (defaultStream); MathMode=CUBLAS_DEFAULT_MATH
i! COMPILED WITH: GNU GCC/G++ / 4.1.2 20080704 (Red Hat 4.1.2-48)
i! Time: 2019-09-29T03:10:52 elapsed from start 0.066667 minutes or 4.000000 seconds
i!Process=15476; Thread=139641251538688; GPU=0; Handle=POINTER (IN HEX:0x0x7f009c004c70); StreamId=POINTER (IN HEX:0x(nil)) (defaultStream); MathMode=CUBLAS_DEFAULT_MATH
i! COMPILED WITH: GNU GCC/G++ / 4.1.2 20080704 (Red Hat 4.1.2-48)
I! cuBLAS (v10.1) function cublasStatus_t cublasCreate_v2(cublasContext**) called:
I! cuBLAS (v10.1) function cublasStatus_t cublasCreate_v2(cublasContext**) called:
i!  handle: type=cublasHandle_t; val=POINTER (IN HEX:0x0x7f00245cc240)
i!  handle: type=cublasHandle_t; val=POINTER (IN HEX:0x0x7f009c02e520)
i! Time: 2019-09-29T03:10:52 elapsed from start 0.066667 minutes or 4.000000 seconds
i!Process=15476; Thread=139641259931392; GPU=0; Handle=POINTER (IN HEX:0x(nil))
i! COMPILED WITH: GNU GCC/G++ / 4.1.2 20080704 (Red Hat 4.1.2-48)
i! Time: 2019-09-29T03:10:52 elapsed from start 0.066667 minutes or 4.000000 seconds
i!Process=15476; Thread=139641251538688; GPU=0; Handle=POINTER (IN HEX:0x(nil))
i! COMPILED WITH: GNU GCC/G++ / 4.1.2 20080704 (Red Hat 4.1.2-48)
I! cuBLAS (v10.1) function cublasStatus_t cublasCreate_v2(cublasContext**) called:
I! cuBLAS (v10.1) function cublasStatus_t cublasCreate_v2(cublasContext**) called:
i!  handle: type=cublasHandle_t; val=POINTER (IN HEX:0x0x7f009c02e568)
i!  handle: type=cublasHandle_t; val=POINTER (IN HEX:0x0x7f00245cc288)
i! Time: 2019-09-29T03:10:52 elapsed from start 0.066667 minutes or 4.000000 seconds
i!Process=15476; Thread=139641251538688; GPU=0; Handle=POINTER (IN HEX:0x(nil))
i! COMPILED WITH: GNU GCC/G++ / 4.1.2 20080704 (Red Hat 4.1.2-48)
i! Time: 2019-09-29T03:10:52 elapsed from start 0.066667 minutes or 4.000000 seconds
i!Process=15476; Thread=139641259931392; GPU=0; Handle=POINTER (IN HEX:0x(nil))
i! COMPILED WITH: GNU GCC/G++ / 4.1.2 20080704 (Red Hat 4.1.2-48)
I! cuBLAS (v10.1) function cublasStatus_t cublasCreate_v2(cublasContext**) called:
i!  handle: type=cublasHandle_t; val=POINTER (IN HEX:0x0x7f00245cc290)
i! Time: 2019-09-29T03:10:52 elapsed from start 0.066667 minutes or 4.000000 seconds
i!Process=15476; Thread=139641259931392; GPU=0; Handle=POINTER (IN HEX:0x(nil))
i! COMPILED WITH: GNU GCC/G++ / 4.1.2 20080704 (Red Hat 4.1.2-48)
I! cuBLAS (v10.1) function cublasStatus_t cublasCreate_v2(cublasContext**) called:
i!  handle: type=cublasHandle_t; val=POINTER (IN HEX:0x0x7f009c02e570)
i! Time: 2019-09-29T03:10:52 elapsed from start 0.066667 minutes or 4.000000 seconds
i!Process=15476; Thread=139641251538688; GPU=0; Handle=POINTER (IN HEX:0x(nil))
i! COMPILED WITH: GNU GCC/G++ / 4.1.2 20080704 (Red Hat 4.1.2-48)
I! cuBLAS (v10.1) function cublasStatus_t cublasCreate_v2(cublasContext**) called:
i!  handle: type=cublasHandle_t; val=POINTER (IN HEX:0x0x7f00245cc298)
i! Time: 2019-09-29T03:10:52 elapsed from start 0.066667 minutes or 4.000000 seconds
i!Process=15476; Thread=139641259931392; GPU=0; Handle=POINTER (IN HEX:0x(nil))
i! COMPILED WITH: GNU GCC/G++ / 4.1.2 20080704 (Red Hat 4.1.2-48)
I! cuBLAS (v10.1) function cublasStatus_t cublasCreate_v2(cublasContext**) called:
i!  handle: type=cublasHandle_t; val=POINTER (IN HEX:0x0x7f009c02e578)
i! Time: 2019-09-29T03:10:52 elapsed from start 0.066667 minutes or 4.000000 seconds
i!Process=15476; Thread=139641251538688; GPU=0; Handle=POINTER (IN HEX:0x(nil))
i! COMPILED WITH: GNU GCC/G++ / 4.1.2 20080704 (Red Hat 4.1.2-48)
I! cuBLAS (v10.1) function cublasStatus_t cublasSetStream_v2(cublasContext*, CUstream_st*) called:
i!  handle: type=cublasHandle_t; val=POINTER (IN HEX:0x0x7f000e5df870)
i!  streamId: type=SOME TYPE; val=POINTER (IN HEX:0x0x7f0098800110)
i! Time: 2019-09-29T03:10:52 elapsed from start 0.066667 minutes or 4.000000 seconds
i!Process=15476; Thread=139641259931392; GPU=0; Handle=POINTER (IN HEX:0x0x7f000e5df870); StreamId=POINTER (IN HEX:0x(nil)) (defaultStream); MathMode=CUBLAS_DEFAULT_MATH
i! COMPILED WITH: GNU GCC/G++ / 4.1.2 20080704 (Red Hat 4.1.2-48)
I! cuBLAS (v10.1) function cublasStatus_t cublasSetStream_v2(cublasContext*, CUstream_st*) called:
i!  handle: type=cublasHandle_t; val=POINTER (IN HEX:0x0x7f009c035950)
i!  streamId: type=SOME TYPE; val=POINTER (IN HEX:0x0x7f009c0024d0)
i! Time: 2019-09-29T03:10:52 elapsed from start 0.066667 minutes or 4.000000 seconds
i!Process=15476; Thread=139641251538688; GPU=0; Handle=POINTER (IN HEX:0x0x7f009c035950); StreamId=POINTER (IN HEX:0x(nil)) (defaultStream); MathMode=CUBLAS_DEFAULT_MATH
i! COMPILED WITH: GNU GCC/G++ / 4.1.2 20080704 (Red Hat 4.1.2-48)
I! cuBLAS (v10.1) function cublasStatus_t cublasCreate_v2(cublasContext**) called:
I! cuBLAS (v10.1) function cublasStatus_t cublasCreate_v2(cublasContext**) called:
i!  handle: type=cublasHandle_t; val=POINTER (IN HEX:0x0x7f000db88528)
i!  handle: type=cublasHandle_t; val=POINTER (IN HEX:0x0x7f009c0dafa8)
i! Time: 2019-09-29T03:10:54 elapsed from start 0.100000 minutes or 6.000000 seconds
i!Process=15476; Thread=139641259931392; GPU=0; Handle=POINTER (IN HEX:0x(nil))
i! COMPILED WITH: GNU GCC/G++ / 4.1.2 20080704 (Red Hat 4.1.2-48)
i! Time: 2019-09-29T03:10:54 elapsed from start 0.100000 minutes or 6.000000 seconds
i!Process=15476; Thread=139641251538688; GPU=0; Handle=POINTER (IN HEX:0x(nil))
i! COMPILED WITH: GNU GCC/G++ / 4.1.2 20080704 (Red Hat 4.1.2-48)
I! cuBLAS (v10.1) function cublasStatus_t cublasGetMathMode(cublasContext*, cublasMath_t*) called:
i!  handle: type=cublasHandle_t; val=POINTER (IN HEX:0x0x7f000e6905d0)
i!  mode: type=cublasMath_t; val=POINTER (IN HEX:0x0x7f00c3b17294)
i! Time: 2019-09-29T03:10:54 elapsed from start 0.100000 minutes or 6.000000 seconds
i!Process=15476; Thread=139641259931392; GPU=0; Handle=POINTER (IN HEX:0x0x7f000e6905d0); StreamId=POINTER (IN HEX:0x(nil)) (defaultStream); MathMode=CUBLAS_DEFAULT_MATH
i! COMPILED WITH: GNU GCC/G++ / 4.1.2 20080704 (Red Hat 4.1.2-48)
I! cuBLAS (v10.1) function cublasStatus_t cublasSetMathMode(cublasContext*, cublasMath_t) called:
i!  handle: type=cublasHandle_t; val=POINTER (IN HEX:0x0x7f000e6905d0)
i!  mode: type=cublasMath_t; val=CUBLAS_DEFAULT_MATH(0)
i! Time: 2019-09-29T03:10:54 elapsed from start 0.100000 minutes or 6.000000 seconds
i!Process=15476; Thread=139641259931392; GPU=0; Handle=POINTER (IN HEX:0x0x7f000e6905d0); StreamId=POINTER (IN HEX:0x(nil)) (defaultStream); MathMode=CUBLAS_DEFAULT_MATH
i! COMPILED WITH: GNU GCC/G++ / 4.1.2 20080704 (Red Hat 4.1.2-48)
I! cuBLAS (v10.1) function cublasStatus_t cublasSetStream_v2(cublasContext*, CUstream_st*) called:
i!  handle: type=cublasHandle_t; val=POINTER (IN HEX:0x0x7f000e6905d0)
i!  streamId: type=SOME TYPE; val=POINTER (IN HEX:0x0x7f00987ff130)
i! Time: 2019-09-29T03:10:54 elapsed from start 0.100000 minutes or 6.000000 seconds
i!Process=15476; Thread=139641259931392; GPU=0; Handle=POINTER (IN HEX:0x0x7f000e6905d0); StreamId=POINTER (IN HEX:0x(nil)) (defaultStream); MathMode=CUBLAS_DEFAULT_MATH
i! COMPILED WITH: GNU GCC/G++ / 4.1.2 20080704 (Red Hat 4.1.2-48)
I! cuBLAS (v10.1) function cublasStatus_t cublasSgemmStridedBatched(cublasContext*, cublasOperation_t, cublasOperation_t, int, int, int, const float*, const float*, int, long long int, const float*, int, long long int, const float*, float*, int, long long int, int) called:
i!  handle: type=cublasHandle_t; val=POINTER (IN HEX:0x0x7f000e6905d0)
i!  transa: type=cublasOperation_t; val=CUBLAS_OP_N(0)
i!  transb: type=cublasOperation_t; val=CUBLAS_OP_N(0)
i!  m: type=int; val=144
i!  n: type=int; val=128
i!  k: type=int; val=48
i!  alpha: type=float; val=POINTER (IN HEX:0x0x7f00c3b1729c)
i!  A: type=float; val=POINTER (IN HEX:0x0x7f008a000000)
i!  lda: type=int; val=144
i!  strideA: type=SOME TYPE; val=6912
i!  B: type=float; val=POINTER (IN HEX:0x0x7f008a474c00)
i!  ldb: type=int; val=48
i!  strideB: type=SOME TYPE; val=6144
i!  beta: type=float; val=POINTER (IN HEX:0x0x7f00c3b17298)
i!  C: type=float; val=POINTER (IN HEX:0x0x7f008a86ac00)
i!  ldc: type=int; val=144
i!  strideC: type=SOME TYPE; val=18432
i!  batchSize: type=int; val=169
i! Time: 2019-09-29T03:10:54 elapsed from start 0.100000 minutes or 6.000000 seconds
i!Process=15476; Thread=139641259931392; GPU=0; Handle=POINTER (IN HEX:0x0x7f000e6905d0); StreamId=POINTER (IN HEX:0x0x7f00987ff130); MathMode=CUBLAS_DEFAULT_MATH
i! COMPILED WITH: GNU GCC/G++ / 4.1.2 20080704 (Red Hat 4.1.2-48)
I! cuBLAS (v10.1) function cublasStatus_t cublasSetMathMode(cublasContext*, cublasMath_t) called:
i!  handle: type=cublasHandle_t; val=POINTER (IN HEX:0x0x7f000e6905d0)
i!  mode: type=cublasMath_t; val=CUBLAS_DEFAULT_MATH(0)
i! Time: 2019-09-29T03:10:54 elapsed from start 0.100000 minutes or 6.000000 seconds
i!Process=15476; Thread=139641259931392; GPU=0; Handle=POINTER (IN HEX:0x0x7f000e6905d0); StreamId=POINTER (IN HEX:0x0x7f00987ff130); MathMode=CUBLAS_DEFAULT_MATH
i! COMPILED WITH: GNU GCC/G++ / 4.1.2 20080704 (Red Hat 4.1.2-48)
I! cuBLAS (v10.1) function cublasStatus_t cublasGetMathMode(cublasContext*, cublasMath_t*) called:
i!  handle: type=cublasHandle_t; val=POINTER (IN HEX:0x0x7f000e6905d0)
i!  mode: type=cublasMath_t; val=POINTER (IN HEX:0x0x7f00c3b17294)
i! Time: 2019-09-29T03:10:54 elapsed from start 0.100000 minutes or 6.000000 seconds
i!Process=15476; Thread=139641259931392; GPU=0; Handle=POINTER (IN HEX:0x0x7f000e6905d0); StreamId=POINTER (IN HEX:0x0x7f00987ff130); MathMode=CUBLAS_DEFAULT_MATH
i! COMPILED WITH: GNU GCC/G++ / 4.1.2 20080704 (Red Hat 4.1.2-48)
I! cuBLAS (v10.1) function cublasStatus_t cublasSetMathMode(cublasContext*, cublasMath_t) called:
i!  handle: type=cublasHandle_t; val=POINTER (IN HEX:0x0x7f000e6905d0)
i!  mode: type=cublasMath_t; val=CUBLAS_DEFAULT_MATH(0)
i! Time: 2019-09-29T03:10:54 elapsed from start 0.100000 minutes or 6.000000 seconds
i!Process=15476; Thread=139641259931392; GPU=0; Handle=POINTER (IN HEX:0x0x7f000e6905d0); StreamId=POINTER (IN HEX:0x0x7f00987ff130); MathMode=CUBLAS_DEFAULT_MATH
i! COMPILED WITH: GNU GCC/G++ / 4.1.2 20080704 (Red Hat 4.1.2-48)
I! cuBLAS (v10.1) function cublasStatus_t cublasSetStream_v2(cublasContext*, CUstream_st*) called:
i!  handle: type=cublasHandle_t; val=POINTER (IN HEX:0x0x7f000e6905d0)
i!  streamId: type=SOME TYPE; val=POINTER (IN HEX:0x0x7f00987fff10)
i! Time: 2019-09-29T03:10:54 elapsed from start 0.100000 minutes or 6.000000 seconds
i!Process=15476; Thread=139641259931392; GPU=0; Handle=POINTER (IN HEX:0x0x7f000e6905d0); StreamId=POINTER (IN HEX:0x0x7f00987ff130); MathMode=CUBLAS_DEFAULT_MATH
i! COMPILED WITH: GNU GCC/G++ / 4.1.2 20080704 (Red Hat 4.1.2-48)
I! cuBLAS (v10.1) function cublasStatus_t cublasSgemmStridedBatched(cublasContext*, cublasOperation_t, cublasOperation_t, int, int, int, const float*, const float*, int, long long int, const float*, int, long long int, const float*, float*, int, long long int, int) called:
i!  handle: type=cublasHandle_t; val=POINTER (IN HEX:0x0x7f000e6905d0)
i!  transa: type=cublasOperation_t; val=CUBLAS_OP_N(0)
i!  transb: type=cublasOperation_t; val=CUBLAS_OP_N(0)
i!  m: type=int; val=144
i!  n: type=int; val=128
i!  k: type=int; val=48
i!  alpha: type=float; val=POINTER (IN HEX:0x0x7f00c3b1729c)
i!  A: type=float; val=POINTER (IN HEX:0x0x7f008b44cc00)
i!  lda: type=int; val=144
i!  strideA: type=SOME TYPE; val=6912
i!  B: type=float; val=POINTER (IN HEX:0x0x7f008b8c1800)
i!  ldb: type=int; val=48
i!  strideB: type=SOME TYPE; val=6144
i!  beta: type=float; val=POINTER (IN HEX:0x0x7f00c3b17298)
i!  C: type=float; val=POINTER (IN HEX:0x0x7f008bcb7800)
i!  ldc: type=int; val=144
i!  strideC: type=SOME TYPE; val=18432
i!  batchSize: type=int; val=169
i! Time: 2019-09-29T03:10:54 elapsed from start 0.100000 minutes or 6.000000 seconds
i!Process=15476; Thread=139641259931392; GPU=0; Handle=POINTER (IN HEX:0x0x7f000e6905d0); StreamId=POINTER (IN HEX:0x0x7f00987fff10); MathMode=CUBLAS_DEFAULT_MATH
i! COMPILED WITH: GNU GCC/G++ / 4.1.2 20080704 (Red Hat 4.1.2-48)
I! cuBLAS (v10.1) function cublasStatus_t cublasSetMathMode(cublasContext*, cublasMath_t) called:
i!  handle: type=cublasHandle_t; val=POINTER (IN HEX:0x0x7f000e6905d0)
i!  mode: type=cublasMath_t; val=CUBLAS_DEFAULT_MATH(0)
i! Time: 2019-09-29T03:10:54 elapsed from start 0.100000 minutes or 6.000000 seconds
i!Process=15476; Thread=139641259931392; GPU=0; Handle=POINTER (IN HEX:0x0x7f000e6905d0); StreamId=POINTER (IN HEX:0x0x7f00987fff10); MathMode=CUBLAS_DEFAULT_MATH
i! COMPILED WITH: GNU GCC/G++ / 4.1.2 20080704 (Red Hat 4.1.2-48)
I! cuBLAS (v10.1) function cublasStatus_t cublasSgemmEx(cublasContext*, cublasOperation_t, cublasOperation_t, int, int, int, const float*, const void*, cublasDataType_t, int, const void*, cublasDataType_t, int, const float*, void*, cublasDataType_t, int) called:
i!  handle: type=cublasHandle_t; val=POINTER (IN HEX:0x0x7f0032893120)
i!  transa: type=cublasOperation_t; val=CUBLAS_OP_T(1)
i!  transb: type=cublasOperation_t; val=CUBLAS_OP_N(0)
i!  m: type=int; val=4096
i!  n: type=int; val=8
i!  k: type=int; val=9216
i!  alpha: type=float; val=POINTER (IN HEX:0x0x7f00c3b1a26c)
i!  A: type=void; val=POINTER (IN HEX:0x0x7f0080200000)
i!  Atype: type=cudaDataType_t; val=CUDA_R_32F(0)
i!  lda: type=int; val=9216
i!  B: type=void; val=POINTER (IN HEX:0x0x7f0089c00000)
i!  Btype: type=cudaDataType_t; val=CUDA_R_32F(0)
i!  ldb: type=int; val=9216
i!  beta: type=float; val=POINTER (IN HEX:0x0x7f00c3b1a268)
i!  C: type=void; val=POINTER (IN HEX:0x0x7f0037dd3a00)
i!  Ctype: type=cudaDataType_t; val=CUDA_R_32F(0)
i!  ldc: type=int; val=4096
i! Time: 2019-09-29T03:10:54 elapsed from start 0.100000 minutes or 6.000000 seconds
i!Process=15476; Thread=139641259931392; GPU=0; Handle=POINTER (IN HEX:0x0x7f0032893120); StreamId=POINTER (IN HEX:0x0x7f0098800110); MathMode=CUBLAS_DEFAULT_MATH
i! COMPILED WITH: GNU GCC/G++ / 4.1.2 20080704 (Red Hat 4.1.2-48)
I! cuBLAS (v10.1) function cublasStatus_t cublasGetMathMode(cublasContext*, cublasMath_t*) called:
i!  handle: type=cublasHandle_t; val=POINTER (IN HEX:0x0x7f0032893120)
i!  mode: type=cublasMath_t; val=POINTER (IN HEX:0x0x7f00c3b19ecc)
i! Time: 2019-09-29T03:10:54 elapsed from start 0.100000 minutes or 6.000000 seconds
i!Process=15476; Thread=139641259931392; GPU=0; Handle=POINTER (IN HEX:0x0x7f0032893120); StreamId=POINTER (IN HEX:0x0x7f0098800110); MathMode=CUBLAS_DEFAULT_MATH
i! COMPILED WITH: GNU GCC/G++ / 4.1.2 20080704 (Red Hat 4.1.2-48)
I! cuBLAS (v10.1) function cublasStatus_t cublasSgemmEx(cublasContext*, cublasOperation_t, cublasOperation_t, int, int, int, const float*, const void*, cublasDataType_t, int, const void*, cublasDataType_t, int, const float*, void*, cublasDataType_t, int) called:
i!  handle: type=cublasHandle_t; val=POINTER (IN HEX:0x0x7f0032893120)
i!  transa: type=cublasOperation_t; val=CUBLAS_OP_T(1)
i!  transb: type=cublasOperation_t; val=CUBLAS_OP_N(0)
i!  m: type=int; val=4096
i!  n: type=int; val=8
i!  k: type=int; val=4096
i!  alpha: type=float; val=POINTER (IN HEX:0x0x7f00c3b1a26c)
i!  A: type=void; val=POINTER (IN HEX:0x0x7effef400000)
i!  Atype: type=cudaDataType_t; val=CUDA_R_32F(0)
i!  lda: type=int; val=4096
i!  B: type=void; val=POINTER (IN HEX:0x0x7f0037dd3a00)
i!  Btype: type=cudaDataType_t; val=CUDA_R_32F(0)
i!  ldb: type=int; val=4096
i!  beta: type=float; val=POINTER (IN HEX:0x0x7f00c3b1a268)
i!  C: type=void; val=POINTER (IN HEX:0x0x7effef3b0000)
i!  Ctype: type=cudaDataType_t; val=CUDA_R_32F(0)
i!  ldc: type=int; val=4096
i! Time: 2019-09-29T03:10:54 elapsed from start 0.100000 minutes or 6.000000 seconds
i!Process=15476; Thread=139641259931392; GPU=0; Handle=POINTER (IN HEX:0x0x7f0032893120); StreamId=POINTER (IN HEX:0x0x7f0098800110); MathMode=CUBLAS_DEFAULT_MATH
i! COMPILED WITH: GNU GCC/G++ / 4.1.2 20080704 (Red Hat 4.1.2-48)
I! cuBLAS (v10.1) function cublasStatus_t cublasGetMathMode(cublasContext*, cublasMath_t*) called:
i!  handle: type=cublasHandle_t; val=POINTER (IN HEX:0x0x7f0032893120)
i!  mode: type=cublasMath_t; val=POINTER (IN HEX:0x0x7f00c3b19ecc)
i! Time: 2019-09-29T03:10:54 elapsed from start 0.100000 minutes or 6.000000 seconds
i!Process=15476; Thread=139641259931392; GPU=0; Handle=POINTER (IN HEX:0x0x7f0032893120); StreamId=POINTER (IN HEX:0x0x7f0098800110); MathMode=CUBLAS_DEFAULT_MATH
i! COMPILED WITH: GNU GCC/G++ / 4.1.2 20080704 (Red Hat 4.1.2-48)
I! cuBLAS (v10.1) function cublasStatus_t cublasSgemmEx(cublasContext*, cublasOperation_t, cublasOperation_t, int, int, int, const float*, const void*, cublasDataType_t, int, const void*, cublasDataType_t, int, const float*, void*, cublasDataType_t, int) called:
i!  handle: type=cublasHandle_t; val=POINTER (IN HEX:0x0x7f0032893120)
i!  transa: type=cublasOperation_t; val=CUBLAS_OP_T(1)
i!  transb: type=cublasOperation_t; val=CUBLAS_OP_N(0)
i!  m: type=int; val=200
i!  n: type=int; val=8
i!  k: type=int; val=4096
i!  alpha: type=float; val=POINTER (IN HEX:0x0x7f00c3b1a26c)
i!  A: type=void; val=POINTER (IN HEX:0x0x7efff3400000)
i!  Atype: type=cudaDataType_t; val=CUDA_R_32F(0)
i!  lda: type=int; val=4096
i!  B: type=void; val=POINTER (IN HEX:0x0x7effef3b0000)
i!  Btype: type=cudaDataType_t; val=CUDA_R_32F(0)
i!  ldb: type=int; val=4096
i!  beta: type=float; val=POINTER (IN HEX:0x0x7f00c3b1a268)
i!  C: type=void; val=POINTER (IN HEX:0x0x7f0037df3a00)
i!  Ctype: type=cudaDataType_t; val=CUDA_R_32F(0)
i!  ldc: type=int; val=200
i! Time: 2019-09-29T03:10:54 elapsed from start 0.100000 minutes or 6.000000 seconds
i!Process=15476; Thread=139641259931392; GPU=0; Handle=POINTER (IN HEX:0x0x7f0032893120); StreamId=POINTER (IN HEX:0x0x7f0098800110); MathMode=CUBLAS_DEFAULT_MATH
i! COMPILED WITH: GNU GCC/G++ / 4.1.2 20080704 (Red Hat 4.1.2-48)
I! cuBLAS (v10.1) function cublasStatus_t cublasGetMathMode(cublasContext*, cublasMath_t*) called:
i!  handle: type=cublasHandle_t; val=POINTER (IN HEX:0x0x7f0032893120)
i!  mode: type=cublasMath_t; val=POINTER (IN HEX:0x0x7f00c3b19ecc)
i! Time: 2019-09-29T03:10:54 elapsed from start 0.100000 minutes or 6.000000 seconds
i!Process=15476; Thread=139641259931392; GPU=0; Handle=POINTER (IN HEX:0x0x7f0032893120); StreamId=POINTER (IN HEX:0x0x7f0098800110); MathMode=CUBLAS_DEFAULT_MATH
i! COMPILED WITH: GNU GCC/G++ / 4.1.2 20080704 (Red Hat 4.1.2-48)
I! cuBLAS (v10.1) function cublasStatus_t cublasGetMathMode(cublasContext*, cublasMath_t*) called:
i!  handle: type=cublasHandle_t; val=POINTER (IN HEX:0x0x7eff903c5050)
i!  mode: type=cublasMath_t; val=POINTER (IN HEX:0x0x7f00c3316294)
i! Time: 2019-09-29T03:10:54 elapsed from start 0.100000 minutes or 6.000000 seconds
i!Process=15476; Thread=139641251538688; GPU=0; Handle=POINTER (IN HEX:0x0x7eff903c5050); StreamId=POINTER (IN HEX:0x(nil)) (defaultStream); MathMode=CUBLAS_DEFAULT_MATH
i! COMPILED WITH: GNU GCC/G++ / 4.1.2 20080704 (Red Hat 4.1.2-48)
I! cuBLAS (v10.1) function cublasStatus_t cublasSetMathMode(cublasContext*, cublasMath_t) called:
i!  handle: type=cublasHandle_t; val=POINTER (IN HEX:0x0x7eff903c5050)
i!  mode: type=cublasMath_t; val=CUBLAS_DEFAULT_MATH(0)
i! Time: 2019-09-29T03:10:54 elapsed from start 0.100000 minutes or 6.000000 seconds
i!Process=15476; Thread=139641251538688; GPU=0; Handle=POINTER (IN HEX:0x0x7eff903c5050); StreamId=POINTER (IN HEX:0x(nil)) (defaultStream); MathMode=CUBLAS_DEFAULT_MATH
i! COMPILED WITH: GNU GCC/G++ / 4.1.2 20080704 (Red Hat 4.1.2-48)
I! cuBLAS (v10.1) function cublasStatus_t cublasSetStream_v2(cublasContext*, CUstream_st*) called:
i!  handle: type=cublasHandle_t; val=POINTER (IN HEX:0x0x7eff903c5050)
i!  streamId: type=SOME TYPE; val=POINTER (IN HEX:0x0x7f009c0db4a0)
i! Time: 2019-09-29T03:10:54 elapsed from start 0.100000 minutes or 6.000000 seconds
i!Process=15476; Thread=139641251538688; GPU=0; Handle=POINTER (IN HEX:0x0x7eff903c5050); StreamId=POINTER (IN HEX:0x(nil)) (defaultStream); MathMode=CUBLAS_DEFAULT_MATH
i! COMPILED WITH: GNU GCC/G++ / 4.1.2 20080704 (Red Hat 4.1.2-48)
I! cuBLAS (v10.1) function cublasStatus_t cublasSgemmStridedBatched(cublasContext*, cublasOperation_t, cublasOperation_t, int, int, int, const float*, const float*, int, long long int, const float*, int, long long int, const float*, float*, int, long long int, int) called:
i!  handle: type=cublasHandle_t; val=POINTER (IN HEX:0x0x7eff903c5050)
i!  transa: type=cublasOperation_t; val=CUBLAS_OP_N(0)
i!  transb: type=cublasOperation_t; val=CUBLAS_OP_N(0)
i!  m: type=int; val=144
i!  n: type=int; val=128
i!  k: type=int; val=48
i!  alpha: type=float; val=POINTER (IN HEX:0x0x7f00c331629c)
i!  A: type=float; val=POINTER (IN HEX:0x0x7f008a000000)
i!  lda: type=int; val=144
i!  strideA: type=SOME TYPE; val=6912
i!  B: type=float; val=POINTER (IN HEX:0x0x7f008a474c00)
i!  ldb: type=int; val=48
i!  strideB: type=SOME TYPE; val=6144
i!  beta: type=float; val=POINTER (IN HEX:0x0x7f00c3316298)
i!  C: type=float; val=POINTER (IN HEX:0x0x7f008a86ac00)
i!  ldc: type=int; val=144
i!  strideC: type=SOME TYPE; val=18432
i!  batchSize: type=int; val=169
i! Time: 2019-09-29T03:10:54 elapsed from start 0.100000 minutes or 6.000000 seconds
i!Process=15476; Thread=139641251538688; GPU=0; Handle=POINTER (IN HEX:0x0x7eff903c5050); StreamId=POINTER (IN HEX:0x0x7f009c0db4a0); MathMode=CUBLAS_DEFAULT_MATH
i! COMPILED WITH: GNU GCC/G++ / 4.1.2 20080704 (Red Hat 4.1.2-48)
I! cuBLAS (v10.1) function cublasStatus_t cublasSetMathMode(cublasContext*, cublasMath_t) called:
i!  handle: type=cublasHandle_t; val=POINTER (IN HEX:0x0x7eff903c5050)
i!  mode: type=cublasMath_t; val=CUBLAS_DEFAULT_MATH(0)
i! Time: 2019-09-29T03:10:54 elapsed from start 0.100000 minutes or 6.000000 seconds
i!Process=15476; Thread=139641251538688; GPU=0; Handle=POINTER (IN HEX:0x0x7eff903c5050); StreamId=POINTER (IN HEX:0x0x7f009c0db4a0); MathMode=CUBLAS_DEFAULT_MATH
i! COMPILED WITH: GNU GCC/G++ / 4.1.2 20080704 (Red Hat 4.1.2-48)
I! cuBLAS (v10.1) function cublasStatus_t cublasGetMathMode(cublasContext*, cublasMath_t*) called:
i!  handle: type=cublasHandle_t; val=POINTER (IN HEX:0x0x7eff903c5050)
i!  mode: type=cublasMath_t; val=POINTER (IN HEX:0x0x7f00c3316294)
i! Time: 2019-09-29T03:10:54 elapsed from start 0.100000 minutes or 6.000000 seconds
i!Process=15476; Thread=139641251538688; GPU=0; Handle=POINTER (IN HEX:0x0x7eff903c5050); StreamId=POINTER (IN HEX:0x0x7f009c0db4a0); MathMode=CUBLAS_DEFAULT_MATH
i! COMPILED WITH: GNU GCC/G++ / 4.1.2 20080704 (Red Hat 4.1.2-48)
I! cuBLAS (v10.1) function cublasStatus_t cublasSetMathMode(cublasContext*, cublasMath_t) called:
i!  handle: type=cublasHandle_t; val=POINTER (IN HEX:0x0x7eff903c5050)
i!  mode: type=cublasMath_t; val=CUBLAS_DEFAULT_MATH(0)
i! Time: 2019-09-29T03:10:54 elapsed from start 0.100000 minutes or 6.000000 seconds
i!Process=15476; Thread=139641251538688; GPU=0; Handle=POINTER (IN HEX:0x0x7eff903c5050); StreamId=POINTER (IN HEX:0x0x7f009c0db4a0); MathMode=CUBLAS_DEFAULT_MATH
i! COMPILED WITH: GNU GCC/G++ / 4.1.2 20080704 (Red Hat 4.1.2-48)
I! cuBLAS (v10.1) function cublasStatus_t cublasSetStream_v2(cublasContext*, CUstream_st*) called:
i!  handle: type=cublasHandle_t; val=POINTER (IN HEX:0x0x7eff903c5050)
i!  streamId: type=SOME TYPE; val=POINTER (IN HEX:0x0x7f009c0db480)
i! Time: 2019-09-29T03:10:54 elapsed from start 0.100000 minutes or 6.000000 seconds
i!Process=15476; Thread=139641251538688; GPU=0; Handle=POINTER (IN HEX:0x0x7eff903c5050); StreamId=POINTER (IN HEX:0x0x7f009c0db4a0); MathMode=CUBLAS_DEFAULT_MATH
i! COMPILED WITH: GNU GCC/G++ / 4.1.2 20080704 (Red Hat 4.1.2-48)
I! cuBLAS (v10.1) function cublasStatus_t cublasSgemmStridedBatched(cublasContext*, cublasOperation_t, cublasOperation_t, int, int, int, const float*, const float*, int, long long int, const float*, int, long long int, const float*, float*, int, long long int, int) called:
i!  handle: type=cublasHandle_t; val=POINTER (IN HEX:0x0x7eff903c5050)
i!  transa: type=cublasOperation_t; val=CUBLAS_OP_N(0)
i!  transb: type=cublasOperation_t; val=CUBLAS_OP_N(0)
i!  m: type=int; val=144
i!  n: type=int; val=128
i!  k: type=int; val=48
i!  alpha: type=float; val=POINTER (IN HEX:0x0x7f00c331629c)
i!  A: type=float; val=POINTER (IN HEX:0x0x7f008b44cc00)
i!  lda: type=int; val=144
i!  strideA: type=SOME TYPE; val=6912
i!  B: type=float; val=POINTER (IN HEX:0x0x7f008b8c1800)
i!  ldb: type=int; val=48
i!  strideB: type=SOME TYPE; val=6144
i!  beta: type=float; val=POINTER (IN HEX:0x0x7f00c3316298)
i!  C: type=float; val=POINTER (IN HEX:0x0x7f008bcb7800)
i!  ldc: type=int; val=144
i!  strideC: type=SOME TYPE; val=18432
i!  batchSize: type=int; val=169
i! Time: 2019-09-29T03:10:54 elapsed from start 0.100000 minutes or 6.000000 seconds
i!Process=15476; Thread=139641251538688; GPU=0; Handle=POINTER (IN HEX:0x0x7eff903c5050); StreamId=POINTER (IN HEX:0x0x7f009c0db480); MathMode=CUBLAS_DEFAULT_MATH
i! COMPILED WITH: GNU GCC/G++ / 4.1.2 20080704 (Red Hat 4.1.2-48)
I! cuBLAS (v10.1) function cublasStatus_t cublasSetMathMode(cublasContext*, cublasMath_t) called:
i!  handle: type=cublasHandle_t; val=POINTER (IN HEX:0x0x7eff903c5050)
i!  mode: type=cublasMath_t; val=CUBLAS_DEFAULT_MATH(0)
i! Time: 2019-09-29T03:10:54 elapsed from start 0.100000 minutes or 6.000000 seconds
i!Process=15476; Thread=139641251538688; GPU=0; Handle=POINTER (IN HEX:0x0x7eff903c5050); StreamId=POINTER (IN HEX:0x0x7f009c0db480); MathMode=CUBLAS_DEFAULT_MATH
i! COMPILED WITH: GNU GCC/G++ / 4.1.2 20080704 (Red Hat 4.1.2-48)
I! cuBLAS (v10.1) function cublasStatus_t cublasSgemmEx(cublasContext*, cublasOperation_t, cublasOperation_t, int, int, int, const float*, const void*, cublasDataType_t, int, const void*, cublasDataType_t, int, const float*, void*, cublasDataType_t, int) called:
i!  handle: type=cublasHandle_t; val=POINTER (IN HEX:0x0x7f009c004c70)
i!  transa: type=cublasOperation_t; val=CUBLAS_OP_T(1)
i!  transb: type=cublasOperation_t; val=CUBLAS_OP_N(0)
i!  m: type=int; val=4096
i!  n: type=int; val=8
i!  k: type=int; val=9216
i!  alpha: type=float; val=POINTER (IN HEX:0x0x7f00c331926c)
i!  A: type=void; val=POINTER (IN HEX:0x0x7f0080200000)
i!  Atype: type=cudaDataType_t; val=CUDA_R_32F(0)
i!  lda: type=int; val=9216
i!  B: type=void; val=POINTER (IN HEX:0x0x7f0089c00000)
i!  Btype: type=cudaDataType_t; val=CUDA_R_32F(0)
i!  ldb: type=int; val=9216
i!  beta: type=float; val=POINTER (IN HEX:0x0x7f00c3319268)
i!  C: type=void; val=POINTER (IN HEX:0x0x7f0037dd3a00)
i!  Ctype: type=cudaDataType_t; val=CUDA_R_32F(0)
i!  ldc: type=int; val=4096
i! Time: 2019-09-29T03:10:54 elapsed from start 0.100000 minutes or 6.000000 seconds
i!Process=15476; Thread=139641251538688; GPU=0; Handle=POINTER (IN HEX:0x0x7f009c004c70); StreamId=POINTER (IN HEX:0x0x7f009c0024d0); MathMode=CUBLAS_DEFAULT_MATH
i! COMPILED WITH: GNU GCC/G++ / 4.1.2 20080704 (Red Hat 4.1.2-48)
I! cuBLAS (v10.1) function cublasStatus_t cublasGetMathMode(cublasContext*, cublasMath_t*) called:
i!  handle: type=cublasHandle_t; val=POINTER (IN HEX:0x0x7f009c004c70)
i!  mode: type=cublasMath_t; val=POINTER (IN HEX:0x0x7f00c3318ecc)
i! Time: 2019-09-29T03:10:54 elapsed from start 0.100000 minutes or 6.000000 seconds
i!Process=15476; Thread=139641251538688; GPU=0; Handle=POINTER (IN HEX:0x0x7f009c004c70); StreamId=POINTER (IN HEX:0x0x7f009c0024d0); MathMode=CUBLAS_DEFAULT_MATH
i! COMPILED WITH: GNU GCC/G++ / 4.1.2 20080704 (Red Hat 4.1.2-48)
I! cuBLAS (v10.1) function cublasStatus_t cublasSgemmEx(cublasContext*, cublasOperation_t, cublasOperation_t, int, int, int, const float*, const void*, cublasDataType_t, int, const void*, cublasDataType_t, int, const float*, void*, cublasDataType_t, int) called:
i!  handle: type=cublasHandle_t; val=POINTER (IN HEX:0x0x7f009c004c70)
i!  transa: type=cublasOperation_t; val=CUBLAS_OP_T(1)
i!  transb: type=cublasOperation_t; val=CUBLAS_OP_N(0)
i!  m: type=int; val=4096
i!  n: type=int; val=8
i!  k: type=int; val=4096
i!  alpha: type=float; val=POINTER (IN HEX:0x0x7f00c331926c)
i!  A: type=void; val=POINTER (IN HEX:0x0x7effef400000)
i!  Atype: type=cudaDataType_t; val=CUDA_R_32F(0)
i!  lda: type=int; val=4096
i!  B: type=void; val=POINTER (IN HEX:0x0x7f0037dd3a00)
i!  Btype: type=cudaDataType_t; val=CUDA_R_32F(0)
i!  ldb: type=int; val=4096
i!  beta: type=float; val=POINTER (IN HEX:0x0x7f00c3319268)
i!  C: type=void; val=POINTER (IN HEX:0x0x7effef3b0000)
i!  Ctype: type=cudaDataType_t; val=CUDA_R_32F(0)
i!  ldc: type=int; val=4096
i! Time: 2019-09-29T03:10:54 elapsed from start 0.100000 minutes or 6.000000 seconds
i!Process=15476; Thread=139641251538688; GPU=0; Handle=POINTER (IN HEX:0x0x7f009c004c70); StreamId=POINTER (IN HEX:0x0x7f009c0024d0); MathMode=CUBLAS_DEFAULT_MATH
i! COMPILED WITH: GNU GCC/G++ / 4.1.2 20080704 (Red Hat 4.1.2-48)
I! cuBLAS (v10.1) function cublasStatus_t cublasGetMathMode(cublasContext*, cublasMath_t*) called:
i!  handle: type=cublasHandle_t; val=POINTER (IN HEX:0x0x7f009c004c70)
i!  mode: type=cublasMath_t; val=POINTER (IN HEX:0x0x7f00c3318ecc)
i! Time: 2019-09-29T03:10:54 elapsed from start 0.100000 minutes or 6.000000 seconds
i!Process=15476; Thread=139641251538688; GPU=0; Handle=POINTER (IN HEX:0x0x7f009c004c70); StreamId=POINTER (IN HEX:0x0x7f009c0024d0); MathMode=CUBLAS_DEFAULT_MATH
i! COMPILED WITH: GNU GCC/G++ / 4.1.2 20080704 (Red Hat 4.1.2-48)
I! cuBLAS (v10.1) function cublasStatus_t cublasSgemmEx(cublasContext*, cublasOperation_t, cublasOperation_t, int, int, int, const float*, const void*, cublasDataType_t, int, const void*, cublasDataType_t, int, const float*, void*, cublasDataType_t, int) called:
i!  handle: type=cublasHandle_t; val=POINTER (IN HEX:0x0x7f009c004c70)
i!  transa: type=cublasOperation_t; val=CUBLAS_OP_T(1)
i!  transb: type=cublasOperation_t; val=CUBLAS_OP_N(0)
i!  m: type=int; val=200
i!  n: type=int; val=8
i!  k: type=int; val=4096
i!  alpha: type=float; val=POINTER (IN HEX:0x0x7f00c331926c)
i!  A: type=void; val=POINTER (IN HEX:0x0x7efff3400000)
i!  Atype: type=cudaDataType_t; val=CUDA_R_32F(0)
i!  lda: type=int; val=4096
i!  B: type=void; val=POINTER (IN HEX:0x0x7effef3b0000)
i!  Btype: type=cudaDataType_t; val=CUDA_R_32F(0)
i!  ldb: type=int; val=4096
i!  beta: type=float; val=POINTER (IN HEX:0x0x7f00c3319268)
i!  C: type=void; val=POINTER (IN HEX:0x0x7f0037df3a00)
i!  Ctype: type=cudaDataType_t; val=CUDA_R_32F(0)
i!  ldc: type=int; val=200
i! Time: 2019-09-29T03:10:54 elapsed from start 0.100000 minutes or 6.000000 seconds
i!Process=15476; Thread=139641251538688; GPU=0; Handle=POINTER (IN HEX:0x0x7f009c004c70); StreamId=POINTER (IN HEX:0x0x7f009c0024d0); MathMode=CUBLAS_DEFAULT_MATH
i! COMPILED WITH: GNU GCC/G++ / 4.1.2 20080704 (Red Hat 4.1.2-48)
I! cuBLAS (v10.1) function cublasStatus_t cublasGetMathMode(cublasContext*, cublasMath_t*) called:
i!  handle: type=cublasHandle_t; val=POINTER (IN HEX:0x0x7f009c004c70)
i!  mode: type=cublasMath_t; val=POINTER (IN HEX:0x0x7f00c3318ecc)
i! Time: 2019-09-29T03:10:54 elapsed from start 0.100000 minutes or 6.000000 seconds
i!Process=15476; Thread=139641251538688; GPU=0; Handle=POINTER (IN HEX:0x0x7f009c004c70); StreamId=POINTER (IN HEX:0x0x7f009c0024d0); MathMode=CUBLAS_DEFAULT_MATH
i! COMPILED WITH: GNU GCC/G++ / 4.1.2 20080704 (Red Hat 4.1.2-48)
