I! cuBLAS (v10.1) function cublasStatus_t cublasCreate_v2(cublasContext**) called:
I! cuBLAS (v10.1) function cublasStatus_t cublasCreate_v2(cublasContext**) called:
i!  handle: type=cublasHandle_t; val=POINTER (IN HEX:0x0x7f914c0021c8)
i!  handle: type=cublasHandle_t; val=POINTER (IN HEX:0x0x7f91400021c8)
i! Time: 2019-09-29T02:48:23 elapsed from start 0.050000 minutes or 3.000000 seconds
i!Process=10609; Thread=140262411187968; GPU=0; Handle=POINTER (IN HEX:0x(nil))
i! COMPILED WITH: GNU GCC/G++ / 4.1.2 20080704 (Red Hat 4.1.2-48)
i! Time: 2019-09-29T02:48:23 elapsed from start 0.050000 minutes or 3.000000 seconds
i!Process=10609; Thread=140262419580672; GPU=0; Handle=POINTER (IN HEX:0x(nil))
i! COMPILED WITH: GNU GCC/G++ / 4.1.2 20080704 (Red Hat 4.1.2-48)
I! cuBLAS (v10.1) function cublasStatus_t cublasSetStream_v2(cublasContext*, CUstream_st*) called:
i!  handle: type=cublasHandle_t; val=POINTER (IN HEX:0x0x7f90dcb173b0)
i!  streamId: type=SOME TYPE; val=POINTER (IN HEX:0x0x7f914c7ffff0)
i! Time: 2019-09-29T02:48:23 elapsed from start 0.050000 minutes or 3.000000 seconds
i!Process=10609; Thread=140262419580672; GPU=0; Handle=POINTER (IN HEX:0x0x7f90dcb173b0); StreamId=POINTER (IN HEX:0x(nil)) (defaultStream); MathMode=CUBLAS_DEFAULT_MATH
i! COMPILED WITH: GNU GCC/G++ / 4.1.2 20080704 (Red Hat 4.1.2-48)
I! cuBLAS (v10.1) function cublasStatus_t cublasSetStream_v2(cublasContext*, CUstream_st*) called:
i!  handle: type=cublasHandle_t; val=POINTER (IN HEX:0x0x7f9140004c70)
i!  streamId: type=SOME TYPE; val=POINTER (IN HEX:0x0x7f91400024d0)
i! Time: 2019-09-29T02:48:23 elapsed from start 0.050000 minutes or 3.000000 seconds
i!Process=10609; Thread=140262411187968; GPU=0; Handle=POINTER (IN HEX:0x0x7f9140004c70); StreamId=POINTER (IN HEX:0x(nil)) (defaultStream); MathMode=CUBLAS_DEFAULT_MATH
i! COMPILED WITH: GNU GCC/G++ / 4.1.2 20080704 (Red Hat 4.1.2-48)
I! cuBLAS (v10.1) function cublasStatus_t cublasCreate_v2(cublasContext**) called:
I! cuBLAS (v10.1) function cublasStatus_t cublasCreate_v2(cublasContext**) called:
i!  handle: type=cublasHandle_t; val=POINTER (IN HEX:0x0x7f914002e370)
i!  handle: type=cublasHandle_t; val=POINTER (IN HEX:0x0x7f90d624ca20)
i! Time: 2019-09-29T02:48:23 elapsed from start 0.050000 minutes or 3.000000 seconds
i!Process=10609; Thread=140262411187968; GPU=0; Handle=POINTER (IN HEX:0x(nil))
i! COMPILED WITH: GNU GCC/G++ / 4.1.2 20080704 (Red Hat 4.1.2-48)
i! Time: 2019-09-29T02:48:23 elapsed from start 0.050000 minutes or 3.000000 seconds
i!Process=10609; Thread=140262419580672; GPU=0; Handle=POINTER (IN HEX:0x(nil))
i! COMPILED WITH: GNU GCC/G++ / 4.1.2 20080704 (Red Hat 4.1.2-48)
I! cuBLAS (v10.1) function cublasStatus_t cublasCreate_v2(cublasContext**) called:
i!  handle: type=cublasHandle_t; val=POINTER (IN HEX:0x0x7f914002e3b8)
I! cuBLAS (v10.1) function cublasStatus_t cublasCreate_v2(cublasContext**) called:
i!  handle: type=cublasHandle_t; val=POINTER (IN HEX:0x0x7f90d624ca68)
i! Time: 2019-09-29T02:48:24 elapsed from start 0.066667 minutes or 4.000000 seconds
i!Process=10609; Thread=140262411187968; GPU=0; Handle=POINTER (IN HEX:0x(nil))
i! COMPILED WITH: GNU GCC/G++ / 4.1.2 20080704 (Red Hat 4.1.2-48)
i! Time: 2019-09-29T02:48:24 elapsed from start 0.066667 minutes or 4.000000 seconds
i!Process=10609; Thread=140262419580672; GPU=0; Handle=POINTER (IN HEX:0x(nil))
i! COMPILED WITH: GNU GCC/G++ / 4.1.2 20080704 (Red Hat 4.1.2-48)
I! cuBLAS (v10.1) function cublasStatus_t cublasCreate_v2(cublasContext**) called:
i!  handle: type=cublasHandle_t; val=POINTER (IN HEX:0x0x7f914002e3c0)
i! Time: 2019-09-29T02:48:24 elapsed from start 0.066667 minutes or 4.000000 seconds
i!Process=10609; Thread=140262411187968; GPU=0; Handle=POINTER (IN HEX:0x(nil))
i! COMPILED WITH: GNU GCC/G++ / 4.1.2 20080704 (Red Hat 4.1.2-48)
I! cuBLAS (v10.1) function cublasStatus_t cublasCreate_v2(cublasContext**) called:
i!  handle: type=cublasHandle_t; val=POINTER (IN HEX:0x0x7f90d624ca70)
i! Time: 2019-09-29T02:48:24 elapsed from start 0.066667 minutes or 4.000000 seconds
i!Process=10609; Thread=140262419580672; GPU=0; Handle=POINTER (IN HEX:0x(nil))
i! COMPILED WITH: GNU GCC/G++ / 4.1.2 20080704 (Red Hat 4.1.2-48)
I! cuBLAS (v10.1) function cublasStatus_t cublasCreate_v2(cublasContext**) called:
i!  handle: type=cublasHandle_t; val=POINTER (IN HEX:0x0x7f914002e3c8)
i! Time: 2019-09-29T02:48:24 elapsed from start 0.066667 minutes or 4.000000 seconds
i!Process=10609; Thread=140262411187968; GPU=0; Handle=POINTER (IN HEX:0x(nil))
i! COMPILED WITH: GNU GCC/G++ / 4.1.2 20080704 (Red Hat 4.1.2-48)
I! cuBLAS (v10.1) function cublasStatus_t cublasCreate_v2(cublasContext**) called:
i!  handle: type=cublasHandle_t; val=POINTER (IN HEX:0x0x7f90d624ca78)
i! Time: 2019-09-29T02:48:24 elapsed from start 0.066667 minutes or 4.000000 seconds
i!Process=10609; Thread=140262419580672; GPU=0; Handle=POINTER (IN HEX:0x(nil))
i! COMPILED WITH: GNU GCC/G++ / 4.1.2 20080704 (Red Hat 4.1.2-48)
I! cuBLAS (v10.1) function cublasStatus_t cublasSetStream_v2(cublasContext*, CUstream_st*) called:
i!  handle: type=cublasHandle_t; val=POINTER (IN HEX:0x0x7f90bc45ce10)
i!  streamId: type=SOME TYPE; val=POINTER (IN HEX:0x0x7f91400024d0)
i! Time: 2019-09-29T02:48:24 elapsed from start 0.066667 minutes or 4.000000 seconds
i!Process=10609; Thread=140262411187968; GPU=0; Handle=POINTER (IN HEX:0x0x7f90bc45ce10); StreamId=POINTER (IN HEX:0x(nil)) (defaultStream); MathMode=CUBLAS_DEFAULT_MATH
i! COMPILED WITH: GNU GCC/G++ / 4.1.2 20080704 (Red Hat 4.1.2-48)
I! cuBLAS (v10.1) function cublasStatus_t cublasSetStream_v2(cublasContext*, CUstream_st*) called:
i!  handle: type=cublasHandle_t; val=POINTER (IN HEX:0x0x7f90d54b2a60)
i!  streamId: type=SOME TYPE; val=POINTER (IN HEX:0x0x7f914c7ffff0)
i! Time: 2019-09-29T02:48:24 elapsed from start 0.066667 minutes or 4.000000 seconds
i!Process=10609; Thread=140262419580672; GPU=0; Handle=POINTER (IN HEX:0x0x7f90d54b2a60); StreamId=POINTER (IN HEX:0x(nil)) (defaultStream); MathMode=CUBLAS_DEFAULT_MATH
i! COMPILED WITH: GNU GCC/G++ / 4.1.2 20080704 (Red Hat 4.1.2-48)
I! cuBLAS (v10.1) function cublasStatus_t cublasCreate_v2(cublasContext**) called:
i!  handle: type=cublasHandle_t; val=POINTER (IN HEX:0x0x7f90d022b8e8)
i! Time: 2019-09-29T02:48:25 elapsed from start 0.083333 minutes or 5.000000 seconds
i!Process=10609; Thread=140262411187968; GPU=0; Handle=POINTER (IN HEX:0x(nil))
i! COMPILED WITH: GNU GCC/G++ / 4.1.2 20080704 (Red Hat 4.1.2-48)
I! cuBLAS (v10.1) function cublasStatus_t cublasCreate_v2(cublasContext**) called:
i!  handle: type=cublasHandle_t; val=POINTER (IN HEX:0x0x7f90f246e7c8)
i! Time: 2019-09-29T02:48:25 elapsed from start 0.083333 minutes or 5.000000 seconds
i!Process=10609; Thread=140262419580672; GPU=0; Handle=POINTER (IN HEX:0x(nil))
i! COMPILED WITH: GNU GCC/G++ / 4.1.2 20080704 (Red Hat 4.1.2-48)
I! cuBLAS (v10.1) function cublasStatus_t cublasSetStream_v2(cublasContext*, CUstream_st*) called:
i!  handle: type=cublasHandle_t; val=POINTER (IN HEX:0x0x7f9046a32570)
i!  streamId: type=SOME TYPE; val=POINTER (IN HEX:0x0x7f91400024d0)
i! Time: 2019-09-29T02:48:25 elapsed from start 0.083333 minutes or 5.000000 seconds
i!Process=10609; Thread=140262411187968; GPU=0; Handle=POINTER (IN HEX:0x0x7f9046a32570); StreamId=POINTER (IN HEX:0x(nil)) (defaultStream); MathMode=CUBLAS_DEFAULT_MATH
i! COMPILED WITH: GNU GCC/G++ / 4.1.2 20080704 (Red Hat 4.1.2-48)
I! cuBLAS (v10.1) function cublasStatus_t cublasSetStream_v2(cublasContext*, CUstream_st*) called:
i!  handle: type=cublasHandle_t; val=POINTER (IN HEX:0x0x7f9046a32570)
i!  streamId: type=SOME TYPE; val=POINTER (IN HEX:0x0x7f91400024d0)
i! Time: 2019-09-29T02:48:25 elapsed from start 0.083333 minutes or 5.000000 seconds
i!Process=10609; Thread=140262411187968; GPU=0; Handle=POINTER (IN HEX:0x0x7f9046a32570); StreamId=POINTER (IN HEX:0x0x7f91400024d0); MathMode=CUBLAS_DEFAULT_MATH
i! COMPILED WITH: GNU GCC/G++ / 4.1.2 20080704 (Red Hat 4.1.2-48)
I! cuBLAS (v10.1) function cublasStatus_t cublasCgemmBatched(cublasContext*, cublasOperation_t, cublasOperation_t, int, int, int, const cuComplex*, const cuComplex* const*, int, const cuComplex* const*, int, const cuComplex*, cuComplex* const*, int, int) called:
i!  handle: type=cublasHandle_t; val=POINTER (IN HEX:0x0x7f9046a32570)
i!  transa: type=cublasOperation_t; val=CUBLAS_OP_T(1)
i!  transb: type=cublasOperation_t; val=CUBLAS_OP_N(0)
i!  m: type=int; val=48
i!  n: type=int; val=2
i!  k: type=int; val=16
i!  alpha: type=SOME TYPE; val=POINTER (IN HEX:0x0x7f9163317600)
i!  Aarray: type=SOME TYPE; val=POINTER (IN HEX:0x0x7f912e2a5100)
i!  lda: type=int; val=16
i!  Barray: type=SOME TYPE; val=POINTER (IN HEX:0x0x7f912e2a4000)
i!  ldb: type=int; val=16
i!  beta: type=SOME TYPE; val=POINTER (IN HEX:0x0x7f91633175d0)
i!  Carray: type=SOME TYPE; val=POINTER (IN HEX:0x0x7f912e2a6200)
i!  ldc: type=int; val=48
i!  batchSize: type=int; val=544
i! Time: 2019-09-29T02:48:25 elapsed from start 0.083333 minutes or 5.000000 seconds
i!Process=10609; Thread=140262411187968; GPU=0; Handle=POINTER (IN HEX:0x0x7f9046a32570); StreamId=POINTER (IN HEX:0x0x7f91400024d0); MathMode=CUBLAS_DEFAULT_MATH
i! COMPILED WITH: GNU GCC/G++ / 4.1.2 20080704 (Red Hat 4.1.2-48)
I! cuBLAS (v10.1) function cublasStatus_t cublasSetStream_v2(cublasContext*, CUstream_st*) called:
i!  handle: type=cublasHandle_t; val=POINTER (IN HEX:0x0x7f9046a32570)
i!  streamId: type=SOME TYPE; val=POINTER (IN HEX:0x0x7f91400024d0)
i! Time: 2019-09-29T02:48:25 elapsed from start 0.083333 minutes or 5.000000 seconds
i!Process=10609; Thread=140262411187968; GPU=0; Handle=POINTER (IN HEX:0x0x7f9046a32570); StreamId=POINTER (IN HEX:0x0x7f91400024d0); MathMode=CUBLAS_DEFAULT_MATH
i! COMPILED WITH: GNU GCC/G++ / 4.1.2 20080704 (Red Hat 4.1.2-48)
I! cuBLAS (v10.1) function cublasStatus_t cublasSetStream_v2(cublasContext*, CUstream_st*) called:
i!  handle: type=cublasHandle_t; val=POINTER (IN HEX:0x0x7f9046a32570)
i!  streamId: type=SOME TYPE; val=POINTER (IN HEX:0x0x7f91400024d0)
i! Time: 2019-09-29T02:48:25 elapsed from start 0.083333 minutes or 5.000000 seconds
i!Process=10609; Thread=140262411187968; GPU=0; Handle=POINTER (IN HEX:0x0x7f9046a32570); StreamId=POINTER (IN HEX:0x0x7f91400024d0); MathMode=CUBLAS_DEFAULT_MATH
i! COMPILED WITH: GNU GCC/G++ / 4.1.2 20080704 (Red Hat 4.1.2-48)
I! cuBLAS (v10.1) function cublasStatus_t cublasSetStream_v2(cublasContext*, CUstream_st*) called:
i!  handle: type=cublasHandle_t; val=POINTER (IN HEX:0x0x7f9046a32570)
i!  streamId: type=SOME TYPE; val=POINTER (IN HEX:0x0x7f91400024d0)
i! Time: 2019-09-29T02:48:25 elapsed from start 0.083333 minutes or 5.000000 seconds
i!Process=10609; Thread=140262411187968; GPU=0; Handle=POINTER (IN HEX:0x0x7f9046a32570); StreamId=POINTER (IN HEX:0x0x7f91400024d0); MathMode=CUBLAS_DEFAULT_MATH
i! COMPILED WITH: GNU GCC/G++ / 4.1.2 20080704 (Red Hat 4.1.2-48)
I! cuBLAS (v10.1) function cublasStatus_t cublasCgemmBatched(cublasContext*, cublasOperation_t, cublasOperation_t, int, int, int, const cuComplex*, const cuComplex* const*, int, const cuComplex* const*, int, const cuComplex*, cuComplex* const*, int, int) called:
i!  handle: type=cublasHandle_t; val=POINTER (IN HEX:0x0x7f9046a32570)
i!  transa: type=cublasOperation_t; val=CUBLAS_OP_T(1)
i!  transb: type=cublasOperation_t; val=CUBLAS_OP_N(0)
i!  m: type=int; val=64
i!  n: type=int; val=2
i!  k: type=int; val=24
i!  alpha: type=SOME TYPE; val=POINTER (IN HEX:0x0x7f9163317600)
i!  Aarray: type=SOME TYPE; val=POINTER (IN HEX:0x0x7f912e927100)
i!  lda: type=int; val=24
i!  Barray: type=SOME TYPE; val=POINTER (IN HEX:0x0x7f912e926000)
i!  ldb: type=int; val=24
i!  beta: type=SOME TYPE; val=POINTER (IN HEX:0x0x7f91633175d0)
i!  Carray: type=SOME TYPE; val=POINTER (IN HEX:0x0x7f912e928200)
i!  ldc: type=int; val=64
i!  batchSize: type=int; val=544
i! Time: 2019-09-29T02:48:25 elapsed from start 0.083333 minutes or 5.000000 seconds
i!Process=10609; Thread=140262411187968; GPU=0; Handle=POINTER (IN HEX:0x0x7f9046a32570); StreamId=POINTER (IN HEX:0x0x7f91400024d0); MathMode=CUBLAS_DEFAULT_MATH
i! COMPILED WITH: GNU GCC/G++ / 4.1.2 20080704 (Red Hat 4.1.2-48)
I! cuBLAS (v10.1) function cublasStatus_t cublasSetStream_v2(cublasContext*, CUstream_st*) called:
i!  handle: type=cublasHandle_t; val=POINTER (IN HEX:0x0x7f9046a32570)
i!  streamId: type=SOME TYPE; val=POINTER (IN HEX:0x0x7f91400024d0)
i! Time: 2019-09-29T02:48:25 elapsed from start 0.083333 minutes or 5.000000 seconds
i!Process=10609; Thread=140262411187968; GPU=0; Handle=POINTER (IN HEX:0x0x7f9046a32570); StreamId=POINTER (IN HEX:0x0x7f91400024d0); MathMode=CUBLAS_DEFAULT_MATH
i! COMPILED WITH: GNU GCC/G++ / 4.1.2 20080704 (Red Hat 4.1.2-48)
I! cuBLAS (v10.1) function cublasStatus_t cublasSetStream_v2(cublasContext*, CUstream_st*) called:
i!  handle: type=cublasHandle_t; val=POINTER (IN HEX:0x0x7f9046a32570)
i!  streamId: type=SOME TYPE; val=POINTER (IN HEX:0x0x7f91400024d0)
i! Time: 2019-09-29T02:48:25 elapsed from start 0.083333 minutes or 5.000000 seconds
i!Process=10609; Thread=140262411187968; GPU=0; Handle=POINTER (IN HEX:0x0x7f9046a32570); StreamId=POINTER (IN HEX:0x0x7f91400024d0); MathMode=CUBLAS_DEFAULT_MATH
i! COMPILED WITH: GNU GCC/G++ / 4.1.2 20080704 (Red Hat 4.1.2-48)
I! cuBLAS (v10.1) function cublasStatus_t cublasSetStream_v2(cublasContext*, CUstream_st*) called:
i!  handle: type=cublasHandle_t; val=POINTER (IN HEX:0x0x7f9046a32570)
i!  streamId: type=SOME TYPE; val=POINTER (IN HEX:0x0x7f91400024d0)
i! Time: 2019-09-29T02:48:25 elapsed from start 0.083333 minutes or 5.000000 seconds
i!Process=10609; Thread=140262411187968; GPU=0; Handle=POINTER (IN HEX:0x0x7f9046a32570); StreamId=POINTER (IN HEX:0x0x7f91400024d0); MathMode=CUBLAS_DEFAULT_MATH
i! COMPILED WITH: GNU GCC/G++ / 4.1.2 20080704 (Red Hat 4.1.2-48)
I! cuBLAS (v10.1) function cublasStatus_t cublasCgemmBatched(cublasContext*, cublasOperation_t, cublasOperation_t, int, int, int, const cuComplex*, const cuComplex* const*, int, const cuComplex* const*, int, const cuComplex*, cuComplex* const*, int, int) called:
i!  handle: type=cublasHandle_t; val=POINTER (IN HEX:0x0x7f9046a32570)
i!  transa: type=cublasOperation_t; val=CUBLAS_OP_T(1)
i!  transb: type=cublasOperation_t; val=CUBLAS_OP_N(0)
i!  m: type=int; val=64
i!  n: type=int; val=2
i!  k: type=int; val=24
i!  alpha: type=SOME TYPE; val=POINTER (IN HEX:0x0x7f9163317600)
i!  Aarray: type=SOME TYPE; val=POINTER (IN HEX:0x0x7f912e927100)
i!  lda: type=int; val=24
i!  Barray: type=SOME TYPE; val=POINTER (IN HEX:0x0x7f912e926000)
i!  ldb: type=int; val=24
i!  beta: type=SOME TYPE; val=POINTER (IN HEX:0x0x7f91633175d0)
i!  Carray: type=SOME TYPE; val=POINTER (IN HEX:0x0x7f912e928200)
i!  ldc: type=int; val=64
i!  batchSize: type=int; val=544
i! Time: 2019-09-29T02:48:25 elapsed from start 0.083333 minutes or 5.000000 seconds
i!Process=10609; Thread=140262411187968; GPU=0; Handle=POINTER (IN HEX:0x0x7f9046a32570); StreamId=POINTER (IN HEX:0x0x7f91400024d0); MathMode=CUBLAS_DEFAULT_MATH
i! COMPILED WITH: GNU GCC/G++ / 4.1.2 20080704 (Red Hat 4.1.2-48)
I! cuBLAS (v10.1) function cublasStatus_t cublasSetStream_v2(cublasContext*, CUstream_st*) called:
i!  handle: type=cublasHandle_t; val=POINTER (IN HEX:0x0x7f9046a32570)
i!  streamId: type=SOME TYPE; val=POINTER (IN HEX:0x0x7f91400024d0)
i! Time: 2019-09-29T02:48:25 elapsed from start 0.083333 minutes or 5.000000 seconds
i!Process=10609; Thread=140262411187968; GPU=0; Handle=POINTER (IN HEX:0x0x7f9046a32570); StreamId=POINTER (IN HEX:0x0x7f91400024d0); MathMode=CUBLAS_DEFAULT_MATH
i! COMPILED WITH: GNU GCC/G++ / 4.1.2 20080704 (Red Hat 4.1.2-48)
I! cuBLAS (v10.1) function cublasStatus_t cublasSetStream_v2(cublasContext*, CUstream_st*) called:
i!  handle: type=cublasHandle_t; val=POINTER (IN HEX:0x0x7f9046a32570)
i!  streamId: type=SOME TYPE; val=POINTER (IN HEX:0x0x7f91400024d0)
i! Time: 2019-09-29T02:48:25 elapsed from start 0.083333 minutes or 5.000000 seconds
i!Process=10609; Thread=140262411187968; GPU=0; Handle=POINTER (IN HEX:0x0x7f9046a32570); StreamId=POINTER (IN HEX:0x0x7f91400024d0); MathMode=CUBLAS_DEFAULT_MATH
i! COMPILED WITH: GNU GCC/G++ / 4.1.2 20080704 (Red Hat 4.1.2-48)
I! cuBLAS (v10.1) function cublasStatus_t cublasSetStream_v2(cublasContext*, CUstream_st*) called:
i!  handle: type=cublasHandle_t; val=POINTER (IN HEX:0x0x7f9046a32570)
i!  streamId: type=SOME TYPE; val=POINTER (IN HEX:0x0x7f91400024d0)
i! Time: 2019-09-29T02:48:25 elapsed from start 0.083333 minutes or 5.000000 seconds
i!Process=10609; Thread=140262411187968; GPU=0; Handle=POINTER (IN HEX:0x0x7f9046a32570); StreamId=POINTER (IN HEX:0x0x7f91400024d0); MathMode=CUBLAS_DEFAULT_MATH
i! COMPILED WITH: GNU GCC/G++ / 4.1.2 20080704 (Red Hat 4.1.2-48)
I! cuBLAS (v10.1) function cublasStatus_t cublasCgemmBatched(cublasContext*, cublasOperation_t, cublasOperation_t, int, int, int, const cuComplex*, const cuComplex* const*, int, const cuComplex* const*, int, const cuComplex*, cuComplex* const*, int, int) called:
i!  handle: type=cublasHandle_t; val=POINTER (IN HEX:0x0x7f9046a32570)
i!  transa: type=cublasOperation_t; val=CUBLAS_OP_T(1)
i!  transb: type=cublasOperation_t; val=CUBLAS_OP_N(0)
i!  m: type=int; val=64
i!  n: type=int; val=2
i!  k: type=int; val=32
i!  alpha: type=SOME TYPE; val=POINTER (IN HEX:0x0x7f9163317600)
i!  Aarray: type=SOME TYPE; val=POINTER (IN HEX:0x0x7f912ed89100)
i!  lda: type=int; val=32
i!  Barray: type=SOME TYPE; val=POINTER (IN HEX:0x0x7f912ed88000)
i!  ldb: type=int; val=32
i!  beta: type=SOME TYPE; val=POINTER (IN HEX:0x0x7f91633175d0)
i!  Carray: type=SOME TYPE; val=POINTER (IN HEX:0x0x7f912ed8a200)
i!  ldc: type=int; val=64
i!  batchSize: type=int; val=544
i! Time: 2019-09-29T02:48:25 elapsed from start 0.083333 minutes or 5.000000 seconds
i!Process=10609; Thread=140262411187968; GPU=0; Handle=POINTER (IN HEX:0x0x7f9046a32570); StreamId=POINTER (IN HEX:0x0x7f91400024d0); MathMode=CUBLAS_DEFAULT_MATH
i! COMPILED WITH: GNU GCC/G++ / 4.1.2 20080704 (Red Hat 4.1.2-48)
I! cuBLAS (v10.1) function cublasStatus_t cublasSetStream_v2(cublasContext*, CUstream_st*) called:
i!  handle: type=cublasHandle_t; val=POINTER (IN HEX:0x0x7f9046a32570)
i!  streamId: type=SOME TYPE; val=POINTER (IN HEX:0x0x7f91400024d0)
i! Time: 2019-09-29T02:48:25 elapsed from start 0.083333 minutes or 5.000000 seconds
i!Process=10609; Thread=140262411187968; GPU=0; Handle=POINTER (IN HEX:0x0x7f9046a32570); StreamId=POINTER (IN HEX:0x0x7f91400024d0); MathMode=CUBLAS_DEFAULT_MATH
i! COMPILED WITH: GNU GCC/G++ / 4.1.2 20080704 (Red Hat 4.1.2-48)
I! cuBLAS (v10.1) function cublasStatus_t cublasSetStream_v2(cublasContext*, CUstream_st*) called:
i!  handle: type=cublasHandle_t; val=POINTER (IN HEX:0x0x7f9046a32570)
i!  streamId: type=SOME TYPE; val=POINTER (IN HEX:0x0x7f91400024d0)
i! Time: 2019-09-29T02:48:25 elapsed from start 0.083333 minutes or 5.000000 seconds
i!Process=10609; Thread=140262411187968; GPU=0; Handle=POINTER (IN HEX:0x0x7f9046a32570); StreamId=POINTER (IN HEX:0x0x7f91400024d0); MathMode=CUBLAS_DEFAULT_MATH
i! COMPILED WITH: GNU GCC/G++ / 4.1.2 20080704 (Red Hat 4.1.2-48)
I! cuBLAS (v10.1) function cublasStatus_t cublasSetStream_v2(cublasContext*, CUstream_st*) called:
i!  handle: type=cublasHandle_t; val=POINTER (IN HEX:0x0x7f9046a32570)
i!  streamId: type=SOME TYPE; val=POINTER (IN HEX:0x0x7f91400024d0)
i! Time: 2019-09-29T02:48:25 elapsed from start 0.083333 minutes or 5.000000 seconds
i!Process=10609; Thread=140262411187968; GPU=0; Handle=POINTER (IN HEX:0x0x7f9046a32570); StreamId=POINTER (IN HEX:0x0x7f91400024d0); MathMode=CUBLAS_DEFAULT_MATH
i! COMPILED WITH: GNU GCC/G++ / 4.1.2 20080704 (Red Hat 4.1.2-48)
I! cuBLAS (v10.1) function cublasStatus_t cublasCgemmBatched(cublasContext*, cublasOperation_t, cublasOperation_t, int, int, int, const cuComplex*, const cuComplex* const*, int, const cuComplex* const*, int, const cuComplex*, cuComplex* const*, int, int) called:
i!  handle: type=cublasHandle_t; val=POINTER (IN HEX:0x0x7f9046a32570)
i!  transa: type=cublasOperation_t; val=CUBLAS_OP_T(1)
i!  transb: type=cublasOperation_t; val=CUBLAS_OP_N(0)
i!  m: type=int; val=128
i!  n: type=int; val=2
i!  k: type=int; val=32
i!  alpha: type=SOME TYPE; val=POINTER (IN HEX:0x0x7f9163317600)
i!  Aarray: type=SOME TYPE; val=POINTER (IN HEX:0x0x7f912fe89100)
i!  lda: type=int; val=32
i!  Barray: type=SOME TYPE; val=POINTER (IN HEX:0x0x7f912fe88000)
i!  ldb: type=int; val=32
i!  beta: type=SOME TYPE; val=POINTER (IN HEX:0x0x7f91633175d0)
i!  Carray: type=SOME TYPE; val=POINTER (IN HEX:0x0x7f912fe8a200)
i!  ldc: type=int; val=128
i!  batchSize: type=int; val=544
i! Time: 2019-09-29T02:48:25 elapsed from start 0.083333 minutes or 5.000000 seconds
i!Process=10609; Thread=140262411187968; GPU=0; Handle=POINTER (IN HEX:0x0x7f9046a32570); StreamId=POINTER (IN HEX:0x0x7f91400024d0); MathMode=CUBLAS_DEFAULT_MATH
i! COMPILED WITH: GNU GCC/G++ / 4.1.2 20080704 (Red Hat 4.1.2-48)
I! cuBLAS (v10.1) function cublasStatus_t cublasSetStream_v2(cublasContext*, CUstream_st*) called:
i!  handle: type=cublasHandle_t; val=POINTER (IN HEX:0x0x7f9046a32570)
i!  streamId: type=SOME TYPE; val=POINTER (IN HEX:0x0x7f91400024d0)
i! Time: 2019-09-29T02:48:25 elapsed from start 0.083333 minutes or 5.000000 seconds
i!Process=10609; Thread=140262411187968; GPU=0; Handle=POINTER (IN HEX:0x0x7f9046a32570); StreamId=POINTER (IN HEX:0x0x7f91400024d0); MathMode=CUBLAS_DEFAULT_MATH
i! COMPILED WITH: GNU GCC/G++ / 4.1.2 20080704 (Red Hat 4.1.2-48)
I! cuBLAS (v10.1) function cublasStatus_t cublasSetStream_v2(cublasContext*, CUstream_st*) called:
i!  handle: type=cublasHandle_t; val=POINTER (IN HEX:0x0x7f9046a32570)
i!  streamId: type=SOME TYPE; val=POINTER (IN HEX:0x0x7f91400024d0)
i! Time: 2019-09-29T02:48:25 elapsed from start 0.083333 minutes or 5.000000 seconds
i!Process=10609; Thread=140262411187968; GPU=0; Handle=POINTER (IN HEX:0x0x7f9046a32570); StreamId=POINTER (IN HEX:0x0x7f91400024d0); MathMode=CUBLAS_DEFAULT_MATH
i! COMPILED WITH: GNU GCC/G++ / 4.1.2 20080704 (Red Hat 4.1.2-48)
I! cuBLAS (v10.1) function cublasStatus_t cublasSetStream_v2(cublasContext*, CUstream_st*) called:
i!  handle: type=cublasHandle_t; val=POINTER (IN HEX:0x0x7f9046a32570)
i!  streamId: type=SOME TYPE; val=POINTER (IN HEX:0x0x7f91400024d0)
i! Time: 2019-09-29T02:48:25 elapsed from start 0.083333 minutes or 5.000000 seconds
i!Process=10609; Thread=140262411187968; GPU=0; Handle=POINTER (IN HEX:0x0x7f9046a32570); StreamId=POINTER (IN HEX:0x0x7f91400024d0); MathMode=CUBLAS_DEFAULT_MATH
i! COMPILED WITH: GNU GCC/G++ / 4.1.2 20080704 (Red Hat 4.1.2-48)
I! cuBLAS (v10.1) function cublasStatus_t cublasCgemmBatched(cublasContext*, cublasOperation_t, cublasOperation_t, int, int, int, const cuComplex*, const cuComplex* const*, int, const cuComplex* const*, int, const cuComplex*, cuComplex* const*, int, int) called:
i!  handle: type=cublasHandle_t; val=POINTER (IN HEX:0x0x7f9046a32570)
i!  transa: type=cublasOperation_t; val=CUBLAS_OP_T(1)
i!  transb: type=cublasOperation_t; val=CUBLAS_OP_N(0)
i!  m: type=int; val=128
i!  n: type=int; val=2
i!  k: type=int; val=32
i!  alpha: type=SOME TYPE; val=POINTER (IN HEX:0x0x7f9163317600)
i!  Aarray: type=SOME TYPE; val=POINTER (IN HEX:0x0x7f912e524480)
i!  lda: type=int; val=32
i!  Barray: type=SOME TYPE; val=POINTER (IN HEX:0x0x7f912e524000)
i!  ldb: type=int; val=32
i!  beta: type=SOME TYPE; val=POINTER (IN HEX:0x0x7f91633175d0)
i!  Carray: type=SOME TYPE; val=POINTER (IN HEX:0x0x7f912e524900)
i!  ldc: type=int; val=128
i!  batchSize: type=int; val=144
i! Time: 2019-09-29T02:48:25 elapsed from start 0.083333 minutes or 5.000000 seconds
i!Process=10609; Thread=140262411187968; GPU=0; Handle=POINTER (IN HEX:0x0x7f9046a32570); StreamId=POINTER (IN HEX:0x0x7f91400024d0); MathMode=CUBLAS_DEFAULT_MATH
i! COMPILED WITH: GNU GCC/G++ / 4.1.2 20080704 (Red Hat 4.1.2-48)
I! cuBLAS (v10.1) function cublasStatus_t cublasSetStream_v2(cublasContext*, CUstream_st*) called:
i!  handle: type=cublasHandle_t; val=POINTER (IN HEX:0x0x7f9046a32570)
i!  streamId: type=SOME TYPE; val=POINTER (IN HEX:0x0x7f91400024d0)
i! Time: 2019-09-29T02:48:25 elapsed from start 0.083333 minutes or 5.000000 seconds
i!Process=10609; Thread=140262411187968; GPU=0; Handle=POINTER (IN HEX:0x0x7f9046a32570); StreamId=POINTER (IN HEX:0x0x7f91400024d0); MathMode=CUBLAS_DEFAULT_MATH
i! COMPILED WITH: GNU GCC/G++ / 4.1.2 20080704 (Red Hat 4.1.2-48)
I! cuBLAS (v10.1) function cublasStatus_t cublasSetStream_v2(cublasContext*, CUstream_st*) called:
i!  handle: type=cublasHandle_t; val=POINTER (IN HEX:0x0x7f9046a32570)
i!  streamId: type=SOME TYPE; val=POINTER (IN HEX:0x0x7f91400024d0)
i! Time: 2019-09-29T02:48:25 elapsed from start 0.083333 minutes or 5.000000 seconds
i!Process=10609; Thread=140262411187968; GPU=0; Handle=POINTER (IN HEX:0x0x7f9046a32570); StreamId=POINTER (IN HEX:0x0x7f91400024d0); MathMode=CUBLAS_DEFAULT_MATH
i! COMPILED WITH: GNU GCC/G++ / 4.1.2 20080704 (Red Hat 4.1.2-48)
I! cuBLAS (v10.1) function cublasStatus_t cublasSetStream_v2(cublasContext*, CUstream_st*) called:
i!  handle: type=cublasHandle_t; val=POINTER (IN HEX:0x0x7f9046a32570)
i!  streamId: type=SOME TYPE; val=POINTER (IN HEX:0x0x7f91400024d0)
i! Time: 2019-09-29T02:48:25 elapsed from start 0.083333 minutes or 5.000000 seconds
i!Process=10609; Thread=140262411187968; GPU=0; Handle=POINTER (IN HEX:0x0x7f9046a32570); StreamId=POINTER (IN HEX:0x0x7f91400024d0); MathMode=CUBLAS_DEFAULT_MATH
i! COMPILED WITH: GNU GCC/G++ / 4.1.2 20080704 (Red Hat 4.1.2-48)
I! cuBLAS (v10.1) function cublasStatus_t cublasCgemmBatched(cublasContext*, cublasOperation_t, cublasOperation_t, int, int, int, const cuComplex*, const cuComplex* const*, int, const cuComplex* const*, int, const cuComplex*, cuComplex* const*, int, int) called:
i!  handle: type=cublasHandle_t; val=POINTER (IN HEX:0x0x7f9046a32570)
i!  transa: type=cublasOperation_t; val=CUBLAS_OP_T(1)
i!  transb: type=cublasOperation_t; val=CUBLAS_OP_N(0)
i!  m: type=int; val=128
i!  n: type=int; val=2
i!  k: type=int; val=48
i!  alpha: type=SOME TYPE; val=POINTER (IN HEX:0x0x7f9163317600)
i!  Aarray: type=SOME TYPE; val=POINTER (IN HEX:0x0x7f912e9b6480)
i!  lda: type=int; val=48
i!  Barray: type=SOME TYPE; val=POINTER (IN HEX:0x0x7f912e9b6000)
i!  ldb: type=int; val=48
i!  beta: type=SOME TYPE; val=POINTER (IN HEX:0x0x7f91633175d0)
i!  Carray: type=SOME TYPE; val=POINTER (IN HEX:0x0x7f912e9b6900)
i!  ldc: type=int; val=128
i!  batchSize: type=int; val=144
i! Time: 2019-09-29T02:48:25 elapsed from start 0.083333 minutes or 5.000000 seconds
i!Process=10609; Thread=140262411187968; GPU=0; Handle=POINTER (IN HEX:0x0x7f9046a32570); StreamId=POINTER (IN HEX:0x0x7f91400024d0); MathMode=CUBLAS_DEFAULT_MATH
i! COMPILED WITH: GNU GCC/G++ / 4.1.2 20080704 (Red Hat 4.1.2-48)
I! cuBLAS (v10.1) function cublasStatus_t cublasSetStream_v2(cublasContext*, CUstream_st*) called:
i!  handle: type=cublasHandle_t; val=POINTER (IN HEX:0x0x7f9046a32570)
i!  streamId: type=SOME TYPE; val=POINTER (IN HEX:0x0x7f91400024d0)
i! Time: 2019-09-29T02:48:25 elapsed from start 0.083333 minutes or 5.000000 seconds
i!Process=10609; Thread=140262411187968; GPU=0; Handle=POINTER (IN HEX:0x0x7f9046a32570); StreamId=POINTER (IN HEX:0x0x7f91400024d0); MathMode=CUBLAS_DEFAULT_MATH
i! COMPILED WITH: GNU GCC/G++ / 4.1.2 20080704 (Red Hat 4.1.2-48)
I! cuBLAS (v10.1) function cublasStatus_t cublasSgemmEx(cublasContext*, cublasOperation_t, cublasOperation_t, int, int, int, const float*, const void*, cublasDataType_t, int, const void*, cublasDataType_t, int, const float*, void*, cublasDataType_t, int) called:
i!  handle: type=cublasHandle_t; val=POINTER (IN HEX:0x0x7f9140004c70)
i!  transa: type=cublasOperation_t; val=CUBLAS_OP_T(1)
i!  transb: type=cublasOperation_t; val=CUBLAS_OP_N(0)
i!  m: type=int; val=1000
i!  n: type=int; val=2
i!  k: type=int; val=1024
i!  alpha: type=float; val=POINTER (IN HEX:0x0x7f916331a26c)
i!  A: type=void; val=POINTER (IN HEX:0x0x7f912d200000)
i!  Atype: type=cudaDataType_t; val=CUDA_R_32F(0)
i!  lda: type=int; val=1024
i!  B: type=void; val=POINTER (IN HEX:0x0x7f90afbf1800)
i!  Btype: type=cudaDataType_t; val=CUDA_R_32F(0)
i!  ldb: type=int; val=1024
i!  beta: type=float; val=POINTER (IN HEX:0x0x7f916331a268)
i!  C: type=void; val=POINTER (IN HEX:0x0x7f90b77d1000)
i!  Ctype: type=cudaDataType_t; val=CUDA_R_32F(0)
i!  ldc: type=int; val=1000
i! Time: 2019-09-29T02:48:25 elapsed from start 0.083333 minutes or 5.000000 seconds
i!Process=10609; Thread=140262411187968; GPU=0; Handle=POINTER (IN HEX:0x0x7f9140004c70); StreamId=POINTER (IN HEX:0x0x7f91400024d0); MathMode=CUBLAS_DEFAULT_MATH
i! COMPILED WITH: GNU GCC/G++ / 4.1.2 20080704 (Red Hat 4.1.2-48)
I! cuBLAS (v10.1) function cublasStatus_t cublasGetMathMode(cublasContext*, cublasMath_t*) called:
i!  handle: type=cublasHandle_t; val=POINTER (IN HEX:0x0x7f9140004c70)
i!  mode: type=cublasMath_t; val=POINTER (IN HEX:0x0x7f9163319ecc)
i! Time: 2019-09-29T02:48:25 elapsed from start 0.083333 minutes or 5.000000 seconds
i!Process=10609; Thread=140262411187968; GPU=0; Handle=POINTER (IN HEX:0x0x7f9140004c70); StreamId=POINTER (IN HEX:0x0x7f91400024d0); MathMode=CUBLAS_DEFAULT_MATH
i! COMPILED WITH: GNU GCC/G++ / 4.1.2 20080704 (Red Hat 4.1.2-48)
I! cuBLAS (v10.1) function cublasStatus_t cublasSetStream_v2(cublasContext*, CUstream_st*) called:
i!  handle: type=cublasHandle_t; val=POINTER (IN HEX:0x0x7f90d68b4990)
i!  streamId: type=SOME TYPE; val=POINTER (IN HEX:0x0x7f914c7ffff0)
i! Time: 2019-09-29T02:48:25 elapsed from start 0.083333 minutes or 5.000000 seconds
i!Process=10609; Thread=140262419580672; GPU=0; Handle=POINTER (IN HEX:0x0x7f90d68b4990); StreamId=POINTER (IN HEX:0x(nil)) (defaultStream); MathMode=CUBLAS_DEFAULT_MATH
i! COMPILED WITH: GNU GCC/G++ / 4.1.2 20080704 (Red Hat 4.1.2-48)
I! cuBLAS (v10.1) function cublasStatus_t cublasSetStream_v2(cublasContext*, CUstream_st*) called:
i!  handle: type=cublasHandle_t; val=POINTER (IN HEX:0x0x7f90d68b4990)
i!  streamId: type=SOME TYPE; val=POINTER (IN HEX:0x0x7f914c7ffff0)
i! Time: 2019-09-29T02:48:25 elapsed from start 0.083333 minutes or 5.000000 seconds
i!Process=10609; Thread=140262419580672; GPU=0; Handle=POINTER (IN HEX:0x0x7f90d68b4990); StreamId=POINTER (IN HEX:0x0x7f914c7ffff0); MathMode=CUBLAS_DEFAULT_MATH
i! COMPILED WITH: GNU GCC/G++ / 4.1.2 20080704 (Red Hat 4.1.2-48)
I! cuBLAS (v10.1) function cublasStatus_t cublasCgemmBatched(cublasContext*, cublasOperation_t, cublasOperation_t, int, int, int, const cuComplex*, const cuComplex* const*, int, const cuComplex* const*, int, const cuComplex*, cuComplex* const*, int, int) called:
i!  handle: type=cublasHandle_t; val=POINTER (IN HEX:0x0x7f90d68b4990)
i!  transa: type=cublasOperation_t; val=CUBLAS_OP_T(1)
i!  transb: type=cublasOperation_t; val=CUBLAS_OP_N(0)
i!  m: type=int; val=48
i!  n: type=int; val=2
i!  k: type=int; val=16
i!  alpha: type=SOME TYPE; val=POINTER (IN HEX:0x0x7f9163b18600)
i!  Aarray: type=SOME TYPE; val=POINTER (IN HEX:0x0x7f912e2a5100)
i!  lda: type=int; val=16
i!  Barray: type=SOME TYPE; val=POINTER (IN HEX:0x0x7f912e2a4000)
i!  ldb: type=int; val=16
i!  beta: type=SOME TYPE; val=POINTER (IN HEX:0x0x7f9163b185d0)
i!  Carray: type=SOME TYPE; val=POINTER (IN HEX:0x0x7f912e2a6200)
i!  ldc: type=int; val=48
i!  batchSize: type=int; val=544
i! Time: 2019-09-29T02:48:25 elapsed from start 0.083333 minutes or 5.000000 seconds
i!Process=10609; Thread=140262419580672; GPU=0; Handle=POINTER (IN HEX:0x0x7f90d68b4990); StreamId=POINTER (IN HEX:0x0x7f914c7ffff0); MathMode=CUBLAS_DEFAULT_MATH
i! COMPILED WITH: GNU GCC/G++ / 4.1.2 20080704 (Red Hat 4.1.2-48)
I! cuBLAS (v10.1) function cublasStatus_t cublasSetStream_v2(cublasContext*, CUstream_st*) called:
i!  handle: type=cublasHandle_t; val=POINTER (IN HEX:0x0x7f90d68b4990)
i!  streamId: type=SOME TYPE; val=POINTER (IN HEX:0x0x7f914c7ffff0)
i! Time: 2019-09-29T02:48:25 elapsed from start 0.083333 minutes or 5.000000 seconds
i!Process=10609; Thread=140262419580672; GPU=0; Handle=POINTER (IN HEX:0x0x7f90d68b4990); StreamId=POINTER (IN HEX:0x0x7f914c7ffff0); MathMode=CUBLAS_DEFAULT_MATH
i! COMPILED WITH: GNU GCC/G++ / 4.1.2 20080704 (Red Hat 4.1.2-48)
I! cuBLAS (v10.1) function cublasStatus_t cublasSetStream_v2(cublasContext*, CUstream_st*) called:
i!  handle: type=cublasHandle_t; val=POINTER (IN HEX:0x0x7f90d68b4990)
i!  streamId: type=SOME TYPE; val=POINTER (IN HEX:0x0x7f914c7ffff0)
i! Time: 2019-09-29T02:48:25 elapsed from start 0.083333 minutes or 5.000000 seconds
i!Process=10609; Thread=140262419580672; GPU=0; Handle=POINTER (IN HEX:0x0x7f90d68b4990); StreamId=POINTER (IN HEX:0x0x7f914c7ffff0); MathMode=CUBLAS_DEFAULT_MATH
i! COMPILED WITH: GNU GCC/G++ / 4.1.2 20080704 (Red Hat 4.1.2-48)
I! cuBLAS (v10.1) function cublasStatus_t cublasSetStream_v2(cublasContext*, CUstream_st*) called:
i!  handle: type=cublasHandle_t; val=POINTER (IN HEX:0x0x7f90d68b4990)
i!  streamId: type=SOME TYPE; val=POINTER (IN HEX:0x0x7f914c7ffff0)
i! Time: 2019-09-29T02:48:25 elapsed from start 0.083333 minutes or 5.000000 seconds
i!Process=10609; Thread=140262419580672; GPU=0; Handle=POINTER (IN HEX:0x0x7f90d68b4990); StreamId=POINTER (IN HEX:0x0x7f914c7ffff0); MathMode=CUBLAS_DEFAULT_MATH
i! COMPILED WITH: GNU GCC/G++ / 4.1.2 20080704 (Red Hat 4.1.2-48)
I! cuBLAS (v10.1) function cublasStatus_t cublasCgemmBatched(cublasContext*, cublasOperation_t, cublasOperation_t, int, int, int, const cuComplex*, const cuComplex* const*, int, const cuComplex* const*, int, const cuComplex*, cuComplex* const*, int, int) called:
i!  handle: type=cublasHandle_t; val=POINTER (IN HEX:0x0x7f90d68b4990)
i!  transa: type=cublasOperation_t; val=CUBLAS_OP_T(1)
i!  transb: type=cublasOperation_t; val=CUBLAS_OP_N(0)
i!  m: type=int; val=64
i!  n: type=int; val=2
i!  k: type=int; val=24
i!  alpha: type=SOME TYPE; val=POINTER (IN HEX:0x0x7f9163b18600)
i!  Aarray: type=SOME TYPE; val=POINTER (IN HEX:0x0x7f912e927100)
i!  lda: type=int; val=24
i!  Barray: type=SOME TYPE; val=POINTER (IN HEX:0x0x7f912e926000)
i!  ldb: type=int; val=24
i!  beta: type=SOME TYPE; val=POINTER (IN HEX:0x0x7f9163b185d0)
i!  Carray: type=SOME TYPE; val=POINTER (IN HEX:0x0x7f912e928200)
i!  ldc: type=int; val=64
i!  batchSize: type=int; val=544
i! Time: 2019-09-29T02:48:25 elapsed from start 0.083333 minutes or 5.000000 seconds
i!Process=10609; Thread=140262419580672; GPU=0; Handle=POINTER (IN HEX:0x0x7f90d68b4990); StreamId=POINTER (IN HEX:0x0x7f914c7ffff0); MathMode=CUBLAS_DEFAULT_MATH
i! COMPILED WITH: GNU GCC/G++ / 4.1.2 20080704 (Red Hat 4.1.2-48)
I! cuBLAS (v10.1) function cublasStatus_t cublasSetStream_v2(cublasContext*, CUstream_st*) called:
i!  handle: type=cublasHandle_t; val=POINTER (IN HEX:0x0x7f90d68b4990)
i!  streamId: type=SOME TYPE; val=POINTER (IN HEX:0x0x7f914c7ffff0)
i! Time: 2019-09-29T02:48:25 elapsed from start 0.083333 minutes or 5.000000 seconds
i!Process=10609; Thread=140262419580672; GPU=0; Handle=POINTER (IN HEX:0x0x7f90d68b4990); StreamId=POINTER (IN HEX:0x0x7f914c7ffff0); MathMode=CUBLAS_DEFAULT_MATH
i! COMPILED WITH: GNU GCC/G++ / 4.1.2 20080704 (Red Hat 4.1.2-48)
I! cuBLAS (v10.1) function cublasStatus_t cublasSetStream_v2(cublasContext*, CUstream_st*) called:
i!  handle: type=cublasHandle_t; val=POINTER (IN HEX:0x0x7f90d68b4990)
i!  streamId: type=SOME TYPE; val=POINTER (IN HEX:0x0x7f914c7ffff0)
i! Time: 2019-09-29T02:48:25 elapsed from start 0.083333 minutes or 5.000000 seconds
i!Process=10609; Thread=140262419580672; GPU=0; Handle=POINTER (IN HEX:0x0x7f90d68b4990); StreamId=POINTER (IN HEX:0x0x7f914c7ffff0); MathMode=CUBLAS_DEFAULT_MATH
i! COMPILED WITH: GNU GCC/G++ / 4.1.2 20080704 (Red Hat 4.1.2-48)
I! cuBLAS (v10.1) function cublasStatus_t cublasSetStream_v2(cublasContext*, CUstream_st*) called:
i!  handle: type=cublasHandle_t; val=POINTER (IN HEX:0x0x7f90d68b4990)
i!  streamId: type=SOME TYPE; val=POINTER (IN HEX:0x0x7f914c7ffff0)
i! Time: 2019-09-29T02:48:25 elapsed from start 0.083333 minutes or 5.000000 seconds
i!Process=10609; Thread=140262419580672; GPU=0; Handle=POINTER (IN HEX:0x0x7f90d68b4990); StreamId=POINTER (IN HEX:0x0x7f914c7ffff0); MathMode=CUBLAS_DEFAULT_MATH
i! COMPILED WITH: GNU GCC/G++ / 4.1.2 20080704 (Red Hat 4.1.2-48)
I! cuBLAS (v10.1) function cublasStatus_t cublasCgemmBatched(cublasContext*, cublasOperation_t, cublasOperation_t, int, int, int, const cuComplex*, const cuComplex* const*, int, const cuComplex* const*, int, const cuComplex*, cuComplex* const*, int, int) called:
i!  handle: type=cublasHandle_t; val=POINTER (IN HEX:0x0x7f90d68b4990)
i!  transa: type=cublasOperation_t; val=CUBLAS_OP_T(1)
i!  transb: type=cublasOperation_t; val=CUBLAS_OP_N(0)
i!  m: type=int; val=64
i!  n: type=int; val=2
i!  k: type=int; val=24
i!  alpha: type=SOME TYPE; val=POINTER (IN HEX:0x0x7f9163b18600)
i!  Aarray: type=SOME TYPE; val=POINTER (IN HEX:0x0x7f912e927100)
i!  lda: type=int; val=24
i!  Barray: type=SOME TYPE; val=POINTER (IN HEX:0x0x7f912e926000)
i!  ldb: type=int; val=24
i!  beta: type=SOME TYPE; val=POINTER (IN HEX:0x0x7f9163b185d0)
i!  Carray: type=SOME TYPE; val=POINTER (IN HEX:0x0x7f912e928200)
i!  ldc: type=int; val=64
i!  batchSize: type=int; val=544
i! Time: 2019-09-29T02:48:25 elapsed from start 0.083333 minutes or 5.000000 seconds
i!Process=10609; Thread=140262419580672; GPU=0; Handle=POINTER (IN HEX:0x0x7f90d68b4990); StreamId=POINTER (IN HEX:0x0x7f914c7ffff0); MathMode=CUBLAS_DEFAULT_MATH
i! COMPILED WITH: GNU GCC/G++ / 4.1.2 20080704 (Red Hat 4.1.2-48)
I! cuBLAS (v10.1) function cublasStatus_t cublasSetStream_v2(cublasContext*, CUstream_st*) called:
i!  handle: type=cublasHandle_t; val=POINTER (IN HEX:0x0x7f90d68b4990)
i!  streamId: type=SOME TYPE; val=POINTER (IN HEX:0x0x7f914c7ffff0)
i! Time: 2019-09-29T02:48:25 elapsed from start 0.083333 minutes or 5.000000 seconds
i!Process=10609; Thread=140262419580672; GPU=0; Handle=POINTER (IN HEX:0x0x7f90d68b4990); StreamId=POINTER (IN HEX:0x0x7f914c7ffff0); MathMode=CUBLAS_DEFAULT_MATH
i! COMPILED WITH: GNU GCC/G++ / 4.1.2 20080704 (Red Hat 4.1.2-48)
I! cuBLAS (v10.1) function cublasStatus_t cublasSetStream_v2(cublasContext*, CUstream_st*) called:
i!  handle: type=cublasHandle_t; val=POINTER (IN HEX:0x0x7f90d68b4990)
i!  streamId: type=SOME TYPE; val=POINTER (IN HEX:0x0x7f914c7ffff0)
i! Time: 2019-09-29T02:48:25 elapsed from start 0.083333 minutes or 5.000000 seconds
i!Process=10609; Thread=140262419580672; GPU=0; Handle=POINTER (IN HEX:0x0x7f90d68b4990); StreamId=POINTER (IN HEX:0x0x7f914c7ffff0); MathMode=CUBLAS_DEFAULT_MATH
i! COMPILED WITH: GNU GCC/G++ / 4.1.2 20080704 (Red Hat 4.1.2-48)
I! cuBLAS (v10.1) function cublasStatus_t cublasSetStream_v2(cublasContext*, CUstream_st*) called:
i!  handle: type=cublasHandle_t; val=POINTER (IN HEX:0x0x7f90d68b4990)
i!  streamId: type=SOME TYPE; val=POINTER (IN HEX:0x0x7f914c7ffff0)
i! Time: 2019-09-29T02:48:25 elapsed from start 0.083333 minutes or 5.000000 seconds
i!Process=10609; Thread=140262419580672; GPU=0; Handle=POINTER (IN HEX:0x0x7f90d68b4990); StreamId=POINTER (IN HEX:0x0x7f914c7ffff0); MathMode=CUBLAS_DEFAULT_MATH
i! COMPILED WITH: GNU GCC/G++ / 4.1.2 20080704 (Red Hat 4.1.2-48)
I! cuBLAS (v10.1) function cublasStatus_t cublasCgemmBatched(cublasContext*, cublasOperation_t, cublasOperation_t, int, int, int, const cuComplex*, const cuComplex* const*, int, const cuComplex* const*, int, const cuComplex*, cuComplex* const*, int, int) called:
i!  handle: type=cublasHandle_t; val=POINTER (IN HEX:0x0x7f90d68b4990)
i!  transa: type=cublasOperation_t; val=CUBLAS_OP_T(1)
i!  transb: type=cublasOperation_t; val=CUBLAS_OP_N(0)
i!  m: type=int; val=64
i!  n: type=int; val=2
i!  k: type=int; val=32
i!  alpha: type=SOME TYPE; val=POINTER (IN HEX:0x0x7f9163b18600)
i!  Aarray: type=SOME TYPE; val=POINTER (IN HEX:0x0x7f912ed89100)
i!  lda: type=int; val=32
i!  Barray: type=SOME TYPE; val=POINTER (IN HEX:0x0x7f912ed88000)
i!  ldb: type=int; val=32
i!  beta: type=SOME TYPE; val=POINTER (IN HEX:0x0x7f9163b185d0)
i!  Carray: type=SOME TYPE; val=POINTER (IN HEX:0x0x7f912ed8a200)
i!  ldc: type=int; val=64
i!  batchSize: type=int; val=544
i! Time: 2019-09-29T02:48:25 elapsed from start 0.083333 minutes or 5.000000 seconds
i!Process=10609; Thread=140262419580672; GPU=0; Handle=POINTER (IN HEX:0x0x7f90d68b4990); StreamId=POINTER (IN HEX:0x0x7f914c7ffff0); MathMode=CUBLAS_DEFAULT_MATH
i! COMPILED WITH: GNU GCC/G++ / 4.1.2 20080704 (Red Hat 4.1.2-48)
I! cuBLAS (v10.1) function cublasStatus_t cublasSetStream_v2(cublasContext*, CUstream_st*) called:
i!  handle: type=cublasHandle_t; val=POINTER (IN HEX:0x0x7f90d68b4990)
i!  streamId: type=SOME TYPE; val=POINTER (IN HEX:0x0x7f914c7ffff0)
i! Time: 2019-09-29T02:48:25 elapsed from start 0.083333 minutes or 5.000000 seconds
i!Process=10609; Thread=140262419580672; GPU=0; Handle=POINTER (IN HEX:0x0x7f90d68b4990); StreamId=POINTER (IN HEX:0x0x7f914c7ffff0); MathMode=CUBLAS_DEFAULT_MATH
i! COMPILED WITH: GNU GCC/G++ / 4.1.2 20080704 (Red Hat 4.1.2-48)
I! cuBLAS (v10.1) function cublasStatus_t cublasSetStream_v2(cublasContext*, CUstream_st*) called:
i!  handle: type=cublasHandle_t; val=POINTER (IN HEX:0x0x7f90d68b4990)
i!  streamId: type=SOME TYPE; val=POINTER (IN HEX:0x0x7f914c7ffff0)
i! Time: 2019-09-29T02:48:25 elapsed from start 0.083333 minutes or 5.000000 seconds
i!Process=10609; Thread=140262419580672; GPU=0; Handle=POINTER (IN HEX:0x0x7f90d68b4990); StreamId=POINTER (IN HEX:0x0x7f914c7ffff0); MathMode=CUBLAS_DEFAULT_MATH
i! COMPILED WITH: GNU GCC/G++ / 4.1.2 20080704 (Red Hat 4.1.2-48)
I! cuBLAS (v10.1) function cublasStatus_t cublasSetStream_v2(cublasContext*, CUstream_st*) called:
i!  handle: type=cublasHandle_t; val=POINTER (IN HEX:0x0x7f90d68b4990)
i!  streamId: type=SOME TYPE; val=POINTER (IN HEX:0x0x7f914c7ffff0)
i! Time: 2019-09-29T02:48:25 elapsed from start 0.083333 minutes or 5.000000 seconds
i!Process=10609; Thread=140262419580672; GPU=0; Handle=POINTER (IN HEX:0x0x7f90d68b4990); StreamId=POINTER (IN HEX:0x0x7f914c7ffff0); MathMode=CUBLAS_DEFAULT_MATH
i! COMPILED WITH: GNU GCC/G++ / 4.1.2 20080704 (Red Hat 4.1.2-48)
I! cuBLAS (v10.1) function cublasStatus_t cublasCgemmBatched(cublasContext*, cublasOperation_t, cublasOperation_t, int, int, int, const cuComplex*, const cuComplex* const*, int, const cuComplex* const*, int, const cuComplex*, cuComplex* const*, int, int) called:
i!  handle: type=cublasHandle_t; val=POINTER (IN HEX:0x0x7f90d68b4990)
i!  transa: type=cublasOperation_t; val=CUBLAS_OP_T(1)
i!  transb: type=cublasOperation_t; val=CUBLAS_OP_N(0)
i!  m: type=int; val=128
i!  n: type=int; val=2
i!  k: type=int; val=32
i!  alpha: type=SOME TYPE; val=POINTER (IN HEX:0x0x7f9163b18600)
i!  Aarray: type=SOME TYPE; val=POINTER (IN HEX:0x0x7f912fe89100)
i!  lda: type=int; val=32
i!  Barray: type=SOME TYPE; val=POINTER (IN HEX:0x0x7f912fe88000)
i!  ldb: type=int; val=32
i!  beta: type=SOME TYPE; val=POINTER (IN HEX:0x0x7f9163b185d0)
i!  Carray: type=SOME TYPE; val=POINTER (IN HEX:0x0x7f912fe8a200)
i!  ldc: type=int; val=128
i!  batchSize: type=int; val=544
i! Time: 2019-09-29T02:48:25 elapsed from start 0.083333 minutes or 5.000000 seconds
i!Process=10609; Thread=140262419580672; GPU=0; Handle=POINTER (IN HEX:0x0x7f90d68b4990); StreamId=POINTER (IN HEX:0x0x7f914c7ffff0); MathMode=CUBLAS_DEFAULT_MATH
i! COMPILED WITH: GNU GCC/G++ / 4.1.2 20080704 (Red Hat 4.1.2-48)
I! cuBLAS (v10.1) function cublasStatus_t cublasSetStream_v2(cublasContext*, CUstream_st*) called:
i!  handle: type=cublasHandle_t; val=POINTER (IN HEX:0x0x7f90d68b4990)
i!  streamId: type=SOME TYPE; val=POINTER (IN HEX:0x0x7f914c7ffff0)
i! Time: 2019-09-29T02:48:25 elapsed from start 0.083333 minutes or 5.000000 seconds
i!Process=10609; Thread=140262419580672; GPU=0; Handle=POINTER (IN HEX:0x0x7f90d68b4990); StreamId=POINTER (IN HEX:0x0x7f914c7ffff0); MathMode=CUBLAS_DEFAULT_MATH
i! COMPILED WITH: GNU GCC/G++ / 4.1.2 20080704 (Red Hat 4.1.2-48)
I! cuBLAS (v10.1) function cublasStatus_t cublasSetStream_v2(cublasContext*, CUstream_st*) called:
i!  handle: type=cublasHandle_t; val=POINTER (IN HEX:0x0x7f90d68b4990)
i!  streamId: type=SOME TYPE; val=POINTER (IN HEX:0x0x7f914c7ffff0)
i! Time: 2019-09-29T02:48:25 elapsed from start 0.083333 minutes or 5.000000 seconds
i!Process=10609; Thread=140262419580672; GPU=0; Handle=POINTER (IN HEX:0x0x7f90d68b4990); StreamId=POINTER (IN HEX:0x0x7f914c7ffff0); MathMode=CUBLAS_DEFAULT_MATH
i! COMPILED WITH: GNU GCC/G++ / 4.1.2 20080704 (Red Hat 4.1.2-48)
I! cuBLAS (v10.1) function cublasStatus_t cublasSetStream_v2(cublasContext*, CUstream_st*) called:
i!  handle: type=cublasHandle_t; val=POINTER (IN HEX:0x0x7f90d68b4990)
i!  streamId: type=SOME TYPE; val=POINTER (IN HEX:0x0x7f914c7ffff0)
i! Time: 2019-09-29T02:48:25 elapsed from start 0.083333 minutes or 5.000000 seconds
i!Process=10609; Thread=140262419580672; GPU=0; Handle=POINTER (IN HEX:0x0x7f90d68b4990); StreamId=POINTER (IN HEX:0x0x7f914c7ffff0); MathMode=CUBLAS_DEFAULT_MATH
i! COMPILED WITH: GNU GCC/G++ / 4.1.2 20080704 (Red Hat 4.1.2-48)
I! cuBLAS (v10.1) function cublasStatus_t cublasCgemmBatched(cublasContext*, cublasOperation_t, cublasOperation_t, int, int, int, const cuComplex*, const cuComplex* const*, int, const cuComplex* const*, int, const cuComplex*, cuComplex* const*, int, int) called:
i!  handle: type=cublasHandle_t; val=POINTER (IN HEX:0x0x7f90d68b4990)
i!  transa: type=cublasOperation_t; val=CUBLAS_OP_T(1)
i!  transb: type=cublasOperation_t; val=CUBLAS_OP_N(0)
i!  m: type=int; val=128
i!  n: type=int; val=2
i!  k: type=int; val=32
i!  alpha: type=SOME TYPE; val=POINTER (IN HEX:0x0x7f9163b18600)
i!  Aarray: type=SOME TYPE; val=POINTER (IN HEX:0x0x7f912e524480)
i!  lda: type=int; val=32
i!  Barray: type=SOME TYPE; val=POINTER (IN HEX:0x0x7f912e524000)
i!  ldb: type=int; val=32
i!  beta: type=SOME TYPE; val=POINTER (IN HEX:0x0x7f9163b185d0)
i!  Carray: type=SOME TYPE; val=POINTER (IN HEX:0x0x7f912e524900)
i!  ldc: type=int; val=128
i!  batchSize: type=int; val=144
i! Time: 2019-09-29T02:48:25 elapsed from start 0.083333 minutes or 5.000000 seconds
i!Process=10609; Thread=140262419580672; GPU=0; Handle=POINTER (IN HEX:0x0x7f90d68b4990); StreamId=POINTER (IN HEX:0x0x7f914c7ffff0); MathMode=CUBLAS_DEFAULT_MATH
i! COMPILED WITH: GNU GCC/G++ / 4.1.2 20080704 (Red Hat 4.1.2-48)
I! cuBLAS (v10.1) function cublasStatus_t cublasSetStream_v2(cublasContext*, CUstream_st*) called:
i!  handle: type=cublasHandle_t; val=POINTER (IN HEX:0x0x7f90d68b4990)
i!  streamId: type=SOME TYPE; val=POINTER (IN HEX:0x0x7f914c7ffff0)
i! Time: 2019-09-29T02:48:25 elapsed from start 0.083333 minutes or 5.000000 seconds
i!Process=10609; Thread=140262419580672; GPU=0; Handle=POINTER (IN HEX:0x0x7f90d68b4990); StreamId=POINTER (IN HEX:0x0x7f914c7ffff0); MathMode=CUBLAS_DEFAULT_MATH
i! COMPILED WITH: GNU GCC/G++ / 4.1.2 20080704 (Red Hat 4.1.2-48)
I! cuBLAS (v10.1) function cublasStatus_t cublasSetStream_v2(cublasContext*, CUstream_st*) called:
i!  handle: type=cublasHandle_t; val=POINTER (IN HEX:0x0x7f90d68b4990)
i!  streamId: type=SOME TYPE; val=POINTER (IN HEX:0x0x7f914c7ffff0)
i! Time: 2019-09-29T02:48:25 elapsed from start 0.083333 minutes or 5.000000 seconds
i!Process=10609; Thread=140262419580672; GPU=0; Handle=POINTER (IN HEX:0x0x7f90d68b4990); StreamId=POINTER (IN HEX:0x0x7f914c7ffff0); MathMode=CUBLAS_DEFAULT_MATH
i! COMPILED WITH: GNU GCC/G++ / 4.1.2 20080704 (Red Hat 4.1.2-48)
I! cuBLAS (v10.1) function cublasStatus_t cublasSetStream_v2(cublasContext*, CUstream_st*) called:
i!  handle: type=cublasHandle_t; val=POINTER (IN HEX:0x0x7f90d68b4990)
i!  streamId: type=SOME TYPE; val=POINTER (IN HEX:0x0x7f914c7ffff0)
i! Time: 2019-09-29T02:48:25 elapsed from start 0.083333 minutes or 5.000000 seconds
i!Process=10609; Thread=140262419580672; GPU=0; Handle=POINTER (IN HEX:0x0x7f90d68b4990); StreamId=POINTER (IN HEX:0x0x7f914c7ffff0); MathMode=CUBLAS_DEFAULT_MATH
i! COMPILED WITH: GNU GCC/G++ / 4.1.2 20080704 (Red Hat 4.1.2-48)
I! cuBLAS (v10.1) function cublasStatus_t cublasCgemmBatched(cublasContext*, cublasOperation_t, cublasOperation_t, int, int, int, const cuComplex*, const cuComplex* const*, int, const cuComplex* const*, int, const cuComplex*, cuComplex* const*, int, int) called:
i!  handle: type=cublasHandle_t; val=POINTER (IN HEX:0x0x7f90d68b4990)
i!  transa: type=cublasOperation_t; val=CUBLAS_OP_T(1)
i!  transb: type=cublasOperation_t; val=CUBLAS_OP_N(0)
i!  m: type=int; val=128
i!  n: type=int; val=2
i!  k: type=int; val=48
i!  alpha: type=SOME TYPE; val=POINTER (IN HEX:0x0x7f9163b18600)
i!  Aarray: type=SOME TYPE; val=POINTER (IN HEX:0x0x7f912e9b6480)
i!  lda: type=int; val=48
i!  Barray: type=SOME TYPE; val=POINTER (IN HEX:0x0x7f912e9b6000)
i!  ldb: type=int; val=48
i!  beta: type=SOME TYPE; val=POINTER (IN HEX:0x0x7f9163b185d0)
i!  Carray: type=SOME TYPE; val=POINTER (IN HEX:0x0x7f912e9b6900)
i!  ldc: type=int; val=128
i!  batchSize: type=int; val=144
i! Time: 2019-09-29T02:48:25 elapsed from start 0.083333 minutes or 5.000000 seconds
i!Process=10609; Thread=140262419580672; GPU=0; Handle=POINTER (IN HEX:0x0x7f90d68b4990); StreamId=POINTER (IN HEX:0x0x7f914c7ffff0); MathMode=CUBLAS_DEFAULT_MATH
i! COMPILED WITH: GNU GCC/G++ / 4.1.2 20080704 (Red Hat 4.1.2-48)
I! cuBLAS (v10.1) function cublasStatus_t cublasSetStream_v2(cublasContext*, CUstream_st*) called:
i!  handle: type=cublasHandle_t; val=POINTER (IN HEX:0x0x7f90d68b4990)
i!  streamId: type=SOME TYPE; val=POINTER (IN HEX:0x0x7f914c7ffff0)
i! Time: 2019-09-29T02:48:25 elapsed from start 0.083333 minutes or 5.000000 seconds
i!Process=10609; Thread=140262419580672; GPU=0; Handle=POINTER (IN HEX:0x0x7f90d68b4990); StreamId=POINTER (IN HEX:0x0x7f914c7ffff0); MathMode=CUBLAS_DEFAULT_MATH
i! COMPILED WITH: GNU GCC/G++ / 4.1.2 20080704 (Red Hat 4.1.2-48)
I! cuBLAS (v10.1) function cublasStatus_t cublasSgemmEx(cublasContext*, cublasOperation_t, cublasOperation_t, int, int, int, const float*, const void*, cublasDataType_t, int, const void*, cublasDataType_t, int, const float*, void*, cublasDataType_t, int) called:
i!  handle: type=cublasHandle_t; val=POINTER (IN HEX:0x0x7f90dcb173b0)
i!  transa: type=cublasOperation_t; val=CUBLAS_OP_T(1)
i!  transb: type=cublasOperation_t; val=CUBLAS_OP_N(0)
i!  m: type=int; val=1000
i!  n: type=int; val=2
i!  k: type=int; val=1024
i!  alpha: type=float; val=POINTER (IN HEX:0x0x7f9163b1b26c)
i!  A: type=void; val=POINTER (IN HEX:0x0x7f912d200000)
i!  Atype: type=cudaDataType_t; val=CUDA_R_32F(0)
i!  lda: type=int; val=1024
i!  B: type=void; val=POINTER (IN HEX:0x0x7f90afbf1800)
i!  Btype: type=cudaDataType_t; val=CUDA_R_32F(0)
i!  ldb: type=int; val=1024
i!  beta: type=float; val=POINTER (IN HEX:0x0x7f9163b1b268)
i!  C: type=void; val=POINTER (IN HEX:0x0x7f90b77d1000)
i!  Ctype: type=cudaDataType_t; val=CUDA_R_32F(0)
i!  ldc: type=int; val=1000
i! Time: 2019-09-29T02:48:25 elapsed from start 0.083333 minutes or 5.000000 seconds
i!Process=10609; Thread=140262419580672; GPU=0; Handle=POINTER (IN HEX:0x0x7f90dcb173b0); StreamId=POINTER (IN HEX:0x0x7f914c7ffff0); MathMode=CUBLAS_DEFAULT_MATH
i! COMPILED WITH: GNU GCC/G++ / 4.1.2 20080704 (Red Hat 4.1.2-48)
I! cuBLAS (v10.1) function cublasStatus_t cublasGetMathMode(cublasContext*, cublasMath_t*) called:
i!  handle: type=cublasHandle_t; val=POINTER (IN HEX:0x0x7f90dcb173b0)
i!  mode: type=cublasMath_t; val=POINTER (IN HEX:0x0x7f9163b1aecc)
i! Time: 2019-09-29T02:48:25 elapsed from start 0.083333 minutes or 5.000000 seconds
i!Process=10609; Thread=140262419580672; GPU=0; Handle=POINTER (IN HEX:0x0x7f90dcb173b0); StreamId=POINTER (IN HEX:0x0x7f914c7ffff0); MathMode=CUBLAS_DEFAULT_MATH
i! COMPILED WITH: GNU GCC/G++ / 4.1.2 20080704 (Red Hat 4.1.2-48)
