I! cuBLAS (v10.1) function cublasStatus_t cublasCreate_v2(cublasContext**) called:
I! cuBLAS (v10.1) function cublasStatus_t cublasCreate_v2(cublasContext**) called:
i!  handle: type=cublasHandle_t; val=POINTER (IN HEX:0x0x7f61500021c8)
i!  handle: type=cublasHandle_t; val=POINTER (IN HEX:0x0x7f61540021c8)
i! Time: 2019-09-29T03:00:14 elapsed from start 0.050000 minutes or 3.000000 seconds
i!Process=13175; Thread=140056499640064; GPU=0; Handle=POINTER (IN HEX:0x(nil))
i! COMPILED WITH: GNU GCC/G++ / 4.1.2 20080704 (Red Hat 4.1.2-48)
i! Time: 2019-09-29T03:00:14 elapsed from start 0.050000 minutes or 3.000000 seconds
i!Process=13175; Thread=140056508032768; GPU=0; Handle=POINTER (IN HEX:0x(nil))
i! COMPILED WITH: GNU GCC/G++ / 4.1.2 20080704 (Red Hat 4.1.2-48)
I! cuBLAS (v10.1) function cublasStatus_t cublasSetStream_v2(cublasContext*, CUstream_st*) called:
i!  handle: type=cublasHandle_t; val=POINTER (IN HEX:0x0x7f60f3a44230)
i!  streamId: type=SOME TYPE; val=POINTER (IN HEX:0x0x7f61540024d0)
I! cuBLAS (v10.1) function cublasStatus_t cublasSetStream_v2(cublasContext*, CUstream_st*) called:
i!  handle: type=cublasHandle_t; val=POINTER (IN HEX:0x0x7f60f4c80ff0)
i!  streamId: type=SOME TYPE; val=POINTER (IN HEX:0x0x7f6150800110)
i! Time: 2019-09-29T03:00:14 elapsed from start 0.050000 minutes or 3.000000 seconds
i!Process=13175; Thread=140056499640064; GPU=0; Handle=POINTER (IN HEX:0x0x7f60f3a44230); StreamId=POINTER (IN HEX:0x(nil)) (defaultStream); MathMode=CUBLAS_DEFAULT_MATH
i! COMPILED WITH: GNU GCC/G++ / 4.1.2 20080704 (Red Hat 4.1.2-48)
i! Time: 2019-09-29T03:00:14 elapsed from start 0.050000 minutes or 3.000000 seconds
i!Process=13175; Thread=140056508032768; GPU=0; Handle=POINTER (IN HEX:0x0x7f60f4c80ff0); StreamId=POINTER (IN HEX:0x(nil)) (defaultStream); MathMode=CUBLAS_DEFAULT_MATH
i! COMPILED WITH: GNU GCC/G++ / 4.1.2 20080704 (Red Hat 4.1.2-48)
I! cuBLAS (v10.1) function cublasStatus_t cublasCreate_v2(cublasContext**) called:
I! cuBLAS (v10.1) function cublasStatus_t cublasCreate_v2(cublasContext**) called:
i!  handle: type=cublasHandle_t; val=POINTER (IN HEX:0x0x7f60e1bfab60)
i!  handle: type=cublasHandle_t; val=POINTER (IN HEX:0x0x7f60f4ca8ce0)
i! Time: 2019-09-29T03:00:14 elapsed from start 0.050000 minutes or 3.000000 seconds
i!Process=13175; Thread=140056499640064; GPU=0; Handle=POINTER (IN HEX:0x(nil))
i! COMPILED WITH: GNU GCC/G++ / 4.1.2 20080704 (Red Hat 4.1.2-48)
i! Time: 2019-09-29T03:00:14 elapsed from start 0.050000 minutes or 3.000000 seconds
i!Process=13175; Thread=140056508032768; GPU=0; Handle=POINTER (IN HEX:0x(nil))
i! COMPILED WITH: GNU GCC/G++ / 4.1.2 20080704 (Red Hat 4.1.2-48)
I! cuBLAS (v10.1) function cublasStatus_t cublasCreate_v2(cublasContext**) called:
i!  handle: type=cublasHandle_t; val=POINTER (IN HEX:0x0x7f60e1bfaba8)
i! Time: 2019-09-29T03:00:15 elapsed from start 0.066667 minutes or 4.000000 seconds
i!Process=13175; Thread=140056499640064; GPU=0; Handle=POINTER (IN HEX:0x(nil))
i! COMPILED WITH: GNU GCC/G++ / 4.1.2 20080704 (Red Hat 4.1.2-48)
I! cuBLAS (v10.1) function cublasStatus_t cublasCreate_v2(cublasContext**) called:
i!  handle: type=cublasHandle_t; val=POINTER (IN HEX:0x0x7f60f4ca8d28)
i! Time: 2019-09-29T03:00:15 elapsed from start 0.066667 minutes or 4.000000 seconds
i!Process=13175; Thread=140056508032768; GPU=0; Handle=POINTER (IN HEX:0x(nil))
i! COMPILED WITH: GNU GCC/G++ / 4.1.2 20080704 (Red Hat 4.1.2-48)
I! cuBLAS (v10.1) function cublasStatus_t cublasCreate_v2(cublasContext**) called:
i!  handle: type=cublasHandle_t; val=POINTER (IN HEX:0x0x7f60e1bfabb0)
i! Time: 2019-09-29T03:00:15 elapsed from start 0.066667 minutes or 4.000000 seconds
i!Process=13175; Thread=140056499640064; GPU=0; Handle=POINTER (IN HEX:0x(nil))
i! COMPILED WITH: GNU GCC/G++ / 4.1.2 20080704 (Red Hat 4.1.2-48)
I! cuBLAS (v10.1) function cublasStatus_t cublasCreate_v2(cublasContext**) called:
i!  handle: type=cublasHandle_t; val=POINTER (IN HEX:0x0x7f60f4ca8d30)
i! Time: 2019-09-29T03:00:15 elapsed from start 0.066667 minutes or 4.000000 seconds
i!Process=13175; Thread=140056508032768; GPU=0; Handle=POINTER (IN HEX:0x(nil))
i! COMPILED WITH: GNU GCC/G++ / 4.1.2 20080704 (Red Hat 4.1.2-48)
I! cuBLAS (v10.1) function cublasStatus_t cublasCreate_v2(cublasContext**) called:
i!  handle: type=cublasHandle_t; val=POINTER (IN HEX:0x0x7f60e1bfabb8)
i! Time: 2019-09-29T03:00:15 elapsed from start 0.066667 minutes or 4.000000 seconds
i!Process=13175; Thread=140056499640064; GPU=0; Handle=POINTER (IN HEX:0x(nil))
i! COMPILED WITH: GNU GCC/G++ / 4.1.2 20080704 (Red Hat 4.1.2-48)
I! cuBLAS (v10.1) function cublasStatus_t cublasCreate_v2(cublasContext**) called:
i!  handle: type=cublasHandle_t; val=POINTER (IN HEX:0x0x7f60f4ca8d38)
i! Time: 2019-09-29T03:00:15 elapsed from start 0.066667 minutes or 4.000000 seconds
i!Process=13175; Thread=140056508032768; GPU=0; Handle=POINTER (IN HEX:0x(nil))
i! COMPILED WITH: GNU GCC/G++ / 4.1.2 20080704 (Red Hat 4.1.2-48)
I! cuBLAS (v10.1) function cublasStatus_t cublasSetStream_v2(cublasContext*, CUstream_st*) called:
i!  handle: type=cublasHandle_t; val=POINTER (IN HEX:0x0x7f60cb830f00)
i!  streamId: type=SOME TYPE; val=POINTER (IN HEX:0x0x7f61540024d0)
i! Time: 2019-09-29T03:00:15 elapsed from start 0.066667 minutes or 4.000000 seconds
i!Process=13175; Thread=140056499640064; GPU=0; Handle=POINTER (IN HEX:0x0x7f60cb830f00); StreamId=POINTER (IN HEX:0x(nil)) (defaultStream); MathMode=CUBLAS_DEFAULT_MATH
i! COMPILED WITH: GNU GCC/G++ / 4.1.2 20080704 (Red Hat 4.1.2-48)
I! cuBLAS (v10.1) function cublasStatus_t cublasSetStream_v2(cublasContext*, CUstream_st*) called:
i!  handle: type=cublasHandle_t; val=POINTER (IN HEX:0x0x7f60f4cb0180)
i!  streamId: type=SOME TYPE; val=POINTER (IN HEX:0x0x7f6150800110)
i! Time: 2019-09-29T03:00:15 elapsed from start 0.066667 minutes or 4.000000 seconds
i!Process=13175; Thread=140056508032768; GPU=0; Handle=POINTER (IN HEX:0x0x7f60f4cb0180); StreamId=POINTER (IN HEX:0x(nil)) (defaultStream); MathMode=CUBLAS_DEFAULT_MATH
i! COMPILED WITH: GNU GCC/G++ / 4.1.2 20080704 (Red Hat 4.1.2-48)
I! cuBLAS (v10.1) function cublasStatus_t cublasCreate_v2(cublasContext**) called:
i!  handle: type=cublasHandle_t; val=POINTER (IN HEX:0x0x7f60c85a63d8)
i! Time: 2019-09-29T03:00:16 elapsed from start 0.083333 minutes or 5.000000 seconds
i!Process=13175; Thread=140056499640064; GPU=0; Handle=POINTER (IN HEX:0x(nil))
i! COMPILED WITH: GNU GCC/G++ / 4.1.2 20080704 (Red Hat 4.1.2-48)
I! cuBLAS (v10.1) function cublasStatus_t cublasCreate_v2(cublasContext**) called:
i!  handle: type=cublasHandle_t; val=POINTER (IN HEX:0x0x7f60fe9c4f48)
i! Time: 2019-09-29T03:00:16 elapsed from start 0.083333 minutes or 5.000000 seconds
i!Process=13175; Thread=140056508032768; GPU=0; Handle=POINTER (IN HEX:0x(nil))
i! COMPILED WITH: GNU GCC/G++ / 4.1.2 20080704 (Red Hat 4.1.2-48)
I! cuBLAS (v10.1) function cublasStatus_t cublasSetStream_v2(cublasContext*, CUstream_st*) called:
i!  handle: type=cublasHandle_t; val=POINTER (IN HEX:0x0x7f60f4d5cc20)
i!  streamId: type=SOME TYPE; val=POINTER (IN HEX:0x0x7f6150800110)
i! Time: 2019-09-29T03:00:16 elapsed from start 0.083333 minutes or 5.000000 seconds
i!Process=13175; Thread=140056508032768; GPU=0; Handle=POINTER (IN HEX:0x0x7f60f4d5cc20); StreamId=POINTER (IN HEX:0x(nil)) (defaultStream); MathMode=CUBLAS_DEFAULT_MATH
i! COMPILED WITH: GNU GCC/G++ / 4.1.2 20080704 (Red Hat 4.1.2-48)
I! cuBLAS (v10.1) function cublasStatus_t cublasSetStream_v2(cublasContext*, CUstream_st*) called:
i!  handle: type=cublasHandle_t; val=POINTER (IN HEX:0x0x7f60f4d5cc20)
i!  streamId: type=SOME TYPE; val=POINTER (IN HEX:0x0x7f6150800110)
i! Time: 2019-09-29T03:00:16 elapsed from start 0.083333 minutes or 5.000000 seconds
i!Process=13175; Thread=140056508032768; GPU=0; Handle=POINTER (IN HEX:0x0x7f60f4d5cc20); StreamId=POINTER (IN HEX:0x0x7f6150800110); MathMode=CUBLAS_DEFAULT_MATH
i! COMPILED WITH: GNU GCC/G++ / 4.1.2 20080704 (Red Hat 4.1.2-48)
I! cuBLAS (v10.1) function cublasStatus_t cublasCgemmBatched(cublasContext*, cublasOperation_t, cublasOperation_t, int, int, int, const cuComplex*, const cuComplex* const*, int, const cuComplex* const*, int, const cuComplex*, cuComplex* const*, int, int) called:
i!  handle: type=cublasHandle_t; val=POINTER (IN HEX:0x0x7f60f4d5cc20)
i!  transa: type=cublasOperation_t; val=CUBLAS_OP_T(1)
i!  transb: type=cublasOperation_t; val=CUBLAS_OP_N(0)
i!  m: type=int; val=48
i!  n: type=int; val=4
i!  k: type=int; val=16
i!  alpha: type=SOME TYPE; val=POINTER (IN HEX:0x0x7f617268a600)
i!  Aarray: type=SOME TYPE; val=POINTER (IN HEX:0x0x7f604e6e9100)
i!  lda: type=int; val=16
i!  Barray: type=SOME TYPE; val=POINTER (IN HEX:0x0x7f604e6e8000)
i!  ldb: type=int; val=16
i!  beta: type=SOME TYPE; val=POINTER (IN HEX:0x0x7f617268a5d0)
i!  Carray: type=SOME TYPE; val=POINTER (IN HEX:0x0x7f604e6ea200)
i!  ldc: type=int; val=48
i!  batchSize: type=int; val=544
i! Time: 2019-09-29T03:00:16 elapsed from start 0.083333 minutes or 5.000000 seconds
i!Process=13175; Thread=140056508032768; GPU=0; Handle=POINTER (IN HEX:0x0x7f60f4d5cc20); StreamId=POINTER (IN HEX:0x0x7f6150800110); MathMode=CUBLAS_DEFAULT_MATH
i! COMPILED WITH: GNU GCC/G++ / 4.1.2 20080704 (Red Hat 4.1.2-48)
I! cuBLAS (v10.1) function cublasStatus_t cublasSetStream_v2(cublasContext*, CUstream_st*) called:
i!  handle: type=cublasHandle_t; val=POINTER (IN HEX:0x0x7f60f4d5cc20)
i!  streamId: type=SOME TYPE; val=POINTER (IN HEX:0x0x7f6150800110)
i! Time: 2019-09-29T03:00:16 elapsed from start 0.083333 minutes or 5.000000 seconds
i!Process=13175; Thread=140056508032768; GPU=0; Handle=POINTER (IN HEX:0x0x7f60f4d5cc20); StreamId=POINTER (IN HEX:0x0x7f6150800110); MathMode=CUBLAS_DEFAULT_MATH
i! COMPILED WITH: GNU GCC/G++ / 4.1.2 20080704 (Red Hat 4.1.2-48)
I! cuBLAS (v10.1) function cublasStatus_t cublasSetStream_v2(cublasContext*, CUstream_st*) called:
i!  handle: type=cublasHandle_t; val=POINTER (IN HEX:0x0x7f60f4d5cc20)
i!  streamId: type=SOME TYPE; val=POINTER (IN HEX:0x0x7f6150800110)
i! Time: 2019-09-29T03:00:16 elapsed from start 0.083333 minutes or 5.000000 seconds
i!Process=13175; Thread=140056508032768; GPU=0; Handle=POINTER (IN HEX:0x0x7f60f4d5cc20); StreamId=POINTER (IN HEX:0x0x7f6150800110); MathMode=CUBLAS_DEFAULT_MATH
i! COMPILED WITH: GNU GCC/G++ / 4.1.2 20080704 (Red Hat 4.1.2-48)
I! cuBLAS (v10.1) function cublasStatus_t cublasSetStream_v2(cublasContext*, CUstream_st*) called:
i!  handle: type=cublasHandle_t; val=POINTER (IN HEX:0x0x7f60f4d5cc20)
i!  streamId: type=SOME TYPE; val=POINTER (IN HEX:0x0x7f6150800110)
i! Time: 2019-09-29T03:00:16 elapsed from start 0.083333 minutes or 5.000000 seconds
i!Process=13175; Thread=140056508032768; GPU=0; Handle=POINTER (IN HEX:0x0x7f60f4d5cc20); StreamId=POINTER (IN HEX:0x0x7f6150800110); MathMode=CUBLAS_DEFAULT_MATH
i! COMPILED WITH: GNU GCC/G++ / 4.1.2 20080704 (Red Hat 4.1.2-48)
I! cuBLAS (v10.1) function cublasStatus_t cublasCgemmBatched(cublasContext*, cublasOperation_t, cublasOperation_t, int, int, int, const cuComplex*, const cuComplex* const*, int, const cuComplex* const*, int, const cuComplex*, cuComplex* const*, int, int) called:
i!  handle: type=cublasHandle_t; val=POINTER (IN HEX:0x0x7f60f4d5cc20)
i!  transa: type=cublasOperation_t; val=CUBLAS_OP_T(1)
i!  transb: type=cublasOperation_t; val=CUBLAS_OP_N(0)
i!  m: type=int; val=64
i!  n: type=int; val=4
i!  k: type=int; val=24
i!  alpha: type=SOME TYPE; val=POINTER (IN HEX:0x0x7f617268a600)
i!  Aarray: type=SOME TYPE; val=POINTER (IN HEX:0x0x7f604ed8d100)
i!  lda: type=int; val=24
i!  Barray: type=SOME TYPE; val=POINTER (IN HEX:0x0x7f604ed8c000)
i!  ldb: type=int; val=24
i!  beta: type=SOME TYPE; val=POINTER (IN HEX:0x0x7f617268a5d0)
i!  Carray: type=SOME TYPE; val=POINTER (IN HEX:0x0x7f604ed8e200)
i!  ldc: type=int; val=64
i!  batchSize: type=int; val=544
i! Time: 2019-09-29T03:00:16 elapsed from start 0.083333 minutes or 5.000000 seconds
i!Process=13175; Thread=140056508032768; GPU=0; Handle=POINTER (IN HEX:0x0x7f60f4d5cc20); StreamId=POINTER (IN HEX:0x0x7f6150800110); MathMode=CUBLAS_DEFAULT_MATH
i! COMPILED WITH: GNU GCC/G++ / 4.1.2 20080704 (Red Hat 4.1.2-48)
I! cuBLAS (v10.1) function cublasStatus_t cublasSetStream_v2(cublasContext*, CUstream_st*) called:
i!  handle: type=cublasHandle_t; val=POINTER (IN HEX:0x0x7f60f4d5cc20)
i!  streamId: type=SOME TYPE; val=POINTER (IN HEX:0x0x7f6150800110)
i! Time: 2019-09-29T03:00:16 elapsed from start 0.083333 minutes or 5.000000 seconds
i!Process=13175; Thread=140056508032768; GPU=0; Handle=POINTER (IN HEX:0x0x7f60f4d5cc20); StreamId=POINTER (IN HEX:0x0x7f6150800110); MathMode=CUBLAS_DEFAULT_MATH
i! COMPILED WITH: GNU GCC/G++ / 4.1.2 20080704 (Red Hat 4.1.2-48)
I! cuBLAS (v10.1) function cublasStatus_t cublasSetStream_v2(cublasContext*, CUstream_st*) called:
i!  handle: type=cublasHandle_t; val=POINTER (IN HEX:0x0x7f60f4d5cc20)
i!  streamId: type=SOME TYPE; val=POINTER (IN HEX:0x0x7f6150800110)
i! Time: 2019-09-29T03:00:16 elapsed from start 0.083333 minutes or 5.000000 seconds
i!Process=13175; Thread=140056508032768; GPU=0; Handle=POINTER (IN HEX:0x0x7f60f4d5cc20); StreamId=POINTER (IN HEX:0x0x7f6150800110); MathMode=CUBLAS_DEFAULT_MATH
i! COMPILED WITH: GNU GCC/G++ / 4.1.2 20080704 (Red Hat 4.1.2-48)
I! cuBLAS (v10.1) function cublasStatus_t cublasSetStream_v2(cublasContext*, CUstream_st*) called:
i!  handle: type=cublasHandle_t; val=POINTER (IN HEX:0x0x7f60f4d5cc20)
i!  streamId: type=SOME TYPE; val=POINTER (IN HEX:0x0x7f6150800110)
i! Time: 2019-09-29T03:00:16 elapsed from start 0.083333 minutes or 5.000000 seconds
i!Process=13175; Thread=140056508032768; GPU=0; Handle=POINTER (IN HEX:0x0x7f60f4d5cc20); StreamId=POINTER (IN HEX:0x0x7f6150800110); MathMode=CUBLAS_DEFAULT_MATH
i! COMPILED WITH: GNU GCC/G++ / 4.1.2 20080704 (Red Hat 4.1.2-48)
I! cuBLAS (v10.1) function cublasStatus_t cublasCgemmBatched(cublasContext*, cublasOperation_t, cublasOperation_t, int, int, int, const cuComplex*, const cuComplex* const*, int, const cuComplex* const*, int, const cuComplex*, cuComplex* const*, int, int) called:
i!  handle: type=cublasHandle_t; val=POINTER (IN HEX:0x0x7f60f4d5cc20)
i!  transa: type=cublasOperation_t; val=CUBLAS_OP_T(1)
i!  transb: type=cublasOperation_t; val=CUBLAS_OP_N(0)
i!  m: type=int; val=64
i!  n: type=int; val=4
i!  k: type=int; val=24
i!  alpha: type=SOME TYPE; val=POINTER (IN HEX:0x0x7f617268a600)
i!  Aarray: type=SOME TYPE; val=POINTER (IN HEX:0x0x7f604ed8d100)
i!  lda: type=int; val=24
i!  Barray: type=SOME TYPE; val=POINTER (IN HEX:0x0x7f604ed8c000)
i!  ldb: type=int; val=24
i!  beta: type=SOME TYPE; val=POINTER (IN HEX:0x0x7f617268a5d0)
i!  Carray: type=SOME TYPE; val=POINTER (IN HEX:0x0x7f604ed8e200)
i!  ldc: type=int; val=64
i!  batchSize: type=int; val=544
i! Time: 2019-09-29T03:00:16 elapsed from start 0.083333 minutes or 5.000000 seconds
i!Process=13175; Thread=140056508032768; GPU=0; Handle=POINTER (IN HEX:0x0x7f60f4d5cc20); StreamId=POINTER (IN HEX:0x0x7f6150800110); MathMode=CUBLAS_DEFAULT_MATH
i! COMPILED WITH: GNU GCC/G++ / 4.1.2 20080704 (Red Hat 4.1.2-48)
I! cuBLAS (v10.1) function cublasStatus_t cublasSetStream_v2(cublasContext*, CUstream_st*) called:
i!  handle: type=cublasHandle_t; val=POINTER (IN HEX:0x0x7f60f4d5cc20)
i!  streamId: type=SOME TYPE; val=POINTER (IN HEX:0x0x7f6150800110)
i! Time: 2019-09-29T03:00:16 elapsed from start 0.083333 minutes or 5.000000 seconds
i!Process=13175; Thread=140056508032768; GPU=0; Handle=POINTER (IN HEX:0x0x7f60f4d5cc20); StreamId=POINTER (IN HEX:0x0x7f6150800110); MathMode=CUBLAS_DEFAULT_MATH
i! COMPILED WITH: GNU GCC/G++ / 4.1.2 20080704 (Red Hat 4.1.2-48)
I! cuBLAS (v10.1) function cublasStatus_t cublasSetStream_v2(cublasContext*, CUstream_st*) called:
i!  handle: type=cublasHandle_t; val=POINTER (IN HEX:0x0x7f60f4d5cc20)
i!  streamId: type=SOME TYPE; val=POINTER (IN HEX:0x0x7f6150800110)
i! Time: 2019-09-29T03:00:16 elapsed from start 0.083333 minutes or 5.000000 seconds
i!Process=13175; Thread=140056508032768; GPU=0; Handle=POINTER (IN HEX:0x0x7f60f4d5cc20); StreamId=POINTER (IN HEX:0x0x7f6150800110); MathMode=CUBLAS_DEFAULT_MATH
i! COMPILED WITH: GNU GCC/G++ / 4.1.2 20080704 (Red Hat 4.1.2-48)
I! cuBLAS (v10.1) function cublasStatus_t cublasSetStream_v2(cublasContext*, CUstream_st*) called:
i!  handle: type=cublasHandle_t; val=POINTER (IN HEX:0x0x7f60f4d5cc20)
i!  streamId: type=SOME TYPE; val=POINTER (IN HEX:0x0x7f6150800110)
i! Time: 2019-09-29T03:00:16 elapsed from start 0.083333 minutes or 5.000000 seconds
i!Process=13175; Thread=140056508032768; GPU=0; Handle=POINTER (IN HEX:0x0x7f60f4d5cc20); StreamId=POINTER (IN HEX:0x0x7f6150800110); MathMode=CUBLAS_DEFAULT_MATH
i! COMPILED WITH: GNU GCC/G++ / 4.1.2 20080704 (Red Hat 4.1.2-48)
I! cuBLAS (v10.1) function cublasStatus_t cublasCgemmBatched(cublasContext*, cublasOperation_t, cublasOperation_t, int, int, int, const cuComplex*, const cuComplex* const*, int, const cuComplex* const*, int, const cuComplex*, cuComplex* const*, int, int) called:
i!  handle: type=cublasHandle_t; val=POINTER (IN HEX:0x0x7f60f4d5cc20)
i!  transa: type=cublasOperation_t; val=CUBLAS_OP_T(1)
i!  transb: type=cublasOperation_t; val=CUBLAS_OP_N(0)
i!  m: type=int; val=64
i!  n: type=int; val=4
i!  k: type=int; val=32
i!  alpha: type=SOME TYPE; val=POINTER (IN HEX:0x0x7f617268a600)
i!  Aarray: type=SOME TYPE; val=POINTER (IN HEX:0x0x7f604f211100)
i!  lda: type=int; val=32
i!  Barray: type=SOME TYPE; val=POINTER (IN HEX:0x0x7f604f210000)
i!  ldb: type=int; val=32
i!  beta: type=SOME TYPE; val=POINTER (IN HEX:0x0x7f617268a5d0)
i!  Carray: type=SOME TYPE; val=POINTER (IN HEX:0x0x7f604f212200)
i!  ldc: type=int; val=64
i!  batchSize: type=int; val=544
i! Time: 2019-09-29T03:00:16 elapsed from start 0.083333 minutes or 5.000000 seconds
i!Process=13175; Thread=140056508032768; GPU=0; Handle=POINTER (IN HEX:0x0x7f60f4d5cc20); StreamId=POINTER (IN HEX:0x0x7f6150800110); MathMode=CUBLAS_DEFAULT_MATH
i! COMPILED WITH: GNU GCC/G++ / 4.1.2 20080704 (Red Hat 4.1.2-48)
I! cuBLAS (v10.1) function cublasStatus_t cublasSetStream_v2(cublasContext*, CUstream_st*) called:
i!  handle: type=cublasHandle_t; val=POINTER (IN HEX:0x0x7f60f4d5cc20)
i!  streamId: type=SOME TYPE; val=POINTER (IN HEX:0x0x7f6150800110)
i! Time: 2019-09-29T03:00:16 elapsed from start 0.083333 minutes or 5.000000 seconds
i!Process=13175; Thread=140056508032768; GPU=0; Handle=POINTER (IN HEX:0x0x7f60f4d5cc20); StreamId=POINTER (IN HEX:0x0x7f6150800110); MathMode=CUBLAS_DEFAULT_MATH
i! COMPILED WITH: GNU GCC/G++ / 4.1.2 20080704 (Red Hat 4.1.2-48)
I! cuBLAS (v10.1) function cublasStatus_t cublasSetStream_v2(cublasContext*, CUstream_st*) called:
i!  handle: type=cublasHandle_t; val=POINTER (IN HEX:0x0x7f60f4d5cc20)
i!  streamId: type=SOME TYPE; val=POINTER (IN HEX:0x0x7f6150800110)
i! Time: 2019-09-29T03:00:16 elapsed from start 0.083333 minutes or 5.000000 seconds
i!Process=13175; Thread=140056508032768; GPU=0; Handle=POINTER (IN HEX:0x0x7f60f4d5cc20); StreamId=POINTER (IN HEX:0x0x7f6150800110); MathMode=CUBLAS_DEFAULT_MATH
i! COMPILED WITH: GNU GCC/G++ / 4.1.2 20080704 (Red Hat 4.1.2-48)
I! cuBLAS (v10.1) function cublasStatus_t cublasSetStream_v2(cublasContext*, CUstream_st*) called:
i!  handle: type=cublasHandle_t; val=POINTER (IN HEX:0x0x7f60f4d5cc20)
i!  streamId: type=SOME TYPE; val=POINTER (IN HEX:0x0x7f6150800110)
i! Time: 2019-09-29T03:00:16 elapsed from start 0.083333 minutes or 5.000000 seconds
i!Process=13175; Thread=140056508032768; GPU=0; Handle=POINTER (IN HEX:0x0x7f60f4d5cc20); StreamId=POINTER (IN HEX:0x0x7f6150800110); MathMode=CUBLAS_DEFAULT_MATH
i! COMPILED WITH: GNU GCC/G++ / 4.1.2 20080704 (Red Hat 4.1.2-48)
I! cuBLAS (v10.1) function cublasStatus_t cublasCgemmBatched(cublasContext*, cublasOperation_t, cublasOperation_t, int, int, int, const cuComplex*, const cuComplex* const*, int, const cuComplex* const*, int, const cuComplex*, cuComplex* const*, int, int) called:
i!  handle: type=cublasHandle_t; val=POINTER (IN HEX:0x0x7f60f4d5cc20)
i!  transa: type=cublasOperation_t; val=CUBLAS_OP_T(1)
i!  transb: type=cublasOperation_t; val=CUBLAS_OP_N(0)
i!  m: type=int; val=128
i!  n: type=int; val=4
i!  k: type=int; val=32
i!  alpha: type=SOME TYPE; val=POINTER (IN HEX:0x0x7f617268a600)
i!  Aarray: type=SOME TYPE; val=POINTER (IN HEX:0x0x7f604e311100)
i!  lda: type=int; val=32
i!  Barray: type=SOME TYPE; val=POINTER (IN HEX:0x0x7f604e310000)
i!  ldb: type=int; val=32
i!  beta: type=SOME TYPE; val=POINTER (IN HEX:0x0x7f617268a5d0)
i!  Carray: type=SOME TYPE; val=POINTER (IN HEX:0x0x7f604e312200)
i!  ldc: type=int; val=128
i!  batchSize: type=int; val=544
i! Time: 2019-09-29T03:00:16 elapsed from start 0.083333 minutes or 5.000000 seconds
i!Process=13175; Thread=140056508032768; GPU=0; Handle=POINTER (IN HEX:0x0x7f60f4d5cc20); StreamId=POINTER (IN HEX:0x0x7f6150800110); MathMode=CUBLAS_DEFAULT_MATH
i! COMPILED WITH: GNU GCC/G++ / 4.1.2 20080704 (Red Hat 4.1.2-48)
I! cuBLAS (v10.1) function cublasStatus_t cublasSetStream_v2(cublasContext*, CUstream_st*) called:
i!  handle: type=cublasHandle_t; val=POINTER (IN HEX:0x0x7f60f4d5cc20)
i!  streamId: type=SOME TYPE; val=POINTER (IN HEX:0x0x7f6150800110)
i! Time: 2019-09-29T03:00:16 elapsed from start 0.083333 minutes or 5.000000 seconds
i!Process=13175; Thread=140056508032768; GPU=0; Handle=POINTER (IN HEX:0x0x7f60f4d5cc20); StreamId=POINTER (IN HEX:0x0x7f6150800110); MathMode=CUBLAS_DEFAULT_MATH
i! COMPILED WITH: GNU GCC/G++ / 4.1.2 20080704 (Red Hat 4.1.2-48)
I! cuBLAS (v10.1) function cublasStatus_t cublasGetMathMode(cublasContext*, cublasMath_t*) called:
i!  handle: type=cublasHandle_t; val=POINTER (IN HEX:0x0x7f60f4d5cc20)
i!  mode: type=cublasMath_t; val=POINTER (IN HEX:0x0x7f617268a294)
i! Time: 2019-09-29T03:00:16 elapsed from start 0.083333 minutes or 5.000000 seconds
i!Process=13175; Thread=140056508032768; GPU=0; Handle=POINTER (IN HEX:0x0x7f60f4d5cc20); StreamId=POINTER (IN HEX:0x0x7f6150800110); MathMode=CUBLAS_DEFAULT_MATH
i! COMPILED WITH: GNU GCC/G++ / 4.1.2 20080704 (Red Hat 4.1.2-48)
I! cuBLAS (v10.1) function cublasStatus_t cublasSetMathMode(cublasContext*, cublasMath_t) called:
i!  handle: type=cublasHandle_t; val=POINTER (IN HEX:0x0x7f60f4d5cc20)
i!  mode: type=cublasMath_t; val=CUBLAS_DEFAULT_MATH(0)
i! Time: 2019-09-29T03:00:16 elapsed from start 0.083333 minutes or 5.000000 seconds
i!Process=13175; Thread=140056508032768; GPU=0; Handle=POINTER (IN HEX:0x0x7f60f4d5cc20); StreamId=POINTER (IN HEX:0x0x7f6150800110); MathMode=CUBLAS_DEFAULT_MATH
i! COMPILED WITH: GNU GCC/G++ / 4.1.2 20080704 (Red Hat 4.1.2-48)
I! cuBLAS (v10.1) function cublasStatus_t cublasSetStream_v2(cublasContext*, CUstream_st*) called:
i!  handle: type=cublasHandle_t; val=POINTER (IN HEX:0x0x7f60f4d5cc20)
i!  streamId: type=SOME TYPE; val=POINTER (IN HEX:0x0x7f6150800110)
i! Time: 2019-09-29T03:00:16 elapsed from start 0.083333 minutes or 5.000000 seconds
i!Process=13175; Thread=140056508032768; GPU=0; Handle=POINTER (IN HEX:0x0x7f60f4d5cc20); StreamId=POINTER (IN HEX:0x0x7f6150800110); MathMode=CUBLAS_DEFAULT_MATH
i! COMPILED WITH: GNU GCC/G++ / 4.1.2 20080704 (Red Hat 4.1.2-48)
I! cuBLAS (v10.1) function cublasStatus_t cublasSgemmStridedBatched(cublasContext*, cublasOperation_t, cublasOperation_t, int, int, int, const float*, const float*, int, long long int, const float*, int, long long int, const float*, float*, int, long long int, int) called:
i!  handle: type=cublasHandle_t; val=POINTER (IN HEX:0x0x7f60f4d5cc20)
i!  transa: type=cublasOperation_t; val=CUBLAS_OP_N(0)
i!  transb: type=cublasOperation_t; val=CUBLAS_OP_N(0)
i!  m: type=int; val=16
i!  n: type=int; val=128
i!  k: type=int; val=32
i!  alpha: type=float; val=POINTER (IN HEX:0x0x7f617268a29c)
i!  A: type=float; val=POINTER (IN HEX:0x0x7f604c000000)
i!  lda: type=int; val=16
i!  strideA: type=SOME TYPE; val=512
i!  B: type=float; val=POINTER (IN HEX:0x0x7f604c054800)
i!  ldb: type=int; val=32
i!  strideB: type=SOME TYPE; val=4096
i!  beta: type=float; val=POINTER (IN HEX:0x0x7f617268a298)
i!  C: type=float; val=POINTER (IN HEX:0x0x7f604c2f8800)
i!  ldc: type=int; val=16
i!  strideC: type=SOME TYPE; val=2048
i!  batchSize: type=int; val=169
i! Time: 2019-09-29T03:00:16 elapsed from start 0.083333 minutes or 5.000000 seconds
i!Process=13175; Thread=140056508032768; GPU=0; Handle=POINTER (IN HEX:0x0x7f60f4d5cc20); StreamId=POINTER (IN HEX:0x0x7f6150800110); MathMode=CUBLAS_DEFAULT_MATH
i! COMPILED WITH: GNU GCC/G++ / 4.1.2 20080704 (Red Hat 4.1.2-48)
I! cuBLAS (v10.1) function cublasStatus_t cublasSetMathMode(cublasContext*, cublasMath_t) called:
i!  handle: type=cublasHandle_t; val=POINTER (IN HEX:0x0x7f60f4d5cc20)
i!  mode: type=cublasMath_t; val=CUBLAS_DEFAULT_MATH(0)
i! Time: 2019-09-29T03:00:16 elapsed from start 0.083333 minutes or 5.000000 seconds
i!Process=13175; Thread=140056508032768; GPU=0; Handle=POINTER (IN HEX:0x0x7f60f4d5cc20); StreamId=POINTER (IN HEX:0x0x7f6150800110); MathMode=CUBLAS_DEFAULT_MATH
i! COMPILED WITH: GNU GCC/G++ / 4.1.2 20080704 (Red Hat 4.1.2-48)
I! cuBLAS (v10.1) function cublasStatus_t cublasGetMathMode(cublasContext*, cublasMath_t*) called:
i!  handle: type=cublasHandle_t; val=POINTER (IN HEX:0x0x7f60f4d5cc20)
i!  mode: type=cublasMath_t; val=POINTER (IN HEX:0x0x7f617268a294)
i! Time: 2019-09-29T03:00:16 elapsed from start 0.083333 minutes or 5.000000 seconds
i!Process=13175; Thread=140056508032768; GPU=0; Handle=POINTER (IN HEX:0x0x7f60f4d5cc20); StreamId=POINTER (IN HEX:0x0x7f6150800110); MathMode=CUBLAS_DEFAULT_MATH
i! COMPILED WITH: GNU GCC/G++ / 4.1.2 20080704 (Red Hat 4.1.2-48)
I! cuBLAS (v10.1) function cublasStatus_t cublasSetMathMode(cublasContext*, cublasMath_t) called:
i!  handle: type=cublasHandle_t; val=POINTER (IN HEX:0x0x7f60f4d5cc20)
i!  mode: type=cublasMath_t; val=CUBLAS_DEFAULT_MATH(0)
i! Time: 2019-09-29T03:00:16 elapsed from start 0.083333 minutes or 5.000000 seconds
i!Process=13175; Thread=140056508032768; GPU=0; Handle=POINTER (IN HEX:0x0x7f60f4d5cc20); StreamId=POINTER (IN HEX:0x0x7f6150800110); MathMode=CUBLAS_DEFAULT_MATH
i! COMPILED WITH: GNU GCC/G++ / 4.1.2 20080704 (Red Hat 4.1.2-48)
I! cuBLAS (v10.1) function cublasStatus_t cublasSetStream_v2(cublasContext*, CUstream_st*) called:
i!  handle: type=cublasHandle_t; val=POINTER (IN HEX:0x0x7f60f4d5cc20)
i!  streamId: type=SOME TYPE; val=POINTER (IN HEX:0x0x7f6150800110)
i! Time: 2019-09-29T03:00:16 elapsed from start 0.083333 minutes or 5.000000 seconds
i!Process=13175; Thread=140056508032768; GPU=0; Handle=POINTER (IN HEX:0x0x7f60f4d5cc20); StreamId=POINTER (IN HEX:0x0x7f6150800110); MathMode=CUBLAS_DEFAULT_MATH
i! COMPILED WITH: GNU GCC/G++ / 4.1.2 20080704 (Red Hat 4.1.2-48)
I! cuBLAS (v10.1) function cublasStatus_t cublasSgemmStridedBatched(cublasContext*, cublasOperation_t, cublasOperation_t, int, int, int, const float*, const float*, int, long long int, const float*, int, long long int, const float*, float*, int, long long int, int) called:
i!  handle: type=cublasHandle_t; val=POINTER (IN HEX:0x0x7f60f4d5cc20)
i!  transa: type=cublasOperation_t; val=CUBLAS_OP_N(0)
i!  transb: type=cublasOperation_t; val=CUBLAS_OP_N(0)
i!  m: type=int; val=16
i!  n: type=int; val=128
i!  k: type=int; val=48
i!  alpha: type=float; val=POINTER (IN HEX:0x0x7f617268a29c)
i!  A: type=float; val=POINTER (IN HEX:0x0x7f604c000000)
i!  lda: type=int; val=16
i!  strideA: type=SOME TYPE; val=768
i!  B: type=float; val=POINTER (IN HEX:0x0x7f604c07ec00)
i!  ldb: type=int; val=48
i!  strideB: type=SOME TYPE; val=6144
i!  beta: type=float; val=POINTER (IN HEX:0x0x7f617268a298)
i!  C: type=float; val=POINTER (IN HEX:0x0x7f604c474c00)
i!  ldc: type=int; val=16
i!  strideC: type=SOME TYPE; val=2048
i!  batchSize: type=int; val=169
i! Time: 2019-09-29T03:00:16 elapsed from start 0.083333 minutes or 5.000000 seconds
i!Process=13175; Thread=140056508032768; GPU=0; Handle=POINTER (IN HEX:0x0x7f60f4d5cc20); StreamId=POINTER (IN HEX:0x0x7f6150800110); MathMode=CUBLAS_DEFAULT_MATH
i! COMPILED WITH: GNU GCC/G++ / 4.1.2 20080704 (Red Hat 4.1.2-48)
I! cuBLAS (v10.1) function cublasStatus_t cublasSetMathMode(cublasContext*, cublasMath_t) called:
i!  handle: type=cublasHandle_t; val=POINTER (IN HEX:0x0x7f60f4d5cc20)
i!  mode: type=cublasMath_t; val=CUBLAS_DEFAULT_MATH(0)
i! Time: 2019-09-29T03:00:16 elapsed from start 0.083333 minutes or 5.000000 seconds
i!Process=13175; Thread=140056508032768; GPU=0; Handle=POINTER (IN HEX:0x0x7f60f4d5cc20); StreamId=POINTER (IN HEX:0x0x7f6150800110); MathMode=CUBLAS_DEFAULT_MATH
i! COMPILED WITH: GNU GCC/G++ / 4.1.2 20080704 (Red Hat 4.1.2-48)
I! cuBLAS (v10.1) function cublasStatus_t cublasSgemmEx(cublasContext*, cublasOperation_t, cublasOperation_t, int, int, int, const float*, const void*, cublasDataType_t, int, const void*, cublasDataType_t, int, const float*, void*, cublasDataType_t, int) called:
i!  handle: type=cublasHandle_t; val=POINTER (IN HEX:0x0x7f60f4c80ff0)
i!  transa: type=cublasOperation_t; val=CUBLAS_OP_T(1)
i!  transb: type=cublasOperation_t; val=CUBLAS_OP_N(0)
i!  m: type=int; val=1000
i!  n: type=int; val=4
i!  k: type=int; val=1024
i!  alpha: type=float; val=POINTER (IN HEX:0x0x7f617268d26c)
i!  A: type=void; val=POINTER (IN HEX:0x0x7f6057800000)
i!  Atype: type=cudaDataType_t; val=CUDA_R_32F(0)
i!  lda: type=int; val=1024
i!  B: type=void; val=POINTER (IN HEX:0x0x7f6063dc2000)
i!  Btype: type=cudaDataType_t; val=CUDA_R_32F(0)
i!  ldb: type=int; val=1024
i!  beta: type=float; val=POINTER (IN HEX:0x0x7f617268d268)
i!  C: type=void; val=POINTER (IN HEX:0x0x7f60601c2000)
i!  Ctype: type=cudaDataType_t; val=CUDA_R_32F(0)
i!  ldc: type=int; val=1000
i! Time: 2019-09-29T03:00:16 elapsed from start 0.083333 minutes or 5.000000 seconds
i!Process=13175; Thread=140056508032768; GPU=0; Handle=POINTER (IN HEX:0x0x7f60f4c80ff0); StreamId=POINTER (IN HEX:0x0x7f6150800110); MathMode=CUBLAS_DEFAULT_MATH
i! COMPILED WITH: GNU GCC/G++ / 4.1.2 20080704 (Red Hat 4.1.2-48)
I! cuBLAS (v10.1) function cublasStatus_t cublasGetMathMode(cublasContext*, cublasMath_t*) called:
i!  handle: type=cublasHandle_t; val=POINTER (IN HEX:0x0x7f60f4c80ff0)
i!  mode: type=cublasMath_t; val=POINTER (IN HEX:0x0x7f617268cecc)
i! Time: 2019-09-29T03:00:16 elapsed from start 0.083333 minutes or 5.000000 seconds
i!Process=13175; Thread=140056508032768; GPU=0; Handle=POINTER (IN HEX:0x0x7f60f4c80ff0); StreamId=POINTER (IN HEX:0x0x7f6150800110); MathMode=CUBLAS_DEFAULT_MATH
i! COMPILED WITH: GNU GCC/G++ / 4.1.2 20080704 (Red Hat 4.1.2-48)
I! cuBLAS (v10.1) function cublasStatus_t cublasSetStream_v2(cublasContext*, CUstream_st*) called:
i!  handle: type=cublasHandle_t; val=POINTER (IN HEX:0x0x7f606a1f8310)
i!  streamId: type=SOME TYPE; val=POINTER (IN HEX:0x0x7f61540024d0)
i! Time: 2019-09-29T03:00:16 elapsed from start 0.083333 minutes or 5.000000 seconds
i!Process=13175; Thread=140056499640064; GPU=0; Handle=POINTER (IN HEX:0x0x7f606a1f8310); StreamId=POINTER (IN HEX:0x(nil)) (defaultStream); MathMode=CUBLAS_DEFAULT_MATH
i! COMPILED WITH: GNU GCC/G++ / 4.1.2 20080704 (Red Hat 4.1.2-48)
I! cuBLAS (v10.1) function cublasStatus_t cublasSetStream_v2(cublasContext*, CUstream_st*) called:
i!  handle: type=cublasHandle_t; val=POINTER (IN HEX:0x0x7f606a1f8310)
i!  streamId: type=SOME TYPE; val=POINTER (IN HEX:0x0x7f61540024d0)
i! Time: 2019-09-29T03:00:16 elapsed from start 0.083333 minutes or 5.000000 seconds
i!Process=13175; Thread=140056499640064; GPU=0; Handle=POINTER (IN HEX:0x0x7f606a1f8310); StreamId=POINTER (IN HEX:0x0x7f61540024d0); MathMode=CUBLAS_DEFAULT_MATH
i! COMPILED WITH: GNU GCC/G++ / 4.1.2 20080704 (Red Hat 4.1.2-48)
I! cuBLAS (v10.1) function cublasStatus_t cublasCgemmBatched(cublasContext*, cublasOperation_t, cublasOperation_t, int, int, int, const cuComplex*, const cuComplex* const*, int, const cuComplex* const*, int, const cuComplex*, cuComplex* const*, int, int) called:
i!  handle: type=cublasHandle_t; val=POINTER (IN HEX:0x0x7f606a1f8310)
i!  transa: type=cublasOperation_t; val=CUBLAS_OP_T(1)
i!  transb: type=cublasOperation_t; val=CUBLAS_OP_N(0)
i!  m: type=int; val=48
i!  n: type=int; val=4
i!  k: type=int; val=16
i!  alpha: type=SOME TYPE; val=POINTER (IN HEX:0x0x7f6171e89600)
i!  Aarray: type=SOME TYPE; val=POINTER (IN HEX:0x0x7f604c6e9100)
i!  lda: type=int; val=16
i!  Barray: type=SOME TYPE; val=POINTER (IN HEX:0x0x7f604c6e8000)
i!  ldb: type=int; val=16
i!  beta: type=SOME TYPE; val=POINTER (IN HEX:0x0x7f6171e895d0)
i!  Carray: type=SOME TYPE; val=POINTER (IN HEX:0x0x7f604c6ea200)
i!  ldc: type=int; val=48
i!  batchSize: type=int; val=544
i! Time: 2019-09-29T03:00:16 elapsed from start 0.083333 minutes or 5.000000 seconds
i!Process=13175; Thread=140056499640064; GPU=0; Handle=POINTER (IN HEX:0x0x7f606a1f8310); StreamId=POINTER (IN HEX:0x0x7f61540024d0); MathMode=CUBLAS_DEFAULT_MATH
i! COMPILED WITH: GNU GCC/G++ / 4.1.2 20080704 (Red Hat 4.1.2-48)
I! cuBLAS (v10.1) function cublasStatus_t cublasSetStream_v2(cublasContext*, CUstream_st*) called:
i!  handle: type=cublasHandle_t; val=POINTER (IN HEX:0x0x7f606a1f8310)
i!  streamId: type=SOME TYPE; val=POINTER (IN HEX:0x0x7f61540024d0)
i! Time: 2019-09-29T03:00:16 elapsed from start 0.083333 minutes or 5.000000 seconds
i!Process=13175; Thread=140056499640064; GPU=0; Handle=POINTER (IN HEX:0x0x7f606a1f8310); StreamId=POINTER (IN HEX:0x0x7f61540024d0); MathMode=CUBLAS_DEFAULT_MATH
i! COMPILED WITH: GNU GCC/G++ / 4.1.2 20080704 (Red Hat 4.1.2-48)
I! cuBLAS (v10.1) function cublasStatus_t cublasSetStream_v2(cublasContext*, CUstream_st*) called:
i!  handle: type=cublasHandle_t; val=POINTER (IN HEX:0x0x7f606a1f8310)
i!  streamId: type=SOME TYPE; val=POINTER (IN HEX:0x0x7f61540024d0)
i! Time: 2019-09-29T03:00:16 elapsed from start 0.083333 minutes or 5.000000 seconds
i!Process=13175; Thread=140056499640064; GPU=0; Handle=POINTER (IN HEX:0x0x7f606a1f8310); StreamId=POINTER (IN HEX:0x0x7f61540024d0); MathMode=CUBLAS_DEFAULT_MATH
i! COMPILED WITH: GNU GCC/G++ / 4.1.2 20080704 (Red Hat 4.1.2-48)
I! cuBLAS (v10.1) function cublasStatus_t cublasSetStream_v2(cublasContext*, CUstream_st*) called:
i!  handle: type=cublasHandle_t; val=POINTER (IN HEX:0x0x7f606a1f8310)
i!  streamId: type=SOME TYPE; val=POINTER (IN HEX:0x0x7f61540024d0)
i! Time: 2019-09-29T03:00:16 elapsed from start 0.083333 minutes or 5.000000 seconds
i!Process=13175; Thread=140056499640064; GPU=0; Handle=POINTER (IN HEX:0x0x7f606a1f8310); StreamId=POINTER (IN HEX:0x0x7f61540024d0); MathMode=CUBLAS_DEFAULT_MATH
i! COMPILED WITH: GNU GCC/G++ / 4.1.2 20080704 (Red Hat 4.1.2-48)
I! cuBLAS (v10.1) function cublasStatus_t cublasCgemmBatched(cublasContext*, cublasOperation_t, cublasOperation_t, int, int, int, const cuComplex*, const cuComplex* const*, int, const cuComplex* const*, int, const cuComplex*, cuComplex* const*, int, int) called:
i!  handle: type=cublasHandle_t; val=POINTER (IN HEX:0x0x7f606a1f8310)
i!  transa: type=cublasOperation_t; val=CUBLAS_OP_T(1)
i!  transb: type=cublasOperation_t; val=CUBLAS_OP_N(0)
i!  m: type=int; val=64
i!  n: type=int; val=4
i!  k: type=int; val=24
i!  alpha: type=SOME TYPE; val=POINTER (IN HEX:0x0x7f6171e89600)
i!  Aarray: type=SOME TYPE; val=POINTER (IN HEX:0x0x7f604cd8d100)
i!  lda: type=int; val=24
i!  Barray: type=SOME TYPE; val=POINTER (IN HEX:0x0x7f604cd8c000)
i!  ldb: type=int; val=24
i!  beta: type=SOME TYPE; val=POINTER (IN HEX:0x0x7f6171e895d0)
i!  Carray: type=SOME TYPE; val=POINTER (IN HEX:0x0x7f604cd8e200)
i!  ldc: type=int; val=64
i!  batchSize: type=int; val=544
i! Time: 2019-09-29T03:00:16 elapsed from start 0.083333 minutes or 5.000000 seconds
i!Process=13175; Thread=140056499640064; GPU=0; Handle=POINTER (IN HEX:0x0x7f606a1f8310); StreamId=POINTER (IN HEX:0x0x7f61540024d0); MathMode=CUBLAS_DEFAULT_MATH
i! COMPILED WITH: GNU GCC/G++ / 4.1.2 20080704 (Red Hat 4.1.2-48)
I! cuBLAS (v10.1) function cublasStatus_t cublasSetStream_v2(cublasContext*, CUstream_st*) called:
i!  handle: type=cublasHandle_t; val=POINTER (IN HEX:0x0x7f606a1f8310)
i!  streamId: type=SOME TYPE; val=POINTER (IN HEX:0x0x7f61540024d0)
i! Time: 2019-09-29T03:00:16 elapsed from start 0.083333 minutes or 5.000000 seconds
i!Process=13175; Thread=140056499640064; GPU=0; Handle=POINTER (IN HEX:0x0x7f606a1f8310); StreamId=POINTER (IN HEX:0x0x7f61540024d0); MathMode=CUBLAS_DEFAULT_MATH
i! COMPILED WITH: GNU GCC/G++ / 4.1.2 20080704 (Red Hat 4.1.2-48)
I! cuBLAS (v10.1) function cublasStatus_t cublasSetStream_v2(cublasContext*, CUstream_st*) called:
i!  handle: type=cublasHandle_t; val=POINTER (IN HEX:0x0x7f606a1f8310)
i!  streamId: type=SOME TYPE; val=POINTER (IN HEX:0x0x7f61540024d0)
i! Time: 2019-09-29T03:00:16 elapsed from start 0.083333 minutes or 5.000000 seconds
i!Process=13175; Thread=140056499640064; GPU=0; Handle=POINTER (IN HEX:0x0x7f606a1f8310); StreamId=POINTER (IN HEX:0x0x7f61540024d0); MathMode=CUBLAS_DEFAULT_MATH
i! COMPILED WITH: GNU GCC/G++ / 4.1.2 20080704 (Red Hat 4.1.2-48)
I! cuBLAS (v10.1) function cublasStatus_t cublasSetStream_v2(cublasContext*, CUstream_st*) called:
i!  handle: type=cublasHandle_t; val=POINTER (IN HEX:0x0x7f606a1f8310)
i!  streamId: type=SOME TYPE; val=POINTER (IN HEX:0x0x7f61540024d0)
i! Time: 2019-09-29T03:00:16 elapsed from start 0.083333 minutes or 5.000000 seconds
i!Process=13175; Thread=140056499640064; GPU=0; Handle=POINTER (IN HEX:0x0x7f606a1f8310); StreamId=POINTER (IN HEX:0x0x7f61540024d0); MathMode=CUBLAS_DEFAULT_MATH
i! COMPILED WITH: GNU GCC/G++ / 4.1.2 20080704 (Red Hat 4.1.2-48)
I! cuBLAS (v10.1) function cublasStatus_t cublasCgemmBatched(cublasContext*, cublasOperation_t, cublasOperation_t, int, int, int, const cuComplex*, const cuComplex* const*, int, const cuComplex* const*, int, const cuComplex*, cuComplex* const*, int, int) called:
i!  handle: type=cublasHandle_t; val=POINTER (IN HEX:0x0x7f606a1f8310)
i!  transa: type=cublasOperation_t; val=CUBLAS_OP_T(1)
i!  transb: type=cublasOperation_t; val=CUBLAS_OP_N(0)
i!  m: type=int; val=64
i!  n: type=int; val=4
i!  k: type=int; val=24
i!  alpha: type=SOME TYPE; val=POINTER (IN HEX:0x0x7f6171e89600)
i!  Aarray: type=SOME TYPE; val=POINTER (IN HEX:0x0x7f604cd8d100)
i!  lda: type=int; val=24
i!  Barray: type=SOME TYPE; val=POINTER (IN HEX:0x0x7f604cd8c000)
i!  ldb: type=int; val=24
i!  beta: type=SOME TYPE; val=POINTER (IN HEX:0x0x7f6171e895d0)
i!  Carray: type=SOME TYPE; val=POINTER (IN HEX:0x0x7f604cd8e200)
i!  ldc: type=int; val=64
i!  batchSize: type=int; val=544
i! Time: 2019-09-29T03:00:16 elapsed from start 0.083333 minutes or 5.000000 seconds
i!Process=13175; Thread=140056499640064; GPU=0; Handle=POINTER (IN HEX:0x0x7f606a1f8310); StreamId=POINTER (IN HEX:0x0x7f61540024d0); MathMode=CUBLAS_DEFAULT_MATH
i! COMPILED WITH: GNU GCC/G++ / 4.1.2 20080704 (Red Hat 4.1.2-48)
I! cuBLAS (v10.1) function cublasStatus_t cublasSetStream_v2(cublasContext*, CUstream_st*) called:
i!  handle: type=cublasHandle_t; val=POINTER (IN HEX:0x0x7f606a1f8310)
i!  streamId: type=SOME TYPE; val=POINTER (IN HEX:0x0x7f61540024d0)
i! Time: 2019-09-29T03:00:16 elapsed from start 0.083333 minutes or 5.000000 seconds
i!Process=13175; Thread=140056499640064; GPU=0; Handle=POINTER (IN HEX:0x0x7f606a1f8310); StreamId=POINTER (IN HEX:0x0x7f61540024d0); MathMode=CUBLAS_DEFAULT_MATH
i! COMPILED WITH: GNU GCC/G++ / 4.1.2 20080704 (Red Hat 4.1.2-48)
I! cuBLAS (v10.1) function cublasStatus_t cublasSetStream_v2(cublasContext*, CUstream_st*) called:
i!  handle: type=cublasHandle_t; val=POINTER (IN HEX:0x0x7f606a1f8310)
i!  streamId: type=SOME TYPE; val=POINTER (IN HEX:0x0x7f61540024d0)
i! Time: 2019-09-29T03:00:16 elapsed from start 0.083333 minutes or 5.000000 seconds
i!Process=13175; Thread=140056499640064; GPU=0; Handle=POINTER (IN HEX:0x0x7f606a1f8310); StreamId=POINTER (IN HEX:0x0x7f61540024d0); MathMode=CUBLAS_DEFAULT_MATH
i! COMPILED WITH: GNU GCC/G++ / 4.1.2 20080704 (Red Hat 4.1.2-48)
I! cuBLAS (v10.1) function cublasStatus_t cublasSetStream_v2(cublasContext*, CUstream_st*) called:
i!  handle: type=cublasHandle_t; val=POINTER (IN HEX:0x0x7f606a1f8310)
i!  streamId: type=SOME TYPE; val=POINTER (IN HEX:0x0x7f61540024d0)
i! Time: 2019-09-29T03:00:16 elapsed from start 0.083333 minutes or 5.000000 seconds
i!Process=13175; Thread=140056499640064; GPU=0; Handle=POINTER (IN HEX:0x0x7f606a1f8310); StreamId=POINTER (IN HEX:0x0x7f61540024d0); MathMode=CUBLAS_DEFAULT_MATH
i! COMPILED WITH: GNU GCC/G++ / 4.1.2 20080704 (Red Hat 4.1.2-48)
I! cuBLAS (v10.1) function cublasStatus_t cublasCgemmBatched(cublasContext*, cublasOperation_t, cublasOperation_t, int, int, int, const cuComplex*, const cuComplex* const*, int, const cuComplex* const*, int, const cuComplex*, cuComplex* const*, int, int) called:
i!  handle: type=cublasHandle_t; val=POINTER (IN HEX:0x0x7f606a1f8310)
i!  transa: type=cublasOperation_t; val=CUBLAS_OP_T(1)
i!  transb: type=cublasOperation_t; val=CUBLAS_OP_N(0)
i!  m: type=int; val=64
i!  n: type=int; val=4
i!  k: type=int; val=32
i!  alpha: type=SOME TYPE; val=POINTER (IN HEX:0x0x7f6171e89600)
i!  Aarray: type=SOME TYPE; val=POINTER (IN HEX:0x0x7f604d211100)
i!  lda: type=int; val=32
i!  Barray: type=SOME TYPE; val=POINTER (IN HEX:0x0x7f604d210000)
i!  ldb: type=int; val=32
i!  beta: type=SOME TYPE; val=POINTER (IN HEX:0x0x7f6171e895d0)
i!  Carray: type=SOME TYPE; val=POINTER (IN HEX:0x0x7f604d212200)
i!  ldc: type=int; val=64
i!  batchSize: type=int; val=544
i! Time: 2019-09-29T03:00:16 elapsed from start 0.083333 minutes or 5.000000 seconds
i!Process=13175; Thread=140056499640064; GPU=0; Handle=POINTER (IN HEX:0x0x7f606a1f8310); StreamId=POINTER (IN HEX:0x0x7f61540024d0); MathMode=CUBLAS_DEFAULT_MATH
i! COMPILED WITH: GNU GCC/G++ / 4.1.2 20080704 (Red Hat 4.1.2-48)
I! cuBLAS (v10.1) function cublasStatus_t cublasSetStream_v2(cublasContext*, CUstream_st*) called:
i!  handle: type=cublasHandle_t; val=POINTER (IN HEX:0x0x7f606a1f8310)
i!  streamId: type=SOME TYPE; val=POINTER (IN HEX:0x0x7f61540024d0)
i! Time: 2019-09-29T03:00:16 elapsed from start 0.083333 minutes or 5.000000 seconds
i!Process=13175; Thread=140056499640064; GPU=0; Handle=POINTER (IN HEX:0x0x7f606a1f8310); StreamId=POINTER (IN HEX:0x0x7f61540024d0); MathMode=CUBLAS_DEFAULT_MATH
i! COMPILED WITH: GNU GCC/G++ / 4.1.2 20080704 (Red Hat 4.1.2-48)
I! cuBLAS (v10.1) function cublasStatus_t cublasSetStream_v2(cublasContext*, CUstream_st*) called:
i!  handle: type=cublasHandle_t; val=POINTER (IN HEX:0x0x7f606a1f8310)
i!  streamId: type=SOME TYPE; val=POINTER (IN HEX:0x0x7f61540024d0)
i! Time: 2019-09-29T03:00:16 elapsed from start 0.083333 minutes or 5.000000 seconds
i!Process=13175; Thread=140056499640064; GPU=0; Handle=POINTER (IN HEX:0x0x7f606a1f8310); StreamId=POINTER (IN HEX:0x0x7f61540024d0); MathMode=CUBLAS_DEFAULT_MATH
i! COMPILED WITH: GNU GCC/G++ / 4.1.2 20080704 (Red Hat 4.1.2-48)
I! cuBLAS (v10.1) function cublasStatus_t cublasSetStream_v2(cublasContext*, CUstream_st*) called:
i!  handle: type=cublasHandle_t; val=POINTER (IN HEX:0x0x7f606a1f8310)
i!  streamId: type=SOME TYPE; val=POINTER (IN HEX:0x0x7f61540024d0)
i! Time: 2019-09-29T03:00:16 elapsed from start 0.083333 minutes or 5.000000 seconds
i!Process=13175; Thread=140056499640064; GPU=0; Handle=POINTER (IN HEX:0x0x7f606a1f8310); StreamId=POINTER (IN HEX:0x0x7f61540024d0); MathMode=CUBLAS_DEFAULT_MATH
i! COMPILED WITH: GNU GCC/G++ / 4.1.2 20080704 (Red Hat 4.1.2-48)
I! cuBLAS (v10.1) function cublasStatus_t cublasCgemmBatched(cublasContext*, cublasOperation_t, cublasOperation_t, int, int, int, const cuComplex*, const cuComplex* const*, int, const cuComplex* const*, int, const cuComplex*, cuComplex* const*, int, int) called:
i!  handle: type=cublasHandle_t; val=POINTER (IN HEX:0x0x7f606a1f8310)
i!  transa: type=cublasOperation_t; val=CUBLAS_OP_T(1)
i!  transb: type=cublasOperation_t; val=CUBLAS_OP_N(0)
i!  m: type=int; val=128
i!  n: type=int; val=4
i!  k: type=int; val=32
i!  alpha: type=SOME TYPE; val=POINTER (IN HEX:0x0x7f6171e89600)
i!  Aarray: type=SOME TYPE; val=POINTER (IN HEX:0x0x7f604e311100)
i!  lda: type=int; val=32
i!  Barray: type=SOME TYPE; val=POINTER (IN HEX:0x0x7f604e310000)
i!  ldb: type=int; val=32
i!  beta: type=SOME TYPE; val=POINTER (IN HEX:0x0x7f6171e895d0)
i!  Carray: type=SOME TYPE; val=POINTER (IN HEX:0x0x7f604e312200)
i!  ldc: type=int; val=128
i!  batchSize: type=int; val=544
i! Time: 2019-09-29T03:00:16 elapsed from start 0.083333 minutes or 5.000000 seconds
i!Process=13175; Thread=140056499640064; GPU=0; Handle=POINTER (IN HEX:0x0x7f606a1f8310); StreamId=POINTER (IN HEX:0x0x7f61540024d0); MathMode=CUBLAS_DEFAULT_MATH
i! COMPILED WITH: GNU GCC/G++ / 4.1.2 20080704 (Red Hat 4.1.2-48)
I! cuBLAS (v10.1) function cublasStatus_t cublasSetStream_v2(cublasContext*, CUstream_st*) called:
i!  handle: type=cublasHandle_t; val=POINTER (IN HEX:0x0x7f606a1f8310)
i!  streamId: type=SOME TYPE; val=POINTER (IN HEX:0x0x7f61540024d0)
i! Time: 2019-09-29T03:00:16 elapsed from start 0.083333 minutes or 5.000000 seconds
i!Process=13175; Thread=140056499640064; GPU=0; Handle=POINTER (IN HEX:0x0x7f606a1f8310); StreamId=POINTER (IN HEX:0x0x7f61540024d0); MathMode=CUBLAS_DEFAULT_MATH
i! COMPILED WITH: GNU GCC/G++ / 4.1.2 20080704 (Red Hat 4.1.2-48)
I! cuBLAS (v10.1) function cublasStatus_t cublasGetMathMode(cublasContext*, cublasMath_t*) called:
i!  handle: type=cublasHandle_t; val=POINTER (IN HEX:0x0x7f606a1f8310)
i!  mode: type=cublasMath_t; val=POINTER (IN HEX:0x0x7f6171e89294)
i! Time: 2019-09-29T03:00:16 elapsed from start 0.083333 minutes or 5.000000 seconds
i!Process=13175; Thread=140056499640064; GPU=0; Handle=POINTER (IN HEX:0x0x7f606a1f8310); StreamId=POINTER (IN HEX:0x0x7f61540024d0); MathMode=CUBLAS_DEFAULT_MATH
i! COMPILED WITH: GNU GCC/G++ / 4.1.2 20080704 (Red Hat 4.1.2-48)
I! cuBLAS (v10.1) function cublasStatus_t cublasSetMathMode(cublasContext*, cublasMath_t) called:
i!  handle: type=cublasHandle_t; val=POINTER (IN HEX:0x0x7f606a1f8310)
i!  mode: type=cublasMath_t; val=CUBLAS_DEFAULT_MATH(0)
i! Time: 2019-09-29T03:00:16 elapsed from start 0.083333 minutes or 5.000000 seconds
i!Process=13175; Thread=140056499640064; GPU=0; Handle=POINTER (IN HEX:0x0x7f606a1f8310); StreamId=POINTER (IN HEX:0x0x7f61540024d0); MathMode=CUBLAS_DEFAULT_MATH
i! COMPILED WITH: GNU GCC/G++ / 4.1.2 20080704 (Red Hat 4.1.2-48)
I! cuBLAS (v10.1) function cublasStatus_t cublasSetStream_v2(cublasContext*, CUstream_st*) called:
i!  handle: type=cublasHandle_t; val=POINTER (IN HEX:0x0x7f606a1f8310)
i!  streamId: type=SOME TYPE; val=POINTER (IN HEX:0x0x7f61540024d0)
i! Time: 2019-09-29T03:00:16 elapsed from start 0.083333 minutes or 5.000000 seconds
i!Process=13175; Thread=140056499640064; GPU=0; Handle=POINTER (IN HEX:0x0x7f606a1f8310); StreamId=POINTER (IN HEX:0x0x7f61540024d0); MathMode=CUBLAS_DEFAULT_MATH
i! COMPILED WITH: GNU GCC/G++ / 4.1.2 20080704 (Red Hat 4.1.2-48)
I! cuBLAS (v10.1) function cublasStatus_t cublasSgemmStridedBatched(cublasContext*, cublasOperation_t, cublasOperation_t, int, int, int, const float*, const float*, int, long long int, const float*, int, long long int, const float*, float*, int, long long int, int) called:
i!  handle: type=cublasHandle_t; val=POINTER (IN HEX:0x0x7f606a1f8310)
i!  transa: type=cublasOperation_t; val=CUBLAS_OP_N(0)
i!  transb: type=cublasOperation_t; val=CUBLAS_OP_N(0)
i!  m: type=int; val=16
i!  n: type=int; val=128
i!  k: type=int; val=32
i!  alpha: type=float; val=POINTER (IN HEX:0x0x7f6171e8929c)
i!  A: type=float; val=POINTER (IN HEX:0x0x7f604c000000)
i!  lda: type=int; val=16
i!  strideA: type=SOME TYPE; val=512
i!  B: type=float; val=POINTER (IN HEX:0x0x7f604c054800)
i!  ldb: type=int; val=32
i!  strideB: type=SOME TYPE; val=4096
i!  beta: type=float; val=POINTER (IN HEX:0x0x7f6171e89298)
i!  C: type=float; val=POINTER (IN HEX:0x0x7f604c2f8800)
i!  ldc: type=int; val=16
i!  strideC: type=SOME TYPE; val=2048
i!  batchSize: type=int; val=169
i! Time: 2019-09-29T03:00:16 elapsed from start 0.083333 minutes or 5.000000 seconds
i!Process=13175; Thread=140056499640064; GPU=0; Handle=POINTER (IN HEX:0x0x7f606a1f8310); StreamId=POINTER (IN HEX:0x0x7f61540024d0); MathMode=CUBLAS_DEFAULT_MATH
i! COMPILED WITH: GNU GCC/G++ / 4.1.2 20080704 (Red Hat 4.1.2-48)
I! cuBLAS (v10.1) function cublasStatus_t cublasSetMathMode(cublasContext*, cublasMath_t) called:
i!  handle: type=cublasHandle_t; val=POINTER (IN HEX:0x0x7f606a1f8310)
i!  mode: type=cublasMath_t; val=CUBLAS_DEFAULT_MATH(0)
i! Time: 2019-09-29T03:00:16 elapsed from start 0.083333 minutes or 5.000000 seconds
i!Process=13175; Thread=140056499640064; GPU=0; Handle=POINTER (IN HEX:0x0x7f606a1f8310); StreamId=POINTER (IN HEX:0x0x7f61540024d0); MathMode=CUBLAS_DEFAULT_MATH
i! COMPILED WITH: GNU GCC/G++ / 4.1.2 20080704 (Red Hat 4.1.2-48)
I! cuBLAS (v10.1) function cublasStatus_t cublasGetMathMode(cublasContext*, cublasMath_t*) called:
i!  handle: type=cublasHandle_t; val=POINTER (IN HEX:0x0x7f606a1f8310)
i!  mode: type=cublasMath_t; val=POINTER (IN HEX:0x0x7f6171e89294)
i! Time: 2019-09-29T03:00:16 elapsed from start 0.083333 minutes or 5.000000 seconds
i!Process=13175; Thread=140056499640064; GPU=0; Handle=POINTER (IN HEX:0x0x7f606a1f8310); StreamId=POINTER (IN HEX:0x0x7f61540024d0); MathMode=CUBLAS_DEFAULT_MATH
i! COMPILED WITH: GNU GCC/G++ / 4.1.2 20080704 (Red Hat 4.1.2-48)
I! cuBLAS (v10.1) function cublasStatus_t cublasSetMathMode(cublasContext*, cublasMath_t) called:
i!  handle: type=cublasHandle_t; val=POINTER (IN HEX:0x0x7f606a1f8310)
i!  mode: type=cublasMath_t; val=CUBLAS_DEFAULT_MATH(0)
i! Time: 2019-09-29T03:00:16 elapsed from start 0.083333 minutes or 5.000000 seconds
i!Process=13175; Thread=140056499640064; GPU=0; Handle=POINTER (IN HEX:0x0x7f606a1f8310); StreamId=POINTER (IN HEX:0x0x7f61540024d0); MathMode=CUBLAS_DEFAULT_MATH
i! COMPILED WITH: GNU GCC/G++ / 4.1.2 20080704 (Red Hat 4.1.2-48)
I! cuBLAS (v10.1) function cublasStatus_t cublasSetStream_v2(cublasContext*, CUstream_st*) called:
i!  handle: type=cublasHandle_t; val=POINTER (IN HEX:0x0x7f606a1f8310)
i!  streamId: type=SOME TYPE; val=POINTER (IN HEX:0x0x7f61540024d0)
i! Time: 2019-09-29T03:00:16 elapsed from start 0.083333 minutes or 5.000000 seconds
i!Process=13175; Thread=140056499640064; GPU=0; Handle=POINTER (IN HEX:0x0x7f606a1f8310); StreamId=POINTER (IN HEX:0x0x7f61540024d0); MathMode=CUBLAS_DEFAULT_MATH
i! COMPILED WITH: GNU GCC/G++ / 4.1.2 20080704 (Red Hat 4.1.2-48)
I! cuBLAS (v10.1) function cublasStatus_t cublasSgemmStridedBatched(cublasContext*, cublasOperation_t, cublasOperation_t, int, int, int, const float*, const float*, int, long long int, const float*, int, long long int, const float*, float*, int, long long int, int) called:
i!  handle: type=cublasHandle_t; val=POINTER (IN HEX:0x0x7f606a1f8310)
i!  transa: type=cublasOperation_t; val=CUBLAS_OP_N(0)
i!  transb: type=cublasOperation_t; val=CUBLAS_OP_N(0)
i!  m: type=int; val=16
i!  n: type=int; val=128
i!  k: type=int; val=48
i!  alpha: type=float; val=POINTER (IN HEX:0x0x7f6171e8929c)
i!  A: type=float; val=POINTER (IN HEX:0x0x7f604c000000)
i!  lda: type=int; val=16
i!  strideA: type=SOME TYPE; val=768
i!  B: type=float; val=POINTER (IN HEX:0x0x7f604c07ec00)
i!  ldb: type=int; val=48
i!  strideB: type=SOME TYPE; val=6144
i!  beta: type=float; val=POINTER (IN HEX:0x0x7f6171e89298)
i!  C: type=float; val=POINTER (IN HEX:0x0x7f604c474c00)
i!  ldc: type=int; val=16
i!  strideC: type=SOME TYPE; val=2048
i!  batchSize: type=int; val=169
i! Time: 2019-09-29T03:00:16 elapsed from start 0.083333 minutes or 5.000000 seconds
i!Process=13175; Thread=140056499640064; GPU=0; Handle=POINTER (IN HEX:0x0x7f606a1f8310); StreamId=POINTER (IN HEX:0x0x7f61540024d0); MathMode=CUBLAS_DEFAULT_MATH
i! COMPILED WITH: GNU GCC/G++ / 4.1.2 20080704 (Red Hat 4.1.2-48)
I! cuBLAS (v10.1) function cublasStatus_t cublasSetMathMode(cublasContext*, cublasMath_t) called:
i!  handle: type=cublasHandle_t; val=POINTER (IN HEX:0x0x7f606a1f8310)
i!  mode: type=cublasMath_t; val=CUBLAS_DEFAULT_MATH(0)
i! Time: 2019-09-29T03:00:16 elapsed from start 0.083333 minutes or 5.000000 seconds
i!Process=13175; Thread=140056499640064; GPU=0; Handle=POINTER (IN HEX:0x0x7f606a1f8310); StreamId=POINTER (IN HEX:0x0x7f61540024d0); MathMode=CUBLAS_DEFAULT_MATH
i! COMPILED WITH: GNU GCC/G++ / 4.1.2 20080704 (Red Hat 4.1.2-48)
I! cuBLAS (v10.1) function cublasStatus_t cublasSgemmEx(cublasContext*, cublasOperation_t, cublasOperation_t, int, int, int, const float*, const void*, cublasDataType_t, int, const void*, cublasDataType_t, int, const float*, void*, cublasDataType_t, int) called:
i!  handle: type=cublasHandle_t; val=POINTER (IN HEX:0x0x7f60f3a44230)
i!  transa: type=cublasOperation_t; val=CUBLAS_OP_T(1)
i!  transb: type=cublasOperation_t; val=CUBLAS_OP_N(0)
i!  m: type=int; val=1000
i!  n: type=int; val=4
i!  k: type=int; val=1024
i!  alpha: type=float; val=POINTER (IN HEX:0x0x7f6171e8c26c)
i!  A: type=void; val=POINTER (IN HEX:0x0x7f6057800000)
i!  Atype: type=cudaDataType_t; val=CUDA_R_32F(0)
i!  lda: type=int; val=1024
i!  B: type=void; val=POINTER (IN HEX:0x0x7f6063dc2000)
i!  Btype: type=cudaDataType_t; val=CUDA_R_32F(0)
i!  ldb: type=int; val=1024
i!  beta: type=float; val=POINTER (IN HEX:0x0x7f6171e8c268)
i!  C: type=void; val=POINTER (IN HEX:0x0x7f60601c2000)
i!  Ctype: type=cudaDataType_t; val=CUDA_R_32F(0)
i!  ldc: type=int; val=1000
i! Time: 2019-09-29T03:00:16 elapsed from start 0.083333 minutes or 5.000000 seconds
i!Process=13175; Thread=140056499640064; GPU=0; Handle=POINTER (IN HEX:0x0x7f60f3a44230); StreamId=POINTER (IN HEX:0x0x7f61540024d0); MathMode=CUBLAS_DEFAULT_MATH
i! COMPILED WITH: GNU GCC/G++ / 4.1.2 20080704 (Red Hat 4.1.2-48)
I! cuBLAS (v10.1) function cublasStatus_t cublasGetMathMode(cublasContext*, cublasMath_t*) called:
i!  handle: type=cublasHandle_t; val=POINTER (IN HEX:0x0x7f60f3a44230)
i!  mode: type=cublasMath_t; val=POINTER (IN HEX:0x0x7f6171e8becc)
i! Time: 2019-09-29T03:00:16 elapsed from start 0.083333 minutes or 5.000000 seconds
i!Process=13175; Thread=140056499640064; GPU=0; Handle=POINTER (IN HEX:0x0x7f60f3a44230); StreamId=POINTER (IN HEX:0x0x7f61540024d0); MathMode=CUBLAS_DEFAULT_MATH
i! COMPILED WITH: GNU GCC/G++ / 4.1.2 20080704 (Red Hat 4.1.2-48)
